Log file open, 08/20/17 22:04:36
LogWindows: LoadLibraryWithSearchPaths failed for file aqProf.dll. GetLastError=0
LogWindows: LoadLibraryWithSearchPaths failed for file VSPerf140.dll. GetLastError=0
LogWindows: LoadLibraryWithSearchPaths failed for file VtuneApi.dll. GetLastError=0
LogWindows: LoadLibraryWithSearchPaths failed for file VtuneApi32e.dll. GetLastError=0
LogInit: Display: Running engine for game: PointShootKill
LogPlatformFile: Not using cached read wrapper
LogInit: Display: RandInit(-2079650452) SRandInit(-2079650452).
LogTaskGraph: Started task graph with 5 named threads and 14 total threads with 3 sets of task threads.
LogStats: Stats thread started at 0.156049
LogD3D11RHI: Aftermath initialized
LogPluginManager: Mounting plugin Paper2D
LogPluginManager: Mounting plugin LightPropagationVolume
LogPluginManager: Mounting plugin CodeLiteSourceCodeAccess
LogPluginManager: Mounting plugin GitSourceControl
LogPluginManager: Mounting plugin KDevelopSourceCodeAccess
LogPluginManager: Mounting plugin NullSourceCodeAccess
LogPluginManager: Mounting plugin PerforceSourceControl
LogPluginManager: Mounting plugin SubversionSourceControl
LogPluginManager: Mounting plugin UObjectPlugin
LogPluginManager: Mounting plugin VisualStudioSourceCodeAccess
LogPluginManager: Mounting plugin XCodeSourceCodeAccess
LogPluginManager: Mounting plugin AssetManagerEditor
LogPluginManager: Mounting plugin AudioCapture
LogPluginManager: Mounting plugin FacialAnimation
LogPluginManager: Mounting plugin GameplayTagsEditor
LogPluginManager: Mounting plugin MobileLauncherProfileWizard
LogPluginManager: Mounting plugin PluginBrowser
LogPluginManager: Mounting plugin SpeedTreeImporter
LogPluginManager: Mounting plugin AlembicImporter
LogPluginManager: Mounting plugin CharacterAI
LogPluginManager: Mounting plugin HTML5Networking
LogPluginManager: Mounting plugin AndroidMedia
LogPluginManager: Mounting plugin AvfMedia
LogPluginManager: Mounting plugin MediaPlayerEditor
LogPluginManager: Mounting plugin WmfMedia
LogPluginManager: Mounting plugin TcpMessaging
LogPluginManager: Mounting plugin UdpMessaging
LogPluginManager: Mounting plugin LevelSequenceEditor
LogPluginManager: Mounting plugin MatineeToLevelSequence
LogPluginManager: Mounting plugin OnlineSubsystemGooglePlay
LogPluginManager: Mounting plugin OnlineSubsystemIOS
LogPluginManager: Mounting plugin OnlineSubsystem
LogPluginManager: Mounting plugin OnlineSubsystemNull
LogPluginManager: Mounting plugin OnlineSubsystemUtils
LogPluginManager: Mounting plugin AndroidDeviceProfileSelector
LogPluginManager: Mounting plugin AndroidMoviePlayer
LogPluginManager: Mounting plugin AndroidPermission
LogPluginManager: Mounting plugin AppleMoviePlayer
LogPluginManager: Mounting plugin ArchVisCharacter
LogPluginManager: Mounting plugin CableComponent
LogPluginManager: Mounting plugin CustomMeshComponent
LogPluginManager: Mounting plugin ExampleDeviceProfileSelector
LogPluginManager: Mounting plugin GoogleCloudMessaging
LogPluginManager: Mounting plugin ImmediatePhysics
LogPluginManager: Mounting plugin IOSDeviceProfileSelector
LogPluginManager: Mounting plugin LinuxDeviceProfileSelector
LogPluginManager: Mounting plugin LocationServicesBPLibrary
LogPluginManager: Mounting plugin MobilePatchingUtils
LogPluginManager: Mounting plugin OculusVR
LogPluginManager: Mounting plugin PhysXVehicles
LogPluginManager: Mounting plugin ProceduralMeshComponent
LogPluginManager: Mounting plugin RuntimePhysXCooking
LogPluginManager: Mounting plugin SteamVR
LogPluginManager: Mounting plugin WindowsMoviePlayer
LogInit: Using libcurl 7.47.1
LogInit:  - built for x86_64-pc-win32
LogInit:  - supports SSL with OpenSSL/1.0.2g
LogInit:  - supports HTTP deflate (compression) using libz 1.2.8
LogInit:  - other features:
LogInit:      CURL_VERSION_SSL
LogInit:      CURL_VERSION_LIBZ
LogInit:      CURL_VERSION_IPV6
LogInit:      CURL_VERSION_ASYNCHDNS
LogInit:      CURL_VERSION_LARGEFILE
LogInit:      CURL_VERSION_IDN
LogInit:  CurlRequestOptions (configurable via config and command line):
LogInit:  - bVerifyPeer = false  - Libcurl will NOT verify peer certificate
LogInit:  - bUseHttpProxy = false  - Libcurl will NOT use HTTP proxy
LogInit:  - bDontReuseConnections = false  - Libcurl will reuse connections
LogInit:  - CertBundlePath = nullptr  - Libcurl will use whatever was configured at build time.
LogModuleManager: Warning: No filename provided for module OnlineSubsystemLAN
LogModuleManager: Warning: ModuleManager: Unable to load module 'OnlineSubsystemLAN' because the file 'C:/Program Files/Epic Games/UE_4.17/Engine/Binaries/Win64/' was not found.
LogInit: WinSock: version 1.1 (2.2), MaxSocks=32767, MaxUdp=65467
LogInit: Build: ++UE4+Release-4.17-CL-3573198
LogInit: Engine Version: 4.17.0-3573198+++UE4+Release-4.17
LogInit: Compatible Engine Version: 4.17.0-3573198+++UE4+Release-4.17
LogInit: Net CL: 3573198
LogDevObjectVersion: Number of dev versions registered: 16
LogDevObjectVersion:   Dev-Blueprints (B0D832E4-1F89-4F0D-ACCF-7EB736FD4AA2): 10
LogDevObjectVersion:   Dev-Build (E1C64328-A22C-4D53-A36C-8E866417BD8C): 0
LogDevObjectVersion:   Dev-Core (375EC13C-06E4-48FB-B500-84F0262A717E): 2
LogDevObjectVersion:   Dev-Editor (E4B068ED-F494-42E9-A231-DA0B2E46BB41): 20
LogDevObjectVersion:   Dev-Framework (CFFC743F-43B0-4480-9391-14DF171D2073): 28
LogDevObjectVersion:   Dev-Mobile (B02B49B5-BB20-44E9-A304-32B752E40360): 0
LogDevObjectVersion:   Dev-Networking (A4E4105C-59A1-49B5-A7C5-40C4547EDFEE): 0
LogDevObjectVersion:   Dev-Online (39C831C9-5AE6-47DC-9A44-9C173E1C8E7C): 0
LogDevObjectVersion:   Dev-Physics (78F01B33-EBEA-4F98-B9B4-84EACCB95AA2): 0
LogDevObjectVersion:   Dev-Platform (6631380F-2D4D-43E0-8009-CF276956A95A): 0
LogDevObjectVersion:   Dev-Rendering (12F88B9F-8875-4AFC-A67C-D90C383ABD29): 19
LogDevObjectVersion:   Dev-Sequencer (7B5AE74C-D270-4C10-A958-57980B212A5A): 4
LogDevObjectVersion:   Dev-VR (D7296918-1DD6-4BDD-9DE2-64A83CC13884): 0
LogDevObjectVersion:   Dev-LoadTimes (C2A15278-BFE7-4AFE-6C17-90FF531DF755): 1
LogDevObjectVersion:   Private-Geometry (6EACA3D4-40EC-4CC1-B786-8BED09428FC5): 1
LogDevObjectVersion:   Dev-AnimPhys (29E575DD-E0A3-4627-9D10-D276232CDCEA): 7
LogInit: Compiled (64-bit): Aug  4 2017 16:30:33
LogInit: Compiled with Visual C++: 19.00.24215.01
LogInit: Build Configuration: Development
LogInit: Branch Name: ++UE4+Release-4.17
LogInit: Command line:  
LogInit: Base directory: C:/Program Files/Epic Games/UE_4.17/Engine/Binaries/Win64/
LogInit: Installed Engine Build: 1
LogInit: Presizing for max 8388607 objects, including 0 objects not considered by GC, pre-allocating 0 bytes for permanent pool.
LogInit: Object subsystem initialized
[2017.08.20-13.04.37:159][  0]LogInit: Selected Device Profile: [Windows]
[2017.08.20-13.04.37:159][  0]LogInit: Applying CVar settings loaded from the selected device profile: [Windows]
[2017.08.20-13.04.37:180][  0]LogInit: Computer: COOLKYS-PC
[2017.08.20-13.04.37:180][  0]LogInit: User: YounsooKim
[2017.08.20-13.04.37:180][  0]LogInit: CPU Page size=4096, Cores=4
[2017.08.20-13.04.37:180][  0]LogInit: High frequency timer resolution =3.914070 MHz
[2017.08.20-13.04.37:180][  0]LogMemory: Memory total: Physical=8.0GB (8GB approx)
[2017.08.20-13.04.37:180][  0]LogMemory: Platform Memory Stats for Windows
[2017.08.20-13.04.37:180][  0]LogMemory: Process Physical Memory: 279.65 MB used, 279.65 MB peak
[2017.08.20-13.04.37:180][  0]LogMemory: Process Virtual Memory: 282.39 MB used, 282.39 MB peak
[2017.08.20-13.04.37:180][  0]LogMemory: Physical Memory: 3514.88 MB used,  4630.55 MB free, 8145.43 MB total
[2017.08.20-13.04.37:180][  0]LogMemory: Virtual Memory: 678.23 MB used,  4630.55 MB free, 134217728.00 MB total
[2017.08.20-13.04.37:436][  0]LogInit: Using OS detected language (en-US).
[2017.08.20-13.04.37:436][  0]LogInit: Using OS detected locale (en-US).
[2017.08.20-13.04.37:474][  0]LogTextLocalizationManager: No specific localization for 'en-US' exists, so the 'en' localization will be used.
[2017.08.20-13.04.39:654][  0]LogD3D11RHI: D3D11 adapters:
[2017.08.20-13.04.40:116][  0]LogD3D11RHI:    0. 'NVIDIA GeForce GTX 750 Ti' (Feature Level 11_0)
[2017.08.20-13.04.40:117][  0]LogD3D11RHI:       2017/0/4072 MB DedicatedVideo/DedicatedSystem/SharedSystem, Outputs:2, VendorId:0x10de
[2017.08.20-13.04.40:118][  0]LogD3D11RHI:    1. 'Microsoft Basic Render Driver' (Feature Level 11_0)
[2017.08.20-13.04.40:118][  0]LogD3D11RHI:       0/0/4072 MB DedicatedVideo/DedicatedSystem/SharedSystem, Outputs:0, VendorId:0x1414
[2017.08.20-13.04.40:118][  0]LogD3D11RHI: Chosen D3D11 Adapter: 0
[2017.08.20-13.04.40:123][  0]LogD3D11RHI: Creating new Direct3DDevice
[2017.08.20-13.04.40:123][  0]LogD3D11RHI:     GPU DeviceId: 0x1380 (for the marketing name, search the web for "GPU Device Id")
[2017.08.20-13.04.40:124][  0]LogWindows: EnumDisplayDevices:
[2017.08.20-13.04.40:124][  0]LogWindows:    0. 'NVIDIA GeForce GTX 750 Ti' (P:1 D:1)
[2017.08.20-13.04.40:124][  0]LogWindows:    1. 'NVIDIA GeForce GTX 750 Ti' (P:0 D:1)
[2017.08.20-13.04.40:124][  0]LogWindows:    2. 'NVIDIA GeForce GTX 750 Ti' (P:0 D:0)
[2017.08.20-13.04.40:124][  0]LogWindows:    3. 'NVIDIA GeForce GTX 750 Ti' (P:0 D:0)
[2017.08.20-13.04.40:125][  0]LogWindows: DebugString: FoundDriverCount:4 
[2017.08.20-13.04.40:125][  0]LogD3D11RHI:     Adapter Name: NVIDIA GeForce GTX 750 Ti
[2017.08.20-13.04.40:125][  0]LogD3D11RHI:   Driver Version: 382.05 (internal:22.21.13.8205, unified:382.05)
[2017.08.20-13.04.40:125][  0]LogD3D11RHI:      Driver Date: 5-1-2017
[2017.08.20-13.04.40:125][  0]LogRHI: Texture pool is 1361 MB (70% of 1945 MB)
[2017.08.20-13.04.40:568][  0]LogD3D11RHI: Async texture creation enabled
[2017.08.20-13.04.40:735][  0]LogD3D11RHI: GPU Timing Frequency: 1000.000000 (Debug: 2 1)
[2017.08.20-13.04.40:786][  0]LogShaderCompilers: Guid format shader working directory is -31 characters bigger than the processId version (../../../../../../Users/Younsoo Kim/Documents/GitHub/PointShootKill/PointShootKill/Intermediate/Shaders/WorkingDirectory/19540/).
[2017.08.20-13.04.40:786][  0]LogShaderCompilers: Cleaned the shader compiler working directory 'C:/Users/Younsoo Kim/AppData/Local/Temp/UnrealShaderWorkingDir/20D0B045444AAB4B9393A6B2B2F18849/'.
[2017.08.20-13.04.40:786][  0]LogShaderCompilers: Display: Using Local Shader Compiler.
[2017.08.20-13.04.42:204][  0]LogTemp: Display: Loaded TP AllDesktopTargetPlatform
[2017.08.20-13.04.42:247][  0]LogTemp: Display: Loaded TP MacClientTargetPlatform
[2017.08.20-13.04.42:288][  0]LogTemp: Display: Loaded TP MacNoEditorTargetPlatform
[2017.08.20-13.04.42:329][  0]LogTemp: Display: Loaded TP MacServerTargetPlatform
[2017.08.20-13.04.42:372][  0]LogTemp: Display: Loaded TP MacTargetPlatform
[2017.08.20-13.04.42:412][  0]LogTemp: Display: Loaded TP WindowsClientTargetPlatform
[2017.08.20-13.04.42:452][  0]LogTemp: Display: Loaded TP WindowsNoEditorTargetPlatform
[2017.08.20-13.04.42:492][  0]LogTemp: Display: Loaded TP WindowsServerTargetPlatform
[2017.08.20-13.04.42:527][  0]LogTemp: Display: Loaded TP WindowsTargetPlatform
[2017.08.20-13.04.42:570][  0]LogTemp: Display: Loaded TP AndroidTargetPlatform
[2017.08.20-13.04.42:608][  0]LogTemp: Display: Loaded TP Android_ASTCTargetPlatform
[2017.08.20-13.04.42:648][  0]LogTemp: Display: Loaded TP Android_ATCTargetPlatform
[2017.08.20-13.04.42:687][  0]LogTemp: Display: Loaded TP Android_DXTTargetPlatform
[2017.08.20-13.04.42:725][  0]LogTemp: Display: Loaded TP Android_ETC1TargetPlatform
[2017.08.20-13.04.42:764][  0]LogTemp: Display: Loaded TP Android_ETC2TargetPlatform
[2017.08.20-13.04.42:841][  0]LogTemp: Display: Loaded TP Android_MultiTargetPlatform
[2017.08.20-13.04.42:841][  0]LogTemp: Display: Loaded TP Android_PVRTCTargetPlatform
[2017.08.20-13.04.42:871][  0]LogTemp: Display: Loaded TP HTML5TargetPlatform
[2017.08.20-13.04.42:953][  0]LogTemp: Display: Loaded TP IOSTargetPlatform
[2017.08.20-13.04.42:976][  0]LogTemp: Display: Loaded TP TVOSTargetPlatform
[2017.08.20-13.04.43:013][  0]LogTemp: Display: Loaded TP LinuxClientTargetPlatform
[2017.08.20-13.04.43:052][  0]LogTemp: Display: Loaded TP LinuxNoEditorTargetPlatform
[2017.08.20-13.04.43:091][  0]LogTemp: Display: Loaded TP LinuxServerTargetPlatform
[2017.08.20-13.04.43:132][  0]LogTemp: Display: Loaded TP LinuxTargetPlatform
[2017.08.20-13.04.43:132][  0]LogTargetPlatformManager: Display: Building Assets For Windows
[2017.08.20-13.04.43:556][  0]LogDerivedDataCache: Display: Max Cache Size: 512 MB
[2017.08.20-13.04.43:648][  0]LogDerivedDataCache: Loaded boot cache 0.09s 93MB C:/Users/Younsoo Kim/AppData/Local/UnrealEngine/4.17/DerivedDataCache/Boot.ddc.
[2017.08.20-13.04.43:648][  0]LogDerivedDataCache: Display: Loaded Boot cache: C:/Users/Younsoo Kim/AppData/Local/UnrealEngine/4.17/DerivedDataCache/Boot.ddc
[2017.08.20-13.04.43:648][  0]LogDerivedDataCache: FDerivedDataBackendGraph:  Pak pak cache file ../../../../../../Users/Younsoo Kim/Documents/GitHub/PointShootKill/PointShootKill/DerivedDataCache/DDC.ddp not found, will not use a pak cache.
[2017.08.20-13.04.43:648][  0]LogDerivedDataCache: Unable to find inner node Pak for hierarchical cache Hierarchy.
[2017.08.20-13.04.43:648][  0]LogDerivedDataCache: FDerivedDataBackendGraph:  CompressedPak pak cache file ../../../../../../Users/Younsoo Kim/Documents/GitHub/PointShootKill/PointShootKill/DerivedDataCache/Compressed.ddp not found, will not use a pak cache.
[2017.08.20-13.04.43:648][  0]LogDerivedDataCache: Unable to find inner node CompressedPak for hierarchical cache Hierarchy.
[2017.08.20-13.04.43:666][  0]LogDerivedDataCache: Display: Pak cache opened for reading ../../../Engine/DerivedDataCache/Compressed.ddp.
[2017.08.20-13.04.43:679][  0]LogDerivedDataCache: Using Local data cache path C:/Users/Younsoo Kim/AppData/Local/UnrealEngine/Common/DerivedDataCache: Writable
[2017.08.20-13.04.43:686][  0]LogMaterial: Verifying Global Shaders for PCD3D_SM5
[2017.08.20-13.04.43:686][  0]LogSlate: Using Freetype 2.6.0
[2017.08.20-13.04.43:698][  0]LogSlate: SlateFontCache - WITH_FREETYPE: 1, WITH_HARFBUZZ: 1
[2017.08.20-13.04.43:698][  0]LogSlate: SlateFontCache - WITH_FREETYPE: 1, WITH_HARFBUZZ: 1
[2017.08.20-13.04.44:033][  0]LogAssetRegistry: FAssetRegistry took 0.0254 seconds to start up
[2017.08.20-13.04.44:127][  0]LogInit: Selected Device Profile: [Windows]
[2017.08.20-13.04.44:362][  0]LogContentStreaming: Texture pool size is 0.00 MB
[2017.08.20-13.04.44:622][  0]LogSimplygon: Simplygon DLL not present - disabling.
[2017.08.20-13.04.44:656][  0]LogMeshReduction: Using SimplygonSwarm for distributed automatic mesh merging
[2017.08.20-13.04.44:656][  0]LogMeshReduction: Using QuadricMeshReduction for automatic static mesh reduction
[2017.08.20-13.04.44:656][  0]LogMeshReduction: No automatic skeletal mesh reduction module available
[2017.08.20-13.04.44:656][  0]LogMeshReduction: No automatic mesh merging module available
[2017.08.20-13.04.44:656][  0]LogMeshMerging: No automatic mesh merging module available
[2017.08.20-13.04.45:164][  0]LogNetVersion: PointShootKill , NetCL: 3573198, EngineNetVer: 2, GameNetVer: 0 (Checksum: 1180208419)
[2017.08.20-13.04.45:500][  0]LogPackageLocalizationCache: Processed 5 localized package path(s) for 2 prioritized culture(s) in 0.037415 seconds
[2017.08.20-13.04.45:505][  0]LogUObjectArray: 35825 objects as part of root set at end of initial load.
[2017.08.20-13.04.45:505][  0]LogUObjectAllocator: 7529104 out of 0 bytes used by permanent object pool.
[2017.08.20-13.04.45:505][  0]LogUObjectArray: CloseDisregardForGC: 0/0 objects in disregard for GC pool
[2017.08.20-13.04.49:078][  0]LogTcpMessaging: Initializing TcpMessaging bridge
[2017.08.20-13.04.49:112][  0]LogUdpMessaging: Initializing bridge on interface 0.0.0.0:0 to multicast group 230.0.0.1:6666.
[2017.08.20-13.04.49:692][  0]LogMaterial: Uniform references updated for custom material expression Custom.
[2017.08.20-13.04.50:077][  0]SourceControl: Source control is disabled
[2017.08.20-13.04.50:585][  0]LogAndroidPermission: UAndroidPermissionCallbackProxy::GetInstance
[2017.08.20-13.04.50:794][  0]LogOcInput: OculusInput pre-init called
[2017.08.20-13.04.51:019][  0]LogEngine: Initializing Engine...
[2017.08.20-13.04.51:020][  0]LogHMD: Failed to initialize OpenVR with code 110
[2017.08.20-13.04.51:336][  0]LogStats: UGameplayTagsManager::ConstructGameplayTagTree: Construct from data asset -  0.000 s
[2017.08.20-13.04.51:336][  0]LogStats: UGameplayTagsManager::ConstructGameplayTagTree: GameplayTagTreeChangedEvent.Broadcast -  0.000 s
[2017.08.20-13.04.51:440][  0]LogAIModule: Creating AISystem for world Untitled
[2017.08.20-13.04.51:451][  0]LogInit: XAudio2 using 'Speakers (Realtek High Definition Audio)' : 2 channels at 48 kHz using 32 bits per sample (channel mask 0x3)
[2017.08.20-13.04.51:469][  0]LogInit: FAudioDevice initialized.
[2017.08.20-13.04.51:552][  0]LogDerivedDataCache: Saved boot cache 0.08s 93MB C:/Users/Younsoo Kim/AppData/Local/UnrealEngine/4.17/DerivedDataCache/Boot.ddc.
[2017.08.20-13.04.51:569][  0]LogInit: Texture streaming: Enabled
[2017.08.20-13.04.51:661][  0]LogEngineSessionManager: EngineSessionManager initialized
[2017.08.20-13.04.51:850][  0]LogInit: Transaction tracking system initialized
[2017.08.20-13.04.52:095][  0]BlueprintLog: New page: Editor Load
[2017.08.20-13.04.52:799][  0]LocalizationService: Localization service is disabled
[2017.08.20-13.04.53:366][  0]LogConsoleResponse: Display: 
[2017.08.20-13.04.53:637][  0]LogCook: Display: Max memory allowance for cook 16384mb min free memory 0mb
[2017.08.20-13.04.53:637][  0]LogCook: Display: Mobile HDR setting 1
[2017.08.20-13.04.53:637][  0]LogGameplayTags: Display: UGameplayTagsManager::DoneAddingNativeTags. DelegateIsBound: 0
[2017.08.20-13.04.54:475][  0]LogFileCache: Scanning file cache for directory 'C:/Users/Younsoo Kim/Documents/GitHub/PointShootKill/PointShootKill/Content/' took 0.01s
[2017.08.20-13.04.54:514][  0]Cmd: MAP LOAD FILE="../../../../../../Users/Younsoo Kim/Documents/GitHub/PointShootKill/PointShootKill/Content/Maps/MainMenu.umap" TEMPLATE=0 SHOWPROGRESS=1 FEATURELEVEL=3
[2017.08.20-13.04.54:515][  0]LightingResults: New page: Lighting Build
[2017.08.20-13.04.54:547][  0]MapCheck: New page: Map Check
[2017.08.20-13.04.54:547][  0]LightingResults: New page: Lighting Build
[2017.08.20-13.04.55:240][  0]LogAIModule: Creating AISystem for world MainMenu
[2017.08.20-13.04.55:241][  0]LogEditorServer: Finished looking for orphan Actors (0.000 secs)
[2017.08.20-13.04.55:253][  0]Cmd: MAP CHECKDEP NOCLEARLOG
[2017.08.20-13.04.55:299][  0]MapCheck: Map check complete: 0 Error(s), 0 Warning(s), took 46.028ms to complete.
[2017.08.20-13.04.55:299][  0]LogFileHelpers: Loading map 'MainMenu' took 0.784
[2017.08.20-13.04.55:457][  0]LogCollectionManager: Loaded 0 collections in 0.001111 seconds
[2017.08.20-13.04.55:528][  0]LogFileCache: Scanning file cache for directory 'C:/Users/Younsoo Kim/Documents/GitHub/PointShootKill/PointShootKill/Saved/Collections/' took 0.01s
[2017.08.20-13.04.55:528][  0]LogFileCache: Scanning file cache for directory 'C:/Users/Younsoo Kim/Documents/GitHub/PointShootKill/PointShootKill/Content/Developers/YounsooKim/Collections/' took 0.01s
[2017.08.20-13.04.55:528][  0]LogFileCache: Scanning file cache for directory 'C:/Users/Younsoo Kim/Documents/GitHub/PointShootKill/PointShootKill/Content/Collections/' took 0.01s
[2017.08.20-13.04.55:528][  0]LogCollectionManager: Rebuilt the GUID cache for 0 collections in 0.000000 seconds
[2017.08.20-13.04.55:535][  0]LogContentBrowser: Native class hierarchy populated in 0.0068 seconds. Added 2386 classes and 500 folders.
[2017.08.20-13.04.55:588][  0]LogContentBrowser: Native class hierarchy updated for 'WidgetCarousel' in 0.0005 seconds. Added 0 classes and 0 folders.
[2017.08.20-13.04.55:808][  0]LogContentBrowser: Native class hierarchy updated for 'AddContentDialog' in 0.0005 seconds. Added 0 classes and 0 folders.
[2017.08.20-13.04.55:844][  0]LogContentBrowser: Native class hierarchy updated for 'SceneOutliner' in 0.0005 seconds. Added 1 classes and 2 folders.
[2017.08.20-13.04.55:904][  0]LogSlate: Took 0.004885 seconds to synchronously load lazily loaded font '../../../Engine/Content/Slate/Fonts/Roboto-Regular.ttf' (155K)
[2017.08.20-13.04.55:908][  0]LogSlate: Took 0.003035 seconds to synchronously load lazily loaded font '../../../Engine/Content/Slate/Fonts/Roboto-Bold.ttf' (160K)
[2017.08.20-13.04.55:915][  0]LogSlate: Took 0.002984 seconds to synchronously load lazily loaded font '../../../Engine/Content/Editor/Slate/Fonts/FontAwesome.ttf' (139K)
[2017.08.20-13.04.56:045][  0]LogRenderer: Reallocating scene render targets to support 884x536 Format 10 NumSamples 1 (Frame:1).
[2017.08.20-13.04.56:194][  0]LogContentBrowser: Native class hierarchy updated for 'HierarchicalLODOutliner' in 0.0005 seconds. Added 1 classes and 2 folders.
[2017.08.20-13.04.56:194][  0]LogLoad: (Engine Initialization) Total time: 20.86 seconds
[2017.08.20-13.04.56:194][  0]LogLoad: (Engine Initialization) Total Blueprint compile time: 0.00 seconds
[2017.08.20-13.04.56:194][  0]LogExternalProfiler: No external profilers were discovered.  External profiling features will not be available.
[2017.08.20-13.04.56:221][  0]LogAssetRegistry: Asset discovery search completed in 12.2101 seconds
[2017.08.20-13.04.56:223][  0]LogCollectionManager: Rebuilt the object cache for 0 collections in 0.000001 seconds (found 0 objects)
[2017.08.20-13.04.56:223][  0]LogCollectionManager: Fixed up redirectors for 0 collections in 0.000034 seconds (updated 0 objects)
[2017.08.20-13.04.56:223][  0]LogContentStreaming: Texture pool size now 1000 MB
[2017.08.20-13.04.56:248][  0]LogSlate: Took 0.002667 seconds to synchronously load lazily loaded font '../../../Engine/Content/Slate/Fonts/Roboto-Light.ttf' (159K)
[2017.08.20-13.05.00:289][318]LogSlate: Took 0.000148 seconds to synchronously load lazily loaded font '../../../Engine/Content/Slate/Fonts/Roboto-Light.ttf' (159K)
[2017.08.20-13.05.00:607][318]LogContentBrowser: Native class hierarchy updated for 'BlueprintGraph' in 0.0008 seconds. Added 113 classes and 0 folders.
[2017.08.20-13.05.01:089][318]LogSlate: Took 0.000129 seconds to synchronously load lazily loaded font '../../../Engine/Content/Slate/Fonts/Roboto-Regular.ttf' (155K)
[2017.08.20-13.05.01:166][318]LogSlate: Took 0.002770 seconds to synchronously load lazily loaded font '../../../Engine/Content/Editor/Slate/Fonts/Roboto-BoldCondensed.ttf' (158K)
[2017.08.20-13.05.01:239][319]LogSlate: Took 0.002743 seconds to synchronously load lazily loaded font '../../../Engine/Content/Editor/Slate/Fonts/Roboto-Italic.ttf' (157K)
[2017.08.20-13.05.02:494][452]LogRenderer: Reallocating scene render targets to support 1060x712 Format 10 NumSamples 1 (Frame:1).
[2017.08.20-13.05.33:728][856]LogSlate: Took 0.000126 seconds to synchronously load lazily loaded font '../../../Engine/Content/Slate/Fonts/Roboto-Light.ttf' (159K)
