Log file open, 08/20/17 18:21:56
LogWindows: LoadLibraryWithSearchPaths failed for file aqProf.dll. GetLastError=0
LogWindows: LoadLibraryWithSearchPaths failed for file VSPerf140.dll. GetLastError=0
LogWindows: LoadLibraryWithSearchPaths failed for file VtuneApi.dll. GetLastError=0
LogWindows: LoadLibraryWithSearchPaths failed for file VtuneApi32e.dll. GetLastError=0
LogInit: Display: Running engine for game: PointShootKill
LogPlatformFile: Not using cached read wrapper
LogInit: Display: RandInit(1465072535) SRandInit(1465072536).
LogTaskGraph: Started task graph with 5 named threads and 14 total threads with 3 sets of task threads.
LogStats: Stats thread started at 0.154003
LogD3D11RHI: Aftermath initialized
LogPluginManager: Mounting plugin Paper2D
LogPluginManager: Mounting plugin LightPropagationVolume
LogPluginManager: Mounting plugin CodeLiteSourceCodeAccess
LogPluginManager: Mounting plugin GitSourceControl
LogPluginManager: Mounting plugin KDevelopSourceCodeAccess
LogPluginManager: Mounting plugin NullSourceCodeAccess
LogPluginManager: Mounting plugin PerforceSourceControl
LogPluginManager: Mounting plugin SubversionSourceControl
LogPluginManager: Mounting plugin UObjectPlugin
LogPluginManager: Mounting plugin VisualStudioSourceCodeAccess
LogPluginManager: Mounting plugin XCodeSourceCodeAccess
LogPluginManager: Mounting plugin AssetManagerEditor
LogPluginManager: Mounting plugin AudioCapture
LogPluginManager: Mounting plugin FacialAnimation
LogPluginManager: Mounting plugin GameplayTagsEditor
LogPluginManager: Mounting plugin MobileLauncherProfileWizard
LogPluginManager: Mounting plugin PluginBrowser
LogPluginManager: Mounting plugin SpeedTreeImporter
LogPluginManager: Mounting plugin AlembicImporter
LogPluginManager: Mounting plugin CharacterAI
LogPluginManager: Mounting plugin HTML5Networking
LogPluginManager: Mounting plugin AndroidMedia
LogPluginManager: Mounting plugin AvfMedia
LogPluginManager: Mounting plugin MediaPlayerEditor
LogPluginManager: Mounting plugin WmfMedia
LogPluginManager: Mounting plugin TcpMessaging
LogPluginManager: Mounting plugin UdpMessaging
LogPluginManager: Mounting plugin LevelSequenceEditor
LogPluginManager: Mounting plugin MatineeToLevelSequence
LogPluginManager: Mounting plugin OnlineSubsystemGooglePlay
LogPluginManager: Mounting plugin OnlineSubsystemIOS
LogPluginManager: Mounting plugin OnlineSubsystem
LogPluginManager: Mounting plugin OnlineSubsystemNull
LogPluginManager: Mounting plugin OnlineSubsystemUtils
LogPluginManager: Mounting plugin AndroidDeviceProfileSelector
LogPluginManager: Mounting plugin AndroidMoviePlayer
LogPluginManager: Mounting plugin AndroidPermission
LogPluginManager: Mounting plugin AppleMoviePlayer
LogPluginManager: Mounting plugin ArchVisCharacter
LogPluginManager: Mounting plugin CableComponent
LogPluginManager: Mounting plugin CustomMeshComponent
LogPluginManager: Mounting plugin ExampleDeviceProfileSelector
LogPluginManager: Mounting plugin GoogleCloudMessaging
LogPluginManager: Mounting plugin ImmediatePhysics
LogPluginManager: Mounting plugin IOSDeviceProfileSelector
LogPluginManager: Mounting plugin LinuxDeviceProfileSelector
LogPluginManager: Mounting plugin LocationServicesBPLibrary
LogPluginManager: Mounting plugin MobilePatchingUtils
LogPluginManager: Mounting plugin OculusVR
LogPluginManager: Mounting plugin PhysXVehicles
LogPluginManager: Mounting plugin ProceduralMeshComponent
LogPluginManager: Mounting plugin RuntimePhysXCooking
LogPluginManager: Mounting plugin SteamVR
LogPluginManager: Mounting plugin WindowsMoviePlayer
LogInit: Using libcurl 7.47.1
LogInit:  - built for x86_64-pc-win32
LogInit:  - supports SSL with OpenSSL/1.0.2g
LogInit:  - supports HTTP deflate (compression) using libz 1.2.8
LogInit:  - other features:
LogInit:      CURL_VERSION_SSL
LogInit:      CURL_VERSION_LIBZ
LogInit:      CURL_VERSION_IPV6
LogInit:      CURL_VERSION_ASYNCHDNS
LogInit:      CURL_VERSION_LARGEFILE
LogInit:      CURL_VERSION_IDN
LogInit:  CurlRequestOptions (configurable via config and command line):
LogInit:  - bVerifyPeer = false  - Libcurl will NOT verify peer certificate
LogInit:  - bUseHttpProxy = false  - Libcurl will NOT use HTTP proxy
LogInit:  - bDontReuseConnections = false  - Libcurl will reuse connections
LogInit:  - CertBundlePath = nullptr  - Libcurl will use whatever was configured at build time.
LogModuleManager: Warning: No filename provided for module OnlineSubsystemLAN
LogModuleManager: Warning: ModuleManager: Unable to load module 'OnlineSubsystemLAN' because the file 'C:/Program Files/Epic Games/UE_4.17/Engine/Binaries/Win64/' was not found.
LogInit: WinSock: version 1.1 (2.2), MaxSocks=32767, MaxUdp=65467
LogInit: Build: ++UE4+Release-4.17-CL-3573198
LogInit: Engine Version: 4.17.0-3573198+++UE4+Release-4.17
LogInit: Compatible Engine Version: 4.17.0-3573198+++UE4+Release-4.17
LogInit: Net CL: 3573198
LogDevObjectVersion: Number of dev versions registered: 16
LogDevObjectVersion:   Dev-Blueprints (B0D832E4-1F89-4F0D-ACCF-7EB736FD4AA2): 10
LogDevObjectVersion:   Dev-Build (E1C64328-A22C-4D53-A36C-8E866417BD8C): 0
LogDevObjectVersion:   Dev-Core (375EC13C-06E4-48FB-B500-84F0262A717E): 2
LogDevObjectVersion:   Dev-Editor (E4B068ED-F494-42E9-A231-DA0B2E46BB41): 20
LogDevObjectVersion:   Dev-Framework (CFFC743F-43B0-4480-9391-14DF171D2073): 28
LogDevObjectVersion:   Dev-Mobile (B02B49B5-BB20-44E9-A304-32B752E40360): 0
LogDevObjectVersion:   Dev-Networking (A4E4105C-59A1-49B5-A7C5-40C4547EDFEE): 0
LogDevObjectVersion:   Dev-Online (39C831C9-5AE6-47DC-9A44-9C173E1C8E7C): 0
LogDevObjectVersion:   Dev-Physics (78F01B33-EBEA-4F98-B9B4-84EACCB95AA2): 0
LogDevObjectVersion:   Dev-Platform (6631380F-2D4D-43E0-8009-CF276956A95A): 0
LogDevObjectVersion:   Dev-Rendering (12F88B9F-8875-4AFC-A67C-D90C383ABD29): 19
LogDevObjectVersion:   Dev-Sequencer (7B5AE74C-D270-4C10-A958-57980B212A5A): 4
LogDevObjectVersion:   Dev-VR (D7296918-1DD6-4BDD-9DE2-64A83CC13884): 0
LogDevObjectVersion:   Dev-LoadTimes (C2A15278-BFE7-4AFE-6C17-90FF531DF755): 1
LogDevObjectVersion:   Private-Geometry (6EACA3D4-40EC-4CC1-B786-8BED09428FC5): 1
LogDevObjectVersion:   Dev-AnimPhys (29E575DD-E0A3-4627-9D10-D276232CDCEA): 7
LogInit: Compiled (64-bit): Aug  4 2017 16:30:33
LogInit: Compiled with Visual C++: 19.00.24215.01
LogInit: Build Configuration: Development
LogInit: Branch Name: ++UE4+Release-4.17
LogInit: Command line:  
LogInit: Base directory: C:/Program Files/Epic Games/UE_4.17/Engine/Binaries/Win64/
LogInit: Installed Engine Build: 1
LogInit: Presizing for max 8388607 objects, including 0 objects not considered by GC, pre-allocating 0 bytes for permanent pool.
LogInit: Object subsystem initialized
[2017.08.20-09.21.57:186][  0]LogInit: Selected Device Profile: [Windows]
[2017.08.20-09.21.57:186][  0]LogInit: Applying CVar settings loaded from the selected device profile: [Windows]
[2017.08.20-09.21.57:195][  0]LogInit: Computer: COOLKYS-PC
[2017.08.20-09.21.57:195][  0]LogInit: User: YounsooKim
[2017.08.20-09.21.57:195][  0]LogInit: CPU Page size=4096, Cores=4
[2017.08.20-09.21.57:195][  0]LogInit: High frequency timer resolution =3.914070 MHz
[2017.08.20-09.21.57:195][  0]LogMemory: Memory total: Physical=8.0GB (8GB approx)
[2017.08.20-09.21.57:195][  0]LogMemory: Platform Memory Stats for Windows
[2017.08.20-09.21.57:195][  0]LogMemory: Process Physical Memory: 280.26 MB used, 280.26 MB peak
[2017.08.20-09.21.57:195][  0]LogMemory: Process Virtual Memory: 282.47 MB used, 282.47 MB peak
[2017.08.20-09.21.57:195][  0]LogMemory: Physical Memory: 3343.34 MB used,  4802.09 MB free, 8145.43 MB total
[2017.08.20-09.21.57:195][  0]LogMemory: Virtual Memory: 678.23 MB used,  4802.09 MB free, 134217728.00 MB total
[2017.08.20-09.21.57:324][  0]LogInit: Using OS detected language (en-US).
[2017.08.20-09.21.57:324][  0]LogInit: Using OS detected locale (en-US).
[2017.08.20-09.21.57:327][  0]LogTextLocalizationManager: No specific localization for 'en-US' exists, so the 'en' localization will be used.
[2017.08.20-09.21.57:868][  0]LogD3D11RHI: D3D11 adapters:
[2017.08.20-09.21.58:320][  0]LogD3D11RHI:    0. 'NVIDIA GeForce GTX 750 Ti' (Feature Level 11_0)
[2017.08.20-09.21.58:320][  0]LogD3D11RHI:       2017/0/4072 MB DedicatedVideo/DedicatedSystem/SharedSystem, Outputs:2, VendorId:0x10de
[2017.08.20-09.21.58:321][  0]LogD3D11RHI:    1. 'Microsoft Basic Render Driver' (Feature Level 11_0)
[2017.08.20-09.21.58:321][  0]LogD3D11RHI:       0/0/4072 MB DedicatedVideo/DedicatedSystem/SharedSystem, Outputs:0, VendorId:0x1414
[2017.08.20-09.21.58:321][  0]LogD3D11RHI: Chosen D3D11 Adapter: 0
[2017.08.20-09.21.58:327][  0]LogD3D11RHI: Creating new Direct3DDevice
[2017.08.20-09.21.58:327][  0]LogD3D11RHI:     GPU DeviceId: 0x1380 (for the marketing name, search the web for "GPU Device Id")
[2017.08.20-09.21.58:327][  0]LogWindows: EnumDisplayDevices:
[2017.08.20-09.21.58:327][  0]LogWindows:    0. 'NVIDIA GeForce GTX 750 Ti' (P:1 D:1)
[2017.08.20-09.21.58:327][  0]LogWindows:    1. 'NVIDIA GeForce GTX 750 Ti' (P:0 D:1)
[2017.08.20-09.21.58:328][  0]LogWindows:    2. 'NVIDIA GeForce GTX 750 Ti' (P:0 D:0)
[2017.08.20-09.21.58:328][  0]LogWindows:    3. 'NVIDIA GeForce GTX 750 Ti' (P:0 D:0)
[2017.08.20-09.21.58:328][  0]LogWindows: DebugString: FoundDriverCount:4 
[2017.08.20-09.21.58:328][  0]LogD3D11RHI:     Adapter Name: NVIDIA GeForce GTX 750 Ti
[2017.08.20-09.21.58:328][  0]LogD3D11RHI:   Driver Version: 382.05 (internal:22.21.13.8205, unified:382.05)
[2017.08.20-09.21.58:328][  0]LogD3D11RHI:      Driver Date: 5-1-2017
[2017.08.20-09.21.58:328][  0]LogRHI: Texture pool is 1361 MB (70% of 1945 MB)
[2017.08.20-09.21.58:752][  0]LogD3D11RHI: Async texture creation enabled
[2017.08.20-09.21.58:896][  0]LogD3D11RHI: GPU Timing Frequency: 1000.000000 (Debug: 2 1)
[2017.08.20-09.21.58:947][  0]LogShaderCompilers: Guid format shader working directory is -10 characters bigger than the processId version (../../../../../../NetworkShared/PointShootKill/PointShootKill/Intermediate/Shaders/WorkingDirectory/17156/).
[2017.08.20-09.21.58:947][  0]LogShaderCompilers: Cleaned the shader compiler working directory 'C:/Users/Younsoo Kim/AppData/Local/Temp/UnrealShaderWorkingDir/88325823484E7377075E08BE13B7A7C4/'.
[2017.08.20-09.21.58:947][  0]LogShaderCompilers: Display: Using Local Shader Compiler.
[2017.08.20-09.21.59:626][  0]LogTemp: Display: Loaded TP AllDesktopTargetPlatform
[2017.08.20-09.21.59:670][  0]LogTemp: Display: Loaded TP MacClientTargetPlatform
[2017.08.20-09.21.59:709][  0]LogTemp: Display: Loaded TP MacNoEditorTargetPlatform
[2017.08.20-09.21.59:749][  0]LogTemp: Display: Loaded TP MacServerTargetPlatform
[2017.08.20-09.21.59:791][  0]LogTemp: Display: Loaded TP MacTargetPlatform
[2017.08.20-09.21.59:831][  0]LogTemp: Display: Loaded TP WindowsClientTargetPlatform
[2017.08.20-09.21.59:872][  0]LogTemp: Display: Loaded TP WindowsNoEditorTargetPlatform
[2017.08.20-09.21.59:913][  0]LogTemp: Display: Loaded TP WindowsServerTargetPlatform
[2017.08.20-09.21.59:948][  0]LogTemp: Display: Loaded TP WindowsTargetPlatform
[2017.08.20-09.21.59:987][  0]LogTemp: Display: Loaded TP AndroidTargetPlatform
[2017.08.20-09.22.00:026][  0]LogTemp: Display: Loaded TP Android_ASTCTargetPlatform
[2017.08.20-09.22.00:065][  0]LogTemp: Display: Loaded TP Android_ATCTargetPlatform
[2017.08.20-09.22.00:106][  0]LogTemp: Display: Loaded TP Android_DXTTargetPlatform
[2017.08.20-09.22.00:144][  0]LogTemp: Display: Loaded TP Android_ETC1TargetPlatform
[2017.08.20-09.22.00:183][  0]LogTemp: Display: Loaded TP Android_ETC2TargetPlatform
[2017.08.20-09.22.00:261][  0]LogTemp: Display: Loaded TP Android_MultiTargetPlatform
[2017.08.20-09.22.00:261][  0]LogTemp: Display: Loaded TP Android_PVRTCTargetPlatform
[2017.08.20-09.22.00:293][  0]LogTemp: Display: Loaded TP HTML5TargetPlatform
[2017.08.20-09.22.00:371][  0]LogTemp: Display: Loaded TP IOSTargetPlatform
[2017.08.20-09.22.00:395][  0]LogTemp: Display: Loaded TP TVOSTargetPlatform
[2017.08.20-09.22.00:434][  0]LogTemp: Display: Loaded TP LinuxClientTargetPlatform
[2017.08.20-09.22.00:474][  0]LogTemp: Display: Loaded TP LinuxNoEditorTargetPlatform
[2017.08.20-09.22.00:514][  0]LogTemp: Display: Loaded TP LinuxServerTargetPlatform
[2017.08.20-09.22.00:554][  0]LogTemp: Display: Loaded TP LinuxTargetPlatform
[2017.08.20-09.22.00:554][  0]LogTargetPlatformManager: Display: Building Assets For Windows
[2017.08.20-09.22.00:940][  0]LogDerivedDataCache: Display: Max Cache Size: 512 MB
[2017.08.20-09.22.01:035][  0]LogDerivedDataCache: Loaded boot cache 0.09s 93MB C:/Users/Younsoo Kim/AppData/Local/UnrealEngine/4.17/DerivedDataCache/Boot.ddc.
[2017.08.20-09.22.01:035][  0]LogDerivedDataCache: Display: Loaded Boot cache: C:/Users/Younsoo Kim/AppData/Local/UnrealEngine/4.17/DerivedDataCache/Boot.ddc
[2017.08.20-09.22.01:035][  0]LogDerivedDataCache: FDerivedDataBackendGraph:  Pak pak cache file ../../../../../../NetworkShared/PointShootKill/PointShootKill/DerivedDataCache/DDC.ddp not found, will not use a pak cache.
[2017.08.20-09.22.01:035][  0]LogDerivedDataCache: Unable to find inner node Pak for hierarchical cache Hierarchy.
[2017.08.20-09.22.01:035][  0]LogDerivedDataCache: FDerivedDataBackendGraph:  CompressedPak pak cache file ../../../../../../NetworkShared/PointShootKill/PointShootKill/DerivedDataCache/Compressed.ddp not found, will not use a pak cache.
[2017.08.20-09.22.01:035][  0]LogDerivedDataCache: Unable to find inner node CompressedPak for hierarchical cache Hierarchy.
[2017.08.20-09.22.01:047][  0]LogDerivedDataCache: Display: Pak cache opened for reading ../../../Engine/DerivedDataCache/Compressed.ddp.
[2017.08.20-09.22.01:059][  0]LogDerivedDataCache: Using Local data cache path C:/Users/Younsoo Kim/AppData/Local/UnrealEngine/Common/DerivedDataCache: Writable
[2017.08.20-09.22.01:067][  0]LogMaterial: Verifying Global Shaders for PCD3D_SM5
[2017.08.20-09.22.01:067][  0]LogSlate: Using Freetype 2.6.0
[2017.08.20-09.22.01:068][  0]LogSlate: SlateFontCache - WITH_FREETYPE: 1, WITH_HARFBUZZ: 1
[2017.08.20-09.22.01:068][  0]LogSlate: SlateFontCache - WITH_FREETYPE: 1, WITH_HARFBUZZ: 1
[2017.08.20-09.22.01:272][  0]LogAssetRegistry: FAssetRegistry took 0.0252 seconds to start up
[2017.08.20-09.22.01:362][  0]LogInit: Selected Device Profile: [Windows]
[2017.08.20-09.22.01:665][  0]LogSimplygon: Simplygon DLL not present - disabling.
[2017.08.20-09.22.01:698][  0]LogMeshReduction: Using SimplygonSwarm for distributed automatic mesh merging
[2017.08.20-09.22.01:698][  0]LogMeshReduction: Using QuadricMeshReduction for automatic static mesh reduction
[2017.08.20-09.22.01:698][  0]LogMeshReduction: No automatic skeletal mesh reduction module available
[2017.08.20-09.22.01:698][  0]LogMeshReduction: No automatic mesh merging module available
[2017.08.20-09.22.01:698][  0]LogMeshMerging: No automatic mesh merging module available
[2017.08.20-09.22.01:699][  0]LogContentStreaming: Texture pool size is 0.00 MB
[2017.08.20-09.22.02:051][  0]LogNetVersion: PointShootKill , NetCL: 3573198, EngineNetVer: 2, GameNetVer: 0 (Checksum: 1180208419)
[2017.08.20-09.22.02:210][  0]LogPackageLocalizationCache: Processed 5 localized package path(s) for 2 prioritized culture(s) in 0.032521 seconds
[2017.08.20-09.22.02:215][  0]LogUObjectArray: 35825 objects as part of root set at end of initial load.
[2017.08.20-09.22.02:215][  0]LogUObjectAllocator: 7529104 out of 0 bytes used by permanent object pool.
[2017.08.20-09.22.02:215][  0]LogUObjectArray: CloseDisregardForGC: 0/0 objects in disregard for GC pool
[2017.08.20-09.22.04:250][  0]LogTcpMessaging: Initializing TcpMessaging bridge
[2017.08.20-09.22.04:283][  0]LogUdpMessaging: Initializing bridge on interface 0.0.0.0:0 to multicast group 230.0.0.1:6666.
[2017.08.20-09.22.04:798][  0]LogMaterial: Uniform references updated for custom material expression Custom.
[2017.08.20-09.22.05:124][  0]SourceControl: Source control is disabled
[2017.08.20-09.22.05:624][  0]LogAndroidPermission: UAndroidPermissionCallbackProxy::GetInstance
[2017.08.20-09.22.05:819][  0]LogOcInput: OculusInput pre-init called
[2017.08.20-09.22.06:024][  0]LogEngine: Initializing Engine...
[2017.08.20-09.22.06:025][  0]LogHMD: Failed to initialize OpenVR with code 110
[2017.08.20-09.22.06:215][  0]LogStats: UGameplayTagsManager::ConstructGameplayTagTree: Construct from data asset -  0.000 s
[2017.08.20-09.22.06:215][  0]LogStats: UGameplayTagsManager::ConstructGameplayTagTree: GameplayTagTreeChangedEvent.Broadcast -  0.000 s
[2017.08.20-09.22.06:319][  0]LogAIModule: Creating AISystem for world Untitled
[2017.08.20-09.22.06:331][  0]LogInit: XAudio2 using 'Speakers (Realtek High Definition Audio)' : 2 channels at 48 kHz using 32 bits per sample (channel mask 0x3)
[2017.08.20-09.22.06:348][  0]LogInit: FAudioDevice initialized.
[2017.08.20-09.22.06:428][  0]LogDerivedDataCache: Saved boot cache 0.08s 93MB C:/Users/Younsoo Kim/AppData/Local/UnrealEngine/4.17/DerivedDataCache/Boot.ddc.
[2017.08.20-09.22.06:443][  0]LogInit: Texture streaming: Enabled
[2017.08.20-09.22.06:535][  0]LogEngineSessionManager: EngineSessionManager initialized
[2017.08.20-09.22.06:709][  0]LogInit: Transaction tracking system initialized
[2017.08.20-09.22.06:963][  0]BlueprintLog: New page: Editor Load
[2017.08.20-09.22.07:676][  0]LocalizationService: Localization service is disabled
[2017.08.20-09.22.08:241][  0]LogConsoleResponse: Display: 
[2017.08.20-09.22.08:385][  0]LogCook: Display: Max memory allowance for cook 16384mb min free memory 0mb
[2017.08.20-09.22.08:385][  0]LogCook: Display: Mobile HDR setting 1
[2017.08.20-09.22.08:385][  0]LogGameplayTags: Display: UGameplayTagsManager::DoneAddingNativeTags. DelegateIsBound: 0
[2017.08.20-09.22.08:504][  0]LogFileCache: Scanning file cache for directory 'C:/NetworkShared/PointShootKill/PointShootKill/Content/' took 0.01s
[2017.08.20-09.22.09:221][  0]Cmd: MAP LOAD FILE="../../../../../../NetworkShared/PointShootKill/PointShootKill/Content/Maps/MainMenu.umap" TEMPLATE=0 SHOWPROGRESS=1 FEATURELEVEL=3
[2017.08.20-09.22.09:221][  0]LightingResults: New page: Lighting Build
[2017.08.20-09.22.09:254][  0]MapCheck: New page: Map Check
[2017.08.20-09.22.09:254][  0]LightingResults: New page: Lighting Build
[2017.08.20-09.22.09:728][  0]LogAIModule: Creating AISystem for world MainMenu
[2017.08.20-09.22.09:730][  0]LogEditorServer: Finished looking for orphan Actors (0.000 secs)
[2017.08.20-09.22.09:740][  0]Cmd: MAP CHECKDEP NOCLEARLOG
[2017.08.20-09.22.09:785][  0]MapCheck: Map check complete: 0 Error(s), 0 Warning(s), took 44.916ms to complete.
[2017.08.20-09.22.09:785][  0]LogFileHelpers: Loading map 'MainMenu' took 0.565
[2017.08.20-09.22.09:848][  0]LogWindowsTextInputMethodSystem: Display: IME system now deactivated.
[2017.08.20-09.22.09:915][  0]LogCollectionManager: Loaded 0 collections in 0.001091 seconds
[2017.08.20-09.22.09:987][  0]LogFileCache: Scanning file cache for directory 'C:/NetworkShared/PointShootKill/PointShootKill/Saved/Collections/' took 0.01s
[2017.08.20-09.22.09:987][  0]LogFileCache: Scanning file cache for directory 'C:/NetworkShared/PointShootKill/PointShootKill/Content/Developers/YounsooKim/Collections/' took 0.01s
[2017.08.20-09.22.09:987][  0]LogFileCache: Scanning file cache for directory 'C:/NetworkShared/PointShootKill/PointShootKill/Content/Collections/' took 0.01s
[2017.08.20-09.22.09:987][  0]LogCollectionManager: Rebuilt the GUID cache for 0 collections in 0.000001 seconds
[2017.08.20-09.22.09:994][  0]LogContentBrowser: Native class hierarchy populated in 0.0068 seconds. Added 2386 classes and 500 folders.
[2017.08.20-09.22.10:046][  0]LogContentBrowser: Native class hierarchy updated for 'WidgetCarousel' in 0.0005 seconds. Added 0 classes and 0 folders.
[2017.08.20-09.22.10:075][  0]LogContentBrowser: Native class hierarchy updated for 'AddContentDialog' in 0.0005 seconds. Added 0 classes and 0 folders.
[2017.08.20-09.22.10:113][  0]LogContentBrowser: Native class hierarchy updated for 'SceneOutliner' in 0.0005 seconds. Added 1 classes and 2 folders.
[2017.08.20-09.22.10:165][  0]LogSlate: Took 0.000225 seconds to synchronously load lazily loaded font '../../../Engine/Content/Slate/Fonts/Roboto-Regular.ttf' (155K)
[2017.08.20-09.22.10:167][  0]LogSlate: Took 0.000245 seconds to synchronously load lazily loaded font '../../../Engine/Content/Slate/Fonts/Roboto-Bold.ttf' (160K)
[2017.08.20-09.22.10:171][  0]LogSlate: Took 0.000192 seconds to synchronously load lazily loaded font '../../../Engine/Content/Editor/Slate/Fonts/FontAwesome.ttf' (139K)
[2017.08.20-09.22.10:249][  0]LogRenderer: Reallocating scene render targets to support 884x536 Format 10 NumSamples 1 (Frame:1).
[2017.08.20-09.22.10:396][  0]LogContentBrowser: Native class hierarchy updated for 'HierarchicalLODOutliner' in 0.0007 seconds. Added 1 classes and 2 folders.
[2017.08.20-09.22.10:397][  0]LogLoad: (Engine Initialization) Total time: 14.51 seconds
[2017.08.20-09.22.10:397][  0]LogLoad: (Engine Initialization) Total Blueprint compile time: 0.00 seconds
[2017.08.20-09.22.10:397][  0]LogExternalProfiler: No external profilers were discovered.  External profiling features will not be available.
[2017.08.20-09.22.10:424][  0]LogAssetRegistry: Asset discovery search completed in 9.1737 seconds
[2017.08.20-09.22.10:426][  0]LogCollectionManager: Rebuilt the object cache for 0 collections in 0.000001 seconds (found 0 objects)
[2017.08.20-09.22.10:426][  0]LogCollectionManager: Fixed up redirectors for 0 collections in 0.000043 seconds (updated 0 objects)
[2017.08.20-09.22.10:430][  0]LogContentStreaming: Texture pool size now 1000 MB
[2017.08.20-09.22.10:455][  0]LogSlate: Took 0.000121 seconds to synchronously load lazily loaded font '../../../Engine/Content/Slate/Fonts/Roboto-Light.ttf' (159K)
[2017.08.20-09.22.14:039][425]LogSlate: Took 0.000134 seconds to synchronously load lazily loaded font '../../../Engine/Content/Slate/Fonts/Roboto-Light.ttf' (159K)
[2017.08.20-09.22.14:320][425]LogContentBrowser: Native class hierarchy updated for 'BlueprintGraph' in 0.0008 seconds. Added 113 classes and 0 folders.
[2017.08.20-09.22.14:797][425]LogSlate: Took 0.000214 seconds to synchronously load lazily loaded font '../../../Engine/Content/Slate/Fonts/Roboto-Regular.ttf' (155K)
[2017.08.20-09.22.14:851][425]LogSlate: Took 0.000177 seconds to synchronously load lazily loaded font '../../../Engine/Content/Editor/Slate/Fonts/Roboto-BoldCondensed.ttf' (158K)
[2017.08.20-09.22.15:069][426]LogSlate: Took 0.000180 seconds to synchronously load lazily loaded font '../../../Engine/Content/Editor/Slate/Fonts/Roboto-Italic.ttf' (157K)
[2017.08.20-09.22.40:016][ 80]LogTemp: Repeating last play command: New Editor Window (PIE)
[2017.08.20-09.22.40:064][ 80]LogBlueprintUserMessages: Early PlayInEditor Detection: Level '/Game/Maps/MainMenu.MainMenu:PersistentLevel' has LevelScriptBlueprint '/Game/Maps/MainMenu.MainMenu:PersistentLevel.MainMenu' with GeneratedClass '/Game/Maps/MainMenu.MainMenu_C' with ClassGeneratedBy '/Game/Maps/MainMenu.MainMenu:PersistentLevel.MainMenu'
[2017.08.20-09.22.40:065][ 80]LogPlayLevel: PlayLevel: No blueprints needed recompiling
[2017.08.20-09.22.40:065][ 80]LogOnline: Display: OSS: FOnlineSubsystemNull::Shutdown()
[2017.08.20-09.22.40:065][ 80]LogOnline: Display: OSS: FOnlineAsyncTaskManager::Stop() ActiveTask:0000000000000000 Tasks[0/0]
[2017.08.20-09.22.40:065][ 80]LogOnline: Display: OSS: FOnlineAsyncTaskManager::Exit() started
[2017.08.20-09.22.40:065][ 80]LogOnline: Display: OSS: FOnlineAsyncTaskManager::Exit() finished
[2017.08.20-09.22.40:065][ 80]LogModuleManager: Warning: No filename provided for module OnlineSubsystemLAN
[2017.08.20-09.22.40:065][ 80]LogModuleManager: Warning: ModuleManager: Unable to load module 'OnlineSubsystemLAN' because the file 'C:/Program Files/Epic Games/UE_4.17/Engine/Binaries/Win64/' was not found.
[2017.08.20-09.22.40:080][ 80]PIE: New page: PIE session: MainMenu (Aug 21, 2017, 3:22:40 AM)
[2017.08.20-09.22.40:081][ 80]LogPlayLevel: Creating play world package: /Game/Maps/UEDPIE_1_MainMenu
[2017.08.20-09.22.40:081][ 80]LogPlayLevel: PIE: StaticDuplicateObject took: (0.000717s)
[2017.08.20-09.22.40:082][ 80]LogAIModule: Creating AISystem for world MainMenu
[2017.08.20-09.22.40:082][ 80]LogPlayLevel: PIE: World Init took: (0.000494s)
[2017.08.20-09.22.40:082][ 80]LogPlayLevel: PIE: Created PIE world by copying editor world from /Game/Maps/MainMenu.MainMenu to /Game/Maps/UEDPIE_1_MainMenu.MainMenu (0.001392s)
[2017.08.20-09.22.40:103][ 80]LogInit: XAudio2 using 'Speakers (Realtek High Definition Audio)' : 2 channels at 48 kHz using 32 bits per sample (channel mask 0x3)
[2017.08.20-09.22.40:117][ 80]LogInit: FAudioDevice initialized.
[2017.08.20-09.22.40:182][ 80]LogLoad: Game class is 'MainMenu_C'
[2017.08.20-09.22.40:184][ 80]LogWorld: Bringing World /Game/Maps/UEDPIE_1_MainMenu.MainMenu up for play (max tick rate 0) at 2017.08.20-18.22.40
[2017.08.20-09.22.40:185][ 80]LogWorld: Bringing up level for play took: 0.000700
[2017.08.20-09.22.40:247][ 80]LogContentBrowser: Native class hierarchy updated for 'MovieSceneCapture' in 0.0005 seconds. Added 11 classes and 0 folders.
[2017.08.20-09.22.40:248][ 80]LogTemp: Display: ParseSettings for GameNetDriver
[2017.08.20-09.22.40:248][ 80]LogTemp: Display: ParseSettings for IpNetDriver_0
[2017.08.20-09.22.40:248][ 80]LogTemp: Display: ParseSettings for GameNetDriver
[2017.08.20-09.22.40:248][ 80]LogInit: WinSock: Socket queue 131072 / 131072
[2017.08.20-09.22.40:250][ 80]LogInit: WinSock: I am coolkys-PC (169.254.38.209:0)
[2017.08.20-09.22.40:250][ 80]PacketHandlerLog: Loaded PacketHandler component: Engine.EngineHandlerComponentFactory (StatelessConnectHandlerComponent)
[2017.08.20-09.22.40:250][ 80]LogNet: GameNetDriver IpNetDriver_0 IpNetDriver listening on port 7777
[2017.08.20-09.22.40:257][ 80]PIE: Play in editor start time for /Game/Maps/UEDPIE_1_MainMenu -0.396
[2017.08.20-09.22.40:261][ 80]PIE: New page: PIE session: MainMenu (Aug 21, 2017, 3:22:40 AM)
[2017.08.20-09.22.40:322][ 80]LogNet: Browse: 127.0.0.1//Game/Maps/MainMenu
[2017.08.20-09.22.40:322][ 80]LogTemp: Display: ParseSettings for GameNetDriver
[2017.08.20-09.22.40:322][ 80]LogTemp: Display: ParseSettings for IpNetDriver_1
[2017.08.20-09.22.40:322][ 80]LogTemp: Display: ParseSettings for PendingNetDriver
[2017.08.20-09.22.40:322][ 80]LogInit: WinSock: Socket queue 32768 / 32768
[2017.08.20-09.22.40:322][ 80]PacketHandlerLog: Loaded PacketHandler component: Engine.EngineHandlerComponentFactory (StatelessConnectHandlerComponent)
[2017.08.20-09.22.40:322][ 80]LogNet: Game client on port 7777, rate 10000
[2017.08.20-09.22.40:329][ 80]PIE: Play in editor start time for /Game/Maps/MainMenu -0.324
[2017.08.20-09.22.40:347][ 80]LogBlueprintUserMessages: Late PlayInEditor Detection: Level '/Game/Maps/MainMenu.MainMenu:PersistentLevel' has LevelScriptBlueprint '/Game/Maps/MainMenu.MainMenu:PersistentLevel.MainMenu' with GeneratedClass '/Game/Maps/MainMenu.MainMenu_C' with ClassGeneratedBy '/Game/Maps/MainMenu.MainMenu:PersistentLevel.MainMenu'
[2017.08.20-09.22.40:349][ 80]LogNet: NotifyAcceptingConnection accepted from: 127.0.0.1:57449
[2017.08.20-09.22.40:349][ 80]LogHandshake: SendConnectChallenge. Timestamp: 0.008334, Cookie: 129028242123144141039064055215224030118247006108055210129138
[2017.08.20-09.22.40:372][ 80]LogHandshake: SendChallengeResponse. Timestamp: 0.008334, Cookie: 129028242123144141039064055215224030118247006108055210129138
[2017.08.20-09.22.40:400][ 80]LogRenderer: Reallocating scene render targets to support 1292x756 Format 10 NumSamples 1 (Frame:1).
[2017.08.20-09.22.40:464][ 81]LogNet: NotifyAcceptingConnection accepted from: 127.0.0.1:57449
[2017.08.20-09.22.40:464][ 81]LogHandshake: SendChallengeAck. InCookie: 129028242123144141039064055215224030118247006108055210129138
[2017.08.20-09.22.40:464][ 81]LogNet: Server accepting post-challenge connection from: 127.0.0.1:57449
[2017.08.20-09.22.40:465][ 81]PacketHandlerLog: Loaded PacketHandler component: Engine.EngineHandlerComponentFactory (StatelessConnectHandlerComponent)
[2017.08.20-09.22.40:465][ 81]LogNet: NotifyAcceptedConnection: Name: MainMenu, TimeStamp: 08/20/17 18:22:40, [UNetConnection] RemoteAddr: 127.0.0.1:57449, Name: IpConnection_1, Driver: GameNetDriver IpNetDriver_0, IsServer: YES, PC: NULL, Owner: NULL
[2017.08.20-09.22.40:465][ 81]LogNet: AddClientConnection: Added client connection: [UNetConnection] RemoteAddr: 127.0.0.1:57449, Name: IpConnection_1, Driver: GameNetDriver IpNetDriver_0, IsServer: YES, PC: NULL, Owner: NULL
[2017.08.20-09.22.40:465][ 81]LogNetVersion: PointShootKill 1.0.0.0, NetCL: 3573198, EngineNetVer: 2, GameNetVer: 0 (Checksum: 1001203919)
[2017.08.20-09.22.40:465][ 81]LogNet: UPendingNetGame::SendInitialJoin: Sending hello. [UNetConnection] RemoteAddr: 127.0.0.1:7777, Name: IpConnection_0, Driver: PendingNetDriver IpNetDriver_1, IsServer: NO, PC: NULL, Owner: NULL
[2017.08.20-09.22.40:491][ 82]LogNet: NotifyAcceptingChannel Control 0 server World /Game/Maps/UEDPIE_1_MainMenu.MainMenu: Accepted
[2017.08.20-09.22.40:491][ 82]LogNet: Remote platform little endian=1
[2017.08.20-09.22.40:491][ 82]LogNet: This platform little endian=1
[2017.08.20-09.22.40:517][ 83]LogNet: Login request: /Game/Maps/MainMenu?Name=coolkys-PC-8E410A2E4147E300E79481A1C82F09F0 userId: coolkys-PC-8E410A2E4147E300E79481A1C82F09F0
[2017.08.20-09.22.40:517][ 83]LogNet: Welcomed by server (Level: /Game/Maps/UEDPIE_1_MainMenu, Game: /Game/Blueprints/MainMenu/MainMenu.MainMenu_C)
[2017.08.20-09.22.40:518][ 83]LogLoad: LoadMap: 127.0.0.1//Game/Maps/UEDPIE_1_MainMenu?game=/Game/Blueprints/MainMenu/MainMenu.MainMenu_C
[2017.08.20-09.22.40:532][ 83]Cmd: MEM
[2017.08.20-09.22.40:544][ 83]LogMemory: Platform Memory Stats for Windows
[2017.08.20-09.22.40:544][ 83]LogMemory: Process Physical Memory: 1387.44 MB used, 1387.54 MB peak
[2017.08.20-09.22.40:544][ 83]LogMemory: Process Virtual Memory: 1915.29 MB used, 1915.29 MB peak
[2017.08.20-09.22.40:544][ 83]LogMemory: Physical Memory: 4484.57 MB used,  3660.87 MB free, 8145.43 MB total
[2017.08.20-09.22.40:544][ 83]LogMemory: Virtual Memory: 2815.34 MB used,  3660.87 MB free, 134217728.00 MB total
[2017.08.20-09.22.40:544][ 83]LogMemory: 
[2017.08.20-09.22.40:544][ 83]Allocator Stats for TBB: (not implemented)
[2017.08.20-09.22.40:546][ 83]LogAIModule: Creating AISystem for world MainMenu
[2017.08.20-09.22.40:546][ 83]LogTemp: Display: ParseSettings for GameNetDriver
[2017.08.20-09.22.40:547][ 83]LogWorld: Bringing World /Game/Maps/UEDPIE_2_MainMenu.MainMenu up for play (max tick rate 0) at 2017.08.20-18.22.40
[2017.08.20-09.22.40:547][ 83]LogWorld: Bringing up level for play took: 0.000829
[2017.08.20-09.22.40:548][ 83]LogLoad: Took 0.030098 seconds to LoadMap(/Game/Maps/UEDPIE_1_MainMenu)
[2017.08.20-09.22.40:568][ 84]LogNet: Client netspeed is 10000
[2017.08.20-09.22.40:568][ 84]LogNet: Join request: /Game/Maps/MainMenu?Name=coolkys-PC-8E410A2E4147E300E79481A1C82F09F0?SplitscreenCount=1
[2017.08.20-09.22.40:569][ 84]LogOnline: Warning: OSS: No game present to join for session (Game)
[2017.08.20-09.22.40:570][ 84]LogNet: Join succeeded: coolkys-PC-8E410A2E4
[2017.08.20-09.22.40:617][ 87]LogOnline: Warning: OSS: No game present to join for session (Game)
[2017.08.20-09.22.40:628][ 88]LogOnline: Warning: OSS: No game present to join for session (Game)
[2017.08.20-09.22.44:452][432]LogNet: Browse: /Game/Maps/Lobby?listen
[2017.08.20-09.22.44:460][432]LogLoad: LoadMap: /Game/Maps/Lobby?listen
[2017.08.20-09.22.44:460][432]LogNet: World NetDriver shutdown IpNetDriver_0 [GameNetDriver]
[2017.08.20-09.22.44:460][432]LogNet: DestroyNamedNetDriver IpNetDriver_0 [GameNetDriver]
[2017.08.20-09.22.44:461][432]LogNet: UNetConnection::Cleanup: Closing open connection. [UNetConnection] RemoteAddr: 127.0.0.1:57449, Name: IpConnection_1, Driver: GameNetDriver IpNetDriver_0, IsServer: YES, PC: PlayerController_1, Owner: PlayerController_1
[2017.08.20-09.22.44:461][432]LogNet: UNetConnection::Close: [UNetConnection] RemoteAddr: 127.0.0.1:57449, Name: IpConnection_1, Driver: GameNetDriver IpNetDriver_0, IsServer: YES, PC: PlayerController_1, Owner: PlayerController_1, Channels: 10, Time: 2017.08.20-09.22.44
[2017.08.20-09.22.44:461][432]LogNet: UChannel::Close: Sending CloseBunch. ChIndex == 0. Name: [UChannel] ChIndex: 0, Closing: 0 [UNetConnection] RemoteAddr: 127.0.0.1:57449, Name: IpConnection_1, Driver: GameNetDriver IpNetDriver_0, IsServer: YES, PC: PlayerController_1, Owner: PlayerController_1
[2017.08.20-09.22.44:461][432]LogExit: GameNetDriver IpNetDriver_0 shut down
[2017.08.20-09.22.44:475][432]Cmd: MEM
[2017.08.20-09.22.44:487][432]LogMemory: Platform Memory Stats for Windows
[2017.08.20-09.22.44:487][432]LogMemory: Process Physical Memory: 1417.98 MB used, 1442.74 MB peak
[2017.08.20-09.22.44:487][432]LogMemory: Process Virtual Memory: 1854.23 MB used, 1959.16 MB peak
[2017.08.20-09.22.44:487][432]LogMemory: Physical Memory: 4512.43 MB used,  3633.01 MB free, 8145.43 MB total
[2017.08.20-09.22.44:487][432]LogMemory: Virtual Memory: 2815.46 MB used,  3633.01 MB free, 134217728.00 MB total
[2017.08.20-09.22.44:487][432]LogMemory: 
[2017.08.20-09.22.44:487][432]Allocator Stats for TBB: (not implemented)
[2017.08.20-09.22.44:867][432]LogAIModule: Creating AISystem for world Lobby
[2017.08.20-09.22.44:867][432]LogLoad: Game class is 'LobbyGM_C'
[2017.08.20-09.22.44:868][432]LogTemp: Display: ParseSettings for GameNetDriver
[2017.08.20-09.22.44:868][432]LogTemp: Display: ParseSettings for IpNetDriver_2
[2017.08.20-09.22.44:868][432]LogTemp: Display: ParseSettings for GameNetDriver
[2017.08.20-09.22.44:868][432]LogInit: WinSock: Socket queue 131072 / 131072
[2017.08.20-09.22.44:868][432]PacketHandlerLog: Loaded PacketHandler component: Engine.EngineHandlerComponentFactory (StatelessConnectHandlerComponent)
[2017.08.20-09.22.44:868][432]LogNet: GameNetDriver IpNetDriver_2 IpNetDriver listening on port 7777
[2017.08.20-09.22.44:870][432]LogWorld: Bringing World /Game/Maps/UEDPIE_1_Lobby.Lobby up for play (max tick rate 0) at 2017.08.20-18.22.44
[2017.08.20-09.22.44:871][432]LogWorld: Bringing up level for play took: 0.001539
[2017.08.20-09.22.44:878][432]LogLoad: Took 0.417483 seconds to LoadMap(/Game/Maps/Lobby)
[2017.08.20-09.22.44:879][432]LogNet: Warning: Network Failure: GameNetDriver[FailureReceived]: Host closed the connection.
[2017.08.20-09.22.44:879][432]LogNet: Warning: Network Failure: GameNetDriver[FailureReceived]: Host closed the connection.
[2017.08.20-09.22.44:879][432]LogNet: NetworkFailure: FailureReceived, Error: 'Host closed the connection.'
[2017.08.20-09.22.44:879][432]LogNet: UNetConnection::Close: [UNetConnection] RemoteAddr: 127.0.0.1:7777, Name: IpConnection_0, Driver: GameNetDriver IpNetDriver_1, IsServer: NO, PC: PlayerController_1, Owner: PlayerController_1, Channels: 10, Time: 2017.08.20-09.22.44
[2017.08.20-09.22.44:879][432]LogNet: UChannel::Close: Sending CloseBunch. ChIndex == 0. Name: [UChannel] ChIndex: 0, Closing: 0 [UNetConnection] RemoteAddr: 127.0.0.1:7777, Name: IpConnection_0, Driver: GameNetDriver IpNetDriver_1, IsServer: NO, PC: PlayerController_1, Owner: PlayerController_1
[2017.08.20-09.22.44:879][432]LogNet: Warning: Network Failure: GameNetDriver[ConnectionLost]: Your connection to the host has been lost.
[2017.08.20-09.22.44:879][432]LogNet: Warning: Network Failure: GameNetDriver[ConnectionLost]: Your connection to the host has been lost.
[2017.08.20-09.22.44:879][432]LogNet: NetworkFailure: ConnectionLost, Error: 'Your connection to the host has been lost.'
[2017.08.20-09.22.44:902][433]LogNet: NotifyAcceptingConnection accepted from: 127.0.0.1:57449
[2017.08.20-09.22.44:903][433]LogNet: NotifyAcceptingConnection accepted from: 127.0.0.1:57449
[2017.08.20-09.22.44:904][433]LogNet: Browse: /Game/Maps/MainMenu?closed
[2017.08.20-09.22.44:904][433]LogNet: Failed; returning to Entry
[2017.08.20-09.22.44:904][433]LogLoad: LoadMap: /Game/Maps/MainMenu?closed
[2017.08.20-09.22.44:904][433]LogNet: World NetDriver shutdown IpNetDriver_1 [GameNetDriver]
[2017.08.20-09.22.44:904][433]LogNet: DestroyNamedNetDriver IpNetDriver_1 [GameNetDriver]
[2017.08.20-09.22.44:904][433]LogExit: GameNetDriver IpNetDriver_1 shut down
[2017.08.20-09.22.44:919][433]Cmd: MEM
[2017.08.20-09.22.44:932][433]LogMemory: Platform Memory Stats for Windows
[2017.08.20-09.22.44:932][433]LogMemory: Process Physical Memory: 1568.58 MB used, 1571.14 MB peak
[2017.08.20-09.22.44:932][433]LogMemory: Process Virtual Memory: 2145.88 MB used, 2145.88 MB peak
[2017.08.20-09.22.44:932][433]LogMemory: Physical Memory: 4666.86 MB used,  3478.58 MB free, 8145.43 MB total
[2017.08.20-09.22.44:932][433]LogMemory: Virtual Memory: 3047.34 MB used,  3478.58 MB free, 134217728.00 MB total
[2017.08.20-09.22.44:932][433]LogMemory: 
[2017.08.20-09.22.44:932][433]Allocator Stats for TBB: (not implemented)
[2017.08.20-09.22.44:932][433]LogPlayLevel: Creating play world package: /Game/Maps/UEDPIE_2_MainMenu
[2017.08.20-09.22.44:933][433]LogPlayLevel: PIE: StaticDuplicateObject took: (0.000709s)
[2017.08.20-09.22.44:933][433]LogAIModule: Creating AISystem for world MainMenu
[2017.08.20-09.22.44:934][433]LogPlayLevel: PIE: World Init took: (0.000561s)
[2017.08.20-09.22.44:934][433]LogPlayLevel: PIE: Created PIE world by copying editor world from /Game/Maps/MainMenu.MainMenu to /Game/Maps/UEDPIE_2_MainMenu.MainMenu (0.001498s)
[2017.08.20-09.22.44:934][433]LogLoad: Game class is 'MainMenu_C'
[2017.08.20-09.22.44:935][433]LogWorld: Bringing World /Game/Maps/UEDPIE_2_MainMenu.MainMenu up for play (max tick rate 0) at 2017.08.20-18.22.44
[2017.08.20-09.22.44:935][433]LogWorld: Bringing up level for play took: 0.000801
[2017.08.20-09.22.44:937][433]LogLoad: Took 0.032745 seconds to LoadMap(/Game/Maps/UEDPIE_2_MainMenu)
[2017.08.20-09.22.47:326][605]LogAnimMontage: Warning: Playing a Montage (FirstPersonFire_Montage) for the wrong Skeleton (model1_NoAddon_Skeleton) instead of (SK_Mannequin_Arms_Skeleton).
[2017.08.20-09.23.05:025][927]LogNet: Browse: 169.254.38.209//Game/Maps/MainMenu
[2017.08.20-09.23.05:025][927]LogTemp: Display: ParseSettings for GameNetDriver
[2017.08.20-09.23.05:025][927]LogTemp: Display: ParseSettings for IpNetDriver_3
[2017.08.20-09.23.05:025][927]LogTemp: Display: ParseSettings for PendingNetDriver
[2017.08.20-09.23.05:025][927]LogInit: WinSock: Socket queue 32768 / 32768
[2017.08.20-09.23.05:026][927]PacketHandlerLog: Loaded PacketHandler component: Engine.EngineHandlerComponentFactory (StatelessConnectHandlerComponent)
[2017.08.20-09.23.05:026][927]LogNet: Game client on port 7777, rate 10000
[2017.08.20-09.23.05:037][928]LogNet: NotifyAcceptingConnection accepted from: 169.254.38.209:57450
[2017.08.20-09.23.05:037][928]LogHandshake: SendConnectChallenge. Timestamp: 20.597721, Cookie: 049179254159188110225255051115247236058193008191232098079068
[2017.08.20-09.23.05:037][928]LogHandshake: SendChallengeResponse. Timestamp: 20.597721, Cookie: 049179254159188110225255051115247236058193008191232098079068
[2017.08.20-09.23.05:050][929]LogNet: NotifyAcceptingConnection accepted from: 169.254.38.209:57450
[2017.08.20-09.23.05:050][929]LogHandshake: SendChallengeAck. InCookie: 049179254159188110225255051115247236058193008191232098079068
[2017.08.20-09.23.05:050][929]LogNet: Server accepting post-challenge connection from: 169.254.38.209:57450
[2017.08.20-09.23.05:050][929]PacketHandlerLog: Loaded PacketHandler component: Engine.EngineHandlerComponentFactory (StatelessConnectHandlerComponent)
[2017.08.20-09.23.05:050][929]LogNet: NotifyAcceptedConnection: Name: Lobby, TimeStamp: 08/20/17 18:23:05, [UNetConnection] RemoteAddr: 169.254.38.209:57450, Name: IpConnection_3, Driver: GameNetDriver IpNetDriver_2, IsServer: YES, PC: NULL, Owner: NULL
[2017.08.20-09.23.05:050][929]LogNet: AddClientConnection: Added client connection: [UNetConnection] RemoteAddr: 169.254.38.209:57450, Name: IpConnection_3, Driver: GameNetDriver IpNetDriver_2, IsServer: YES, PC: NULL, Owner: NULL
[2017.08.20-09.23.05:051][929]LogNet: UPendingNetGame::SendInitialJoin: Sending hello. [UNetConnection] RemoteAddr: 169.254.38.209:7777, Name: IpConnection_2, Driver: PendingNetDriver IpNetDriver_3, IsServer: NO, PC: NULL, Owner: NULL
[2017.08.20-09.23.05:063][930]LogNet: NotifyAcceptingChannel Control 0 server World /Game/Maps/UEDPIE_1_Lobby.Lobby: Accepted
[2017.08.20-09.23.05:063][930]LogNet: Remote platform little endian=1
[2017.08.20-09.23.05:063][930]LogNet: This platform little endian=1
[2017.08.20-09.23.05:076][931]LogNet: Login request: /Game/Maps/MainMenu?Name=coolkys-PC-8E410A2E4147E300E79481A1C82F09F0 userId: coolkys-PC-8E410A2E4147E300E79481A1C82F09F0
[2017.08.20-09.23.05:077][931]LogNet: Welcomed by server (Level: /Game/Maps/UEDPIE_1_Lobby, Game: /Game/Blueprints/Lobby/LobbyGM.LobbyGM_C)
[2017.08.20-09.23.05:089][931]LogLoad: LoadMap: 169.254.38.209//Game/Maps/UEDPIE_1_Lobby?game=/Game/Blueprints/Lobby/LobbyGM.LobbyGM_C
[2017.08.20-09.23.05:103][931]Cmd: MEM
[2017.08.20-09.23.05:116][931]LogMemory: Platform Memory Stats for Windows
[2017.08.20-09.23.05:116][931]LogMemory: Process Physical Memory: 1499.32 MB used, 1584.21 MB peak
[2017.08.20-09.23.05:116][931]LogMemory: Process Virtual Memory: 2014.54 MB used, 2157.21 MB peak
[2017.08.20-09.23.05:116][931]LogMemory: Physical Memory: 4546.23 MB used,  3599.20 MB free, 8145.43 MB total
[2017.08.20-09.23.05:116][931]LogMemory: Virtual Memory: 3014.52 MB used,  3599.20 MB free, 134217728.00 MB total
[2017.08.20-09.23.05:116][931]LogMemory: 
[2017.08.20-09.23.05:116][931]Allocator Stats for TBB: (not implemented)
[2017.08.20-09.23.05:240][931]LogAIModule: Creating AISystem for world Lobby
[2017.08.20-09.23.05:241][931]LogTemp: Display: ParseSettings for GameNetDriver
[2017.08.20-09.23.05:242][931]LogWorld: Bringing World /Game/Maps/UEDPIE_2_Lobby.Lobby up for play (max tick rate 0) at 2017.08.20-18.23.05
[2017.08.20-09.23.05:242][931]LogWorld: Bringing up level for play took: 0.001175
[2017.08.20-09.23.05:242][931]LogLoad: Took 0.153380 seconds to LoadMap(/Game/Maps/UEDPIE_1_Lobby)
[2017.08.20-09.23.05:261][932]LogNet: Client netspeed is 10000
[2017.08.20-09.23.05:261][932]LogNet: Join request: /Game/Maps/MainMenu?Name=coolkys-PC-8E410A2E4147E300E79481A1C82F09F0?SplitscreenCount=1
[2017.08.20-09.23.05:263][932]LogNet: Join succeeded: coolkys-PC-8E410A2E4
[2017.08.20-09.23.08:911][168]LogAnimMontage: Warning: Playing a Montage (FirstPersonFire_Montage) for the wrong Skeleton (model1_NoAddon_Skeleton) instead of (SK_Mannequin_Arms_Skeleton).
[2017.08.20-09.23.38:171][998]LogScriptCore: Warning: Script Msg: DestroySession - Invalid player state
[2017.08.20-09.23.38:171][998]LogBlueprintUserMessages: Early EndPlayMap Detection: Level '/Game/Maps/MainMenu.MainMenu:PersistentLevel' has LevelScriptBlueprint '/Game/Maps/MainMenu.MainMenu:PersistentLevel.MainMenu' with GeneratedClass '/Game/Maps/MainMenu.MainMenu_C' with ClassGeneratedBy '/Game/Maps/MainMenu.MainMenu:PersistentLevel.MainMenu'
[2017.08.20-09.23.38:216][998]LogOnline: Display: OSS: FOnlineSubsystemNull::Shutdown()
[2017.08.20-09.23.38:216][998]LogOnline: Display: OSS: FOnlineAsyncTaskManager::Stop() ActiveTask:0000000000000000 Tasks[0/0]
[2017.08.20-09.23.38:217][998]LogOnline: Display: OSS: FOnlineAsyncTaskManager::Exit() started
[2017.08.20-09.23.38:217][998]LogOnline: Display: OSS: FOnlineAsyncTaskManager::Exit() finished
[2017.08.20-09.23.38:240][998]LogOnline: Display: OSS: FOnlineSubsystemNull::Shutdown()
[2017.08.20-09.23.38:240][998]LogOnline: Display: OSS: FOnlineAsyncTaskManager::Stop() ActiveTask:0000000000000000 Tasks[0/0]
[2017.08.20-09.23.38:241][998]LogOnline: Display: OSS: FOnlineAsyncTaskManager::Exit() started
[2017.08.20-09.23.38:241][998]LogOnline: Display: OSS: FOnlineAsyncTaskManager::Exit() finished
[2017.08.20-09.23.38:241][998]LogPlayLevel: Display: Shutting down PIE online subsystems
[2017.08.20-09.23.38:241][998]LogBlueprintUserMessages: Late EndPlayMap Detection: Level '/Game/Maps/MainMenu.MainMenu:PersistentLevel' has LevelScriptBlueprint '/Game/Maps/MainMenu.MainMenu:PersistentLevel.MainMenu' with GeneratedClass '/Game/Maps/MainMenu.MainMenu_C' with ClassGeneratedBy '/Game/Maps/MainMenu.MainMenu:PersistentLevel.MainMenu'
[2017.08.20-09.23.38:253][998]LogNet: UChannel::CleanUp: ChIndex == 0. Closing connection. [UChannel] ChIndex: 0, Closing: 0 [UNetConnection] RemoteAddr: 169.254.38.209:57450, Name: IpConnection_3, Driver: GameNetDriver IpNetDriver_2, IsServer: YES, PC: None, Owner: None
[2017.08.20-09.23.38:253][998]LogNet: UNetConnection::Close: [UNetConnection] RemoteAddr: 169.254.38.209:57450, Name: IpConnection_3, Driver: GameNetDriver IpNetDriver_2, IsServer: YES, PC: None, Owner: None, Channels: 2, Time: 2017.08.20-09.23.38
[2017.08.20-09.23.38:253][998]LogNet: UChannel::Close: Sending CloseBunch. ChIndex == 0. Name: [UChannel] ChIndex: 0, Closing: 0 [UNetConnection] RemoteAddr: 169.254.38.209:57450, Name: IpConnection_3, Driver: GameNetDriver IpNetDriver_2, IsServer: YES, PC: None, Owner: None
[2017.08.20-09.23.38:253][998]LogNet: UChannel::CleanUp: ChIndex == 0. Closing connection. [UChannel] ChIndex: 0, Closing: 0 [UNetConnection] RemoteAddr: 169.254.38.209:7777, Name: IpConnection_2, Driver: GameNetDriver IpNetDriver_3, IsServer: NO, PC: None, Owner: None
[2017.08.20-09.23.38:253][998]LogNet: UNetConnection::Close: [UNetConnection] RemoteAddr: 169.254.38.209:7777, Name: IpConnection_2, Driver: GameNetDriver IpNetDriver_3, IsServer: NO, PC: None, Owner: None, Channels: 2, Time: 2017.08.20-09.23.38
[2017.08.20-09.23.38:253][998]LogNet: UChannel::Close: Sending CloseBunch. ChIndex == 0. Name: [UChannel] ChIndex: 0, Closing: 0 [UNetConnection] RemoteAddr: 169.254.38.209:7777, Name: IpConnection_2, Driver: GameNetDriver IpNetDriver_3, IsServer: NO, PC: None, Owner: None
[2017.08.20-09.23.38:256][998]LogExit: GameNetDriver None shut down
[2017.08.20-09.23.38:257][998]LogExit: GameNetDriver None shut down
[2017.08.20-09.23.38:271][999]LogPlayLevel: Display: Destroying online subsystem :Context_3
[2017.08.20-09.23.38:272][999]LogOnline: Display: OSS: FOnlineSubsystemNull::Shutdown()
[2017.08.20-09.23.38:272][999]LogPlayLevel: Display: Destroying online subsystem :Context_2
[2017.08.20-09.23.38:272][999]LogOnline: Display: OSS: FOnlineSubsystemNull::Shutdown()
[2017.08.20-09.23.39:676][149]LogWindowsTextInputMethodSystem: Display: IME system now deactivated.
[2017.08.20-09.23.39:823][150]Cmd: QUIT_EDITOR
[2017.08.20-09.23.40:199][150]LogExit: Preparing to exit.
[2017.08.20-09.23.40:428][150]LogDirectoryWatcher: A directory notification for 'C:/NetworkShared/PointShootKill/PointShootKill/Content/' was aborted.
[2017.08.20-09.23.40:454][150]LogExit: Editor shut down
[2017.08.20-09.23.40:457][150]LogExit: Transaction tracking system shut down
[2017.08.20-09.23.40:576][150]LogDirectoryWatcher: A directory notification for '../../../Engine/Content/' was aborted.
[2017.08.20-09.23.40:576][150]LogDirectoryWatcher: A directory notification for '../../../../../../NetworkShared/PointShootKill/PointShootKill/Content/' was aborted.
[2017.08.20-09.23.40:577][150]LogDirectoryWatcher: A directory notification for '../../../Engine/Plugins/2D/Paper2D/Content/' was aborted.
[2017.08.20-09.23.40:577][150]LogDirectoryWatcher: A directory notification for '../../../Engine/Plugins/Runtime/Oculus/OculusVR/Content/' was aborted.
[2017.08.20-09.23.40:577][150]LogDirectoryWatcher: A directory notification for '../../../Engine/Plugins/Runtime/Steam/SteamVR/Content/' was aborted.
[2017.08.20-09.23.40:646][150]LogExit: Object subsystem successfully closed.
[2017.08.20-09.23.40:661][150]LogD3D11RHI: Shutdown
[2017.08.20-09.23.40:661][150]LogD3D11RHI: CleanupD3DDevice
[2017.08.20-09.23.40:710][150]LogD3D11RHI: ~FD3D11DynamicRHI
[2017.08.20-09.23.40:722][150]LogModuleManager: Shutting down and abandoning module MovieSceneCapture (539)
[2017.08.20-09.23.40:722][150]LogModuleManager: Shutting down and abandoning module Voice (537)
[2017.08.20-09.23.40:722][150]LogModuleManager: Shutting down and abandoning module BlueprintGraph (535)
[2017.08.20-09.23.40:722][150]LogModuleManager: Shutting down and abandoning module BlueprintProfiler (533)
[2017.08.20-09.23.40:722][150]LogModuleManager: Shutting down and abandoning module HierarchicalLODOutliner (531)
[2017.08.20-09.23.40:722][150]LogModuleManager: Shutting down and abandoning module SceneOutliner (529)
[2017.08.20-09.23.40:722][150]LogModuleManager: Shutting down and abandoning module AddContentDialog (527)
[2017.08.20-09.23.40:722][150]LogDirectoryWatcher: A directory notification for 'C:/Program Files/Epic Games/UE_4.17/FeaturePacks/' was aborted.
[2017.08.20-09.23.40:723][150]LogModuleManager: Shutting down and abandoning module WidgetCarousel (526)
[2017.08.20-09.23.40:723][150]LogModuleManager: Shutting down and abandoning module EditorWidgets (523)
[2017.08.20-09.23.40:723][150]LogModuleManager: Shutting down and abandoning module CollectionManager (521)
[2017.08.20-09.23.40:723][150]LogDirectoryWatcher: A directory notification for 'C:/NetworkShared/PointShootKill/PointShootKill/Content/Collections/' was aborted.
[2017.08.20-09.23.40:723][150]LogDirectoryWatcher: A directory notification for 'C:/NetworkShared/PointShootKill/PointShootKill/Content/Developers/YounsooKim/Collections/' was aborted.
[2017.08.20-09.23.40:723][150]LogDirectoryWatcher: A directory notification for 'C:/NetworkShared/PointShootKill/PointShootKill/Saved/Collections/' was aborted.
[2017.08.20-09.23.40:723][150]LogModuleManager: Shutting down and abandoning module StatsViewer (519)
[2017.08.20-09.23.40:723][150]LogModuleManager: Shutting down and abandoning module FoliageEdit (517)
[2017.08.20-09.23.40:723][150]LogModuleManager: Shutting down and abandoning module LandscapeEditor (515)
[2017.08.20-09.23.40:723][150]LogModuleManager: Shutting down and abandoning module MeshPaintMode (513)
[2017.08.20-09.23.40:723][150]LogModuleManager: Shutting down and abandoning module SceneDepthPickerMode (511)
[2017.08.20-09.23.40:723][150]LogModuleManager: Shutting down and abandoning module ActorPickerMode (509)
[2017.08.20-09.23.40:723][150]LogModuleManager: Shutting down and abandoning module GeometryMode (507)
[2017.08.20-09.23.40:723][150]LogModuleManager: Shutting down and abandoning module TextureAlignMode (505)
[2017.08.20-09.23.40:723][150]LogModuleManager: Shutting down and abandoning module BspMode (503)
[2017.08.20-09.23.40:723][150]LogModuleManager: Shutting down and abandoning module PIEPreviewDeviceProfileSelector (501)
[2017.08.20-09.23.40:723][150]LogModuleManager: Shutting down and abandoning module HardwareSurvey (499)
[2017.08.20-09.23.40:723][150]LogModuleManager: Shutting down and abandoning module SequenceRecorderSections (497)
[2017.08.20-09.23.40:723][150]LogModuleManager: Shutting down and abandoning module AutomationWorker (495)
[2017.08.20-09.23.40:723][150]LogModuleManager: Shutting down and abandoning module MatineeToLevelSequence (493)
[2017.08.20-09.23.40:723][150]LogModuleManager: Shutting down and abandoning module LevelSequenceEditor (491)
[2017.08.20-09.23.40:723][150]LogModuleManager: Shutting down and abandoning module PlacementMode (490)
[2017.08.20-09.23.40:723][150]LogModuleManager: Shutting down and abandoning module WmfMediaFactory (487)
[2017.08.20-09.23.40:723][150]LogModuleManager: Shutting down and abandoning module WmfMediaEditor (485)
[2017.08.20-09.23.40:723][150]LogModuleManager: Shutting down and abandoning module AvfMediaFactory (483)
[2017.08.20-09.23.40:723][150]LogModuleManager: Shutting down and abandoning module AvfMediaEditor (481)
[2017.08.20-09.23.40:723][150]LogModuleManager: Shutting down and abandoning module AndroidMediaFactory (479)
[2017.08.20-09.23.40:723][150]LogModuleManager: Shutting down and abandoning module Media (478)
[2017.08.20-09.23.40:724][150]LogModuleManager: Shutting down and abandoning module AndroidMediaEditor (475)
[2017.08.20-09.23.40:724][150]LogModuleManager: Shutting down and abandoning module CharacterAI (473)
[2017.08.20-09.23.40:724][150]LogModuleManager: Shutting down and abandoning module AudioCapture (471)
[2017.08.20-09.23.40:724][150]LogModuleManager: Shutting down and abandoning module SequenceRecorder (470)
[2017.08.20-09.23.40:724][150]LogModuleManager: Shutting down and abandoning module SmartSnapping (467)
[2017.08.20-09.23.40:724][150]LogModuleManager: Shutting down and abandoning module SessionServices (465)
[2017.08.20-09.23.40:724][150]LogModuleManager: Shutting down and abandoning module ViewportSnapping (463)
[2017.08.20-09.23.40:724][150]LogModuleManager: Shutting down and abandoning module ViewportInteraction (461)
[2017.08.20-09.23.40:724][150]LogModuleManager: Shutting down and abandoning module ClothPainter (459)
[2017.08.20-09.23.40:724][150]LogModuleManager: Shutting down and abandoning module LogVisualizer (457)
[2017.08.20-09.23.40:724][150]LogModuleManager: Shutting down and abandoning module IntroTutorials (455)
[2017.08.20-09.23.40:724][150]LogModuleManager: Shutting down and abandoning module GameProjectGeneration (454)
[2017.08.20-09.23.40:724][150]LogModuleManager: Shutting down and abandoning module IOSPlatformEditor (451)
[2017.08.20-09.23.40:724][150]LogModuleManager: Shutting down and abandoning module HTML5PlatformEditor (449)
[2017.08.20-09.23.40:724][150]LogModuleManager: Shutting down and abandoning module AndroidPlatformEditor (447)
[2017.08.20-09.23.40:724][150]LogModuleManager: Shutting down and abandoning module AndroidDeviceDetection (446)
[2017.08.20-09.23.41:005][150]LogModuleManager: Shutting down and abandoning module WindowsPlatformEditor (443)
[2017.08.20-09.23.41:005][150]LogModuleManager: Shutting down and abandoning module IOSRuntimeSettings (441)
[2017.08.20-09.23.41:005][150]LogModuleManager: Shutting down and abandoning module AndroidRuntimeSettings (439)
[2017.08.20-09.23.41:005][150]LogModuleManager: Shutting down and abandoning module InputBindingEditor (437)
[2017.08.20-09.23.41:005][150]LogModuleManager: Shutting down and abandoning module MergeActors (435)
[2017.08.20-09.23.41:005][150]LogModuleManager: Shutting down and abandoning module SizeMap (433)
[2017.08.20-09.23.41:005][150]LogModuleManager: Shutting down and abandoning module TreeMap (431)
[2017.08.20-09.23.41:005][150]LogModuleManager: Shutting down and abandoning module ReferenceViewer (429)
[2017.08.20-09.23.41:005][150]LogModuleManager: Shutting down and abandoning module LocalizationDashboard (427)
[2017.08.20-09.23.41:005][150]LogModuleManager: Shutting down and abandoning module LocalizationService (426)
[2017.08.20-09.23.41:005][150]LogModuleManager: Shutting down and abandoning module HardwareTargeting (423)
[2017.08.20-09.23.41:005][150]LogModuleManager: Shutting down and abandoning module DeviceProfileEditor (421)
[2017.08.20-09.23.41:005][150]LogModuleManager: Shutting down and abandoning module UndoHistory (419)
[2017.08.20-09.23.41:005][150]LogModuleManager: Shutting down and abandoning module XmlParser (417)
[2017.08.20-09.23.41:005][150]LogModuleManager: Shutting down and abandoning module Blutility (415)
[2017.08.20-09.23.41:005][150]LogModuleManager: Shutting down and abandoning module ProjectSettingsViewer (413)
[2017.08.20-09.23.41:005][150]LogModuleManager: Shutting down and abandoning module ProjectTargetPlatformEditor (412)
[2017.08.20-09.23.41:005][150]LogModuleManager: Shutting down and abandoning module EditorSettingsViewer (409)
[2017.08.20-09.23.41:005][150]LogModuleManager: Shutting down and abandoning module SettingsEditor (407)
[2017.08.20-09.23.41:006][150]LogModuleManager: Shutting down and abandoning module ProjectLauncher (405)
[2017.08.20-09.23.41:006][150]LogModuleManager: Shutting down and abandoning module SessionFrontend (403)
[2017.08.20-09.23.41:006][150]LogModuleManager: Shutting down and abandoning module ProfilerClient (401)
[2017.08.20-09.23.41:006][150]LogModuleManager: Shutting down and abandoning module DeviceManager (399)
[2017.08.20-09.23.41:006][150]LogModuleManager: Shutting down and abandoning module TargetDeviceServices (398)
[2017.08.20-09.23.41:059][150]LogModuleManager: Shutting down and abandoning module AutomationController (395)
[2017.08.20-09.23.41:059][150]LogModuleManager: Shutting down and abandoning module AutomationWindow (393)
[2017.08.20-09.23.41:059][150]LogModuleManager: Shutting down and abandoning module Layers (391)
[2017.08.20-09.23.41:059][150]LogModuleManager: Shutting down and abandoning module ComponentVisualizers (389)
[2017.08.20-09.23.41:059][150]LogModuleManager: Shutting down and abandoning module DetailCustomizations (387)
[2017.08.20-09.23.41:059][150]LogModuleManager: Shutting down and abandoning module PackagesDialog (385)
[2017.08.20-09.23.41:059][150]LogModuleManager: Shutting down and abandoning module Persona (383)
[2017.08.20-09.23.41:059][150]LogModuleManager: Shutting down and abandoning module AdvancedPreviewScene (382)
[2017.08.20-09.23.41:059][150]LogModuleManager: Shutting down and abandoning module AnimGraph (380)
[2017.08.20-09.23.41:059][150]LogModuleManager: Shutting down and abandoning module Kismet (377)
[2017.08.20-09.23.41:064][150]LogModuleManager: Shutting down and abandoning module ClassViewer (375)
[2017.08.20-09.23.41:064][150]LogModuleManager: Shutting down and abandoning module Toolbox (373)
[2017.08.20-09.23.41:064][150]LogModuleManager: Shutting down and abandoning module ModuleUI (371)
[2017.08.20-09.23.41:064][150]LogModuleManager: Shutting down and abandoning module MovieSceneTools (369)
[2017.08.20-09.23.41:064][150]LogModuleManager: Shutting down and abandoning module OutputLog (367)
[2017.08.20-09.23.41:064][150]LogModuleManager: Shutting down and abandoning module GammaUI (365)
[2017.08.20-09.23.41:064][150]LogModuleManager: Shutting down and abandoning module Documentation (363)
[2017.08.20-09.23.41:064][150]LogModuleManager: Shutting down and abandoning module MovieSceneTracks (361)
[2017.08.20-09.23.41:064][150]LogModuleManager: Shutting down and abandoning module MovieScene (359)
[2017.08.20-09.23.41:064][150]LogModuleManager: Shutting down and abandoning module Niagara (357)
[2017.08.20-09.23.41:064][150]LogModuleManager: Shutting down and abandoning module NiagaraEditor (356)
[2017.08.20-09.23.41:064][150]LogModuleManager: Shutting down and abandoning module StreamingPauseRendering (353)
[2017.08.20-09.23.41:064][150]LogModuleManager: Shutting down and abandoning module LauncherPlatform (351)
[2017.08.20-09.23.41:064][150]LogModuleManager: Shutting down and abandoning module AnalyticsET (349)
[2017.08.20-09.23.41:064][150]LogModuleManager: Shutting down and abandoning module PortalServices (347)
[2017.08.20-09.23.41:064][150]LogModuleManager: Shutting down and abandoning module PortalRpc (345)
[2017.08.20-09.23.41:064][150]LogModuleManager: Shutting down and abandoning module MessagingRpc (343)
[2017.08.20-09.23.41:064][150]LogModuleManager: Shutting down and abandoning module AIModule (341)
[2017.08.20-09.23.41:064][150]LogModuleManager: Shutting down and abandoning module GameplayDebugger (340)
[2017.08.20-09.23.41:064][150]LogModuleManager: Shutting down and abandoning module AITestSuite (338)
[2017.08.20-09.23.41:064][150]LogModuleManager: Shutting down and abandoning module ProfilerService (335)
[2017.08.20-09.23.41:082][150]LogModuleManager: Shutting down and abandoning module TaskGraph (333)
[2017.08.20-09.23.41:082][150]LogModuleManager: Shutting down and abandoning module SteamVRController (331)
[2017.08.20-09.23.41:082][150]LogModuleManager: Shutting down and abandoning module ProceduralMeshComponentEditor (329)
[2017.08.20-09.23.41:082][150]LogModuleManager: Shutting down and abandoning module ProceduralMeshComponent (327)
[2017.08.20-09.23.41:082][150]LogModuleManager: Shutting down and abandoning module OculusInput (325)
[2017.08.20-09.23.41:082][150]LogModuleManager: Shutting down and abandoning module MobilePatchingUtils (323)
[2017.08.20-09.23.41:082][150]LogModuleManager: Shutting down and abandoning module CustomMeshComponent (321)
[2017.08.20-09.23.41:082][150]LogModuleManager: Shutting down and abandoning module CableComponent (319)
[2017.08.20-09.23.41:082][150]LogModuleManager: Shutting down and abandoning module ArchVisCharacter (317)
[2017.08.20-09.23.41:082][150]LogModuleManager: Shutting down and abandoning module AndroidPermission (315)
[2017.08.20-09.23.41:082][150]LogModuleManager: Shutting down and abandoning module MediaPlayerEditor (313)
[2017.08.20-09.23.41:082][150]LogModuleManager: Shutting down and abandoning module HTML5Networking (311)
[2017.08.20-09.23.41:082][150]LogModuleManager: Shutting down and abandoning module AlembicImporter (309)
[2017.08.20-09.23.41:083][150]LogModuleManager: Shutting down and abandoning module AlembicLibrary (308)
[2017.08.20-09.23.41:083][150]LogModuleManager: Shutting down and abandoning module GeometryCache (307)
[2017.08.20-09.23.41:083][150]LogModuleManager: Shutting down and abandoning module GeometryCacheEd (306)
[2017.08.20-09.23.41:083][150]LogModuleManager: Shutting down and abandoning module SpeedTreeImporter (301)
[2017.08.20-09.23.41:083][150]LogModuleManager: Shutting down and abandoning module PluginBrowser (299)
[2017.08.20-09.23.41:083][150]LogModuleManager: Shutting down and abandoning module MobileLauncherProfileWizard (297)
[2017.08.20-09.23.41:083][150]LogModuleManager: Shutting down and abandoning module VisualStudioSourceCodeAccess (295)
[2017.08.20-09.23.41:083][150]LogModuleManager: Shutting down and abandoning module DesktopPlatform (294)
[2017.08.20-09.23.41:083][150]LogModuleManager: Shutting down and abandoning module UObjectPlugin (291)
[2017.08.20-09.23.41:083][150]LogModuleManager: Shutting down and abandoning module SubversionSourceControl (289)
[2017.08.20-09.23.41:083][150]LogModuleManager: Shutting down and abandoning module PerforceSourceControl (287)
[2017.08.20-09.23.41:083][150]LogModuleManager: Shutting down and abandoning module GitSourceControl (285)
[2017.08.20-09.23.41:083][150]LogModuleManager: Shutting down and abandoning module SourceControl (284)
[2017.08.20-09.23.41:083][150]LogModuleManager: Shutting down and abandoning module LightPropagationVolumeEditor (281)
[2017.08.20-09.23.41:083][150]LogModuleManager: Shutting down and abandoning module PaperTiledImporter (279)
[2017.08.20-09.23.41:083][150]LogModuleManager: Shutting down and abandoning module PaperSpriteSheetImporter (277)
[2017.08.20-09.23.41:083][150]LogModuleManager: Shutting down and abandoning module Paper2DEditor (275)
[2017.08.20-09.23.41:083][150]LogModuleManager: Shutting down and abandoning module MeshPaint (274)
[2017.08.20-09.23.41:083][150]LogModuleManager: Shutting down and abandoning module LevelEditor (272)
[2017.08.20-09.23.41:084][150]LogModuleManager: Shutting down and abandoning module PixelInspectorModule (271)
[2017.08.20-09.23.41:084][150]LogModuleManager: Shutting down and abandoning module MainFrame (269)
[2017.08.20-09.23.41:084][150]LogModuleManager: Shutting down and abandoning module HotReload (268)
[2017.08.20-09.23.41:084][150]LogModuleManager: Shutting down and abandoning module RuntimePhysXCooking (263)
[2017.08.20-09.23.41:084][150]LogModuleManager: Shutting down and abandoning module PhysXVehiclesEditor (261)
[2017.08.20-09.23.41:084][150]LogModuleManager: Shutting down and abandoning module PhysXVehicles (259)
[2017.08.20-09.23.41:084][150]LogModuleManager: Shutting down and abandoning module OculusEditor (257)
[2017.08.20-09.23.41:084][150]LogModuleManager: Shutting down and abandoning module LocationServicesBPLibrary (255)
[2017.08.20-09.23.41:084][150]LogModuleManager: Shutting down and abandoning module ImmediatePhysicsEditor (253)
[2017.08.20-09.23.41:084][150]LogModuleManager: Shutting down and abandoning module ImmediatePhysics (251)
[2017.08.20-09.23.41:084][150]LogModuleManager: Shutting down and abandoning module UdpMessaging (249)
[2017.08.20-09.23.41:185][150]LogModuleManager: Shutting down and abandoning module TcpMessaging (247)
[2017.08.20-09.23.41:285][150]LogModuleManager: Shutting down and abandoning module GameplayTagsEditor (245)
[2017.08.20-09.23.41:285][150]LogModuleManager: Shutting down and abandoning module FacialAnimationEditor (243)
[2017.08.20-09.23.41:285][150]LogModuleManager: Shutting down and abandoning module FacialAnimation (241)
[2017.08.20-09.23.41:285][150]LogModuleManager: Shutting down and abandoning module AssetManagerEditor (239)
[2017.08.20-09.23.41:285][150]LogModuleManager: Shutting down and abandoning module GraphEditor (238)
[2017.08.20-09.23.41:285][150]LogModuleManager: Shutting down and abandoning module ContentBrowser (236)
[2017.08.20-09.23.41:286][150]LogModuleManager: Shutting down and abandoning module LightPropagationVolumeRuntime (233)
[2017.08.20-09.23.41:286][150]LogModuleManager: Shutting down and abandoning module Paper2D (231)
[2017.08.20-09.23.41:286][150]LogModuleManager: Shutting down and abandoning module WindowsMoviePlayer (229)
[2017.08.20-09.23.41:286][150]LogModuleManager: Shutting down and abandoning module WmfMedia (227)
[2017.08.20-09.23.41:286][150]LogModuleManager: Shutting down and abandoning module PacketHandler (225)
[2017.08.20-09.23.41:286][150]LogModuleManager: Shutting down and abandoning module ClothingSystemEditor (223)
[2017.08.20-09.23.41:286][150]LogModuleManager: Shutting down and abandoning module ClothingSystemRuntime (221)
[2017.08.20-09.23.41:286][150]LogModuleManager: Shutting down and abandoning module Overlay (219)
[2017.08.20-09.23.41:286][150]LogModuleManager: Shutting down and abandoning module OverlayEditor (218)
[2017.08.20-09.23.41:286][150]LogModuleManager: Shutting down and abandoning module MediaAssets (215)
[2017.08.20-09.23.41:286][150]LogModuleManager: Shutting down and abandoning module VREditor (213)
[2017.08.20-09.23.41:286][150]LogModuleManager: Shutting down and abandoning module StringTableEditor (211)
[2017.08.20-09.23.41:286][150]LogModuleManager: Shutting down and abandoning module GameplayTasksEditor (209)
[2017.08.20-09.23.41:286][150]LogModuleManager: Shutting down and abandoning module BehaviorTreeEditor (207)
[2017.08.20-09.23.41:286][150]LogModuleManager: Shutting down and abandoning module FunctionalTesting (205)
[2017.08.20-09.23.41:286][150]LogModuleManager: Shutting down and abandoning module CollisionAnalyzer (203)
[2017.08.20-09.23.41:286][150]LogModuleManager: Shutting down and abandoning module WorkspaceMenuStructure (202)
[2017.08.20-09.23.41:286][150]LogModuleManager: Shutting down and abandoning module UMG (199)
[2017.08.20-09.23.41:286][150]LogModuleManager: Shutting down and abandoning module UMGEditor (198)
[2017.08.20-09.23.41:286][150]LogModuleManager: Shutting down and abandoning module Sequencer (197)
[2017.08.20-09.23.41:286][150]LogModuleManager: Shutting down and abandoning module MessageLog (194)
[2017.08.20-09.23.41:286][150]LogModuleManager: Shutting down and abandoning module SlateReflector (189)
[2017.08.20-09.23.41:286][150]LogModuleManager: Shutting down and abandoning module Slate (187)
[2017.08.20-09.23.41:286][150]LogModuleManager: Shutting down and abandoning module EditorStyle (185)
[2017.08.20-09.23.41:288][150]LogModuleManager: Shutting down and abandoning module MRMesh (183)
[2017.08.20-09.23.41:288][150]LogModuleManager: Shutting down and abandoning module SourceCodeAccess (181)
[2017.08.20-09.23.41:288][150]LogModuleManager: Shutting down and abandoning module HeadMountedDisplay (179)
[2017.08.20-09.23.41:288][150]LogModuleManager: Shutting down and abandoning module XAudio2 (177)
[2017.08.20-09.23.41:288][150]LogModuleManager: Shutting down and abandoning module Networking (175)
[2017.08.20-09.23.41:288][150]LogModuleManager: Shutting down and abandoning module Core (173)
[2017.08.20-09.23.41:288][150]LogModuleManager: Shutting down and abandoning module KismetCompiler (169)
[2017.08.20-09.23.41:288][150]LogModuleManager: Shutting down and abandoning module LevelSequence (167)
[2017.08.20-09.23.41:288][150]LogModuleManager: Shutting down and abandoning module MeshUtilities (165)
[2017.08.20-09.23.41:288][150]LogModuleManager: Shutting down and abandoning module MeshMergeUtilities (164)
[2017.08.20-09.23.41:288][150]LogModuleManager: Shutting down and abandoning module MeshReductionInterface (163)
[2017.08.20-09.23.41:288][150]LogModuleManager: Shutting down and abandoning module SimplygonSwarm (162)
[2017.08.20-09.23.41:288][150]LogModuleManager: Shutting down and abandoning module SimplygonMeshReduction (160)
[2017.08.20-09.23.41:288][150]LogModuleManager: Shutting down and abandoning module QuadricMeshReduction (158)
[2017.08.20-09.23.41:288][150]LogModuleManager: Shutting down and abandoning module MaterialBaking (154)
[2017.08.20-09.23.41:288][150]LogModuleManager: Shutting down and abandoning module DirectoryWatcher (151)
[2017.08.20-09.23.41:289][150]LogModuleManager: Shutting down and abandoning module DerivedDataCache (149)
[2017.08.20-09.23.41:630][150]LogDerivedDataCache: Shutdown
[2017.08.20-09.23.41:630][150]LogModuleManager: Shutting down and abandoning module TargetPlatform (147)
[2017.08.20-09.23.41:630][150]LogModuleManager: Shutting down and abandoning module VulkanShaderFormat (146)
[2017.08.20-09.23.41:630][150]LogModuleManager: Shutting down and abandoning module ShaderFormatVectorVM (144)
[2017.08.20-09.23.41:630][150]LogModuleManager: Shutting down and abandoning module ShaderFormatOpenGL (142)
[2017.08.20-09.23.41:630][150]LogModuleManager: Shutting down and abandoning module ShaderFormatD3D (140)
[2017.08.20-09.23.41:630][150]LogModuleManager: Shutting down and abandoning module MetalShaderFormat (138)
[2017.08.20-09.23.41:630][150]LogModuleManager: Shutting down and abandoning module TextureFormatUncompressed (136)
[2017.08.20-09.23.41:630][150]LogModuleManager: Shutting down and abandoning module TextureFormatPVR (134)
[2017.08.20-09.23.41:630][150]LogModuleManager: Shutting down and abandoning module TextureFormatDXT (132)
[2017.08.20-09.23.41:630][150]LogModuleManager: Shutting down and abandoning module TextureFormatIntelISPCTexComp (130)
[2017.08.20-09.23.41:630][150]LogModuleManager: Shutting down and abandoning module TextureFormatASTC (128)
[2017.08.20-09.23.41:630][150]LogModuleManager: Shutting down and abandoning module ImageWrapper (127)
[2017.08.20-09.23.41:630][150]LogModuleManager: Shutting down and abandoning module TextureFormatAndroid (124)
[2017.08.20-09.23.41:630][150]LogModuleManager: Shutting down and abandoning module AudioFormatOpus (122)
[2017.08.20-09.23.41:630][150]LogModuleManager: Shutting down and abandoning module AudioFormatOgg (120)
[2017.08.20-09.23.41:630][150]LogModuleManager: Shutting down and abandoning module AudioFormatADPCM (118)
[2017.08.20-09.23.41:630][150]LogModuleManager: Shutting down and abandoning module LinuxTargetPlatform (116)
[2017.08.20-09.23.41:630][150]LogModuleManager: Shutting down and abandoning module LinuxServerTargetPlatform (114)
[2017.08.20-09.23.41:631][150]LogModuleManager: Shutting down and abandoning module LinuxNoEditorTargetPlatform (112)
[2017.08.20-09.23.41:631][150]LogModuleManager: Shutting down and abandoning module LinuxClientTargetPlatform (110)
[2017.08.20-09.23.41:631][150]LogModuleManager: Shutting down and abandoning module TVOSTargetPlatform (108)
[2017.08.20-09.23.41:631][150]LogModuleManager: Shutting down and abandoning module Messaging (106)
[2017.08.20-09.23.41:631][150]LogModuleManager: Shutting down and abandoning module IOSTargetPlatform (104)
[2017.08.20-09.23.41:631][150]LogModuleManager: Shutting down and abandoning module HTML5TargetPlatform (102)
[2017.08.20-09.23.41:631][150]LogModuleManager: Shutting down and abandoning module Android_PVRTCTargetPlatform (100)
[2017.08.20-09.23.41:631][150]LogModuleManager: Shutting down and abandoning module Android_MultiTargetPlatform (98)
[2017.08.20-09.23.41:631][150]LogModuleManager: Shutting down and abandoning module Android_ETC2TargetPlatform (96)
[2017.08.20-09.23.41:631][150]LogModuleManager: Shutting down and abandoning module Android_ETC1TargetPlatform (94)
[2017.08.20-09.23.41:631][150]LogModuleManager: Shutting down and abandoning module Android_DXTTargetPlatform (92)
[2017.08.20-09.23.41:631][150]LogModuleManager: Shutting down and abandoning module Android_ATCTargetPlatform (90)
[2017.08.20-09.23.41:631][150]LogModuleManager: Shutting down and abandoning module Android_ASTCTargetPlatform (88)
[2017.08.20-09.23.41:631][150]LogModuleManager: Shutting down and abandoning module AndroidTargetPlatform (86)
[2017.08.20-09.23.41:631][150]LogModuleManager: Shutting down and abandoning module WindowsTargetPlatform (84)
[2017.08.20-09.23.41:631][150]LogModuleManager: Shutting down and abandoning module WindowsServerTargetPlatform (82)
[2017.08.20-09.23.41:631][150]LogModuleManager: Shutting down and abandoning module WindowsNoEditorTargetPlatform (80)
[2017.08.20-09.23.41:631][150]LogModuleManager: Shutting down and abandoning module WindowsClientTargetPlatform (78)
[2017.08.20-09.23.41:631][150]LogModuleManager: Shutting down and abandoning module MacTargetPlatform (76)
[2017.08.20-09.23.41:631][150]LogModuleManager: Shutting down and abandoning module MacServerTargetPlatform (74)
[2017.08.20-09.23.41:631][150]LogModuleManager: Shutting down and abandoning module MacNoEditorTargetPlatform (72)
[2017.08.20-09.23.41:631][150]LogModuleManager: Shutting down and abandoning module MacClientTargetPlatform (70)
[2017.08.20-09.23.41:631][150]LogModuleManager: Shutting down and abandoning module AllDesktopTargetPlatform (68)
[2017.08.20-09.23.41:631][150]LogModuleManager: Shutting down and abandoning module InputCore (65)
[2017.08.20-09.23.41:631][150]LogModuleManager: Shutting down and abandoning module Settings (63)
[2017.08.20-09.23.41:631][150]LogModuleManager: Shutting down and abandoning module PhysXCooking (61)
[2017.08.20-09.23.41:631][150]LogModuleManager: Shutting down and abandoning module SteamVR (59)
[2017.08.20-09.23.41:631][150]LogModuleManager: Shutting down and abandoning module OculusHMD (57)
[2017.08.20-09.23.41:631][150]LogModuleManager: Shutting down and abandoning module ExampleDeviceProfileSelector (55)
[2017.08.20-09.23.41:631][150]LogModuleManager: Shutting down and abandoning module OnlineBlueprintSupport (53)
[2017.08.20-09.23.41:631][150]LogModuleManager: Shutting down and abandoning module OnlineSubsystem (49)
[2017.08.20-09.23.41:631][150]LogOnline: Display: OSS: FOnlineSubsystemNull::Shutdown()
[2017.08.20-09.23.41:631][150]LogOnline: Display: OSS: FOnlineAsyncTaskManager::Stop() ActiveTask:0000000000000000 Tasks[0/0]
[2017.08.20-09.23.41:631][150]LogOnline: Display: OSS: FOnlineAsyncTaskManager::Exit() started
[2017.08.20-09.23.41:631][150]LogOnline: Display: OSS: FOnlineAsyncTaskManager::Exit() finished
[2017.08.20-09.23.41:631][150]LogOnline: Display: Unloading online subsystem: NULL
[2017.08.20-09.23.41:631][150]LogModuleManager: Shutting down and abandoning module XMPP (43)
[2017.08.20-09.23.41:631][150]LogModuleManager: Shutting down and abandoning module HTTP (41)
[2017.08.20-09.23.41:631][150]LogHttp: Display: Http module shutting down, but needs to wait on 1 outstanding Http requests:
[2017.08.20-09.23.41:631][150]LogHttp: Display: 	verb=[POST] url=[https://datarouter.ol.epicgames.com/datarouter/api/v1/public/data?SessionID=%7B37130D9E-46A3-F602-370C-90B71F000A54%7D&AppID=UEEditor.Rocket.Release&AppVersion=4.17.0-3573198%2B%2B%2BUE4%2BRelease-4.17&UserID=a6edf8a1446fe151d36489b2a451150e%7C6a71ead867eb4352acb6835af20733e8%7C9b51f5ab-5ea4-4406-b60d-88806dbfddb0&AppEnvironment=datacollector-binary&UploadType=eteventstream] status=Processing
[2017.08.20-09.23.41:659][150]LogModuleManager: Shutting down and abandoning module SSL (40)
[2017.08.20-09.23.41:660][150]LogModuleManager: Shutting down and abandoning module AnimationModifiers (36)
[2017.08.20-09.23.41:660][150]LogModuleManager: Shutting down and abandoning module PropertyEditor (35)
[2017.08.20-09.23.41:660][150]LogModuleManager: Shutting down and abandoning module AudioEditor (32)
[2017.08.20-09.23.41:660][150]LogModuleManager: Shutting down and abandoning module TextureCompressor (30)
[2017.08.20-09.23.41:660][150]LogModuleManager: Shutting down and abandoning module ShaderCore (28)
[2017.08.20-09.23.41:660][150]LogModuleManager: Shutting down and abandoning module Landscape (26)
[2017.08.20-09.23.41:660][150]LogModuleManager: Shutting down and abandoning module SlateRHIRenderer (24)
[2017.08.20-09.23.41:661][150]LogModuleManager: Shutting down and abandoning module OpenGLDrv (22)
[2017.08.20-09.23.41:661][150]LogModuleManager: Shutting down and abandoning module D3D11RHI (20)
[2017.08.20-09.23.41:661][150]LogModuleManager: Shutting down and abandoning module AnimGraphRuntime (18)
[2017.08.20-09.23.41:661][150]LogModuleManager: Shutting down and abandoning module Renderer (16)
[2017.08.20-09.23.41:661][150]LogModuleManager: Shutting down and abandoning module Engine (14)
[2017.08.20-09.23.41:661][150]LogModuleManager: Shutting down and abandoning module CoreUObject (12)
[2017.08.20-09.23.41:661][150]LogModuleManager: Shutting down and abandoning module NetworkFile (10)
[2017.08.20-09.23.41:661][150]LogModuleManager: Shutting down and abandoning module CookedIterativeFile (8)
[2017.08.20-09.23.41:661][150]LogModuleManager: Shutting down and abandoning module StreamingFile (6)
[2017.08.20-09.23.41:661][150]LogModuleManager: Shutting down and abandoning module SandboxFile (4)
[2017.08.20-09.23.41:661][150]LogModuleManager: Shutting down and abandoning module PakFile (2)
[2017.08.20-09.23.41:663][150]LogExit: Exiting.
[2017.08.20-09.23.41:677][150]Log file closed, 08/20/17 18:23:41
