Log file open, 08/15/17 13:13:34
LogWindows: LoadLibraryWithSearchPaths failed for file aqProf.dll. GetLastError=0
LogWindows: LoadLibraryWithSearchPaths failed for file VSPerf140.dll. GetLastError=0
LogWindows: LoadLibraryWithSearchPaths failed for file VtuneApi.dll. GetLastError=0
LogWindows: LoadLibraryWithSearchPaths failed for file VtuneApi32e.dll. GetLastError=0
LogInit: Display: Running engine for game: PointShootKill
LogPlatformFile: Not using cached read wrapper
LogInit: Display: RandInit(880821418) SRandInit(880821419).
LogTaskGraph: Started task graph with 5 named threads and 14 total threads with 3 sets of task threads.
LogStats: Stats thread started at 0.159242
LogD3D11RHI: Aftermath initialized
LogPluginManager: Mounting plugin Paper2D
LogPluginManager: Mounting plugin LightPropagationVolume
LogPluginManager: Mounting plugin CodeLiteSourceCodeAccess
LogPluginManager: Mounting plugin GitSourceControl
LogPluginManager: Mounting plugin KDevelopSourceCodeAccess
LogPluginManager: Mounting plugin NullSourceCodeAccess
LogPluginManager: Mounting plugin PerforceSourceControl
LogPluginManager: Mounting plugin SubversionSourceControl
LogPluginManager: Mounting plugin UObjectPlugin
LogPluginManager: Mounting plugin VisualStudioSourceCodeAccess
LogPluginManager: Mounting plugin XCodeSourceCodeAccess
LogPluginManager: Mounting plugin AssetManagerEditor
LogPluginManager: Mounting plugin AudioCapture
LogPluginManager: Mounting plugin FacialAnimation
LogPluginManager: Mounting plugin GameplayTagsEditor
LogPluginManager: Mounting plugin MobileLauncherProfileWizard
LogPluginManager: Mounting plugin PluginBrowser
LogPluginManager: Mounting plugin SpeedTreeImporter
LogPluginManager: Mounting plugin AlembicImporter
LogPluginManager: Mounting plugin CharacterAI
LogPluginManager: Mounting plugin HTML5Networking
LogPluginManager: Mounting plugin AndroidMedia
LogPluginManager: Mounting plugin AvfMedia
LogPluginManager: Mounting plugin MediaPlayerEditor
LogPluginManager: Mounting plugin WmfMedia
LogPluginManager: Mounting plugin TcpMessaging
LogPluginManager: Mounting plugin UdpMessaging
LogPluginManager: Mounting plugin LevelSequenceEditor
LogPluginManager: Mounting plugin MatineeToLevelSequence
LogPluginManager: Mounting plugin OnlineSubsystemGooglePlay
LogPluginManager: Mounting plugin OnlineSubsystemIOS
LogPluginManager: Mounting plugin OnlineSubsystem
LogPluginManager: Mounting plugin OnlineSubsystemNull
LogPluginManager: Mounting plugin OnlineSubsystemUtils
LogPluginManager: Mounting plugin AndroidDeviceProfileSelector
LogPluginManager: Mounting plugin AndroidMoviePlayer
LogPluginManager: Mounting plugin AndroidPermission
LogPluginManager: Mounting plugin AppleMoviePlayer
LogPluginManager: Mounting plugin ArchVisCharacter
LogPluginManager: Mounting plugin CableComponent
LogPluginManager: Mounting plugin CustomMeshComponent
LogPluginManager: Mounting plugin ExampleDeviceProfileSelector
LogPluginManager: Mounting plugin GoogleCloudMessaging
LogPluginManager: Mounting plugin ImmediatePhysics
LogPluginManager: Mounting plugin IOSDeviceProfileSelector
LogPluginManager: Mounting plugin LinuxDeviceProfileSelector
LogPluginManager: Mounting plugin LocationServicesBPLibrary
LogPluginManager: Mounting plugin MobilePatchingUtils
LogPluginManager: Mounting plugin OculusVR
LogPluginManager: Mounting plugin PhysXVehicles
LogPluginManager: Mounting plugin ProceduralMeshComponent
LogPluginManager: Mounting plugin RuntimePhysXCooking
LogPluginManager: Mounting plugin SteamVR
LogPluginManager: Mounting plugin WindowsMoviePlayer
LogInit: Using libcurl 7.47.1
LogInit:  - built for x86_64-pc-win32
LogInit:  - supports SSL with OpenSSL/1.0.2g
LogInit:  - supports HTTP deflate (compression) using libz 1.2.8
LogInit:  - other features:
LogInit:      CURL_VERSION_SSL
LogInit:      CURL_VERSION_LIBZ
LogInit:      CURL_VERSION_IPV6
LogInit:      CURL_VERSION_ASYNCHDNS
LogInit:      CURL_VERSION_LARGEFILE
LogInit:      CURL_VERSION_IDN
LogInit:  CurlRequestOptions (configurable via config and command line):
LogInit:  - bVerifyPeer = false  - Libcurl will NOT verify peer certificate
LogInit:  - bUseHttpProxy = false  - Libcurl will NOT use HTTP proxy
LogInit:  - bDontReuseConnections = false  - Libcurl will reuse connections
LogInit:  - CertBundlePath = nullptr  - Libcurl will use whatever was configured at build time.
LogInit: Build: ++UE4+Release-4.17-CL-3573198
LogInit: Engine Version: 4.17.0-3573198+++UE4+Release-4.17
LogInit: Compatible Engine Version: 4.17.0-3573198+++UE4+Release-4.17
LogInit: Net CL: 3573198
LogDevObjectVersion: Number of dev versions registered: 16
LogDevObjectVersion:   Dev-Blueprints (B0D832E4-1F89-4F0D-ACCF-7EB736FD4AA2): 10
LogDevObjectVersion:   Dev-Build (E1C64328-A22C-4D53-A36C-8E866417BD8C): 0
LogDevObjectVersion:   Dev-Core (375EC13C-06E4-48FB-B500-84F0262A717E): 2
LogDevObjectVersion:   Dev-Editor (E4B068ED-F494-42E9-A231-DA0B2E46BB41): 20
LogDevObjectVersion:   Dev-Framework (CFFC743F-43B0-4480-9391-14DF171D2073): 28
LogDevObjectVersion:   Dev-Mobile (B02B49B5-BB20-44E9-A304-32B752E40360): 0
LogDevObjectVersion:   Dev-Networking (A4E4105C-59A1-49B5-A7C5-40C4547EDFEE): 0
LogDevObjectVersion:   Dev-Online (39C831C9-5AE6-47DC-9A44-9C173E1C8E7C): 0
LogDevObjectVersion:   Dev-Physics (78F01B33-EBEA-4F98-B9B4-84EACCB95AA2): 0
LogDevObjectVersion:   Dev-Platform (6631380F-2D4D-43E0-8009-CF276956A95A): 0
LogDevObjectVersion:   Dev-Rendering (12F88B9F-8875-4AFC-A67C-D90C383ABD29): 19
LogDevObjectVersion:   Dev-Sequencer (7B5AE74C-D270-4C10-A958-57980B212A5A): 4
LogDevObjectVersion:   Dev-VR (D7296918-1DD6-4BDD-9DE2-64A83CC13884): 0
LogDevObjectVersion:   Dev-LoadTimes (C2A15278-BFE7-4AFE-6C17-90FF531DF755): 1
LogDevObjectVersion:   Private-Geometry (6EACA3D4-40EC-4CC1-B786-8BED09428FC5): 1
LogDevObjectVersion:   Dev-AnimPhys (29E575DD-E0A3-4627-9D10-D276232CDCEA): 7
LogInit: Compiled (64-bit): Aug  4 2017 16:30:33
LogInit: Compiled with Visual C++: 19.00.24215.01
LogInit: Build Configuration: Development
LogInit: Branch Name: ++UE4+Release-4.17
LogInit: Command line:  /Temp/Autosaves/Game/Maps/UEDPCMainMenu -game -PIEVIACONSOLE -ResX=1280 -ResY=720  -Multiprocess -messaging -SessionName="Play in Standalone Game" -windowed 
LogInit: Base directory: C:/Program Files/Epic Games/UE_4.17/Engine/Binaries/Win64/
LogInit: Installed Engine Build: 1
LogInit: Presizing for max 8388607 objects, including 0 objects not considered by GC, pre-allocating 0 bytes for permanent pool.
LogInit: Object subsystem initialized
[2017.08.15-04.13.34:741][  0]LogInit: Selected Device Profile: [Windows]
[2017.08.15-04.13.34:741][  0]LogInit: Applying CVar settings loaded from the selected device profile: [Windows]
[2017.08.15-04.13.34:744][  0]LogInit: Computer: COOLKYS-PC
[2017.08.15-04.13.34:744][  0]LogInit: User: YounsooKim
[2017.08.15-04.13.34:744][  0]LogInit: CPU Page size=4096, Cores=4
[2017.08.15-04.13.34:744][  0]LogInit: High frequency timer resolution =3.914062 MHz
[2017.08.15-04.13.34:744][  0]LogMemory: Memory total: Physical=8.0GB (8GB approx)
[2017.08.15-04.13.34:744][  0]LogMemory: Platform Memory Stats for Windows
[2017.08.15-04.13.34:744][  0]LogMemory: Process Physical Memory: 278.65 MB used, 278.65 MB peak
[2017.08.15-04.13.34:744][  0]LogMemory: Process Virtual Memory: 282.16 MB used, 282.16 MB peak
[2017.08.15-04.13.34:744][  0]LogMemory: Physical Memory: 4656.29 MB used,  3489.14 MB free, 8145.43 MB total
[2017.08.15-04.13.34:744][  0]LogMemory: Virtual Memory: 676.31 MB used,  3489.14 MB free, 134217728.00 MB total
[2017.08.15-04.13.34:874][  0]LogInit: Using OS detected language (en-US).
[2017.08.15-04.13.34:874][  0]LogInit: Using OS detected locale (en-US).
[2017.08.15-04.13.34:876][  0]LogTextLocalizationManager: No specific localization for 'en-US' exists, so the 'en' localization will be used.
[2017.08.15-04.13.35:256][  0]LogD3D11RHI: D3D11 adapters:
[2017.08.15-04.13.35:710][  0]LogD3D11RHI:    0. 'NVIDIA GeForce GTX 750 Ti' (Feature Level 11_0)
[2017.08.15-04.13.35:710][  0]LogD3D11RHI:       2017/0/4072 MB DedicatedVideo/DedicatedSystem/SharedSystem, Outputs:2, VendorId:0x10de
[2017.08.15-04.13.35:711][  0]LogD3D11RHI:    1. 'Microsoft Basic Render Driver' (Feature Level 11_0)
[2017.08.15-04.13.35:711][  0]LogD3D11RHI:       0/0/4072 MB DedicatedVideo/DedicatedSystem/SharedSystem, Outputs:0, VendorId:0x1414
[2017.08.15-04.13.35:711][  0]LogD3D11RHI: Chosen D3D11 Adapter: 0
[2017.08.15-04.13.35:716][  0]LogD3D11RHI: Creating new Direct3DDevice
[2017.08.15-04.13.35:716][  0]LogD3D11RHI:     GPU DeviceId: 0x1380 (for the marketing name, search the web for "GPU Device Id")
[2017.08.15-04.13.35:716][  0]LogWindows: EnumDisplayDevices:
[2017.08.15-04.13.35:716][  0]LogWindows:    0. 'NVIDIA GeForce GTX 750 Ti' (P:1 D:1)
[2017.08.15-04.13.35:717][  0]LogWindows:    1. 'NVIDIA GeForce GTX 750 Ti' (P:0 D:1)
[2017.08.15-04.13.35:717][  0]LogWindows:    2. 'NVIDIA GeForce GTX 750 Ti' (P:0 D:0)
[2017.08.15-04.13.35:717][  0]LogWindows:    3. 'NVIDIA GeForce GTX 750 Ti' (P:0 D:0)
[2017.08.15-04.13.35:718][  0]LogWindows: DebugString: FoundDriverCount:4 
[2017.08.15-04.13.35:718][  0]LogD3D11RHI:     Adapter Name: NVIDIA GeForce GTX 750 Ti
[2017.08.15-04.13.35:718][  0]LogD3D11RHI:   Driver Version: 382.05 (internal:22.21.13.8205, unified:382.05)
[2017.08.15-04.13.35:718][  0]LogD3D11RHI:      Driver Date: 5-1-2017
[2017.08.15-04.13.35:718][  0]LogRHI: Texture pool is 1361 MB (70% of 1945 MB)
[2017.08.15-04.13.36:140][  0]LogD3D11RHI: Async texture creation enabled
[2017.08.15-04.13.36:173][  0]LogD3D11RHI: GPU Timing Frequency: 1000.000000 (Debug: 2 1)
[2017.08.15-04.13.36:222][  0]LogShaderCompilers: Guid format shader working directory is -31 characters bigger than the processId version (../../../../../../Users/Younsoo Kim/Documents/GitHub/PointShootKill/PointShootKill/Intermediate/Shaders/WorkingDirectory/13916/).
[2017.08.15-04.13.36:223][  0]LogShaderCompilers: Cleaned the shader compiler working directory 'C:/Users/Younsoo Kim/AppData/Local/Temp/UnrealShaderWorkingDir/7AF5022A476070F655E682A54158E294/'.
[2017.08.15-04.13.36:223][  0]LogShaderCompilers: Display: Using Local Shader Compiler.
[2017.08.15-04.13.36:914][  0]LogTemp: Display: Loaded TP WindowsClientTargetPlatform
[2017.08.15-04.13.36:954][  0]LogTemp: Display: Loaded TP WindowsNoEditorTargetPlatform
[2017.08.15-04.13.36:994][  0]LogTemp: Display: Loaded TP WindowsServerTargetPlatform
[2017.08.15-04.13.37:035][  0]LogTemp: Display: Loaded TP WindowsTargetPlatform
[2017.08.15-04.13.37:035][  0]LogTargetPlatformManager: Display: Building Assets For Windows
[2017.08.15-04.13.37:409][  0]LogDerivedDataCache: Display: Max Cache Size: 512 MB
[2017.08.15-04.13.37:498][  0]LogDerivedDataCache: Loaded boot cache 0.09s 93MB C:/Users/Younsoo Kim/AppData/Local/UnrealEngine/4.17/DerivedDataCache/Boot.ddc.
[2017.08.15-04.13.37:498][  0]LogDerivedDataCache: Display: Loaded Boot cache: C:/Users/Younsoo Kim/AppData/Local/UnrealEngine/4.17/DerivedDataCache/Boot.ddc
[2017.08.15-04.13.37:498][  0]LogDerivedDataCache: FDerivedDataBackendGraph:  Pak pak cache file ../../../../../../Users/Younsoo Kim/Documents/GitHub/PointShootKill/PointShootKill/DerivedDataCache/DDC.ddp not found, will not use a pak cache.
[2017.08.15-04.13.37:498][  0]LogDerivedDataCache: Unable to find inner node Pak for hierarchical cache Hierarchy.
[2017.08.15-04.13.37:498][  0]LogDerivedDataCache: FDerivedDataBackendGraph:  CompressedPak pak cache file ../../../../../../Users/Younsoo Kim/Documents/GitHub/PointShootKill/PointShootKill/DerivedDataCache/Compressed.ddp not found, will not use a pak cache.
[2017.08.15-04.13.37:498][  0]LogDerivedDataCache: Unable to find inner node CompressedPak for hierarchical cache Hierarchy.
[2017.08.15-04.13.37:510][  0]LogDerivedDataCache: Display: Pak cache opened for reading ../../../Engine/DerivedDataCache/Compressed.ddp.
[2017.08.15-04.13.37:522][  0]LogDerivedDataCache: Using Local data cache path C:/Users/Younsoo Kim/AppData/Local/UnrealEngine/Common/DerivedDataCache: Writable
[2017.08.15-04.13.37:529][  0]LogMaterial: Verifying Global Shaders for PCD3D_SM5
[2017.08.15-04.13.37:530][  0]LogSlate: Using Freetype 2.6.0
[2017.08.15-04.13.37:530][  0]LogSlate: SlateFontCache - WITH_FREETYPE: 1, WITH_HARFBUZZ: 1
[2017.08.15-04.13.37:530][  0]LogSlate: SlateFontCache - WITH_FREETYPE: 1, WITH_HARFBUZZ: 1
[2017.08.15-04.13.37:708][  0]LogAssetRegistry: FAssetRegistry took 0.0033 seconds to start up
[2017.08.15-04.13.37:733][  0]LogPackageLocalizationCache: Processed 5 localized package path(s) for 2 prioritized culture(s) in 0.006489 seconds
[2017.08.15-04.13.37:799][  0]LogInit: Selected Device Profile: [Windows]
[2017.08.15-04.13.38:062][  0]LogSimplygon: Simplygon DLL not present - disabling.
[2017.08.15-04.13.38:097][  0]LogMeshReduction: Using SimplygonSwarm for distributed automatic mesh merging
[2017.08.15-04.13.38:097][  0]LogMeshReduction: Using QuadricMeshReduction for automatic static mesh reduction
[2017.08.15-04.13.38:097][  0]LogMeshReduction: No automatic skeletal mesh reduction module available
[2017.08.15-04.13.38:097][  0]LogMeshReduction: No automatic mesh merging module available
[2017.08.15-04.13.38:097][  0]LogMeshMerging: No automatic mesh merging module available
[2017.08.15-04.13.38:113][  0]LogContentStreaming: Texture pool size is 1000.00 MB
[2017.08.15-04.13.38:414][  0]LogNetVersion: PointShootKill , NetCL: 3573198, EngineNetVer: 2, GameNetVer: 0 (Checksum: 1180208419)
[2017.08.15-04.13.38:551][  0]LogInit: WinSock: version 1.1 (2.2), MaxSocks=32767, MaxUdp=65467
[2017.08.15-04.13.39:462][  0]LogMoviePlayer: Initializing movie player
[2017.08.15-04.13.39:508][  0]LogWindowsTextInputMethodSystem: Display: IME system now deactivated.
[2017.08.15-04.13.39:721][  0]LogCollectionManager: Loaded 0 collections in 0.001054 seconds
[2017.08.15-04.13.39:771][  0]LogFileCache: Scanning file cache for directory 'C:/Users/Younsoo Kim/Documents/GitHub/PointShootKill/PointShootKill/Saved/Collections/' took 0.01s
[2017.08.15-04.13.39:771][  0]LogFileCache: Scanning file cache for directory 'C:/Users/Younsoo Kim/Documents/GitHub/PointShootKill/PointShootKill/Content/Developers/YounsooKim/Collections/' took 0.01s
[2017.08.15-04.13.39:771][  0]LogFileCache: Scanning file cache for directory 'C:/Users/Younsoo Kim/Documents/GitHub/PointShootKill/PointShootKill/Content/Collections/' took 0.01s
[2017.08.15-04.13.39:771][  0]LogCollectionManager: Rebuilt the object cache for 0 collections in 0.000001 seconds (found 0 objects)
[2017.08.15-04.13.39:771][  0]LogCollectionManager: Fixed up redirectors for 0 collections in 0.000060 seconds (updated 0 objects)
[2017.08.15-04.13.39:897][  0]LogTcpMessaging: Initializing TcpMessaging bridge
[2017.08.15-04.13.39:929][  0]LogUdpMessaging: Initializing bridge on interface 0.0.0.0:0 to multicast group 230.0.0.1:6666.
[2017.08.15-04.13.40:298][  0]SourceControl: Source control is disabled
[2017.08.15-04.13.40:298][  0]SourceControl: Source control is disabled
[2017.08.15-04.13.40:334][  0]SourceControl: Source control is disabled
[2017.08.15-04.13.40:540][  0]LogAndroidPermission: UAndroidPermissionCallbackProxy::GetInstance
[2017.08.15-04.13.40:726][  0]LogOcInput: OculusInput pre-init called
[2017.08.15-04.13.40:805][  0]LogUObjectArray: 38661 objects as part of root set at end of initial load.
[2017.08.15-04.13.40:805][  0]LogUObjectAllocator: 8461320 out of 0 bytes used by permanent object pool.
[2017.08.15-04.13.40:805][  0]LogUObjectArray: CloseDisregardForGC: 0/0 objects in disregard for GC pool
[2017.08.15-04.13.40:892][  0]LogEngine: Initializing Engine...
[2017.08.15-04.13.40:894][  0]LogHMD: Failed to initialize OpenVR with code 110
[2017.08.15-04.13.41:069][  0]LogStats: UGameplayTagsManager::ConstructGameplayTagTree: Construct from data asset -  0.000 s
[2017.08.15-04.13.41:069][  0]LogStats: UGameplayTagsManager::ConstructGameplayTagTree: GameplayTagTreeChangedEvent.Broadcast -  0.000 s
[2017.08.15-04.13.41:084][  0]LogInit: XAudio2 using 'Speakers (Realtek High Definition Audio)' : 2 channels at 48 kHz using 32 bits per sample (channel mask 0x3)
[2017.08.15-04.13.41:106][  0]LogInit: FAudioDevice initialized.
[2017.08.15-04.13.41:133][  0]LogInit: Texture streaming: Enabled
[2017.08.15-04.13.41:151][  0]LogMaterial: Uniform references updated for custom material expression Custom.
[2017.08.15-04.13.41:359][  0]LogSlateStyle: Warning: Unable to find Slate Widget Style 'NormalText'. Using FTextBlockStyle defaults instead.
[2017.08.15-04.13.41:359][  0]LogSlateStyle: Warning: Unable to find Slate Widget Style 'SpinBox'. Using FSpinBoxStyle defaults instead.
[2017.08.15-04.13.41:519][  0]LogProperty: Error: UStructProperty::Serialize Loading: Property 'StructProperty /Game/UI/MainMenu/OptionMenu.OptionMenu_C:PlayerInfo'. Unknown structure.
[2017.08.15-04.13.41:543][  0]LogClass: Warning: Property PlayerInfo of PlayerInfo has a struct type mismatch (tag STRUCT_REINST_PlayerInfo_0 != prop FallbackStruct) in package:  ../../../../../../Users/Younsoo Kim/Documents/GitHub/PointShootKill/PointShootKill/Content/UI/MainMenu/OptionMenu.uasset. If that struct got renamed, add an entry to ActiveStructRedirects.
[2017.08.15-04.13.41:584][  0]LogClass: Warning: Property PlayerInfo of PlayerInfo has a struct type mismatch (tag FallbackStruct != prop PlayerInfo) in package:  FObjectReader. If that struct got renamed, add an entry to ActiveStructRedirects.
[2017.08.15-04.13.41:623][  0]LogInit: Display: Game Engine Initialized.
[2017.08.15-04.13.41:623][  0]LogGameplayTags: Display: UGameplayTagsManager::DoneAddingNativeTags. DelegateIsBound: 0
[2017.08.15-04.13.41:743][  0]LogInit: Display: Starting Game.
[2017.08.15-04.13.41:743][  0]LogNet: Browse: /Temp/Autosaves/Game/Maps/UEDPCMainMenu?Name=Player
[2017.08.15-04.13.41:743][  0]LogLoad: LoadMap: /Temp/Autosaves/Game/Maps/UEDPCMainMenu?Name=Player
[2017.08.15-04.13.41:760][  0]LogMemory: Platform Memory Stats for Windows
[2017.08.15-04.13.41:760][  0]LogMemory: Process Physical Memory: 845.64 MB used, 970.57 MB peak
[2017.08.15-04.13.41:760][  0]LogMemory: Process Virtual Memory: 960.50 MB used, 1046.81 MB peak
[2017.08.15-04.13.41:760][  0]LogMemory: Physical Memory: 5167.13 MB used,  2978.30 MB free, 8145.43 MB total
[2017.08.15-04.13.41:760][  0]LogMemory: Virtual Memory: 1588.25 MB used,  2978.30 MB free, 134217728.00 MB total
[2017.08.15-04.13.41:760][  0]LogMemory: 
[2017.08.15-04.13.41:760][  0]Allocator Stats for TBB: (not implemented)
[2017.08.15-04.13.41:867][  0]LogAIModule: Creating AISystem for world MainMenu
[2017.08.15-04.13.42:054][  0]LogLoad: Game class is 'LobbyGM_C'
[2017.08.15-04.13.42:055][  0]LogWorld: Bringing World /Temp/Autosaves/Game/Maps/UEDPCMainMenu.MainMenu up for play (max tick rate 0) at 2017.08.15-13.13.42
[2017.08.15-04.13.42:055][  0]LogWorld: Bringing up level for play took: 0.000479
[2017.08.15-04.13.42:060][  0]LogLoad: Took 0.316838 seconds to LoadMap(/Temp/Autosaves/Game/Maps/UEDPCMainMenu)
[2017.08.15-04.13.42:222][  0]LogRenderer: Reallocating scene render targets to support 1280x720 Format 10 NumSamples 1 (Frame:1).
[2017.08.15-04.13.42:222][  0]LogLoad: (Engine Initialization) Total time: 8.67 seconds
[2017.08.15-04.13.42:222][  0]LogLoad: (Engine Initialization) Total Blueprint compile time: 0.00 seconds
[2017.08.15-04.13.42:222][  0]LogExternalProfiler: No external profilers were discovered.  External profiling features will not be available.
[2017.08.15-04.15.43:176][493]Closing by request
[2017.08.15-04.15.43:176][493]LogWindows: FPlatformMisc::RequestExit(0)
[2017.08.15-04.15.43:181][494]LogScriptCore: Warning: Script Msg: DestroySession - Invalid or uninitialized OnlineSubsystem
[2017.08.15-04.15.43:181][494]LogScriptCore: Warning: Script Msg: DestroySession - Cannot map local player to unique net ID
[2017.08.15-04.15.43:968][494]LogWindowsTextInputMethodSystem: Display: IME system now deactivated.
[2017.08.15-04.15.43:970][494]LogWindowsTextInputMethodSystem: Display: IME system now deactivated.
[2017.08.15-04.15.43:972][494]LogExit: Preparing to exit.
[2017.08.15-04.15.43:972][494]LogMoviePlayer: Shutting down movie player
