Log file open, 08/15/17 16:09:05
LogWindows: LoadLibraryWithSearchPaths failed for file aqProf.dll. GetLastError=0
LogWindows: LoadLibraryWithSearchPaths failed for file VSPerf140.dll. GetLastError=0
LogWindows: LoadLibraryWithSearchPaths failed for file VtuneApi.dll. GetLastError=0
LogWindows: LoadLibraryWithSearchPaths failed for file VtuneApi32e.dll. GetLastError=0
LogInit: Display: Running engine for game: PointShootKill
LogPlatformFile: Not using cached read wrapper
LogInit: Display: RandInit(-329983209) SRandInit(-329983209).
LogTaskGraph: Started task graph with 5 named threads and 8 total threads with 3 sets of task threads.
LogStats: Stats thread started at 0.525644
LogD3D11RHI: Aftermath initialized
LogPluginManager: Mounting plugin Paper2D
LogPluginManager: Mounting plugin LightPropagationVolume
LogPluginManager: Mounting plugin CodeLiteSourceCodeAccess
LogPluginManager: Mounting plugin GitSourceControl
LogPluginManager: Mounting plugin KDevelopSourceCodeAccess
LogPluginManager: Mounting plugin NullSourceCodeAccess
LogPluginManager: Mounting plugin PerforceSourceControl
LogPluginManager: Mounting plugin SubversionSourceControl
LogPluginManager: Mounting plugin UObjectPlugin
LogPluginManager: Mounting plugin VisualStudioSourceCodeAccess
LogPluginManager: Mounting plugin XCodeSourceCodeAccess
LogPluginManager: Mounting plugin AssetManagerEditor
LogPluginManager: Mounting plugin AudioCapture
LogPluginManager: Mounting plugin FacialAnimation
LogPluginManager: Mounting plugin GameplayTagsEditor
LogPluginManager: Mounting plugin MobileLauncherProfileWizard
LogPluginManager: Mounting plugin PluginBrowser
LogPluginManager: Mounting plugin SpeedTreeImporter
LogPluginManager: Mounting plugin AlembicImporter
LogPluginManager: Mounting plugin CharacterAI
LogPluginManager: Mounting plugin HTML5Networking
LogPluginManager: Mounting plugin AndroidMedia
LogPluginManager: Mounting plugin AvfMedia
LogPluginManager: Mounting plugin MediaPlayerEditor
LogPluginManager: Mounting plugin WmfMedia
LogPluginManager: Mounting plugin TcpMessaging
LogPluginManager: Mounting plugin UdpMessaging
LogPluginManager: Mounting plugin LevelSequenceEditor
LogPluginManager: Mounting plugin MatineeToLevelSequence
LogPluginManager: Mounting plugin OnlineSubsystemGooglePlay
LogPluginManager: Mounting plugin OnlineSubsystemIOS
LogPluginManager: Mounting plugin OnlineSubsystem
LogPluginManager: Mounting plugin OnlineSubsystemNull
LogPluginManager: Mounting plugin OnlineSubsystemUtils
LogPluginManager: Mounting plugin AndroidDeviceProfileSelector
LogPluginManager: Mounting plugin AndroidMoviePlayer
LogPluginManager: Mounting plugin AndroidPermission
LogPluginManager: Mounting plugin AppleMoviePlayer
LogPluginManager: Mounting plugin ArchVisCharacter
LogPluginManager: Mounting plugin CableComponent
LogPluginManager: Mounting plugin CustomMeshComponent
LogPluginManager: Mounting plugin ExampleDeviceProfileSelector
LogPluginManager: Mounting plugin GoogleCloudMessaging
LogPluginManager: Mounting plugin ImmediatePhysics
LogPluginManager: Mounting plugin IOSDeviceProfileSelector
LogPluginManager: Mounting plugin LinuxDeviceProfileSelector
LogPluginManager: Mounting plugin LocationServicesBPLibrary
LogPluginManager: Mounting plugin MobilePatchingUtils
LogPluginManager: Mounting plugin OculusVR
LogPluginManager: Mounting plugin PhysXVehicles
LogPluginManager: Mounting plugin ProceduralMeshComponent
LogPluginManager: Mounting plugin RuntimePhysXCooking
LogPluginManager: Mounting plugin SteamVR
LogPluginManager: Mounting plugin WindowsMoviePlayer
LogInit: Using libcurl 7.47.1
LogInit:  - built for x86_64-pc-win32
LogInit:  - supports SSL with OpenSSL/1.0.2g
LogInit:  - supports HTTP deflate (compression) using libz 1.2.8
LogInit:  - other features:
LogInit:      CURL_VERSION_SSL
LogInit:      CURL_VERSION_LIBZ
LogInit:      CURL_VERSION_IPV6
LogInit:      CURL_VERSION_ASYNCHDNS
LogInit:      CURL_VERSION_LARGEFILE
LogInit:      CURL_VERSION_IDN
LogInit:  CurlRequestOptions (configurable via config and command line):
LogInit:  - bVerifyPeer = false  - Libcurl will NOT verify peer certificate
LogInit:  - bUseHttpProxy = false  - Libcurl will NOT use HTTP proxy
LogInit:  - bDontReuseConnections = false  - Libcurl will reuse connections
LogInit:  - CertBundlePath = nullptr  - Libcurl will use whatever was configured at build time.
LogInit: Build: ++UE4+Release-4.17-CL-3573198
LogInit: Engine Version: 4.17.0-3573198+++UE4+Release-4.17
LogInit: Compatible Engine Version: 4.17.0-3573198+++UE4+Release-4.17
LogInit: Net CL: 3573198
LogDevObjectVersion: Number of dev versions registered: 16
LogDevObjectVersion:   Dev-Blueprints (B0D832E4-1F89-4F0D-ACCF-7EB736FD4AA2): 10
LogDevObjectVersion:   Dev-Build (E1C64328-A22C-4D53-A36C-8E866417BD8C): 0
LogDevObjectVersion:   Dev-Core (375EC13C-06E4-48FB-B500-84F0262A717E): 2
LogDevObjectVersion:   Dev-Editor (E4B068ED-F494-42E9-A231-DA0B2E46BB41): 20
LogDevObjectVersion:   Dev-Framework (CFFC743F-43B0-4480-9391-14DF171D2073): 28
LogDevObjectVersion:   Dev-Mobile (B02B49B5-BB20-44E9-A304-32B752E40360): 0
LogDevObjectVersion:   Dev-Networking (A4E4105C-59A1-49B5-A7C5-40C4547EDFEE): 0
LogDevObjectVersion:   Dev-Online (39C831C9-5AE6-47DC-9A44-9C173E1C8E7C): 0
LogDevObjectVersion:   Dev-Physics (78F01B33-EBEA-4F98-B9B4-84EACCB95AA2): 0
LogDevObjectVersion:   Dev-Platform (6631380F-2D4D-43E0-8009-CF276956A95A): 0
LogDevObjectVersion:   Dev-Rendering (12F88B9F-8875-4AFC-A67C-D90C383ABD29): 19
LogDevObjectVersion:   Dev-Sequencer (7B5AE74C-D270-4C10-A958-57980B212A5A): 4
LogDevObjectVersion:   Dev-VR (D7296918-1DD6-4BDD-9DE2-64A83CC13884): 0
LogDevObjectVersion:   Dev-LoadTimes (C2A15278-BFE7-4AFE-6C17-90FF531DF755): 1
LogDevObjectVersion:   Private-Geometry (6EACA3D4-40EC-4CC1-B786-8BED09428FC5): 1
LogDevObjectVersion:   Dev-AnimPhys (29E575DD-E0A3-4627-9D10-D276232CDCEA): 7
LogInit: Compiled (64-bit): Aug  4 2017 16:30:33
LogInit: Compiled with Visual C++: 19.00.24215.01
LogInit: Build Configuration: Development
LogInit: Branch Name: ++UE4+Release-4.17
LogInit: Command line:  /Temp/Autosaves/Game/Maps/UEDPCMainMenu -game -PIEVIACONSOLE -ResX=1280 -ResY=720  -Multiprocess -messaging -SessionName="Play in Standalone Game" -windowed 
LogInit: Base directory: C:/Program Files/Epic Games/UE_4.17/Engine/Binaries/Win64/
LogInit: Installed Engine Build: 1
LogInit: Presizing for max 8388607 objects, including 0 objects not considered by GC, pre-allocating 0 bytes for permanent pool.
LogInit: Object subsystem initialized
[2017.08.15-07.09.09:710][  0]LogInit: Selected Device Profile: [Windows]
[2017.08.15-07.09.09:710][  0]LogInit: Applying CVar settings loaded from the selected device profile: [Windows]
[2017.08.15-07.09.09:786][  0]LogInit: Computer: DESKTOP-2LLGGVA
[2017.08.15-07.09.09:786][  0]LogInit: User: BangMinsu
[2017.08.15-07.09.09:786][  0]LogInit: CPU Page size=4096, Cores=2
[2017.08.15-07.09.09:786][  0]LogInit: High frequency timer resolution =2.249997 MHz
[2017.08.15-07.09.09:788][  0]LogMemory: Memory total: Physical=3.9GB (4GB approx)
[2017.08.15-07.09.09:788][  0]LogMemory: Platform Memory Stats for Windows
[2017.08.15-07.09.09:789][  0]LogMemory: Process Physical Memory: 284.61 MB used, 284.61 MB peak
[2017.08.15-07.09.09:789][  0]LogMemory: Process Virtual Memory: 273.60 MB used, 273.60 MB peak
[2017.08.15-07.09.09:789][  0]LogMemory: Physical Memory: 3352.36 MB used,  607.30 MB free, 3959.66 MB total
[2017.08.15-07.09.09:789][  0]LogMemory: Virtual Memory: 664.33 MB used,  607.30 MB free, 134217728.00 MB total
[2017.08.15-07.09.11:619][  0]LogInit: Using OS detected language (ko-KR).
[2017.08.15-07.09.11:619][  0]LogInit: Using OS detected locale (ko-KR).
[2017.08.15-07.09.11:640][  0]LogTextLocalizationManager: No specific localization for 'ko-KR' exists, so the 'ko' localization will be used.
[2017.08.15-07.09.12:739][  0]LogD3D11RHI: D3D11 adapters:
[2017.08.15-07.09.12:764][  0]LogD3D11RHI:    0. 'Intel(R) HD Graphics 520' (Feature Level 11_0)
[2017.08.15-07.09.12:764][  0]LogD3D11RHI:       128/0/1979 MB DedicatedVideo/DedicatedSystem/SharedSystem, Outputs:1, VendorId:0x8086
[2017.08.15-07.09.12:772][  0]LogD3D11RHI:    1. 'Microsoft Basic Render Driver' (Feature Level 11_0)
[2017.08.15-07.09.12:772][  0]LogD3D11RHI:       0/0/1979 MB DedicatedVideo/DedicatedSystem/SharedSystem, Outputs:0, VendorId:0x1414
[2017.08.15-07.09.12:772][  0]LogD3D11RHI: Chosen D3D11 Adapter: 0
[2017.08.15-07.09.12:781][  0]LogD3D11RHI: Creating new Direct3DDevice
[2017.08.15-07.09.12:781][  0]LogD3D11RHI:     GPU DeviceId: 0x1916 (for the marketing name, search the web for "GPU Device Id")
[2017.08.15-07.09.12:781][  0]LogWindows: EnumDisplayDevices:
[2017.08.15-07.09.12:782][  0]LogWindows:    0. 'Intel(R) HD Graphics 520' (P:1 D:1)
[2017.08.15-07.09.12:782][  0]LogWindows:    1. 'Intel(R) HD Graphics 520' (P:0 D:0)
[2017.08.15-07.09.12:783][  0]LogWindows:    2. 'Intel(R) HD Graphics 520' (P:0 D:0)
[2017.08.15-07.09.12:783][  0]LogWindows: DebugString: FoundDriverCount:3 
[2017.08.15-07.09.12:784][  0]LogD3D11RHI:     Adapter Name: Intel(R) HD Graphics 520
[2017.08.15-07.09.12:784][  0]LogD3D11RHI:   Driver Version: 21.20.16.4534 (internal:21.20.16.4534, unified:21.20.16.4534)
[2017.08.15-07.09.12:784][  0]LogD3D11RHI:      Driver Date: 10-7-2016
[2017.08.15-07.09.12:784][  0]LogRHI: Texture pool is 782 MB (70% of 1117 MB)
[2017.08.15-07.09.12:794][  0]LogD3D11RHI: Async texture creation enabled
[2017.08.15-07.09.12:807][  0]LogD3D11RHI: GPU Timing Frequency: 12.000000 (Debug: 2 0)
[2017.08.15-07.09.12:809][  0]LogShaderCompilers: Guid format shader working directory is -30 characters bigger than the processId version (../../../../../../Users/Bang_Minsu/Documents/GitHub/PointShootKill/PointShootKill/Intermediate/Shaders/WorkingDirectory/3680/).
[2017.08.15-07.09.12:809][  0]LogShaderCompilers: Cleaned the shader compiler working directory 'C:/Users/Bang_Minsu/AppData/Local/Temp/UnrealShaderWorkingDir/35363BCA4E670E66C3BC5DAB4E29A37D/'.
[2017.08.15-07.09.12:809][  0]LogShaderCompilers: Display: Using Local Shader Compiler.
[2017.08.15-07.09.17:027][  0]LogTemp: Display: Loaded TP WindowsClientTargetPlatform
[2017.08.15-07.09.17:174][  0]LogTemp: Display: Loaded TP WindowsNoEditorTargetPlatform
[2017.08.15-07.09.17:311][  0]LogTemp: Display: Loaded TP WindowsServerTargetPlatform
[2017.08.15-07.09.17:457][  0]LogTemp: Display: Loaded TP WindowsTargetPlatform
[2017.08.15-07.09.17:457][  0]LogTargetPlatformManager: Display: Building Assets For Windows
[2017.08.15-07.09.18:999][  0]LogDerivedDataCache: Display: Max Cache Size: 512 MB
[2017.08.15-07.09.19:573][  0]LogDerivedDataCache: Loaded boot cache 0.57s 93MB C:/Users/Bang_Minsu/AppData/Local/UnrealEngine/4.17/DerivedDataCache/Boot.ddc.
[2017.08.15-07.09.19:573][  0]LogDerivedDataCache: Display: Loaded Boot cache: C:/Users/Bang_Minsu/AppData/Local/UnrealEngine/4.17/DerivedDataCache/Boot.ddc
[2017.08.15-07.09.19:573][  0]LogDerivedDataCache: FDerivedDataBackendGraph:  Pak pak cache file ../../../../../../Users/Bang_Minsu/Documents/GitHub/PointShootKill/PointShootKill/DerivedDataCache/DDC.ddp not found, will not use a pak cache.
[2017.08.15-07.09.19:573][  0]LogDerivedDataCache: Unable to find inner node Pak for hierarchical cache Hierarchy.
[2017.08.15-07.09.19:573][  0]LogDerivedDataCache: FDerivedDataBackendGraph:  CompressedPak pak cache file ../../../../../../Users/Bang_Minsu/Documents/GitHub/PointShootKill/PointShootKill/DerivedDataCache/Compressed.ddp not found, will not use a pak cache.
[2017.08.15-07.09.19:573][  0]LogDerivedDataCache: Unable to find inner node CompressedPak for hierarchical cache Hierarchy.
[2017.08.15-07.09.19:601][  0]LogDerivedDataCache: Display: Pak cache opened for reading ../../../Engine/DerivedDataCache/Compressed.ddp.
[2017.08.15-07.09.19:615][  0]LogDerivedDataCache: Using Local data cache path C:/Users/Bang_Minsu/AppData/Local/UnrealEngine/Common/DerivedDataCache: Writable
[2017.08.15-07.09.19:636][  0]LogMaterial: Verifying Global Shaders for PCD3D_SM5
[2017.08.15-07.09.19:638][  0]LogSlate: Using Freetype 2.6.0
[2017.08.15-07.09.19:653][  0]LogSlate: SlateFontCache - WITH_FREETYPE: 1, WITH_HARFBUZZ: 1
[2017.08.15-07.09.19:653][  0]LogSlate: SlateFontCache - WITH_FREETYPE: 1, WITH_HARFBUZZ: 1
[2017.08.15-07.09.20:712][  0]LogAssetRegistry: FAssetRegistry took 0.0068 seconds to start up
[2017.08.15-07.09.20:816][  0]LogPackageLocalizationCache: Processed 5 localized package path(s) for 2 prioritized culture(s) in 0.019254 seconds
[2017.08.15-07.09.21:023][  0]LogInit: Selected Device Profile: [Windows]
[2017.08.15-07.09.21:582][  0]LogContentStreaming: Texture pool size is 1000.00 MB
[2017.08.15-07.09.22:459][  0]LogSimplygon: Simplygon DLL not present - disabling.
[2017.08.15-07.09.22:573][  0]LogMeshReduction: Using SimplygonSwarm for distributed automatic mesh merging
[2017.08.15-07.09.22:574][  0]LogMeshReduction: Using QuadricMeshReduction for automatic static mesh reduction
[2017.08.15-07.09.22:574][  0]LogMeshReduction: No automatic skeletal mesh reduction module available
[2017.08.15-07.09.22:574][  0]LogMeshReduction: No automatic mesh merging module available
[2017.08.15-07.09.22:574][  0]LogMeshMerging: No automatic mesh merging module available
[2017.08.15-07.09.23:770][  0]LogNetVersion: PointShootKill , NetCL: 3573198, EngineNetVer: 2, GameNetVer: 0 (Checksum: 1180208419)
[2017.08.15-07.09.24:601][  0]LogInit: WinSock: version 1.1 (2.2), MaxSocks=32767, MaxUdp=65467
[2017.08.15-07.09.28:408][  0]LogMoviePlayer: Initializing movie player
[2017.08.15-07.09.29:375][  0]LogCollectionManager: Loaded 0 collections in 0.003556 seconds
[2017.08.15-07.09.29:480][  0]LogFileCache: Scanning file cache for directory 'C:/Users/Bang_Minsu/Documents/GitHub/PointShootKill/PointShootKill/Saved/Collections/' took 0.01s
[2017.08.15-07.09.29:480][  0]LogFileCache: Scanning file cache for directory 'C:/Users/Bang_Minsu/Documents/GitHub/PointShootKill/PointShootKill/Content/Developers/BangMinsu/Collections/' took 0.01s
[2017.08.15-07.09.29:480][  0]LogFileCache: Scanning file cache for directory 'C:/Users/Bang_Minsu/Documents/GitHub/PointShootKill/PointShootKill/Content/Collections/' took 0.01s
[2017.08.15-07.09.29:480][  0]LogCollectionManager: Rebuilt the object cache for 0 collections in 0.000001 seconds (found 0 objects)
[2017.08.15-07.09.29:480][  0]LogCollectionManager: Fixed up redirectors for 0 collections in 0.000150 seconds (updated 0 objects)
[2017.08.15-07.09.29:944][  0]LogTcpMessaging: Initializing TcpMessaging bridge
[2017.08.15-07.09.30:035][  0]LogUdpMessaging: Initializing bridge on interface 0.0.0.0:0 to multicast group 230.0.0.1:6666.
[2017.08.15-07.09.31:136][  0]SourceControl: 소스 콘트롤이 꺼졌습니다.
[2017.08.15-07.09.31:136][  0]SourceControl: 소스 콘트롤이 꺼졌습니다.
[2017.08.15-07.09.31:235][  0]SourceControl: 소스 콘트롤이 꺼졌습니다.
[2017.08.15-07.09.31:815][  0]LogAndroidPermission: UAndroidPermissionCallbackProxy::GetInstance
[2017.08.15-07.09.32:399][  0]LogOcInput: OculusInput pre-init called
[2017.08.15-07.09.32:636][  0]LogUObjectArray: 38661 objects as part of root set at end of initial load.
[2017.08.15-07.09.32:636][  0]LogUObjectAllocator: 8461320 out of 0 bytes used by permanent object pool.
[2017.08.15-07.09.32:636][  0]LogUObjectArray: CloseDisregardForGC: 0/0 objects in disregard for GC pool
[2017.08.15-07.09.32:904][  0]LogEngine: Initializing Engine...
[2017.08.15-07.09.32:908][  0]LogHMD: Failed to initialize OpenVR with code 110
[2017.08.15-07.09.33:453][  0]LogStats: UGameplayTagsManager::ConstructGameplayTagTree: Construct from data asset -  0.000 s
[2017.08.15-07.09.33:453][  0]LogStats: UGameplayTagsManager::ConstructGameplayTagTree: GameplayTagTreeChangedEvent.Broadcast -  0.000 s
[2017.08.15-07.09.33:470][  0]LogInit: XAudio2 using '스피커(Conexant HD Audio)' : 2 channels at 48 kHz using 32 bits per sample (channel mask 0x3)
[2017.08.15-07.09.33:511][  0]LogInit: FAudioDevice initialized.
[2017.08.15-07.09.33:543][  0]LogInit: Texture streaming: Enabled
[2017.08.15-07.09.33:622][  0]LogMaterial: Uniform references updated for custom material expression Custom.
[2017.08.15-07.09.34:362][  0]LogSlateStyle: Warning: 'NormalText' 슬레이트 위젯 스타일을 찾을 수 없습니다. 대신 FTextBlockStyle 디폴트를 사용합니다.
[2017.08.15-07.09.34:362][  0]LogSlateStyle: Warning: 'SpinBox' 슬레이트 위젯 스타일을 찾을 수 없습니다. 대신 FSpinBoxStyle 디폴트를 사용합니다.
[2017.08.15-07.09.35:191][  0]LogInit: Display: Game Engine Initialized.
[2017.08.15-07.09.35:191][  0]LogGameplayTags: Display: UGameplayTagsManager::DoneAddingNativeTags. DelegateIsBound: 0
[2017.08.15-07.09.35:582][  0]LogInit: Display: Starting Game.
[2017.08.15-07.09.35:582][  0]LogNet: Browse: /Temp/Autosaves/Game/Maps/UEDPCMainMenu?Name=Player
[2017.08.15-07.09.35:583][  0]LogLoad: LoadMap: /Temp/Autosaves/Game/Maps/UEDPCMainMenu?Name=Player
[2017.08.15-07.09.35:616][  0]LogMemory: Platform Memory Stats for Windows
[2017.08.15-07.09.35:616][  0]LogMemory: Process Physical Memory: 808.97 MB used, 926.88 MB peak
[2017.08.15-07.09.35:616][  0]LogMemory: Process Virtual Memory: 835.19 MB used, 886.25 MB peak
[2017.08.15-07.09.35:616][  0]LogMemory: Physical Memory: 3566.71 MB used,  392.95 MB free, 3959.66 MB total
[2017.08.15-07.09.35:616][  0]LogMemory: Virtual Memory: 1509.14 MB used,  392.95 MB free, 134217728.00 MB total
[2017.08.15-07.09.35:616][  0]LogMemory: 
[2017.08.15-07.09.35:616][  0]Allocator Stats for TBB: (not implemented)
[2017.08.15-07.09.35:928][  0]LogAIModule: Creating AISystem for world MainMenu
[2017.08.15-07.09.36:981][  0]LogLoad: Game class is 'LobbyGM_C'
[2017.08.15-07.09.36:983][  0]LogWorld: Bringing World /Temp/Autosaves/Game/Maps/UEDPCMainMenu.MainMenu up for play (max tick rate 0) at 2017.08.15-16.09.36
[2017.08.15-07.09.36:983][  0]LogWorld: Bringing up level for play took: 0.001035
[2017.08.15-07.09.37:002][  0]LogLoad: Took 1.419302 seconds to LoadMap(/Temp/Autosaves/Game/Maps/UEDPCMainMenu)
[2017.08.15-07.09.37:642][  0]LogRenderer: Reallocating scene render targets to support 1280x720 Format 10 NumSamples 1 (Frame:1).
[2017.08.15-07.09.37:642][  0]LogLoad: (Engine Initialization) Total time: 39.92 seconds
[2017.08.15-07.09.37:642][  0]LogLoad: (Engine Initialization) Total Blueprint compile time: 0.00 seconds
[2017.08.15-07.09.37:642][  0]LogExternalProfiler: No external profilers were discovered.  External profiling features will not be available.
[2017.08.15-07.09.40:177][ 58]LogSlate: Took 0.020279 seconds to synchronously load lazily loaded font '../../../Engine/Content/Slate/Fonts/Roboto-Regular.ttf' (155K)
[2017.08.15-07.09.44:710][189]LogScriptCore: Warning: Script Msg: CreateSession - Invalid or uninitialized OnlineSubsystem
[2017.08.15-07.09.44:711][189]LogScriptCore: Warning: Script Msg: CreateSession - Cannot map local player to unique net ID
[2017.08.15-07.09.45:078][189]LogPackageName: SearchForPackageOnDisk took   0.364s to resolve Lobby.umap.
[2017.08.15-07.09.45:241][189]LogPackageName: SearchForPackageOnDisk took   0.159s to resolve Lobby.umap.
[2017.08.15-07.09.45:241][189]LogNet: Browse: /Game/Maps/Lobby
[2017.08.15-07.09.45:242][189]LogLoad: LoadMap: /Game/Maps/Lobby
[2017.08.15-07.09.45:243][189]LogScriptCore: Warning: Script Msg: DestroySession - Invalid or uninitialized OnlineSubsystem
[2017.08.15-07.09.45:243][189]LogScriptCore: Warning: Script Msg: DestroySession - Invalid player state
[2017.08.15-07.09.45:337][189]LogMemory: Platform Memory Stats for Windows
[2017.08.15-07.09.45:337][189]LogMemory: Process Physical Memory: 1070.79 MB used, 1115.50 MB peak
[2017.08.15-07.09.45:337][189]LogMemory: Process Virtual Memory: 1009.52 MB used, 1058.18 MB peak
[2017.08.15-07.09.45:337][189]LogMemory: Physical Memory: 3657.49 MB used,  302.17 MB free, 3959.66 MB total
[2017.08.15-07.09.45:337][189]LogMemory: Virtual Memory: 1747.75 MB used,  302.17 MB free, 134217728.00 MB total
[2017.08.15-07.09.45:337][189]LogMemory: 
[2017.08.15-07.09.45:337][189]Allocator Stats for TBB: (not implemented)
[2017.08.15-07.09.46:196][189]LogAIModule: Creating AISystem for world Lobby
[2017.08.15-07.09.46:197][189]LogLoad: Game class is 'LobbyGM_C'
[2017.08.15-07.09.46:199][189]LogWorld: Bringing World /Game/Maps/Lobby.Lobby up for play (max tick rate 0) at 2017.08.15-16.09.46
[2017.08.15-07.09.46:200][189]LogWorld: Bringing up level for play took: 0.002225
[2017.08.15-07.09.46:212][189]LogLoad: Took 0.970617 seconds to LoadMap(/Game/Maps/Lobby)
[2017.08.15-07.09.52:245][276]LogPackageName: SearchForPackageOnDisk took   0.372s to resolve Map.umap.
[2017.08.15-07.09.52:264][276]LogGameMode: ProcessServerTravel: /Game/Maps/Map
[2017.08.15-07.09.52:264][276]LogWorld: SeamlessTravel to: /Game/Maps/Map
[2017.08.15-07.09.52:408][276]LogPackageName: SearchForPackageOnDisk took   0.137s to resolve Map.umap.
[2017.08.15-07.09.52:408][276]LogNet: Browse: /Game/Maps/Map
[2017.08.15-07.09.52:413][276]LogWorld: ----SeamlessTravel is cancelled!------
[2017.08.15-07.09.52:413][276]LogLoad: LoadMap: /Game/Maps/Map
[2017.08.15-07.09.52:414][276]LogScriptCore: Warning: Script Msg: DestroySession - Invalid or uninitialized OnlineSubsystem
[2017.08.15-07.09.52:414][276]LogScriptCore: Warning: Script Msg: DestroySession - Invalid player state
[2017.08.15-07.09.52:483][276]LogMemory: Platform Memory Stats for Windows
[2017.08.15-07.09.52:483][276]LogMemory: Process Physical Memory: 1245.75 MB used, 1255.73 MB peak
[2017.08.15-07.09.52:483][276]LogMemory: Process Virtual Memory: 1187.55 MB used, 1204.94 MB peak
[2017.08.15-07.09.52:483][276]LogMemory: Physical Memory: 3629.49 MB used,  330.17 MB free, 3959.66 MB total
[2017.08.15-07.09.52:483][276]LogMemory: Virtual Memory: 1913.03 MB used,  330.17 MB free, 134217728.00 MB total
[2017.08.15-07.09.52:483][276]LogMemory: 
[2017.08.15-07.09.52:483][276]Allocator Stats for TBB: (not implemented)
[2017.08.15-07.09.53:515][276]LogAIModule: Creating AISystem for world Map
[2017.08.15-07.09.53:515][276]LogLoad: Game class is 'GameplayGM_C'
[2017.08.15-07.09.53:532][276]LogWorld: Bringing World /Game/Maps/Map.Map up for play (max tick rate 0) at 2017.08.15-16.09.53
[2017.08.15-07.09.53:532][276]LogWorld: Bringing up level for play took: 0.015996
[2017.08.15-07.09.53:689][276]LogGameMode: FindPlayerStart: PATHS NOT DEFINED or NO PLAYERSTART with positive rating
[2017.08.15-07.09.53:692][276]LogLoad: Took 1.279438 seconds to LoadMap(/Game/Maps/Map)
[2017.08.15-07.10.23:420][471]LogSpawn: Warning: SpawnActor failed because of collision at the spawn location [X=1132.536 Y=674.493 Z=236.082] for [FirstPersonProjectile_C]
[2017.08.15-07.10.28:273][500]LogPackageName: SearchForPackageOnDisk took   0.548s to resolve MainMenu.umap.
[2017.08.15-07.10.28:430][500]LogPackageName: SearchForPackageOnDisk took   0.155s to resolve MainMenu.umap.
[2017.08.15-07.10.28:430][500]LogNet: Browse: /Game/Maps/MainMenu
[2017.08.15-07.10.28:431][500]LogLoad: LoadMap: /Game/Maps/MainMenu
[2017.08.15-07.10.28:432][500]LogScriptCore: Warning: Script Msg: DestroySession - Invalid or uninitialized OnlineSubsystem
[2017.08.15-07.10.28:432][500]LogScriptCore: Warning: Script Msg: DestroySession - Invalid player state
[2017.08.15-07.10.28:558][500]LogMemory: Platform Memory Stats for Windows
[2017.08.15-07.10.28:558][500]LogMemory: Process Physical Memory: 1350.42 MB used, 1425.84 MB peak
[2017.08.15-07.10.28:558][500]LogMemory: Process Virtual Memory: 1309.23 MB used, 1399.88 MB peak
[2017.08.15-07.10.28:558][500]LogMemory: Physical Memory: 3506.55 MB used,  453.11 MB free, 3959.66 MB total
[2017.08.15-07.10.28:558][500]LogMemory: Virtual Memory: 2071.11 MB used,  453.11 MB free, 134217728.00 MB total
[2017.08.15-07.10.28:558][500]LogMemory: 
[2017.08.15-07.10.28:558][500]Allocator Stats for TBB: (not implemented)
[2017.08.15-07.10.28:579][500]LogAIModule: Creating AISystem for world MainMenu
[2017.08.15-07.10.29:111][500]LogLoad: Game class is 'LobbyGM_C'
[2017.08.15-07.10.29:112][500]LogWorld: Bringing World /Game/Maps/MainMenu.MainMenu up for play (max tick rate 0) at 2017.08.15-16.10.29
[2017.08.15-07.10.29:113][500]LogWorld: Bringing up level for play took: 0.000744
[2017.08.15-07.10.29:113][500]LogGameMode: FindPlayerStart: PATHS NOT DEFINED or NO PLAYERSTART with positive rating
[2017.08.15-07.10.29:115][500]LogScriptCore: Warning: Script Msg: Attempted to access index 0 from array 'SpawnPoints' of length 0 in '/Game/Blueprints/Lobby/LobbyGM.LobbyGM_C'!
[2017.08.15-07.10.29:116][500]LogScript: Warning: Accessed None 이 CallFunc_Array_Get_Item 프로퍼티를 읽으려 합니다.
	LobbyGM_C /Game/Maps/MainMenu.MainMenu:PersistentLevel.LobbyGM_C_0
	Function /Game/Blueprints/Lobby/LobbyGM.LobbyGM_C:ExecuteUbergraph_LobbyGM:0DDA
[2017.08.15-07.10.29:116][500]LogScript: Warning: Script call stack:
	Function /Game/Blueprints/Lobby/LobbyGM.LobbyGM_C:K2_PostLogin
	Function /Game/Blueprints/Lobby/LobbyGM.LobbyGM_C:ExecuteUbergraph_LobbyGM
	Function /Game/Blueprints/Lobby/LobbyGM.LobbyGM_C:RespawnPlayers
	Function /Game/Blueprints/Lobby/LobbyGM.LobbyGM_C:ExecuteUbergraph_LobbyGM

[2017.08.15-07.10.29:116][500]LogScriptCore: Warning: Script Msg: Attempted to access index 0 from array 'SpawnPoints' of length 0 in '/Game/Blueprints/Lobby/LobbyGM.LobbyGM_C'!
[2017.08.15-07.10.29:116][500]LogScript: Warning: Accessed None 이 CallFunc_Array_Get_Item 프로퍼티를 읽으려 합니다.
	LobbyGM_C /Game/Maps/MainMenu.MainMenu:PersistentLevel.LobbyGM_C_0
	Function /Game/Blueprints/Lobby/LobbyGM.LobbyGM_C:ExecuteUbergraph_LobbyGM:0F16
[2017.08.15-07.10.29:116][500]LogScript: Warning: Script call stack:
	Function /Game/Blueprints/Lobby/LobbyGM.LobbyGM_C:K2_PostLogin
	Function /Game/Blueprints/Lobby/LobbyGM.LobbyGM_C:ExecuteUbergraph_LobbyGM
	Function /Game/Blueprints/Lobby/LobbyGM.LobbyGM_C:RespawnPlayers
	Function /Game/Blueprints/Lobby/LobbyGM.LobbyGM_C:ExecuteUbergraph_LobbyGM

[2017.08.15-07.10.29:120][500]LogLoad: Took 0.689007 seconds to LoadMap(/Game/Maps/MainMenu)
[2017.08.15-07.10.33:361][593]LogScriptCore: Warning: Script Msg: DestroySession - Invalid or uninitialized OnlineSubsystem
[2017.08.15-07.10.33:361][593]LogScriptCore: Warning: Script Msg: DestroySession - Cannot map local player to unique net ID
[2017.08.15-07.10.34:861][626]LogScriptCore: Warning: Script Msg: DestroySession - Invalid or uninitialized OnlineSubsystem
[2017.08.15-07.10.34:861][626]LogScriptCore: Warning: Script Msg: DestroySession - Cannot map local player to unique net ID
[2017.08.15-07.10.35:043][630]LogScriptCore: Warning: Script Msg: DestroySession - Invalid or uninitialized OnlineSubsystem
[2017.08.15-07.10.35:043][630]LogScriptCore: Warning: Script Msg: DestroySession - Cannot map local player to unique net ID
[2017.08.15-07.10.41:039][763]Closing by request
[2017.08.15-07.10.41:040][763]LogWindows: FPlatformMisc::RequestExit(0)
[2017.08.15-07.10.41:071][764]LogScriptCore: Warning: Script Msg: DestroySession - Invalid or uninitialized OnlineSubsystem
[2017.08.15-07.10.41:071][764]LogScriptCore: Warning: Script Msg: DestroySession - Cannot map local player to unique net ID
[2017.08.15-07.10.42:070][764]LogWindowsTextInputMethodSystem: Display: IME system now activated using TSF (Microsoft 입력기).
[2017.08.15-07.10.42:092][764]LogExit: Preparing to exit.
[2017.08.15-07.10.42:093][764]LogMoviePlayer: Shutting down movie player
[2017.08.15-07.10.43:325][764]LogExit: Game engine shut down
[2017.08.15-07.10.43:548][764]LogExit: Object subsystem successfully closed.
[2017.08.15-07.10.43:591][764]LogD3D11RHI: Shutdown
[2017.08.15-07.10.43:592][764]LogD3D11RHI: CleanupD3DDevice
[2017.08.15-07.10.43:613][764]LogD3D11RHI: ~FD3D11DynamicRHI
[2017.08.15-07.10.43:747][764]LogModuleManager: Shutting down and abandoning module SequenceRecorderSections (304)
[2017.08.15-07.10.43:747][764]LogModuleManager: Shutting down and abandoning module SequenceRecorder (302)
[2017.08.15-07.10.43:748][764]LogModuleManager: Shutting down and abandoning module AutomationController (300)
[2017.08.15-07.10.43:753][764]LogModuleManager: Shutting down and abandoning module AutomationWorker (298)
[2017.08.15-07.10.43:756][764]LogModuleManager: Shutting down and abandoning module AIModule (296)
[2017.08.15-07.10.43:756][764]LogModuleManager: Shutting down and abandoning module GameplayDebugger (295)
[2017.08.15-07.10.43:757][764]LogModuleManager: Shutting down and abandoning module AITestSuite (293)
[2017.08.15-07.10.43:758][764]LogModuleManager: Shutting down and abandoning module WmfMediaFactory (290)
[2017.08.15-07.10.43:758][764]LogModuleManager: Shutting down and abandoning module AvfMediaFactory (288)
[2017.08.15-07.10.43:758][764]LogModuleManager: Shutting down and abandoning module AndroidMediaFactory (286)
[2017.08.15-07.10.43:758][764]LogModuleManager: Shutting down and abandoning module Media (285)
[2017.08.15-07.10.43:758][764]LogModuleManager: Shutting down and abandoning module CharacterAI (282)
[2017.08.15-07.10.43:758][764]LogModuleManager: Shutting down and abandoning module SessionServices (280)
[2017.08.15-07.10.43:758][764]LogModuleManager: Shutting down and abandoning module MovieSceneCapture (278)
[2017.08.15-07.10.43:758][764]LogModuleManager: Shutting down and abandoning module MovieSceneTracks (276)
[2017.08.15-07.10.43:758][764]LogModuleManager: Shutting down and abandoning module MovieScene (274)
[2017.08.15-07.10.43:758][764]LogModuleManager: Shutting down and abandoning module GeometryCache (272)
[2017.08.15-07.10.43:758][764]LogModuleManager: Shutting down and abandoning module GeometryCacheEd (271)
[2017.08.15-07.10.43:758][764]LogModuleManager: Shutting down and abandoning module Niagara (268)
[2017.08.15-07.10.43:758][764]LogModuleManager: Shutting down and abandoning module NiagaraEditor (267)
[2017.08.15-07.10.43:761][764]LogModuleManager: Shutting down and abandoning module StreamingPauseRendering (264)
[2017.08.15-07.10.43:761][764]LogModuleManager: Shutting down and abandoning module PortalServices (262)
[2017.08.15-07.10.43:761][764]LogModuleManager: Shutting down and abandoning module PortalRpc (260)
[2017.08.15-07.10.43:761][764]LogModuleManager: Shutting down and abandoning module MessagingRpc (258)
[2017.08.15-07.10.43:761][764]LogModuleManager: Shutting down and abandoning module ProfilerService (256)
[2017.08.15-07.10.43:807][764]LogModuleManager: Shutting down and abandoning module TaskGraph (254)
[2017.08.15-07.10.43:812][764]LogModuleManager: Shutting down and abandoning module SteamVRController (252)
[2017.08.15-07.10.43:812][764]LogModuleManager: Shutting down and abandoning module ProceduralMeshComponent (250)
[2017.08.15-07.10.43:812][764]LogModuleManager: Shutting down and abandoning module OculusInput (248)
[2017.08.15-07.10.43:812][764]LogModuleManager: Shutting down and abandoning module MobilePatchingUtils (246)
[2017.08.15-07.10.43:813][764]LogModuleManager: Shutting down and abandoning module CustomMeshComponent (244)
[2017.08.15-07.10.43:813][764]LogModuleManager: Shutting down and abandoning module CableComponent (242)
[2017.08.15-07.10.43:813][764]LogModuleManager: Shutting down and abandoning module ArchVisCharacter (240)
[2017.08.15-07.10.43:813][764]LogModuleManager: Shutting down and abandoning module AndroidPermission (238)
[2017.08.15-07.10.43:813][764]LogModuleManager: Shutting down and abandoning module HTML5Networking (234)
[2017.08.15-07.10.43:813][764]LogModuleManager: Shutting down and abandoning module VisualStudioSourceCodeAccess (232)
[2017.08.15-07.10.43:813][764]LogModuleManager: Shutting down and abandoning module DesktopPlatform (231)
[2017.08.15-07.10.43:814][764]LogModuleManager: Shutting down and abandoning module HotReload (229)
[2017.08.15-07.10.43:815][764]LogModuleManager: Shutting down and abandoning module UObjectPlugin (226)
[2017.08.15-07.10.43:815][764]LogModuleManager: Shutting down and abandoning module SubversionSourceControl (224)
[2017.08.15-07.10.43:816][764]LogModuleManager: Shutting down and abandoning module PerforceSourceControl (222)
[2017.08.15-07.10.43:818][764]LogModuleManager: Shutting down and abandoning module SourceControl (221)
[2017.08.15-07.10.43:818][764]LogModuleManager: Shutting down and abandoning module RuntimePhysXCooking (218)
[2017.08.15-07.10.43:818][764]LogModuleManager: Shutting down and abandoning module PhysXVehiclesEditor (216)
[2017.08.15-07.10.43:818][764]LogModuleManager: Shutting down and abandoning module PhysXVehicles (214)
[2017.08.15-07.10.43:818][764]LogModuleManager: Shutting down and abandoning module LocationServicesBPLibrary (212)
[2017.08.15-07.10.43:818][764]LogModuleManager: Shutting down and abandoning module ImmediatePhysicsEditor (210)
[2017.08.15-07.10.43:818][764]LogModuleManager: Shutting down and abandoning module ImmediatePhysics (208)
[2017.08.15-07.10.43:818][764]LogModuleManager: Shutting down and abandoning module UdpMessaging (206)
[2017.08.15-07.10.43:919][764]LogModuleManager: Shutting down and abandoning module TcpMessaging (204)
[2017.08.15-07.10.44:030][764]LogModuleManager: Shutting down and abandoning module GameplayTagsEditor (202)
[2017.08.15-07.10.44:065][764]LogModuleManager: Shutting down and abandoning module FacialAnimation (200)
[2017.08.15-07.10.44:065][764]LogModuleManager: Shutting down and abandoning module AssetManagerEditor (198)
[2017.08.15-07.10.44:147][764]LogModuleManager: Shutting down and abandoning module GraphEditor (197)
[2017.08.15-07.10.44:148][764]LogModuleManager: Shutting down and abandoning module ContentBrowser (195)
[2017.08.15-07.10.44:148][764]LogModuleManager: Shutting down and abandoning module CollectionManager (194)
[2017.08.15-07.10.44:169][764]LogDirectoryWatcher: A directory notification for 'C:/Users/Bang_Minsu/Documents/GitHub/PointShootKill/PointShootKill/Content/Collections/' was aborted.
[2017.08.15-07.10.44:169][764]LogDirectoryWatcher: A directory notification for 'C:/Users/Bang_Minsu/Documents/GitHub/PointShootKill/PointShootKill/Content/Developers/BangMinsu/Collections/' was aborted.
[2017.08.15-07.10.44:169][764]LogDirectoryWatcher: A directory notification for 'C:/Users/Bang_Minsu/Documents/GitHub/PointShootKill/PointShootKill/Saved/Collections/' was aborted.
[2017.08.15-07.10.44:174][764]LogModuleManager: Shutting down and abandoning module DirectoryWatcher (193)
[2017.08.15-07.10.44:183][764]LogModuleManager: Shutting down and abandoning module LightPropagationVolumeRuntime (188)
[2017.08.15-07.10.44:183][764]LogModuleManager: Shutting down and abandoning module Paper2D (186)
[2017.08.15-07.10.44:185][764]LogModuleManager: Shutting down and abandoning module WindowsMoviePlayer (184)
[2017.08.15-07.10.44:191][764]LogModuleManager: Shutting down and abandoning module WmfMedia (182)
[2017.08.15-07.10.44:193][764]LogModuleManager: Shutting down and abandoning module PacketHandler (180)
[2017.08.15-07.10.44:193][764]LogModuleManager: Shutting down and abandoning module ClothingSystemEditor (178)
[2017.08.15-07.10.44:194][764]LogModuleManager: Shutting down and abandoning module ClothingSystemRuntime (176)
[2017.08.15-07.10.44:196][764]LogModuleManager: Shutting down and abandoning module Overlay (174)
[2017.08.15-07.10.44:196][764]LogModuleManager: Shutting down and abandoning module OverlayEditor (173)
[2017.08.15-07.10.44:196][764]LogModuleManager: Shutting down and abandoning module MediaAssets (170)
[2017.08.15-07.10.44:196][764]LogModuleManager: Shutting down and abandoning module VREditor (168)
[2017.08.15-07.10.44:196][764]LogModuleManager: Shutting down and abandoning module StringTableEditor (166)
[2017.08.15-07.10.44:197][764]LogModuleManager: Shutting down and abandoning module GameplayTasksEditor (164)
[2017.08.15-07.10.44:197][764]LogModuleManager: Shutting down and abandoning module BehaviorTreeEditor (162)
[2017.08.15-07.10.44:200][764]LogModuleManager: Shutting down and abandoning module FunctionalTesting (160)
[2017.08.15-07.10.44:200][764]LogModuleManager: Shutting down and abandoning module CollisionAnalyzer (158)
[2017.08.15-07.10.44:201][764]LogModuleManager: Shutting down and abandoning module WorkspaceMenuStructure (157)
[2017.08.15-07.10.44:201][764]LogModuleManager: Shutting down and abandoning module UMG (154)
[2017.08.15-07.10.44:202][764]LogModuleManager: Shutting down and abandoning module UMGEditor (153)
[2017.08.15-07.10.44:203][764]LogModuleManager: Shutting down and abandoning module Sequencer (152)
[2017.08.15-07.10.44:203][764]LogModuleManager: Shutting down and abandoning module MessageLog (149)
[2017.08.15-07.10.44:203][764]LogModuleManager: Shutting down and abandoning module SlateReflector (144)
[2017.08.15-07.10.44:208][764]LogModuleManager: Shutting down and abandoning module Slate (142)
[2017.08.15-07.10.44:208][764]LogModuleManager: Shutting down and abandoning module EditorStyle (140)
[2017.08.15-07.10.44:213][764]LogModuleManager: Shutting down and abandoning module MRMesh (138)
[2017.08.15-07.10.44:213][764]LogModuleManager: Shutting down and abandoning module Messaging (136)
[2017.08.15-07.10.44:213][764]LogModuleManager: Shutting down and abandoning module SourceCodeAccess (134)
[2017.08.15-07.10.44:213][764]LogModuleManager: Shutting down and abandoning module HeadMountedDisplay (132)
[2017.08.15-07.10.44:213][764]LogModuleManager: Shutting down and abandoning module XAudio2 (130)
[2017.08.15-07.10.44:213][764]LogModuleManager: Shutting down and abandoning module Networking (128)
[2017.08.15-07.10.44:213][764]LogModuleManager: Shutting down and abandoning module Core (124)
[2017.08.15-07.10.44:213][764]LogModuleManager: Shutting down and abandoning module KismetCompiler (122)
[2017.08.15-07.10.44:213][764]LogModuleManager: Shutting down and abandoning module LevelSequence (120)
[2017.08.15-07.10.44:213][764]LogModuleManager: Shutting down and abandoning module MeshUtilities (118)
[2017.08.15-07.10.44:215][764]LogModuleManager: Shutting down and abandoning module MeshMergeUtilities (117)
[2017.08.15-07.10.44:217][764]LogModuleManager: Shutting down and abandoning module MeshReductionInterface (116)
[2017.08.15-07.10.44:218][764]LogModuleManager: Shutting down and abandoning module SimplygonSwarm (115)
[2017.08.15-07.10.44:228][764]LogModuleManager: Shutting down and abandoning module SimplygonMeshReduction (113)
[2017.08.15-07.10.44:229][764]LogModuleManager: Shutting down and abandoning module QuadricMeshReduction (111)
[2017.08.15-07.10.44:232][764]LogModuleManager: Shutting down and abandoning module MaterialBaking (107)
[2017.08.15-07.10.44:242][764]LogModuleManager: Shutting down and abandoning module DerivedDataCache (102)
[2017.08.15-07.10.44:264][764]LogDerivedDataCache: Shutdown
[2017.08.15-07.10.44:264][764]LogModuleManager: Shutting down and abandoning module TargetPlatform (100)
[2017.08.15-07.10.44:264][764]LogModuleManager: Shutting down and abandoning module VulkanShaderFormat (99)
[2017.08.15-07.10.44:265][764]LogModuleManager: Shutting down and abandoning module ShaderFormatVectorVM (97)
[2017.08.15-07.10.44:266][764]LogModuleManager: Shutting down and abandoning module ShaderFormatOpenGL (95)
[2017.08.15-07.10.44:267][764]LogModuleManager: Shutting down and abandoning module ShaderFormatD3D (93)
[2017.08.15-07.10.44:268][764]LogModuleManager: Shutting down and abandoning module MetalShaderFormat (91)
[2017.08.15-07.10.44:282][764]LogModuleManager: Shutting down and abandoning module TextureFormatUncompressed (89)
[2017.08.15-07.10.44:283][764]LogModuleManager: Shutting down and abandoning module TextureFormatPVR (87)
[2017.08.15-07.10.44:283][764]LogModuleManager: Shutting down and abandoning module TextureFormatDXT (85)
[2017.08.15-07.10.44:290][764]LogModuleManager: Shutting down and abandoning module TextureFormatIntelISPCTexComp (83)
[2017.08.15-07.10.44:295][764]LogModuleManager: Shutting down and abandoning module TextureFormatASTC (81)
[2017.08.15-07.10.44:295][764]LogModuleManager: Shutting down and abandoning module ImageWrapper (80)
[2017.08.15-07.10.44:295][764]LogModuleManager: Shutting down and abandoning module TextureFormatAndroid (77)
[2017.08.15-07.10.44:296][764]LogModuleManager: Shutting down and abandoning module AudioFormatOpus (75)
[2017.08.15-07.10.44:296][764]LogModuleManager: Shutting down and abandoning module AudioFormatOgg (73)
[2017.08.15-07.10.44:296][764]LogModuleManager: Shutting down and abandoning module AudioFormatADPCM (71)
[2017.08.15-07.10.44:296][764]LogModuleManager: Shutting down and abandoning module WindowsTargetPlatform (69)
[2017.08.15-07.10.44:296][764]LogModuleManager: Shutting down and abandoning module WindowsServerTargetPlatform (67)
[2017.08.15-07.10.44:296][764]LogModuleManager: Shutting down and abandoning module WindowsNoEditorTargetPlatform (65)
[2017.08.15-07.10.44:296][764]LogModuleManager: Shutting down and abandoning module WindowsClientTargetPlatform (63)
[2017.08.15-07.10.44:296][764]LogModuleManager: Shutting down and abandoning module InputCore (60)
[2017.08.15-07.10.44:296][764]LogModuleManager: Shutting down and abandoning module Settings (58)
[2017.08.15-07.10.44:296][764]LogModuleManager: Shutting down and abandoning module PhysXCooking (56)
[2017.08.15-07.10.44:296][764]LogModuleManager: Shutting down and abandoning module SteamVR (54)
[2017.08.15-07.10.44:296][764]LogModuleManager: Shutting down and abandoning module OculusHMD (52)
[2017.08.15-07.10.44:297][764]LogModuleManager: Shutting down and abandoning module ExampleDeviceProfileSelector (50)
[2017.08.15-07.10.44:297][764]LogModuleManager: Shutting down and abandoning module OnlineBlueprintSupport (48)
[2017.08.15-07.10.44:297][764]LogModuleManager: Shutting down and abandoning module OnlineSubsystem (44)
[2017.08.15-07.10.44:297][764]LogOnline: Display: Unloading online subsystem: NULL
[2017.08.15-07.10.44:299][764]LogModuleManager: Shutting down and abandoning module XMPP (43)
[2017.08.15-07.10.44:301][764]LogModuleManager: Shutting down and abandoning module HTTP (41)
[2017.08.15-07.10.44:314][764]LogModuleManager: Shutting down and abandoning module SSL (40)
[2017.08.15-07.10.44:342][764]LogModuleManager: Shutting down and abandoning module AnimationModifiers (36)
[2017.08.15-07.10.44:344][764]LogModuleManager: Shutting down and abandoning module PropertyEditor (35)
[2017.08.15-07.10.44:344][764]LogModuleManager: Shutting down and abandoning module AudioEditor (32)
[2017.08.15-07.10.44:346][764]LogModuleManager: Shutting down and abandoning module TextureCompressor (30)
[2017.08.15-07.10.44:347][764]LogModuleManager: Shutting down and abandoning module ShaderCore (28)
[2017.08.15-07.10.44:347][764]LogModuleManager: Shutting down and abandoning module Landscape (26)
[2017.08.15-07.10.44:347][764]LogModuleManager: Shutting down and abandoning module SlateRHIRenderer (24)
[2017.08.15-07.10.44:350][764]LogModuleManager: Shutting down and abandoning module OpenGLDrv (22)
[2017.08.15-07.10.44:350][764]LogModuleManager: Shutting down and abandoning module D3D11RHI (20)
[2017.08.15-07.10.44:350][764]LogModuleManager: Shutting down and abandoning module AnimGraphRuntime (18)
[2017.08.15-07.10.44:351][764]LogModuleManager: Shutting down and abandoning module Renderer (16)
[2017.08.15-07.10.44:351][764]LogModuleManager: Shutting down and abandoning module Engine (14)
[2017.08.15-07.10.44:351][764]LogModuleManager: Shutting down and abandoning module CoreUObject (12)
[2017.08.15-07.10.44:351][764]LogModuleManager: Shutting down and abandoning module NetworkFile (10)
[2017.08.15-07.10.44:352][764]LogModuleManager: Shutting down and abandoning module CookedIterativeFile (8)
[2017.08.15-07.10.44:352][764]LogModuleManager: Shutting down and abandoning module StreamingFile (6)
[2017.08.15-07.10.44:352][764]LogModuleManager: Shutting down and abandoning module SandboxFile (4)
[2017.08.15-07.10.44:353][764]LogModuleManager: Shutting down and abandoning module PakFile (2)
[2017.08.15-07.10.44:360][764]LogExit: Exiting.
[2017.08.15-07.10.44:363][764]Log file closed, 08/15/17 16:10:44
