Log file open, 08/20/17 18:26:42
LogWindows: LoadLibraryWithSearchPaths failed for file aqProf.dll. GetLastError=0
LogWindows: LoadLibraryWithSearchPaths failed for file VSPerf140.dll. GetLastError=0
LogWindows: LoadLibraryWithSearchPaths failed for file VtuneApi.dll. GetLastError=0
LogWindows: LoadLibraryWithSearchPaths failed for file VtuneApi32e.dll. GetLastError=0
LogInit: Display: Running engine for game: PointShootKill
LogPlatformFile: Not using cached read wrapper
LogInit: Display: RandInit(524834054) SRandInit(524834054).
LogTaskGraph: Started task graph with 5 named threads and 8 total threads with 3 sets of task threads.
LogStats: Stats thread started at 0.270233
LogD3D11RHI: Aftermath initialized
LogPluginManager: Mounting plugin Paper2D
LogPluginManager: Mounting plugin LightPropagationVolume
LogPluginManager: Mounting plugin CodeLiteSourceCodeAccess
LogPluginManager: Mounting plugin GitSourceControl
LogPluginManager: Mounting plugin KDevelopSourceCodeAccess
LogPluginManager: Mounting plugin NullSourceCodeAccess
LogPluginManager: Mounting plugin PerforceSourceControl
LogPluginManager: Mounting plugin SubversionSourceControl
LogPluginManager: Mounting plugin UObjectPlugin
LogPluginManager: Mounting plugin VisualStudioSourceCodeAccess
LogPluginManager: Mounting plugin XCodeSourceCodeAccess
LogPluginManager: Mounting plugin AssetManagerEditor
LogPluginManager: Mounting plugin AudioCapture
LogPluginManager: Mounting plugin FacialAnimation
LogPluginManager: Mounting plugin GameplayTagsEditor
LogPluginManager: Mounting plugin MobileLauncherProfileWizard
LogPluginManager: Mounting plugin PluginBrowser
LogPluginManager: Mounting plugin SpeedTreeImporter
LogPluginManager: Mounting plugin AlembicImporter
LogPluginManager: Mounting plugin CharacterAI
LogPluginManager: Mounting plugin HTML5Networking
LogPluginManager: Mounting plugin AndroidMedia
LogPluginManager: Mounting plugin AvfMedia
LogPluginManager: Mounting plugin MediaPlayerEditor
LogPluginManager: Mounting plugin WmfMedia
LogPluginManager: Mounting plugin TcpMessaging
LogPluginManager: Mounting plugin UdpMessaging
LogPluginManager: Mounting plugin LevelSequenceEditor
LogPluginManager: Mounting plugin MatineeToLevelSequence
LogPluginManager: Mounting plugin OnlineSubsystemGooglePlay
LogPluginManager: Mounting plugin OnlineSubsystemIOS
LogPluginManager: Mounting plugin OnlineSubsystem
LogPluginManager: Mounting plugin OnlineSubsystemNull
LogPluginManager: Mounting plugin OnlineSubsystemUtils
LogPluginManager: Mounting plugin AndroidDeviceProfileSelector
LogPluginManager: Mounting plugin AndroidMoviePlayer
LogPluginManager: Mounting plugin AndroidPermission
LogPluginManager: Mounting plugin AppleMoviePlayer
LogPluginManager: Mounting plugin ArchVisCharacter
LogPluginManager: Mounting plugin CableComponent
LogPluginManager: Mounting plugin CustomMeshComponent
LogPluginManager: Mounting plugin ExampleDeviceProfileSelector
LogPluginManager: Mounting plugin GoogleCloudMessaging
LogPluginManager: Mounting plugin ImmediatePhysics
LogPluginManager: Mounting plugin IOSDeviceProfileSelector
LogPluginManager: Mounting plugin LinuxDeviceProfileSelector
LogPluginManager: Mounting plugin LocationServicesBPLibrary
LogPluginManager: Mounting plugin MobilePatchingUtils
LogPluginManager: Mounting plugin OculusVR
LogPluginManager: Mounting plugin PhysXVehicles
LogPluginManager: Mounting plugin ProceduralMeshComponent
LogPluginManager: Mounting plugin RuntimePhysXCooking
LogPluginManager: Mounting plugin SteamVR
LogPluginManager: Mounting plugin WindowsMoviePlayer
LogInit: Using libcurl 7.47.1
LogInit:  - built for x86_64-pc-win32
LogInit:  - supports SSL with OpenSSL/1.0.2g
LogInit:  - supports HTTP deflate (compression) using libz 1.2.8
LogInit:  - other features:
LogInit:      CURL_VERSION_SSL
LogInit:      CURL_VERSION_LIBZ
LogInit:      CURL_VERSION_IPV6
LogInit:      CURL_VERSION_ASYNCHDNS
LogInit:      CURL_VERSION_LARGEFILE
LogInit:      CURL_VERSION_IDN
LogInit:  CurlRequestOptions (configurable via config and command line):
LogInit:  - bVerifyPeer = false  - Libcurl will NOT verify peer certificate
LogInit:  - bUseHttpProxy = false  - Libcurl will NOT use HTTP proxy
LogInit:  - bDontReuseConnections = false  - Libcurl will reuse connections
LogInit:  - CertBundlePath = nullptr  - Libcurl will use whatever was configured at build time.
LogModuleManager: Warning: No filename provided for module OnlineSubsystemLAN
LogModuleManager: Warning: ModuleManager: Unable to load module 'OnlineSubsystemLAN' because the file 'C:/Program Files/Epic Games/UE_4.17/Engine/Binaries/Win64/' was not found.
LogInit: WinSock: version 1.1 (2.2), MaxSocks=32767, MaxUdp=65467
LogInit: Build: ++UE4+Release-4.17-CL-3573198
LogInit: Engine Version: 4.17.0-3573198+++UE4+Release-4.17
LogInit: Compatible Engine Version: 4.17.0-3573198+++UE4+Release-4.17
LogInit: Net CL: 3573198
LogDevObjectVersion: Number of dev versions registered: 16
LogDevObjectVersion:   Dev-Blueprints (B0D832E4-1F89-4F0D-ACCF-7EB736FD4AA2): 10
LogDevObjectVersion:   Dev-Build (E1C64328-A22C-4D53-A36C-8E866417BD8C): 0
LogDevObjectVersion:   Dev-Core (375EC13C-06E4-48FB-B500-84F0262A717E): 2
LogDevObjectVersion:   Dev-Editor (E4B068ED-F494-42E9-A231-DA0B2E46BB41): 20
LogDevObjectVersion:   Dev-Framework (CFFC743F-43B0-4480-9391-14DF171D2073): 28
LogDevObjectVersion:   Dev-Mobile (B02B49B5-BB20-44E9-A304-32B752E40360): 0
LogDevObjectVersion:   Dev-Networking (A4E4105C-59A1-49B5-A7C5-40C4547EDFEE): 0
LogDevObjectVersion:   Dev-Online (39C831C9-5AE6-47DC-9A44-9C173E1C8E7C): 0
LogDevObjectVersion:   Dev-Physics (78F01B33-EBEA-4F98-B9B4-84EACCB95AA2): 0
LogDevObjectVersion:   Dev-Platform (6631380F-2D4D-43E0-8009-CF276956A95A): 0
LogDevObjectVersion:   Dev-Rendering (12F88B9F-8875-4AFC-A67C-D90C383ABD29): 19
LogDevObjectVersion:   Dev-Sequencer (7B5AE74C-D270-4C10-A958-57980B212A5A): 4
LogDevObjectVersion:   Dev-VR (D7296918-1DD6-4BDD-9DE2-64A83CC13884): 0
LogDevObjectVersion:   Dev-LoadTimes (C2A15278-BFE7-4AFE-6C17-90FF531DF755): 1
LogDevObjectVersion:   Private-Geometry (6EACA3D4-40EC-4CC1-B786-8BED09428FC5): 1
LogDevObjectVersion:   Dev-AnimPhys (29E575DD-E0A3-4627-9D10-D276232CDCEA): 7
LogInit: Compiled (64-bit): Aug  4 2017 16:30:33
LogInit: Compiled with Visual C++: 19.00.24215.01
LogInit: Build Configuration: Development
LogInit: Branch Name: ++UE4+Release-4.17
LogInit: Command line:  
LogInit: Base directory: C:/Program Files/Epic Games/UE_4.17/Engine/Binaries/Win64/
LogInit: Installed Engine Build: 1
LogInit: Presizing for max 8388607 objects, including 0 objects not considered by GC, pre-allocating 0 bytes for permanent pool.
LogInit: Object subsystem initialized
[2017.08.20-09.26.45:575][  0]LogInit: Selected Device Profile: [Windows]
[2017.08.20-09.26.45:575][  0]LogInit: Applying CVar settings loaded from the selected device profile: [Windows]
[2017.08.20-09.26.45:670][  0]LogInit: Computer: DESKTOP-2LLGGVA
[2017.08.20-09.26.45:670][  0]LogInit: User: BangMinsu
[2017.08.20-09.26.45:670][  0]LogInit: CPU Page size=4096, Cores=2
[2017.08.20-09.26.45:670][  0]LogInit: High frequency timer resolution =2.250003 MHz
[2017.08.20-09.26.45:670][  0]LogMemory: Memory total: Physical=3.9GB (4GB approx)
[2017.08.20-09.26.45:671][  0]LogMemory: Platform Memory Stats for Windows
[2017.08.20-09.26.45:671][  0]LogMemory: Process Physical Memory: 284.80 MB used, 284.80 MB peak
[2017.08.20-09.26.45:671][  0]LogMemory: Process Virtual Memory: 276.05 MB used, 276.05 MB peak
[2017.08.20-09.26.45:671][  0]LogMemory: Physical Memory: 2806.79 MB used,  1152.87 MB free, 3959.66 MB total
[2017.08.20-09.26.45:671][  0]LogMemory: Virtual Memory: 668.31 MB used,  1152.87 MB free, 134217728.00 MB total
[2017.08.20-09.26.46:848][  0]LogInit: Using OS detected language (ko-KR).
[2017.08.20-09.26.46:848][  0]LogInit: Using OS detected locale (ko-KR).
[2017.08.20-09.26.46:960][  0]LogTextLocalizationManager: No specific localization for 'ko-KR' exists, so the 'ko' localization will be used.
[2017.08.20-09.26.51:205][  0]LogD3D11RHI: D3D11 adapters:
[2017.08.20-09.26.51:219][  0]LogD3D11RHI:    0. 'Intel(R) HD Graphics 520' (Feature Level 11_0)
[2017.08.20-09.26.51:219][  0]LogD3D11RHI:       128/0/1979 MB DedicatedVideo/DedicatedSystem/SharedSystem, Outputs:1, VendorId:0x8086
[2017.08.20-09.26.51:223][  0]LogD3D11RHI:    1. 'Microsoft Basic Render Driver' (Feature Level 11_0)
[2017.08.20-09.26.51:223][  0]LogD3D11RHI:       0/0/1979 MB DedicatedVideo/DedicatedSystem/SharedSystem, Outputs:0, VendorId:0x1414
[2017.08.20-09.26.51:223][  0]LogD3D11RHI: Chosen D3D11 Adapter: 0
[2017.08.20-09.26.51:233][  0]LogD3D11RHI: Creating new Direct3DDevice
[2017.08.20-09.26.51:233][  0]LogD3D11RHI:     GPU DeviceId: 0x1916 (for the marketing name, search the web for "GPU Device Id")
[2017.08.20-09.26.51:233][  0]LogWindows: EnumDisplayDevices:
[2017.08.20-09.26.51:233][  0]LogWindows:    0. 'Intel(R) HD Graphics 520' (P:1 D:1)
[2017.08.20-09.26.51:234][  0]LogWindows:    1. 'Intel(R) HD Graphics 520' (P:0 D:0)
[2017.08.20-09.26.51:234][  0]LogWindows:    2. 'Intel(R) HD Graphics 520' (P:0 D:0)
[2017.08.20-09.26.51:234][  0]LogWindows: DebugString: FoundDriverCount:3 
[2017.08.20-09.26.51:234][  0]LogD3D11RHI:     Adapter Name: Intel(R) HD Graphics 520
[2017.08.20-09.26.51:234][  0]LogD3D11RHI:   Driver Version: 21.20.16.4534 (internal:21.20.16.4534, unified:21.20.16.4534)
[2017.08.20-09.26.51:234][  0]LogD3D11RHI:      Driver Date: 10-7-2016
[2017.08.20-09.26.51:234][  0]LogRHI: Texture pool is 782 MB (70% of 1117 MB)
[2017.08.20-09.26.51:244][  0]LogD3D11RHI: Async texture creation enabled
[2017.08.20-09.26.51:300][  0]LogD3D11RHI: GPU Timing Frequency: 12.000000 (Debug: 2 0)
[2017.08.20-09.26.51:314][  0]LogShaderCompilers: Guid format shader working directory is -6 characters bigger than the processId version (//COOLKYS-PC/NetworkShared/PointShootKill/PointShootKill/Intermediate/Shaders/WorkingDirectory/12040/).
[2017.08.20-09.26.51:314][  0]LogShaderCompilers: Cleaned the shader compiler working directory 'C:/Users/Bang_Minsu/AppData/Local/Temp/UnrealShaderWorkingDir/3233887A4D1B832E78F0FE8BD44FFF53/'.
[2017.08.20-09.26.51:315][  0]LogShaderCompilers: Display: Using Local Shader Compiler.
[2017.08.20-09.26.55:213][  0]LogTemp: Display: Loaded TP AllDesktopTargetPlatform
[2017.08.20-09.26.55:424][  0]LogTemp: Display: Loaded TP MacClientTargetPlatform
[2017.08.20-09.26.55:626][  0]LogTemp: Display: Loaded TP MacNoEditorTargetPlatform
[2017.08.20-09.26.55:830][  0]LogTemp: Display: Loaded TP MacServerTargetPlatform
[2017.08.20-09.26.56:042][  0]LogTemp: Display: Loaded TP MacTargetPlatform
[2017.08.20-09.26.56:232][  0]LogTemp: Display: Loaded TP WindowsClientTargetPlatform
[2017.08.20-09.26.56:388][  0]LogTemp: Display: Loaded TP WindowsNoEditorTargetPlatform
[2017.08.20-09.26.56:528][  0]LogTemp: Display: Loaded TP WindowsServerTargetPlatform
[2017.08.20-09.26.56:655][  0]LogTemp: Display: Loaded TP WindowsTargetPlatform
[2017.08.20-09.26.56:805][  0]LogTemp: Display: Loaded TP AndroidTargetPlatform
[2017.08.20-09.26.56:947][  0]LogTemp: Display: Loaded TP Android_ASTCTargetPlatform
[2017.08.20-09.26.57:095][  0]LogTemp: Display: Loaded TP Android_ATCTargetPlatform
[2017.08.20-09.26.57:265][  0]LogTemp: Display: Loaded TP Android_DXTTargetPlatform
[2017.08.20-09.26.57:434][  0]LogTemp: Display: Loaded TP Android_ETC1TargetPlatform
[2017.08.20-09.26.57:597][  0]LogTemp: Display: Loaded TP Android_ETC2TargetPlatform
[2017.08.20-09.26.57:961][  0]LogTemp: Display: Loaded TP Android_MultiTargetPlatform
[2017.08.20-09.26.57:961][  0]LogTemp: Display: Loaded TP Android_PVRTCTargetPlatform
[2017.08.20-09.26.58:125][  0]LogTemp: Display: Loaded TP HTML5TargetPlatform
[2017.08.20-09.26.58:490][  0]LogTemp: Display: Loaded TP IOSTargetPlatform
[2017.08.20-09.26.58:591][  0]LogTemp: Display: Loaded TP TVOSTargetPlatform
[2017.08.20-09.26.58:751][  0]LogTemp: Display: Loaded TP LinuxClientTargetPlatform
[2017.08.20-09.26.58:909][  0]LogTemp: Display: Loaded TP LinuxNoEditorTargetPlatform
[2017.08.20-09.26.59:055][  0]LogTemp: Display: Loaded TP LinuxServerTargetPlatform
[2017.08.20-09.26.59:218][  0]LogTemp: Display: Loaded TP LinuxTargetPlatform
[2017.08.20-09.26.59:218][  0]LogTargetPlatformManager: Display: Building Assets For Windows
[2017.08.20-09.27.01:031][  0]LogDerivedDataCache: Display: Max Cache Size: 512 MB
[2017.08.20-09.27.01:641][  0]LogDerivedDataCache: Loaded boot cache 0.61s 93MB C:/Users/Bang_Minsu/AppData/Local/UnrealEngine/4.17/DerivedDataCache/Boot.ddc.
[2017.08.20-09.27.01:641][  0]LogDerivedDataCache: Display: Loaded Boot cache: C:/Users/Bang_Minsu/AppData/Local/UnrealEngine/4.17/DerivedDataCache/Boot.ddc
[2017.08.20-09.27.01:642][  0]LogDerivedDataCache: FDerivedDataBackendGraph:  Pak pak cache file //COOLKYS-PC/NetworkShared/PointShootKill/PointShootKill/DerivedDataCache/DDC.ddp not found, will not use a pak cache.
[2017.08.20-09.27.01:642][  0]LogDerivedDataCache: Unable to find inner node Pak for hierarchical cache Hierarchy.
[2017.08.20-09.27.01:644][  0]LogDerivedDataCache: FDerivedDataBackendGraph:  CompressedPak pak cache file //COOLKYS-PC/NetworkShared/PointShootKill/PointShootKill/DerivedDataCache/Compressed.ddp not found, will not use a pak cache.
[2017.08.20-09.27.01:644][  0]LogDerivedDataCache: Unable to find inner node CompressedPak for hierarchical cache Hierarchy.
[2017.08.20-09.27.01:687][  0]LogDerivedDataCache: Display: Pak cache opened for reading ../../../Engine/DerivedDataCache/Compressed.ddp.
[2017.08.20-09.27.01:701][  0]LogDerivedDataCache: Using Local data cache path C:/Users/Bang_Minsu/AppData/Local/UnrealEngine/Common/DerivedDataCache: Writable
[2017.08.20-09.27.01:724][  0]LogMaterial: Verifying Global Shaders for PCD3D_SM5
[2017.08.20-09.27.01:733][  0]LogSlate: Using Freetype 2.6.0
[2017.08.20-09.27.01:748][  0]LogSlate: SlateFontCache - WITH_FREETYPE: 1, WITH_HARFBUZZ: 1
[2017.08.20-09.27.01:748][  0]LogSlate: SlateFontCache - WITH_FREETYPE: 1, WITH_HARFBUZZ: 1
[2017.08.20-09.27.03:620][  0]LogAssetRegistry: FAssetRegistry took 0.0393 seconds to start up
[2017.08.20-09.27.04:275][  0]LogInit: Selected Device Profile: [Windows]
[2017.08.20-09.27.04:981][  0]LogContentStreaming: Texture pool size is 0.00 MB
[2017.08.20-09.27.06:025][  0]LogSimplygon: Simplygon DLL not present - disabling.
[2017.08.20-09.27.06:157][  0]LogMeshReduction: Using SimplygonSwarm for distributed automatic mesh merging
[2017.08.20-09.27.06:158][  0]LogMeshReduction: Using QuadricMeshReduction for automatic static mesh reduction
[2017.08.20-09.27.06:158][  0]LogMeshReduction: No automatic skeletal mesh reduction module available
[2017.08.20-09.27.06:158][  0]LogMeshReduction: No automatic mesh merging module available
[2017.08.20-09.27.06:158][  0]LogMeshMerging: No automatic mesh merging module available
[2017.08.20-09.27.07:242][  0]LogNetVersion: PointShootKill , NetCL: 3573198, EngineNetVer: 2, GameNetVer: 0 (Checksum: 1180208419)
[2017.08.20-09.27.08:156][  0]LogPackageLocalizationCache: Processed 5 localized package path(s) for 2 prioritized culture(s) in 0.336084 seconds
[2017.08.20-09.27.08:168][  0]LogUObjectArray: 35825 objects as part of root set at end of initial load.
[2017.08.20-09.27.08:168][  0]LogUObjectAllocator: 7529112 out of 0 bytes used by permanent object pool.
[2017.08.20-09.27.08:168][  0]LogUObjectArray: CloseDisregardForGC: 0/0 objects in disregard for GC pool
[2017.08.20-09.27.19:340][  0]LogTcpMessaging: Initializing TcpMessaging bridge
[2017.08.20-09.27.19:437][  0]LogUdpMessaging: Initializing bridge on interface 0.0.0.0:0 to multicast group 230.0.0.1:6666.
[2017.08.20-09.27.19:455][  0]LogDirectoryWatcher: A directory notification failed for '//COOLKYS-PC/NetworkShared/PointShootKill/PointShootKill/Content/' because it was empty or there was a buffer overflow. Attemping another request...
[2017.08.20-09.27.21:268][  0]LogMaterial: Uniform references updated for custom material expression Custom.
[2017.08.20-09.27.22:409][  0]SourceControl: 소스 콘트롤이 꺼졌습니다.
[2017.08.20-09.27.26:195][  0]LogAndroidPermission: UAndroidPermissionCallbackProxy::GetInstance
[2017.08.20-09.27.26:881][  0]LogOcInput: OculusInput pre-init called
[2017.08.20-09.27.27:608][  0]LogEngine: Initializing Engine...
[2017.08.20-09.27.27:620][  0]LogHMD: Failed to initialize OpenVR with code 110
[2017.08.20-09.27.28:017][  0]LogStats: UGameplayTagsManager::ConstructGameplayTagTree: Construct from data asset -  0.000 s
[2017.08.20-09.27.28:018][  0]LogStats: UGameplayTagsManager::ConstructGameplayTagTree: GameplayTagTreeChangedEvent.Broadcast -  0.000 s
[2017.08.20-09.27.28:513][  0]LogAIModule: Creating AISystem for world Untitled
[2017.08.20-09.27.28:557][  0]LogInit: XAudio2 using '스피커(Conexant HD Audio)' : 2 channels at 48 kHz using 32 bits per sample (channel mask 0x3)
[2017.08.20-09.27.30:201][  0]LogInit: FAudioDevice initialized.
[2017.08.20-09.27.30:329][  0]LogDerivedDataCache: Saved boot cache 0.13s 93MB C:/Users/Bang_Minsu/AppData/Local/UnrealEngine/4.17/DerivedDataCache/Boot.ddc.
[2017.08.20-09.27.30:357][  0]LogInit: Texture streaming: Enabled
[2017.08.20-09.27.30:792][  0]LogEngineSessionManager: EngineSessionManager initialized
[2017.08.20-09.27.31:811][  0]LogInit: Transaction tracking system initialized
[2017.08.20-09.27.32:964][  0]BlueprintLog: New page: 에디터 로드
[2017.08.20-09.27.36:691][  0]LocalizationService: 현지화 서비스가 비활성화되었습니다.
[2017.08.20-09.27.40:149][  0]LogConsoleResponse: Display: 
[2017.08.20-09.27.40:822][  0]LogCook: Display: Max memory allowance for cook 16384mb min free memory 0mb
[2017.08.20-09.27.40:823][  0]LogCook: Display: Mobile HDR setting 1
[2017.08.20-09.27.40:824][  0]LogGameplayTags: Display: UGameplayTagsManager::DoneAddingNativeTags. DelegateIsBound: 0
[2017.08.20-09.27.41:393][  0]LogFileCache: Scanning file cache for directory '//COOLKYS-PC/NetworkShared/PointShootKill/PointShootKill/Content/' took 0.16s
[2017.08.20-09.27.44:570][  0]Cmd: MAP LOAD FILE="//COOLKYS-PC/NetworkShared/PointShootKill/PointShootKill/Content/Maps/MainMenu.umap" TEMPLATE=0 SHOWPROGRESS=1 FEATURELEVEL=3
[2017.08.20-09.27.44:582][  0]LightingResults: New page: 라이팅 빌드
[2017.08.20-09.27.44:785][  0]MapCheck: New page: 맵 체크
[2017.08.20-09.27.44:785][  0]LightingResults: New page: 라이팅 빌드
[2017.08.20-09.27.46:815][  0]LogAudioDerivedData: Display: OGG 압축 오디오 포맷 AR15_Fire 웨이브 빌드중...
[2017.08.20-09.27.46:887][  0]LogMaterial: Missing cached shader map for material Material_001, compiling. 
[2017.08.20-09.27.47:485][  0]LogAnimationCompression: Building Anim DDC data for AnimSequence /Game/Assets/Animations/model_WalkAnim.model_WalkAnim
[2017.08.20-09.27.47:530][  0]LogAnimationCompression: Building Anim DDC data for AnimSequence /Game/Assets/Animations/model_GunAiming.model_GunAiming
[2017.08.20-09.27.47:587][  0]LogAIModule: Creating AISystem for world MainMenu
[2017.08.20-09.27.47:615][  0]LogEditorServer: Finished looking for orphan Actors (0.000 secs)
[2017.08.20-09.27.47:673][  0]Cmd: MAP CHECKDEP NOCLEARLOG
[2017.08.20-09.27.47:851][  0]MapCheck: 맵 체크 완료: 오류 0 회, 경고 0 회, 소요 시간 177.663ms.
[2017.08.20-09.27.47:851][  0]LogFileHelpers: Loading map 'MainMenu' took 3.283
[2017.08.20-09.27.48:665][  0]LogCollectionManager: Loaded 0 collections in 0.018795 seconds
[2017.08.20-09.27.49:179][  0]LogFileCache: Scanning file cache for directory '//COOLKYS-PC/NetworkShared/PointShootKill/PointShootKill/Saved/Collections/' took 0.03s
[2017.08.20-09.27.49:179][  0]LogFileCache: Scanning file cache for directory '//COOLKYS-PC/NetworkShared/PointShootKill/PointShootKill/Content/Developers/BangMinsu/Collections/' took 0.01s
[2017.08.20-09.27.49:179][  0]LogFileCache: Scanning file cache for directory '//COOLKYS-PC/NetworkShared/PointShootKill/PointShootKill/Content/Collections/' took 0.01s
[2017.08.20-09.27.49:179][  0]LogCollectionManager: Rebuilt the GUID cache for 0 collections in 0.000001 seconds
[2017.08.20-09.27.49:208][  0]LogContentBrowser: Native class hierarchy populated in 0.0250 seconds. Added 2386 classes and 500 folders.
[2017.08.20-09.27.49:580][  0]LogContentBrowser: Native class hierarchy updated for 'WidgetCarousel' in 0.0035 seconds. Added 0 classes and 0 folders.
[2017.08.20-09.27.50:457][  0]LogContentBrowser: Native class hierarchy updated for 'AddContentDialog' in 0.0038 seconds. Added 0 classes and 0 folders.
[2017.08.20-09.27.50:681][  0]LogContentBrowser: Native class hierarchy updated for 'SceneOutliner' in 0.0036 seconds. Added 1 classes and 2 folders.
[2017.08.20-09.27.50:903][  0]LogSlate: Took 0.013003 seconds to synchronously load lazily loaded font '../../../Engine/Content/Slate/Fonts/Roboto-Regular.ttf' (155K)
[2017.08.20-09.27.50:950][  0]LogSlate: Took 0.042589 seconds to synchronously load lazily loaded font '../../../Engine/Content/Slate/Fonts/NanumGothic.ttf' (4243K)
[2017.08.20-09.27.50:963][  0]LogSlate: Took 0.009167 seconds to synchronously load lazily loaded font '../../../Engine/Content/Slate/Fonts/Roboto-Bold.ttf' (160K)
[2017.08.20-09.27.51:008][  0]LogSlate: Took 0.018007 seconds to synchronously load lazily loaded font '../../../Engine/Content/Editor/Slate/Fonts/FontAwesome.ttf' (139K)
[2017.08.20-09.27.51:617][  0]LogRenderer: Reallocating scene render targets to support 1208x568 Format 9 NumSamples 1 (Frame:1).
[2017.08.20-09.27.53:275][  0]LogContentBrowser: Native class hierarchy updated for 'HierarchicalLODOutliner' in 0.0047 seconds. Added 1 classes and 2 folders.
[2017.08.20-09.27.53:275][  0]LogLoad: (Engine Initialization) Total time: 74.17 seconds
[2017.08.20-09.27.53:275][  0]LogLoad: (Engine Initialization) Total Blueprint compile time: 0.00 seconds
[2017.08.20-09.27.53:277][  0]LogExternalProfiler: No external profilers were discovered.  External profiling features will not be available.
[2017.08.20-09.27.53:667][  0]LogDirectoryWatcher: A directory notification failed for '//COOLKYS-PC/NetworkShared/PointShootKill/PointShootKill/Content/' because it was empty or there was a buffer overflow. Attemping another request...
[2017.08.20-09.27.53:668][  0]LogDirectoryWatcher: A directory notification failed for '//COOLKYS-PC/NetworkShared/PointShootKill/PointShootKill/Content/', and we were unable to create a new request.
[2017.08.20-09.27.53:668][  0]LogDirectoryWatcher: A directory notification failed for '//COOLKYS-PC/NetworkShared/PointShootKill/PointShootKill/Saved/Collections/' because it was empty or there was a buffer overflow. Attemping another request...
[2017.08.20-09.27.53:668][  0]LogDirectoryWatcher: A directory notification failed for '//COOLKYS-PC/NetworkShared/PointShootKill/PointShootKill/Content/Developers/BangMinsu/Collections/' because it was empty or there was a buffer overflow. Attemping another request...
[2017.08.20-09.27.53:669][  0]LogDirectoryWatcher: A directory notification failed for '//COOLKYS-PC/NetworkShared/PointShootKill/PointShootKill/Content/Collections/' because it was empty or there was a buffer overflow. Attemping another request...
[2017.08.20-09.27.53:679][  0]SourceControl: On branch master
[2017.08.20-09.27.53:679][  0]SourceControl: Your branch is up-to-date with 'origin/master'.
[2017.08.20-09.27.53:679][  0]SourceControl: Changes not staged for commit:
[2017.08.20-09.27.53:679][  0]SourceControl:   (use "git add/rm <file>..." to update what will be committed)
[2017.08.20-09.27.53:679][  0]SourceControl:   (use "git checkout -- <file>..." to discard changes in working directory)
[2017.08.20-09.27.53:679][  0]SourceControl: 	modified:   PointShootKill/Config/DefaultEngine.ini
[2017.08.20-09.27.53:679][  0]SourceControl: 	modified:   PointShootKill/Content/Blueprints/AllLevels/GameInfoInstance.uasset
[2017.08.20-09.27.53:679][  0]SourceControl: 	modified:   PointShootKill/Content/Blueprints/Characters/0_base.uasset
[2017.08.20-09.27.53:679][  0]SourceControl: 	deleted:    PointShootKill/Content/Blueprints/Characters/BlockMan.uasset
[2017.08.20-09.27.53:679][  0]SourceControl: 	modified:   PointShootKill/Content/Blueprints/Lobby/LobbyGM.uasset
[2017.08.20-09.27.53:679][  0]SourceControl: 	modified:   PointShootKill/Content/Maps/Lobby.umap
[2017.08.20-09.27.53:679][  0]SourceControl: 	modified:   PointShootKill/Content/Maps/Lobby_BuiltData.uasset
[2017.08.20-09.27.53:679][  0]SourceControl: 	modified:   PointShootKill/Content/Maps/MainMenu.umap
[2017.08.20-09.27.53:679][  0]SourceControl: 	modified:   PointShootKill/Content/UI/Lobby/CharacterSelect.uasset
[2017.08.20-09.27.53:679][  0]SourceControl: 	modified:   PointShootKill/Intermediate/AssetRegistryCache/311563bb.bin
[2017.08.20-09.27.53:679][  0]SourceControl: 	modified:   PointShootKill/Intermediate/AssetRegistryCache/c90e3f55.bin
[2017.08.20-09.27.53:679][  0]SourceControl: 	modified:   PointShootKill/Intermediate/CachedAssetRegistry.bin
[2017.08.20-09.27.53:679][  0]SourceControl: 	modified:   PointShootKill/Intermediate/Config/CoalescedSourceConfigs/Engine.ini
[2017.08.20-09.27.53:679][  0]SourceControl: 	modified:   PointShootKill/Saved/AutoScreenshot.png
[2017.08.20-09.27.53:679][  0]SourceControl: 	modified:   PointShootKill/Saved/Autosaves/Game/Blueprints/AllLevels/GameInfoInstance_Auto1.uasset
[2017.08.20-09.27.53:679][  0]SourceControl: 	modified:   PointShootKill/Saved/Autosaves/Game/Blueprints/Lobby/LobbyGM_Auto1.uasset
[2017.08.20-09.27.53:679][  0]SourceControl: 	modified:   PointShootKill/Saved/Autosaves/Game/Maps/UEDPCMainMenu.umap
[2017.08.20-09.27.53:679][  0]SourceControl: 	modified:   PointShootKill/Saved/Config/Windows/Editor.ini
[2017.08.20-09.27.53:679][  0]SourceControl: 	modified:   PointShootKill/Saved/Config/Windows/EditorPerProjectUserSettings.ini
[2017.08.20-09.27.53:679][  0]SourceControl: 	modified:   PointShootKill/Saved/Config/Windows/Engine.ini
[2017.08.20-09.27.53:679][  0]SourceControl: 	modified:   PointShootKill/Saved/Config/Windows/Input.ini
[2017.08.20-09.27.53:679][  0]SourceControl: 	deleted:    PointShootKill/Saved/Logs/PointShootKill-backup-2017.08.19-23.51.25.log
[2017.08.20-09.27.53:679][  0]SourceControl: 	deleted:    PointShootKill/Saved/Logs/PointShootKill-backup-2017.08.19-23.52.18.log
[2017.08.20-09.27.53:680][  0]SourceControl: 	deleted:    PointShootKill/Saved/Logs/PointShootKill-backup-2017.08.20-00.07.15.log
[2017.08.20-09.27.53:680][  0]SourceControl: 	deleted:    PointShootKill/Saved/Logs/PointShootKill-backup-2017.08.20-00.23.04.log
[2017.08.20-09.27.53:680][  0]SourceControl: 	deleted:    PointShootKill/Saved/Logs/PointShootKill-backup-2017.08.20-00.28.31.log
[2017.08.20-09.27.53:680][  0]SourceControl: 	deleted:    PointShootKill/Saved/Logs/PointShootKill-backup-2017.08.20-14.11.58.log
[2017.08.20-09.27.53:680][  0]SourceControl: 	modified:   PointShootKill/Saved/Logs/PointShootKill.log
[2017.08.20-09.27.53:680][  0]SourceControl: 	deleted:    PointShootKill/Saved/Logs/PointShootKill_2-backup-2017.08.19-22.55.15.log
[2017.08.20-09.27.53:680][  0]SourceControl: 	deleted:    PointShootKill/Saved/Logs/PointShootKill_2-backup-2017.08.20-00.45.32.log
[2017.08.20-09.27.53:680][  0]SourceControl: 	modified:   PointShootKill/Saved/Logs/PointShootKill_2.log
[2017.08.20-09.27.53:680][  0]SourceControl: 	modified:   PointShootKill/Saved/SaveGames/PlayerSettingsSave.sav
[2017.08.20-09.27.53:680][  0]SourceControl: Untracked files:
[2017.08.20-09.27.53:680][  0]SourceControl:   (use "git add <file>..." to include in what will be committed)
[2017.08.20-09.27.53:680][  0]SourceControl: 	PointShootKill/Content/Assets/Animations/
[2017.08.20-09.27.53:680][  0]SourceControl: 	PointShootKill/Content/Assets/Characters/
[2017.08.20-09.27.53:680][  0]SourceControl: 	PointShootKill/Content/Assets/Sounds/
[2017.08.20-09.27.53:680][  0]SourceControl: 	PointShootKill/Content/Blueprints/Characters/BulletBP.uasset
[2017.08.20-09.27.53:680][  0]SourceControl: 	PointShootKill/Content/Blueprints/Characters/Green-AKM.uasset
[2017.08.20-09.27.53:680][  0]SourceControl: 	PointShootKill/Content/Blueprints/Characters/Green-AR15.uasset
[2017.08.20-09.27.53:680][  0]SourceControl: 	PointShootKill/Content/Blueprints/Characters/Green-M4A4.uasset
[2017.08.20-09.27.53:680][  0]SourceControl: 	PointShootKill/Content/Blueprints/Characters/Orange-AKM.uasset
[2017.08.20-09.27.53:680][  0]SourceControl: 	PointShootKill/Content/Blueprints/Characters/Orange-AR15.uasset
[2017.08.20-09.27.53:680][  0]SourceControl: 	PointShootKill/Content/Blueprints/Characters/Orange-M4A4.uasset
[2017.08.20-09.27.53:680][  0]SourceControl: 	PointShootKill/Saved/Backup/GameInfoInstance_2017-08-20-16-54-38.uasset
[2017.08.20-09.27.53:680][  0]SourceControl: 	PointShootKill/Saved/Backup/GameInfoInstance_2017-08-20-17-03-42.uasset
[2017.08.20-09.27.53:680][  0]SourceControl: 	PointShootKill/Saved/Backup/GameInfoInstance_2017-08-20-17-40-35.uasset
[2017.08.20-09.27.53:680][  0]SourceControl: 	PointShootKill/Saved/Backup/GameInfoInstance_2017-08-20-17-48-05.uasset
[2017.08.20-09.27.53:680][  0]SourceControl: 	PointShootKill/Saved/Backup/GameInfoInstance_2017-08-20-18-03-32.uasset
[2017.08.20-09.27.53:680][  0]SourceControl: 	PointShootKill/Saved/Backup/GameInfoInstance_2017-08-20-18-15-17.uasset
[2017.08.20-09.27.53:680][  0]SourceControl: 	PointShootKill/Saved/Backup/LobbyGM_2017-08-20-17-47-11.uasset
[2017.08.20-09.27.53:680][  0]SourceControl: 	PointShootKill/Saved/Backup/Lobby_2017-08-20-17-25-29.umap
[2017.08.20-09.27.53:680][  0]SourceControl: 	PointShootKill/Saved/Backup/Lobby_2017-08-20-17-41-01.umap
[2017.08.20-09.27.53:680][  0]SourceControl: 	PointShootKill/Saved/Backup/Lobby_BuiltData_2017-08-20-17-25-29.uasset
[2017.08.20-09.27.53:680][  0]SourceControl: 	PointShootKill/Saved/Backup/MainMenu_2017-08-20-15-50-26.umap
[2017.08.20-09.27.53:680][  0]SourceControl: 	PointShootKill/Saved/Backup/MainMenu_2017-08-20-17-21-35.umap
[2017.08.20-09.27.53:680][  0]SourceControl: 	PointShootKill/Saved/Backup/MainMenu_2017-08-20-17-54-48.umap
[2017.08.20-09.27.53:681][  0]SourceControl: 	PointShootKill/Saved/Backup/MainMenu_2017-08-20-18-08-00.umap
[2017.08.20-09.27.53:681][  0]SourceControl: 	PointShootKill/Saved/Backup/MainMenu_2017-08-20-18-20-28.umap
[2017.08.20-09.27.53:681][  0]SourceControl: 	PointShootKill/Saved/Backup/MainMenu_2017-08-20-18-27-11.umap
[2017.08.20-09.27.53:681][  0]SourceControl: 	PointShootKill/Saved/Config/CrashReportClient/UE4CC-Windows-00AE0A2144F25FEDE8D6E4A84D641777/
[2017.08.20-09.27.53:681][  0]SourceControl: 	PointShootKill/Saved/Config/CrashReportClient/UE4CC-Windows-40AB095443D07D9374B84AA78667D6EC/
[2017.08.20-09.27.53:681][  0]SourceControl: 	PointShootKill/Saved/Config/CrashReportClient/UE4CC-Windows-451BAC54408DC87106C1D3A81EECA25C/
[2017.08.20-09.27.53:681][  0]SourceControl: 	PointShootKill/Saved/Config/CrashReportClient/UE4CC-Windows-615F6ED8486CD6185CD7D4A63C5D1983/
[2017.08.20-09.27.53:681][  0]SourceControl: 	PointShootKill/Saved/Config/CrashReportClient/UE4CC-Windows-A002443E4AA790B0B0FEF78784D5343C/
[2017.08.20-09.27.53:681][  0]SourceControl: 	PointShootKill/Saved/Config/CrashReportClient/UE4CC-Windows-A6515FA94CF26E002B4FB78060841A0D/
[2017.08.20-09.27.53:681][  0]SourceControl: 	PointShootKill/Saved/Config/CrashReportClient/UE4CC-Windows-A8909D1746D52ACF61F280A75C478759/
[2017.08.20-09.27.53:681][  0]SourceControl: 	PointShootKill/Saved/Config/CrashReportClient/UE4CC-Windows-BC9BED204EB3CC66645F3E8CE79E67BD/
[2017.08.20-09.27.53:681][  0]SourceControl: 	PointShootKill/Saved/Config/CrashReportClient/UE4CC-Windows-D7E621EC4439E6FA93D815A061299540/
[2017.08.20-09.27.53:681][  0]SourceControl: 	PointShootKill/Saved/Config/CrashReportClient/UE4CC-Windows-F7CB015546096129B367DEA8630BC7FF/
[2017.08.20-09.27.53:681][  0]SourceControl: 	PointShootKill/Saved/Crashes/UE4CC-Windows-D7E621EC4439E6FA93D815A061299540_0000/
[2017.08.20-09.27.53:681][  0]SourceControl: 	PointShootKill/Saved/Logs/PointShootKill-backup-2017.08.20-18.10.32.log
[2017.08.20-09.27.53:681][  0]SourceControl: 	PointShootKill/Saved/Logs/PointShootKill-backup-2017.08.20-18.14.35.log
[2017.08.20-09.27.53:681][  0]SourceControl: 	PointShootKill/Saved/Logs/PointShootKill-backup-2017.08.20-18.19.59.log
[2017.08.20-09.27.53:681][  0]SourceControl: 	PointShootKill/Saved/Logs/PointShootKill-backup-2017.08.20-18.21.56.log
[2017.08.20-09.27.53:682][  0]SourceControl: 	PointShootKill/Saved/Logs/PointShootKill-backup-2017.08.20-18.26.42.log
[2017.08.20-09.27.53:682][  0]SourceControl: 	PointShootKill/Saved/Logs/PointShootKill_2-backup-2017.08.20-18.26.45.log
[2017.08.20-09.27.53:682][  0]SourceControl: 	PointShootKill/Saved/Logs/PointShootKill_3-backup-2017.08.20-18.27.12.log
[2017.08.20-09.27.53:682][  0]SourceControl: 	PointShootKill/Saved/Logs/PointShootKill_3.log
[2017.08.20-09.27.53:682][  0]SourceControl: no changes added to commit (use "git add" and/or "git commit -a")
[2017.08.20-09.27.53:684][  0]LogContentStreaming: Texture pool size now 400 MB
[2017.08.20-09.27.53:898][  0]LogSlate: Took 0.008679 seconds to synchronously load lazily loaded font '../../../Engine/Content/Slate/Fonts/Roboto-Light.ttf' (159K)
[2017.08.20-09.27.54:648][  3]LogAssetRegistry: Asset discovery search completed in 51.0522 seconds
[2017.08.20-09.27.54:664][  3]LogCollectionManager: Rebuilt the object cache for 0 collections in 0.000001 seconds (found 0 objects)
[2017.08.20-09.27.54:665][  3]LogCollectionManager: Fixed up redirectors for 0 collections in 0.000844 seconds (updated 0 objects)
[2017.08.20-09.27.54:665][  3]LogDirectoryWatcher: A directory notification failed for '//COOLKYS-PC/NetworkShared/PointShootKill/PointShootKill/Saved/Collections/' because it was empty or there was a buffer overflow. Attemping another request...
[2017.08.20-09.27.54:667][  3]LogDirectoryWatcher: A directory notification failed for '//COOLKYS-PC/NetworkShared/PointShootKill/PointShootKill/Saved/Collections/', and we were unable to create a new request.
[2017.08.20-09.27.54:667][  3]LogDirectoryWatcher: A directory notification failed for '//COOLKYS-PC/NetworkShared/PointShootKill/PointShootKill/Content/Developers/BangMinsu/Collections/' because it was empty or there was a buffer overflow. Attemping another request...
[2017.08.20-09.27.54:668][  3]LogDirectoryWatcher: A directory notification failed for '//COOLKYS-PC/NetworkShared/PointShootKill/PointShootKill/Content/Developers/BangMinsu/Collections/', and we were unable to create a new request.
[2017.08.20-09.27.54:668][  3]LogDirectoryWatcher: A directory notification failed for '//COOLKYS-PC/NetworkShared/PointShootKill/PointShootKill/Content/Collections/' because it was empty or there was a buffer overflow. Attemping another request...
[2017.08.20-09.27.54:669][  3]LogDirectoryWatcher: A directory notification failed for '//COOLKYS-PC/NetworkShared/PointShootKill/PointShootKill/Content/Collections/', and we were unable to create a new request.
[2017.08.20-09.27.54:704][  3]LogSlate: Took 0.000381 seconds to synchronously load lazily loaded font '../../../Engine/Content/Slate/Fonts/Roboto-Light.ttf' (159K)
[2017.08.20-09.27.58:309][ 61]LogSlate: Took 0.000486 seconds to synchronously load lazily loaded font '../../../Engine/Content/Slate/Fonts/Roboto-Light.ttf' (159K)
[2017.08.20-09.27.58:346][ 61]Cmd: OBJ SAVEPACKAGE PACKAGE="/Game/Maps/MainMenu" FILE="//COOLKYS-PC/NetworkShared/PointShootKill/PointShootKill/Saved/Autosaves/Game/Maps/UEDPCMainMenu.umap" SILENT=true AUTOSAVING=true KEEPDIRTY=true
[2017.08.20-09.27.58:916][ 61]LogSavePackage: Save=258.74ms
[2017.08.20-09.27.58:916][ 61]LogSavePackage: Moving '//COOLKYS-PC/NetworkShared/PointShootKill/PointShootKill/Saved/UEDPCMainMenu051AD19A4BF403CEC9FE34B8D1ACBEAB.tmp' to '//COOLKYS-PC/NetworkShared/PointShootKill/PointShootKill/Saved/Autosaves/Game/Maps/UEDPCMainMenu.umap'
[2017.08.20-09.27.58:956][ 61]LogSavePackage: Display: Finished SavePackage //COOLKYS-PC/NetworkShared/PointShootKill/PointShootKill/Saved/Autosaves/Game/Maps/UEDPCMainMenu.umap
[2017.08.20-09.27.58:992][ 61]LogEditorTransaction: Undo 여기에서 스폰 플레이 시작
[2017.08.20-09.27.59:011][ 61]SourceControl: Error: fatal: Could not switch to '/COOLKYS-PC/': No such file or directory
[2017.08.20-09.31.45:310][130]LogWindowsTextInputMethodSystem: Display: IME system now activated using TSF (Microsoft 입력기).
[2017.08.20-09.31.45:697][131]Cmd: QUIT_EDITOR
[2017.08.20-09.31.45:800][131]LogExit: Preparing to exit.
[2017.08.20-09.31.47:894][131]LogExit: Editor shut down
[2017.08.20-09.31.47:966][131]LogExit: Transaction tracking system shut down
[2017.08.20-09.31.48:799][131]LogDirectoryWatcher: A directory notification for '../../../Engine/Content/' was aborted.
[2017.08.20-09.31.48:799][131]LogDirectoryWatcher: A directory notification for '../../../Engine/Plugins/2D/Paper2D/Content/' was aborted.
[2017.08.20-09.31.48:800][131]LogDirectoryWatcher: A directory notification for '../../../Engine/Plugins/Runtime/Oculus/OculusVR/Content/' was aborted.
[2017.08.20-09.31.48:800][131]LogDirectoryWatcher: A directory notification for '../../../Engine/Plugins/Runtime/Steam/SteamVR/Content/' was aborted.
[2017.08.20-09.31.49:015][131]LogExit: Object subsystem successfully closed.
[2017.08.20-09.31.49:059][131]LogD3D11RHI: Shutdown
[2017.08.20-09.31.49:059][131]LogD3D11RHI: CleanupD3DDevice
[2017.08.20-09.31.49:137][131]LogD3D11RHI: ~FD3D11DynamicRHI
[2017.08.20-09.31.49:181][131]LogModuleManager: Shutting down and abandoning module HierarchicalLODOutliner (531)
[2017.08.20-09.31.49:181][131]LogModuleManager: Shutting down and abandoning module SceneOutliner (529)
[2017.08.20-09.31.49:181][131]LogModuleManager: Shutting down and abandoning module AddContentDialog (527)
[2017.08.20-09.31.49:182][131]LogDirectoryWatcher: A directory notification for 'C:/Program Files/Epic Games/UE_4.17/FeaturePacks/' was aborted.
[2017.08.20-09.31.49:208][131]LogModuleManager: Shutting down and abandoning module WidgetCarousel (526)
[2017.08.20-09.31.49:209][131]LogModuleManager: Shutting down and abandoning module EditorWidgets (523)
[2017.08.20-09.31.49:209][131]LogModuleManager: Shutting down and abandoning module CollectionManager (521)
[2017.08.20-09.31.49:209][131]LogModuleManager: Shutting down and abandoning module StatsViewer (519)
[2017.08.20-09.31.49:209][131]LogModuleManager: Shutting down and abandoning module FoliageEdit (517)
[2017.08.20-09.31.49:209][131]LogModuleManager: Shutting down and abandoning module LandscapeEditor (515)
[2017.08.20-09.31.49:210][131]LogModuleManager: Shutting down and abandoning module MeshPaintMode (513)
[2017.08.20-09.31.49:210][131]LogModuleManager: Shutting down and abandoning module SceneDepthPickerMode (511)
[2017.08.20-09.31.49:210][131]LogModuleManager: Shutting down and abandoning module ActorPickerMode (509)
[2017.08.20-09.31.49:210][131]LogModuleManager: Shutting down and abandoning module GeometryMode (507)
[2017.08.20-09.31.49:210][131]LogModuleManager: Shutting down and abandoning module TextureAlignMode (505)
[2017.08.20-09.31.49:210][131]LogModuleManager: Shutting down and abandoning module BspMode (503)
[2017.08.20-09.31.49:210][131]LogModuleManager: Shutting down and abandoning module PIEPreviewDeviceProfileSelector (501)
[2017.08.20-09.31.49:210][131]LogModuleManager: Shutting down and abandoning module HardwareSurvey (499)
[2017.08.20-09.31.49:210][131]LogModuleManager: Shutting down and abandoning module SequenceRecorderSections (497)
[2017.08.20-09.31.49:210][131]LogModuleManager: Shutting down and abandoning module AutomationWorker (495)
[2017.08.20-09.31.49:210][131]LogModuleManager: Shutting down and abandoning module MatineeToLevelSequence (493)
[2017.08.20-09.31.49:210][131]LogModuleManager: Shutting down and abandoning module LevelSequenceEditor (491)
[2017.08.20-09.31.49:210][131]LogModuleManager: Shutting down and abandoning module PlacementMode (490)
[2017.08.20-09.31.49:210][131]LogModuleManager: Shutting down and abandoning module WmfMediaFactory (487)
[2017.08.20-09.31.49:211][131]LogModuleManager: Shutting down and abandoning module WmfMediaEditor (485)
[2017.08.20-09.31.49:211][131]LogModuleManager: Shutting down and abandoning module AvfMediaFactory (483)
[2017.08.20-09.31.49:211][131]LogModuleManager: Shutting down and abandoning module AvfMediaEditor (481)
[2017.08.20-09.31.49:211][131]LogModuleManager: Shutting down and abandoning module AndroidMediaFactory (479)
[2017.08.20-09.31.49:211][131]LogModuleManager: Shutting down and abandoning module Media (478)
[2017.08.20-09.31.49:211][131]LogModuleManager: Shutting down and abandoning module AndroidMediaEditor (475)
[2017.08.20-09.31.49:211][131]LogModuleManager: Shutting down and abandoning module CharacterAI (473)
[2017.08.20-09.31.49:211][131]LogModuleManager: Shutting down and abandoning module AudioCapture (471)
[2017.08.20-09.31.49:211][131]LogModuleManager: Shutting down and abandoning module SequenceRecorder (470)
[2017.08.20-09.31.49:211][131]LogModuleManager: Shutting down and abandoning module SmartSnapping (467)
[2017.08.20-09.31.49:211][131]LogModuleManager: Shutting down and abandoning module SessionServices (465)
[2017.08.20-09.31.49:211][131]LogModuleManager: Shutting down and abandoning module ViewportSnapping (463)
[2017.08.20-09.31.49:211][131]LogModuleManager: Shutting down and abandoning module ViewportInteraction (461)
[2017.08.20-09.31.49:211][131]LogModuleManager: Shutting down and abandoning module ClothPainter (459)
[2017.08.20-09.31.49:211][131]LogModuleManager: Shutting down and abandoning module LogVisualizer (457)
[2017.08.20-09.31.49:212][131]LogModuleManager: Shutting down and abandoning module IntroTutorials (455)
[2017.08.20-09.31.49:212][131]LogModuleManager: Shutting down and abandoning module GameProjectGeneration (454)
[2017.08.20-09.31.49:212][131]LogModuleManager: Shutting down and abandoning module IOSPlatformEditor (451)
[2017.08.20-09.31.49:212][131]LogModuleManager: Shutting down and abandoning module HTML5PlatformEditor (449)
[2017.08.20-09.31.49:212][131]LogModuleManager: Shutting down and abandoning module AndroidPlatformEditor (447)
[2017.08.20-09.31.49:212][131]LogModuleManager: Shutting down and abandoning module AndroidDeviceDetection (446)
[2017.08.20-09.31.49:806][131]LogModuleManager: Shutting down and abandoning module WindowsPlatformEditor (443)
[2017.08.20-09.31.49:807][131]LogModuleManager: Shutting down and abandoning module IOSRuntimeSettings (441)
[2017.08.20-09.31.49:807][131]LogModuleManager: Shutting down and abandoning module AndroidRuntimeSettings (439)
[2017.08.20-09.31.49:807][131]LogModuleManager: Shutting down and abandoning module InputBindingEditor (437)
[2017.08.20-09.31.49:807][131]LogModuleManager: Shutting down and abandoning module MergeActors (435)
[2017.08.20-09.31.49:807][131]LogModuleManager: Shutting down and abandoning module SizeMap (433)
[2017.08.20-09.31.49:807][131]LogModuleManager: Shutting down and abandoning module TreeMap (431)
[2017.08.20-09.31.49:807][131]LogModuleManager: Shutting down and abandoning module ReferenceViewer (429)
[2017.08.20-09.31.49:807][131]LogModuleManager: Shutting down and abandoning module LocalizationDashboard (427)
[2017.08.20-09.31.49:807][131]LogModuleManager: Shutting down and abandoning module LocalizationService (426)
[2017.08.20-09.31.49:807][131]LogModuleManager: Shutting down and abandoning module HardwareTargeting (423)
[2017.08.20-09.31.49:807][131]LogModuleManager: Shutting down and abandoning module DeviceProfileEditor (421)
[2017.08.20-09.31.49:807][131]LogModuleManager: Shutting down and abandoning module UndoHistory (419)
[2017.08.20-09.31.49:807][131]LogModuleManager: Shutting down and abandoning module XmlParser (417)
[2017.08.20-09.31.49:807][131]LogModuleManager: Shutting down and abandoning module Blutility (415)
[2017.08.20-09.31.49:807][131]LogModuleManager: Shutting down and abandoning module ProjectSettingsViewer (413)
[2017.08.20-09.31.49:808][131]LogModuleManager: Shutting down and abandoning module ProjectTargetPlatformEditor (412)
[2017.08.20-09.31.49:808][131]LogModuleManager: Shutting down and abandoning module EditorSettingsViewer (409)
[2017.08.20-09.31.49:808][131]LogModuleManager: Shutting down and abandoning module SettingsEditor (407)
[2017.08.20-09.31.49:808][131]LogModuleManager: Shutting down and abandoning module ProjectLauncher (405)
[2017.08.20-09.31.49:808][131]LogModuleManager: Shutting down and abandoning module SessionFrontend (403)
[2017.08.20-09.31.49:809][131]LogModuleManager: Shutting down and abandoning module ProfilerClient (401)
[2017.08.20-09.31.49:809][131]LogModuleManager: Shutting down and abandoning module DeviceManager (399)
[2017.08.20-09.31.49:809][131]LogModuleManager: Shutting down and abandoning module TargetDeviceServices (398)
[2017.08.20-09.31.49:875][131]LogModuleManager: Shutting down and abandoning module AutomationController (395)
[2017.08.20-09.31.49:875][131]LogModuleManager: Shutting down and abandoning module AutomationWindow (393)
[2017.08.20-09.31.49:875][131]LogModuleManager: Shutting down and abandoning module Layers (391)
[2017.08.20-09.31.49:875][131]LogModuleManager: Shutting down and abandoning module ComponentVisualizers (389)
[2017.08.20-09.31.49:875][131]LogModuleManager: Shutting down and abandoning module DetailCustomizations (387)
[2017.08.20-09.31.49:875][131]LogModuleManager: Shutting down and abandoning module PackagesDialog (385)
[2017.08.20-09.31.49:875][131]LogModuleManager: Shutting down and abandoning module Persona (383)
[2017.08.20-09.31.49:875][131]LogModuleManager: Shutting down and abandoning module AdvancedPreviewScene (382)
[2017.08.20-09.31.49:875][131]LogModuleManager: Shutting down and abandoning module AnimGraph (380)
[2017.08.20-09.31.49:875][131]LogModuleManager: Shutting down and abandoning module Kismet (377)
[2017.08.20-09.31.49:877][131]LogModuleManager: Shutting down and abandoning module ClassViewer (375)
[2017.08.20-09.31.49:877][131]LogModuleManager: Shutting down and abandoning module Toolbox (373)
[2017.08.20-09.31.49:877][131]LogModuleManager: Shutting down and abandoning module ModuleUI (371)
[2017.08.20-09.31.49:877][131]LogModuleManager: Shutting down and abandoning module MovieSceneTools (369)
[2017.08.20-09.31.49:877][131]LogModuleManager: Shutting down and abandoning module OutputLog (367)
[2017.08.20-09.31.49:877][131]LogModuleManager: Shutting down and abandoning module GammaUI (365)
[2017.08.20-09.31.49:877][131]LogModuleManager: Shutting down and abandoning module Documentation (363)
[2017.08.20-09.31.49:878][131]LogModuleManager: Shutting down and abandoning module MovieSceneTracks (361)
[2017.08.20-09.31.49:878][131]LogModuleManager: Shutting down and abandoning module MovieScene (359)
[2017.08.20-09.31.49:878][131]LogModuleManager: Shutting down and abandoning module Niagara (357)
[2017.08.20-09.31.49:878][131]LogModuleManager: Shutting down and abandoning module NiagaraEditor (356)
[2017.08.20-09.31.49:879][131]LogModuleManager: Shutting down and abandoning module StreamingPauseRendering (353)
[2017.08.20-09.31.49:879][131]LogModuleManager: Shutting down and abandoning module LauncherPlatform (351)
[2017.08.20-09.31.49:879][131]LogModuleManager: Shutting down and abandoning module AnalyticsET (349)
[2017.08.20-09.31.49:879][131]LogModuleManager: Shutting down and abandoning module PortalServices (347)
[2017.08.20-09.31.49:879][131]LogModuleManager: Shutting down and abandoning module PortalRpc (345)
[2017.08.20-09.31.49:879][131]LogModuleManager: Shutting down and abandoning module MessagingRpc (343)
[2017.08.20-09.31.49:879][131]LogModuleManager: Shutting down and abandoning module AIModule (341)
[2017.08.20-09.31.49:879][131]LogModuleManager: Shutting down and abandoning module GameplayDebugger (340)
[2017.08.20-09.31.49:879][131]LogModuleManager: Shutting down and abandoning module AITestSuite (338)
[2017.08.20-09.31.49:880][131]LogModuleManager: Shutting down and abandoning module ProfilerService (335)
[2017.08.20-09.31.49:974][131]LogModuleManager: Shutting down and abandoning module TaskGraph (333)
[2017.08.20-09.31.49:974][131]LogModuleManager: Shutting down and abandoning module SteamVRController (331)
[2017.08.20-09.31.49:974][131]LogModuleManager: Shutting down and abandoning module ProceduralMeshComponentEditor (329)
[2017.08.20-09.31.49:974][131]LogModuleManager: Shutting down and abandoning module ProceduralMeshComponent (327)
[2017.08.20-09.31.49:974][131]LogModuleManager: Shutting down and abandoning module OculusInput (325)
[2017.08.20-09.31.49:974][131]LogModuleManager: Shutting down and abandoning module MobilePatchingUtils (323)
[2017.08.20-09.31.49:974][131]LogModuleManager: Shutting down and abandoning module CustomMeshComponent (321)
[2017.08.20-09.31.49:974][131]LogModuleManager: Shutting down and abandoning module CableComponent (319)
[2017.08.20-09.31.49:974][131]LogModuleManager: Shutting down and abandoning module ArchVisCharacter (317)
[2017.08.20-09.31.49:974][131]LogModuleManager: Shutting down and abandoning module AndroidPermission (315)
[2017.08.20-09.31.49:974][131]LogModuleManager: Shutting down and abandoning module MediaPlayerEditor (313)
[2017.08.20-09.31.49:974][131]LogModuleManager: Shutting down and abandoning module HTML5Networking (311)
[2017.08.20-09.31.49:974][131]LogModuleManager: Shutting down and abandoning module AlembicImporter (309)
[2017.08.20-09.31.49:974][131]LogModuleManager: Shutting down and abandoning module AlembicLibrary (308)
[2017.08.20-09.31.49:974][131]LogModuleManager: Shutting down and abandoning module GeometryCache (307)
[2017.08.20-09.31.49:974][131]LogModuleManager: Shutting down and abandoning module GeometryCacheEd (306)
[2017.08.20-09.31.49:974][131]LogModuleManager: Shutting down and abandoning module SpeedTreeImporter (301)
[2017.08.20-09.31.49:974][131]LogModuleManager: Shutting down and abandoning module PluginBrowser (299)
[2017.08.20-09.31.49:974][131]LogModuleManager: Shutting down and abandoning module MobileLauncherProfileWizard (297)
[2017.08.20-09.31.49:974][131]LogModuleManager: Shutting down and abandoning module VisualStudioSourceCodeAccess (295)
[2017.08.20-09.31.49:975][131]LogModuleManager: Shutting down and abandoning module DesktopPlatform (294)
[2017.08.20-09.31.49:975][131]LogModuleManager: Shutting down and abandoning module UObjectPlugin (291)
[2017.08.20-09.31.49:975][131]LogModuleManager: Shutting down and abandoning module SubversionSourceControl (289)
[2017.08.20-09.31.49:975][131]LogModuleManager: Shutting down and abandoning module PerforceSourceControl (287)
[2017.08.20-09.31.49:975][131]LogModuleManager: Shutting down and abandoning module GitSourceControl (285)
[2017.08.20-09.31.49:975][131]LogModuleManager: Shutting down and abandoning module SourceControl (284)
[2017.08.20-09.31.49:975][131]LogModuleManager: Shutting down and abandoning module LightPropagationVolumeEditor (281)
[2017.08.20-09.31.49:975][131]LogModuleManager: Shutting down and abandoning module PaperTiledImporter (279)
[2017.08.20-09.31.49:975][131]LogModuleManager: Shutting down and abandoning module PaperSpriteSheetImporter (277)
[2017.08.20-09.31.49:975][131]LogModuleManager: Shutting down and abandoning module Paper2DEditor (275)
[2017.08.20-09.31.49:975][131]LogModuleManager: Shutting down and abandoning module MeshPaint (274)
[2017.08.20-09.31.49:975][131]LogModuleManager: Shutting down and abandoning module LevelEditor (272)
[2017.08.20-09.31.49:979][131]LogModuleManager: Shutting down and abandoning module PixelInspectorModule (271)
[2017.08.20-09.31.49:979][131]LogModuleManager: Shutting down and abandoning module MainFrame (269)
[2017.08.20-09.31.49:979][131]LogModuleManager: Shutting down and abandoning module HotReload (268)
[2017.08.20-09.31.49:981][131]LogModuleManager: Shutting down and abandoning module RuntimePhysXCooking (263)
[2017.08.20-09.31.49:981][131]LogModuleManager: Shutting down and abandoning module PhysXVehiclesEditor (261)
[2017.08.20-09.31.49:981][131]LogModuleManager: Shutting down and abandoning module PhysXVehicles (259)
[2017.08.20-09.31.49:982][131]LogModuleManager: Shutting down and abandoning module OculusEditor (257)
[2017.08.20-09.31.49:982][131]LogModuleManager: Shutting down and abandoning module LocationServicesBPLibrary (255)
[2017.08.20-09.31.49:982][131]LogModuleManager: Shutting down and abandoning module ImmediatePhysicsEditor (253)
[2017.08.20-09.31.49:982][131]LogModuleManager: Shutting down and abandoning module ImmediatePhysics (251)
[2017.08.20-09.31.49:982][131]LogModuleManager: Shutting down and abandoning module UdpMessaging (249)
[2017.08.20-09.31.50:083][131]LogModuleManager: Shutting down and abandoning module TcpMessaging (247)
[2017.08.20-09.31.50:184][131]LogModuleManager: Shutting down and abandoning module GameplayTagsEditor (245)
[2017.08.20-09.31.50:184][131]LogModuleManager: Shutting down and abandoning module FacialAnimationEditor (243)
[2017.08.20-09.31.50:184][131]LogModuleManager: Shutting down and abandoning module FacialAnimation (241)
[2017.08.20-09.31.50:184][131]LogModuleManager: Shutting down and abandoning module AssetManagerEditor (239)
[2017.08.20-09.31.50:185][131]LogModuleManager: Shutting down and abandoning module GraphEditor (238)
[2017.08.20-09.31.50:185][131]LogModuleManager: Shutting down and abandoning module ContentBrowser (236)
[2017.08.20-09.31.50:189][131]LogModuleManager: Shutting down and abandoning module LightPropagationVolumeRuntime (233)
[2017.08.20-09.31.50:189][131]LogModuleManager: Shutting down and abandoning module Paper2D (231)
[2017.08.20-09.31.50:189][131]LogModuleManager: Shutting down and abandoning module WindowsMoviePlayer (229)
[2017.08.20-09.31.50:189][131]LogModuleManager: Shutting down and abandoning module WmfMedia (227)
[2017.08.20-09.31.50:190][131]LogModuleManager: Shutting down and abandoning module PacketHandler (225)
[2017.08.20-09.31.50:191][131]LogModuleManager: Shutting down and abandoning module ClothingSystemEditor (223)
[2017.08.20-09.31.50:191][131]LogModuleManager: Shutting down and abandoning module ClothingSystemRuntime (221)
[2017.08.20-09.31.50:191][131]LogModuleManager: Shutting down and abandoning module Overlay (219)
[2017.08.20-09.31.50:191][131]LogModuleManager: Shutting down and abandoning module OverlayEditor (218)
[2017.08.20-09.31.50:191][131]LogModuleManager: Shutting down and abandoning module MediaAssets (215)
[2017.08.20-09.31.50:191][131]LogModuleManager: Shutting down and abandoning module VREditor (213)
[2017.08.20-09.31.50:191][131]LogModuleManager: Shutting down and abandoning module StringTableEditor (211)
[2017.08.20-09.31.50:191][131]LogModuleManager: Shutting down and abandoning module GameplayTasksEditor (209)
[2017.08.20-09.31.50:191][131]LogModuleManager: Shutting down and abandoning module BehaviorTreeEditor (207)
[2017.08.20-09.31.50:191][131]LogModuleManager: Shutting down and abandoning module FunctionalTesting (205)
[2017.08.20-09.31.50:191][131]LogModuleManager: Shutting down and abandoning module CollisionAnalyzer (203)
[2017.08.20-09.31.50:191][131]LogModuleManager: Shutting down and abandoning module WorkspaceMenuStructure (202)
[2017.08.20-09.31.50:191][131]LogModuleManager: Shutting down and abandoning module UMG (199)
[2017.08.20-09.31.50:192][131]LogModuleManager: Shutting down and abandoning module UMGEditor (198)
[2017.08.20-09.31.50:192][131]LogModuleManager: Shutting down and abandoning module Sequencer (197)
[2017.08.20-09.31.50:192][131]LogModuleManager: Shutting down and abandoning module MessageLog (194)
[2017.08.20-09.31.50:192][131]LogModuleManager: Shutting down and abandoning module SlateReflector (189)
[2017.08.20-09.31.50:192][131]LogModuleManager: Shutting down and abandoning module Slate (187)
[2017.08.20-09.31.50:192][131]LogModuleManager: Shutting down and abandoning module EditorStyle (185)
[2017.08.20-09.31.50:203][131]LogModuleManager: Shutting down and abandoning module MRMesh (183)
[2017.08.20-09.31.50:203][131]LogModuleManager: Shutting down and abandoning module SourceCodeAccess (181)
[2017.08.20-09.31.50:203][131]LogModuleManager: Shutting down and abandoning module HeadMountedDisplay (179)
[2017.08.20-09.31.50:203][131]LogModuleManager: Shutting down and abandoning module XAudio2 (177)
[2017.08.20-09.31.50:203][131]LogModuleManager: Shutting down and abandoning module Networking (175)
[2017.08.20-09.31.50:203][131]LogModuleManager: Shutting down and abandoning module Core (173)
[2017.08.20-09.31.50:203][131]LogModuleManager: Shutting down and abandoning module KismetCompiler (169)
[2017.08.20-09.31.50:203][131]LogModuleManager: Shutting down and abandoning module LevelSequence (167)
[2017.08.20-09.31.50:203][131]LogModuleManager: Shutting down and abandoning module MeshUtilities (165)
[2017.08.20-09.31.50:203][131]LogModuleManager: Shutting down and abandoning module MeshMergeUtilities (164)
[2017.08.20-09.31.50:204][131]LogModuleManager: Shutting down and abandoning module MeshReductionInterface (163)
[2017.08.20-09.31.50:204][131]LogModuleManager: Shutting down and abandoning module SimplygonSwarm (162)
[2017.08.20-09.31.50:204][131]LogModuleManager: Shutting down and abandoning module SimplygonMeshReduction (160)
[2017.08.20-09.31.50:204][131]LogModuleManager: Shutting down and abandoning module QuadricMeshReduction (158)
[2017.08.20-09.31.50:204][131]LogModuleManager: Shutting down and abandoning module MaterialBaking (154)
[2017.08.20-09.31.50:204][131]LogModuleManager: Shutting down and abandoning module DirectoryWatcher (151)
[2017.08.20-09.31.50:209][131]LogModuleManager: Shutting down and abandoning module DerivedDataCache (149)
[2017.08.20-09.31.50:289][131]LogDerivedDataCache: Shutdown
[2017.08.20-09.31.50:289][131]LogModuleManager: Shutting down and abandoning module TargetPlatform (147)
[2017.08.20-09.31.50:291][131]LogModuleManager: Shutting down and abandoning module VulkanShaderFormat (146)
[2017.08.20-09.31.50:291][131]LogModuleManager: Shutting down and abandoning module ShaderFormatVectorVM (144)
[2017.08.20-09.31.50:291][131]LogModuleManager: Shutting down and abandoning module ShaderFormatOpenGL (142)
[2017.08.20-09.31.50:291][131]LogModuleManager: Shutting down and abandoning module ShaderFormatD3D (140)
[2017.08.20-09.31.50:291][131]LogModuleManager: Shutting down and abandoning module MetalShaderFormat (138)
[2017.08.20-09.31.50:291][131]LogModuleManager: Shutting down and abandoning module TextureFormatUncompressed (136)
[2017.08.20-09.31.50:291][131]LogModuleManager: Shutting down and abandoning module TextureFormatPVR (134)
[2017.08.20-09.31.50:291][131]LogModuleManager: Shutting down and abandoning module TextureFormatDXT (132)
[2017.08.20-09.31.50:291][131]LogModuleManager: Shutting down and abandoning module TextureFormatIntelISPCTexComp (130)
[2017.08.20-09.31.50:292][131]LogModuleManager: Shutting down and abandoning module TextureFormatASTC (128)
[2017.08.20-09.31.50:292][131]LogModuleManager: Shutting down and abandoning module ImageWrapper (127)
[2017.08.20-09.31.50:292][131]LogModuleManager: Shutting down and abandoning module TextureFormatAndroid (124)
[2017.08.20-09.31.50:292][131]LogModuleManager: Shutting down and abandoning module AudioFormatOpus (122)
[2017.08.20-09.31.50:292][131]LogModuleManager: Shutting down and abandoning module AudioFormatOgg (120)
[2017.08.20-09.31.50:292][131]LogModuleManager: Shutting down and abandoning module AudioFormatADPCM (118)
[2017.08.20-09.31.50:292][131]LogModuleManager: Shutting down and abandoning module LinuxTargetPlatform (116)
[2017.08.20-09.31.50:292][131]LogModuleManager: Shutting down and abandoning module LinuxServerTargetPlatform (114)
[2017.08.20-09.31.50:293][131]LogModuleManager: Shutting down and abandoning module LinuxNoEditorTargetPlatform (112)
[2017.08.20-09.31.50:293][131]LogModuleManager: Shutting down and abandoning module LinuxClientTargetPlatform (110)
[2017.08.20-09.31.50:294][131]LogModuleManager: Shutting down and abandoning module TVOSTargetPlatform (108)
[2017.08.20-09.31.50:294][131]LogModuleManager: Shutting down and abandoning module Messaging (106)
[2017.08.20-09.31.50:294][131]LogModuleManager: Shutting down and abandoning module IOSTargetPlatform (104)
[2017.08.20-09.31.50:294][131]LogModuleManager: Shutting down and abandoning module HTML5TargetPlatform (102)
[2017.08.20-09.31.50:294][131]LogModuleManager: Shutting down and abandoning module Android_PVRTCTargetPlatform (100)
[2017.08.20-09.31.50:294][131]LogModuleManager: Shutting down and abandoning module Android_MultiTargetPlatform (98)
[2017.08.20-09.31.50:294][131]LogModuleManager: Shutting down and abandoning module Android_ETC2TargetPlatform (96)
[2017.08.20-09.31.50:294][131]LogModuleManager: Shutting down and abandoning module Android_ETC1TargetPlatform (94)
[2017.08.20-09.31.50:294][131]LogModuleManager: Shutting down and abandoning module Android_DXTTargetPlatform (92)
[2017.08.20-09.31.50:294][131]LogModuleManager: Shutting down and abandoning module Android_ATCTargetPlatform (90)
[2017.08.20-09.31.50:295][131]LogModuleManager: Shutting down and abandoning module Android_ASTCTargetPlatform (88)
[2017.08.20-09.31.50:295][131]LogModuleManager: Shutting down and abandoning module AndroidTargetPlatform (86)
[2017.08.20-09.31.50:295][131]LogModuleManager: Shutting down and abandoning module WindowsTargetPlatform (84)
[2017.08.20-09.31.50:295][131]LogModuleManager: Shutting down and abandoning module WindowsServerTargetPlatform (82)
[2017.08.20-09.31.50:295][131]LogModuleManager: Shutting down and abandoning module WindowsNoEditorTargetPlatform (80)
[2017.08.20-09.31.50:295][131]LogModuleManager: Shutting down and abandoning module WindowsClientTargetPlatform (78)
[2017.08.20-09.31.50:295][131]LogModuleManager: Shutting down and abandoning module MacTargetPlatform (76)
[2017.08.20-09.31.50:295][131]LogModuleManager: Shutting down and abandoning module MacServerTargetPlatform (74)
[2017.08.20-09.31.50:295][131]LogModuleManager: Shutting down and abandoning module MacNoEditorTargetPlatform (72)
[2017.08.20-09.31.50:295][131]LogModuleManager: Shutting down and abandoning module MacClientTargetPlatform (70)
[2017.08.20-09.31.50:295][131]LogModuleManager: Shutting down and abandoning module AllDesktopTargetPlatform (68)
[2017.08.20-09.31.50:295][131]LogModuleManager: Shutting down and abandoning module InputCore (65)
[2017.08.20-09.31.50:295][131]LogModuleManager: Shutting down and abandoning module Settings (63)
[2017.08.20-09.31.50:296][131]LogModuleManager: Shutting down and abandoning module PhysXCooking (61)
[2017.08.20-09.31.50:296][131]LogModuleManager: Shutting down and abandoning module SteamVR (59)
[2017.08.20-09.31.50:296][131]LogModuleManager: Shutting down and abandoning module OculusHMD (57)
[2017.08.20-09.31.50:296][131]LogModuleManager: Shutting down and abandoning module ExampleDeviceProfileSelector (55)
[2017.08.20-09.31.50:296][131]LogModuleManager: Shutting down and abandoning module OnlineBlueprintSupport (53)
[2017.08.20-09.31.50:296][131]LogModuleManager: Shutting down and abandoning module OnlineSubsystem (49)
[2017.08.20-09.31.50:296][131]LogOnline: Display: OSS: FOnlineSubsystemNull::Shutdown()
[2017.08.20-09.31.50:296][131]LogOnline: Display: OSS: FOnlineAsyncTaskManager::Stop() ActiveTask:0000000000000000 Tasks[0/0]
[2017.08.20-09.31.50:298][131]LogOnline: Display: OSS: FOnlineAsyncTaskManager::Exit() started
[2017.08.20-09.31.50:298][131]LogOnline: Display: OSS: FOnlineAsyncTaskManager::Exit() finished
[2017.08.20-09.31.50:298][131]LogOnline: Display: Unloading online subsystem: NULL
[2017.08.20-09.31.50:298][131]LogModuleManager: Shutting down and abandoning module XMPP (43)
[2017.08.20-09.31.50:298][131]LogModuleManager: Shutting down and abandoning module HTTP (41)
[2017.08.20-09.31.50:298][131]LogHttp: Display: Http module shutting down, but needs to wait on 1 outstanding Http requests:
[2017.08.20-09.31.50:298][131]LogHttp: Display: 	verb=[POST] url=[https://datarouter.ol.epicgames.com/datarouter/api/v1/public/data?SessionID=%7BCD6FED7D-4BFD-2C8A-C918-E9B6F3CCCDAB%7D&AppID=UEEditor.Rocket.Release&AppVersion=4.17.0-3573198%2B%2B%2BUE4%2BRelease-4.17&UserID=ae10f7894a15a9ef6543bfb6e18019d7%7Cdd0091511e864ba699b7232f77a02f93%7C55bedd59-01d0-47d2-a4a3-37284e003955&AppEnvironment=datacollector-binary&UploadType=eteventstream] status=Processing
[2017.08.20-09.31.50:325][131]LogModuleManager: Shutting down and abandoning module SSL (40)
[2017.08.20-09.31.50:328][131]LogModuleManager: Shutting down and abandoning module AnimationModifiers (36)
[2017.08.20-09.31.50:328][131]LogModuleManager: Shutting down and abandoning module PropertyEditor (35)
[2017.08.20-09.31.50:329][131]LogModuleManager: Shutting down and abandoning module AudioEditor (32)
[2017.08.20-09.31.50:329][131]LogModuleManager: Shutting down and abandoning module TextureCompressor (30)
[2017.08.20-09.31.50:329][131]LogModuleManager: Shutting down and abandoning module ShaderCore (28)
[2017.08.20-09.31.50:329][131]LogModuleManager: Shutting down and abandoning module Landscape (26)
[2017.08.20-09.31.50:329][131]LogModuleManager: Shutting down and abandoning module SlateRHIRenderer (24)
[2017.08.20-09.31.50:395][131]LogModuleManager: Shutting down and abandoning module OpenGLDrv (22)
[2017.08.20-09.31.50:395][131]LogModuleManager: Shutting down and abandoning module D3D11RHI (20)
[2017.08.20-09.31.50:395][131]LogModuleManager: Shutting down and abandoning module AnimGraphRuntime (18)
[2017.08.20-09.31.50:395][131]LogModuleManager: Shutting down and abandoning module Renderer (16)
[2017.08.20-09.31.50:395][131]LogModuleManager: Shutting down and abandoning module Engine (14)
[2017.08.20-09.31.50:395][131]LogModuleManager: Shutting down and abandoning module CoreUObject (12)
[2017.08.20-09.31.50:395][131]LogModuleManager: Shutting down and abandoning module NetworkFile (10)
[2017.08.20-09.31.50:395][131]LogModuleManager: Shutting down and abandoning module CookedIterativeFile (8)
[2017.08.20-09.31.50:395][131]LogModuleManager: Shutting down and abandoning module StreamingFile (6)
[2017.08.20-09.31.50:395][131]LogModuleManager: Shutting down and abandoning module SandboxFile (4)
[2017.08.20-09.31.50:395][131]LogModuleManager: Shutting down and abandoning module PakFile (2)
[2017.08.20-09.31.50:398][131]LogExit: Exiting.
[2017.08.20-09.31.50:460][131]Log file closed, 08/20/17 18:31:50
