Log file open, 08/20/17 18:26:45
LogWindows: LoadLibraryWithSearchPaths failed for file aqProf.dll. GetLastError=0
LogWindows: LoadLibraryWithSearchPaths failed for file VSPerf140.dll. GetLastError=0
LogWindows: LoadLibraryWithSearchPaths failed for file VtuneApi.dll. GetLastError=0
LogWindows: LoadLibraryWithSearchPaths failed for file VtuneApi32e.dll. GetLastError=0
LogInit: Display: Running engine for game: PointShootKill
LogPlatformFile: Not using cached read wrapper
LogInit: Display: RandInit(-1698353813) SRandInit(-1698353813).
LogTaskGraph: Started task graph with 5 named threads and 14 total threads with 3 sets of task threads.
LogStats: Stats thread started at 0.156762
LogD3D11RHI: Aftermath initialized
LogPluginManager: Mounting plugin Paper2D
LogPluginManager: Mounting plugin LightPropagationVolume
LogPluginManager: Mounting plugin CodeLiteSourceCodeAccess
LogPluginManager: Mounting plugin GitSourceControl
LogPluginManager: Mounting plugin KDevelopSourceCodeAccess
LogPluginManager: Mounting plugin NullSourceCodeAccess
LogPluginManager: Mounting plugin PerforceSourceControl
LogPluginManager: Mounting plugin SubversionSourceControl
LogPluginManager: Mounting plugin UObjectPlugin
LogPluginManager: Mounting plugin VisualStudioSourceCodeAccess
LogPluginManager: Mounting plugin XCodeSourceCodeAccess
LogPluginManager: Mounting plugin AssetManagerEditor
LogPluginManager: Mounting plugin AudioCapture
LogPluginManager: Mounting plugin FacialAnimation
LogPluginManager: Mounting plugin GameplayTagsEditor
LogPluginManager: Mounting plugin MobileLauncherProfileWizard
LogPluginManager: Mounting plugin PluginBrowser
LogPluginManager: Mounting plugin SpeedTreeImporter
LogPluginManager: Mounting plugin AlembicImporter
LogPluginManager: Mounting plugin CharacterAI
LogPluginManager: Mounting plugin HTML5Networking
LogPluginManager: Mounting plugin AndroidMedia
LogPluginManager: Mounting plugin AvfMedia
LogPluginManager: Mounting plugin MediaPlayerEditor
LogPluginManager: Mounting plugin WmfMedia
LogPluginManager: Mounting plugin TcpMessaging
LogPluginManager: Mounting plugin UdpMessaging
LogPluginManager: Mounting plugin LevelSequenceEditor
LogPluginManager: Mounting plugin MatineeToLevelSequence
LogPluginManager: Mounting plugin OnlineSubsystemGooglePlay
LogPluginManager: Mounting plugin OnlineSubsystemIOS
LogPluginManager: Mounting plugin OnlineSubsystem
LogPluginManager: Mounting plugin OnlineSubsystemNull
LogPluginManager: Mounting plugin OnlineSubsystemUtils
LogPluginManager: Mounting plugin AndroidDeviceProfileSelector
LogPluginManager: Mounting plugin AndroidMoviePlayer
LogPluginManager: Mounting plugin AndroidPermission
LogPluginManager: Mounting plugin AppleMoviePlayer
LogPluginManager: Mounting plugin ArchVisCharacter
LogPluginManager: Mounting plugin CableComponent
LogPluginManager: Mounting plugin CustomMeshComponent
LogPluginManager: Mounting plugin ExampleDeviceProfileSelector
LogPluginManager: Mounting plugin GoogleCloudMessaging
LogPluginManager: Mounting plugin ImmediatePhysics
LogPluginManager: Mounting plugin IOSDeviceProfileSelector
LogPluginManager: Mounting plugin LinuxDeviceProfileSelector
LogPluginManager: Mounting plugin LocationServicesBPLibrary
LogPluginManager: Mounting plugin MobilePatchingUtils
LogPluginManager: Mounting plugin OculusVR
LogPluginManager: Mounting plugin PhysXVehicles
LogPluginManager: Mounting plugin ProceduralMeshComponent
LogPluginManager: Mounting plugin RuntimePhysXCooking
LogPluginManager: Mounting plugin SteamVR
LogPluginManager: Mounting plugin WindowsMoviePlayer
LogInit: Using libcurl 7.47.1
LogInit:  - built for x86_64-pc-win32
LogInit:  - supports SSL with OpenSSL/1.0.2g
LogInit:  - supports HTTP deflate (compression) using libz 1.2.8
LogInit:  - other features:
LogInit:      CURL_VERSION_SSL
LogInit:      CURL_VERSION_LIBZ
LogInit:      CURL_VERSION_IPV6
LogInit:      CURL_VERSION_ASYNCHDNS
LogInit:      CURL_VERSION_LARGEFILE
LogInit:      CURL_VERSION_IDN
LogInit:  CurlRequestOptions (configurable via config and command line):
LogInit:  - bVerifyPeer = false  - Libcurl will NOT verify peer certificate
LogInit:  - bUseHttpProxy = false  - Libcurl will NOT use HTTP proxy
LogInit:  - bDontReuseConnections = false  - Libcurl will reuse connections
LogInit:  - CertBundlePath = nullptr  - Libcurl will use whatever was configured at build time.
LogModuleManager: Warning: No filename provided for module OnlineSubsystemLAN
LogModuleManager: Warning: ModuleManager: Unable to load module 'OnlineSubsystemLAN' because the file 'C:/Program Files/Epic Games/UE_4.17/Engine/Binaries/Win64/' was not found.
LogInit: WinSock: version 1.1 (2.2), MaxSocks=32767, MaxUdp=65467
LogInit: Build: ++UE4+Release-4.17-CL-3573198
LogInit: Engine Version: 4.17.0-3573198+++UE4+Release-4.17
LogInit: Compatible Engine Version: 4.17.0-3573198+++UE4+Release-4.17
LogInit: Net CL: 3573198
LogDevObjectVersion: Number of dev versions registered: 16
LogDevObjectVersion:   Dev-Blueprints (B0D832E4-1F89-4F0D-ACCF-7EB736FD4AA2): 10
LogDevObjectVersion:   Dev-Build (E1C64328-A22C-4D53-A36C-8E866417BD8C): 0
LogDevObjectVersion:   Dev-Core (375EC13C-06E4-48FB-B500-84F0262A717E): 2
LogDevObjectVersion:   Dev-Editor (E4B068ED-F494-42E9-A231-DA0B2E46BB41): 20
LogDevObjectVersion:   Dev-Framework (CFFC743F-43B0-4480-9391-14DF171D2073): 28
LogDevObjectVersion:   Dev-Mobile (B02B49B5-BB20-44E9-A304-32B752E40360): 0
LogDevObjectVersion:   Dev-Networking (A4E4105C-59A1-49B5-A7C5-40C4547EDFEE): 0
LogDevObjectVersion:   Dev-Online (39C831C9-5AE6-47DC-9A44-9C173E1C8E7C): 0
LogDevObjectVersion:   Dev-Physics (78F01B33-EBEA-4F98-B9B4-84EACCB95AA2): 0
LogDevObjectVersion:   Dev-Platform (6631380F-2D4D-43E0-8009-CF276956A95A): 0
LogDevObjectVersion:   Dev-Rendering (12F88B9F-8875-4AFC-A67C-D90C383ABD29): 19
LogDevObjectVersion:   Dev-Sequencer (7B5AE74C-D270-4C10-A958-57980B212A5A): 4
LogDevObjectVersion:   Dev-VR (D7296918-1DD6-4BDD-9DE2-64A83CC13884): 0
LogDevObjectVersion:   Dev-LoadTimes (C2A15278-BFE7-4AFE-6C17-90FF531DF755): 1
LogDevObjectVersion:   Private-Geometry (6EACA3D4-40EC-4CC1-B786-8BED09428FC5): 1
LogDevObjectVersion:   Dev-AnimPhys (29E575DD-E0A3-4627-9D10-D276232CDCEA): 7
LogInit: Compiled (64-bit): Aug  4 2017 16:30:33
LogInit: Compiled with Visual C++: 19.00.24215.01
LogInit: Build Configuration: Development
LogInit: Branch Name: ++UE4+Release-4.17
LogInit: Command line:  
LogInit: Base directory: C:/Program Files/Epic Games/UE_4.17/Engine/Binaries/Win64/
LogInit: Installed Engine Build: 1
LogInit: Presizing for max 8388607 objects, including 0 objects not considered by GC, pre-allocating 0 bytes for permanent pool.
LogInit: Object subsystem initialized
[2017.08.20-09.26.46:564][  0]LogInit: Selected Device Profile: [Windows]
[2017.08.20-09.26.46:564][  0]LogInit: Applying CVar settings loaded from the selected device profile: [Windows]
[2017.08.20-09.26.46:573][  0]LogInit: Computer: COOLKYS-PC
[2017.08.20-09.26.46:573][  0]LogInit: User: YounsooKim
[2017.08.20-09.26.46:573][  0]LogInit: CPU Page size=4096, Cores=4
[2017.08.20-09.26.46:573][  0]LogInit: High frequency timer resolution =3.914070 MHz
[2017.08.20-09.26.46:573][  0]LogMemory: Memory total: Physical=8.0GB (8GB approx)
[2017.08.20-09.26.46:573][  0]LogMemory: Platform Memory Stats for Windows
[2017.08.20-09.26.46:573][  0]LogMemory: Process Physical Memory: 280.47 MB used, 280.47 MB peak
[2017.08.20-09.26.46:573][  0]LogMemory: Process Virtual Memory: 282.49 MB used, 282.49 MB peak
[2017.08.20-09.26.46:573][  0]LogMemory: Physical Memory: 3345.03 MB used,  4800.40 MB free, 8145.43 MB total
[2017.08.20-09.26.46:573][  0]LogMemory: Virtual Memory: 678.23 MB used,  4800.40 MB free, 134217728.00 MB total
[2017.08.20-09.26.46:702][  0]LogInit: Using OS detected language (en-US).
[2017.08.20-09.26.46:702][  0]LogInit: Using OS detected locale (en-US).
[2017.08.20-09.26.46:705][  0]LogTextLocalizationManager: No specific localization for 'en-US' exists, so the 'en' localization will be used.
[2017.08.20-09.26.47:240][  0]LogD3D11RHI: D3D11 adapters:
[2017.08.20-09.26.47:698][  0]LogD3D11RHI:    0. 'NVIDIA GeForce GTX 750 Ti' (Feature Level 11_0)
[2017.08.20-09.26.47:698][  0]LogD3D11RHI:       2017/0/4072 MB DedicatedVideo/DedicatedSystem/SharedSystem, Outputs:2, VendorId:0x10de
[2017.08.20-09.26.47:699][  0]LogD3D11RHI:    1. 'Microsoft Basic Render Driver' (Feature Level 11_0)
[2017.08.20-09.26.47:699][  0]LogD3D11RHI:       0/0/4072 MB DedicatedVideo/DedicatedSystem/SharedSystem, Outputs:0, VendorId:0x1414
[2017.08.20-09.26.47:699][  0]LogD3D11RHI: Chosen D3D11 Adapter: 0
[2017.08.20-09.26.47:705][  0]LogD3D11RHI: Creating new Direct3DDevice
[2017.08.20-09.26.47:705][  0]LogD3D11RHI:     GPU DeviceId: 0x1380 (for the marketing name, search the web for "GPU Device Id")
[2017.08.20-09.26.47:705][  0]LogWindows: EnumDisplayDevices:
[2017.08.20-09.26.47:705][  0]LogWindows:    0. 'NVIDIA GeForce GTX 750 Ti' (P:1 D:1)
[2017.08.20-09.26.47:705][  0]LogWindows:    1. 'NVIDIA GeForce GTX 750 Ti' (P:0 D:1)
[2017.08.20-09.26.47:705][  0]LogWindows:    2. 'NVIDIA GeForce GTX 750 Ti' (P:0 D:0)
[2017.08.20-09.26.47:706][  0]LogWindows:    3. 'NVIDIA GeForce GTX 750 Ti' (P:0 D:0)
[2017.08.20-09.26.47:706][  0]LogWindows: DebugString: FoundDriverCount:4 
[2017.08.20-09.26.47:706][  0]LogD3D11RHI:     Adapter Name: NVIDIA GeForce GTX 750 Ti
[2017.08.20-09.26.47:706][  0]LogD3D11RHI:   Driver Version: 382.05 (internal:22.21.13.8205, unified:382.05)
[2017.08.20-09.26.47:706][  0]LogD3D11RHI:      Driver Date: 5-1-2017
[2017.08.20-09.26.47:706][  0]LogRHI: Texture pool is 1361 MB (70% of 1945 MB)
[2017.08.20-09.26.48:133][  0]LogD3D11RHI: Async texture creation enabled
[2017.08.20-09.26.48:274][  0]LogD3D11RHI: GPU Timing Frequency: 1000.000000 (Debug: 2 1)
[2017.08.20-09.26.48:323][  0]LogShaderCompilers: Guid format shader working directory is -10 characters bigger than the processId version (../../../../../../NetworkShared/PointShootKill/PointShootKill/Intermediate/Shaders/WorkingDirectory/15348/).
[2017.08.20-09.26.48:323][  0]LogShaderCompilers: Cleaned the shader compiler working directory 'C:/Users/Younsoo Kim/AppData/Local/Temp/UnrealShaderWorkingDir/94213F304245D655AFB4CB856381774F/'.
[2017.08.20-09.26.48:323][  0]LogShaderCompilers: Display: Using Local Shader Compiler.
[2017.08.20-09.26.49:025][  0]LogTemp: Display: Loaded TP AllDesktopTargetPlatform
[2017.08.20-09.26.49:066][  0]LogTemp: Display: Loaded TP MacClientTargetPlatform
[2017.08.20-09.26.49:108][  0]LogTemp: Display: Loaded TP MacNoEditorTargetPlatform
[2017.08.20-09.26.49:149][  0]LogTemp: Display: Loaded TP MacServerTargetPlatform
[2017.08.20-09.26.49:190][  0]LogTemp: Display: Loaded TP MacTargetPlatform
[2017.08.20-09.26.49:231][  0]LogTemp: Display: Loaded TP WindowsClientTargetPlatform
[2017.08.20-09.26.49:271][  0]LogTemp: Display: Loaded TP WindowsNoEditorTargetPlatform
[2017.08.20-09.26.49:311][  0]LogTemp: Display: Loaded TP WindowsServerTargetPlatform
[2017.08.20-09.26.49:347][  0]LogTemp: Display: Loaded TP WindowsTargetPlatform
[2017.08.20-09.26.49:387][  0]LogTemp: Display: Loaded TP AndroidTargetPlatform
[2017.08.20-09.26.49:427][  0]LogTemp: Display: Loaded TP Android_ASTCTargetPlatform
[2017.08.20-09.26.49:467][  0]LogTemp: Display: Loaded TP Android_ATCTargetPlatform
[2017.08.20-09.26.49:511][  0]LogTemp: Display: Loaded TP Android_DXTTargetPlatform
[2017.08.20-09.26.49:551][  0]LogTemp: Display: Loaded TP Android_ETC1TargetPlatform
[2017.08.20-09.26.49:590][  0]LogTemp: Display: Loaded TP Android_ETC2TargetPlatform
[2017.08.20-09.26.49:670][  0]LogTemp: Display: Loaded TP Android_MultiTargetPlatform
[2017.08.20-09.26.49:670][  0]LogTemp: Display: Loaded TP Android_PVRTCTargetPlatform
[2017.08.20-09.26.49:702][  0]LogTemp: Display: Loaded TP HTML5TargetPlatform
[2017.08.20-09.26.49:781][  0]LogTemp: Display: Loaded TP IOSTargetPlatform
[2017.08.20-09.26.49:804][  0]LogTemp: Display: Loaded TP TVOSTargetPlatform
[2017.08.20-09.26.49:844][  0]LogTemp: Display: Loaded TP LinuxClientTargetPlatform
[2017.08.20-09.26.49:883][  0]LogTemp: Display: Loaded TP LinuxNoEditorTargetPlatform
[2017.08.20-09.26.49:923][  0]LogTemp: Display: Loaded TP LinuxServerTargetPlatform
[2017.08.20-09.26.49:963][  0]LogTemp: Display: Loaded TP LinuxTargetPlatform
[2017.08.20-09.26.49:963][  0]LogTargetPlatformManager: Display: Building Assets For Windows
[2017.08.20-09.26.50:345][  0]LogDerivedDataCache: Display: Max Cache Size: 512 MB
[2017.08.20-09.26.50:434][  0]LogDerivedDataCache: Loaded boot cache 0.09s 93MB C:/Users/Younsoo Kim/AppData/Local/UnrealEngine/4.17/DerivedDataCache/Boot.ddc.
[2017.08.20-09.26.50:434][  0]LogDerivedDataCache: Display: Loaded Boot cache: C:/Users/Younsoo Kim/AppData/Local/UnrealEngine/4.17/DerivedDataCache/Boot.ddc
[2017.08.20-09.26.50:434][  0]LogDerivedDataCache: FDerivedDataBackendGraph:  Pak pak cache file ../../../../../../NetworkShared/PointShootKill/PointShootKill/DerivedDataCache/DDC.ddp not found, will not use a pak cache.
[2017.08.20-09.26.50:434][  0]LogDerivedDataCache: Unable to find inner node Pak for hierarchical cache Hierarchy.
[2017.08.20-09.26.50:434][  0]LogDerivedDataCache: FDerivedDataBackendGraph:  CompressedPak pak cache file ../../../../../../NetworkShared/PointShootKill/PointShootKill/DerivedDataCache/Compressed.ddp not found, will not use a pak cache.
[2017.08.20-09.26.50:434][  0]LogDerivedDataCache: Unable to find inner node CompressedPak for hierarchical cache Hierarchy.
[2017.08.20-09.26.50:446][  0]LogDerivedDataCache: Display: Pak cache opened for reading ../../../Engine/DerivedDataCache/Compressed.ddp.
[2017.08.20-09.26.50:458][  0]LogDerivedDataCache: Using Local data cache path C:/Users/Younsoo Kim/AppData/Local/UnrealEngine/Common/DerivedDataCache: Writable
[2017.08.20-09.26.50:465][  0]LogMaterial: Verifying Global Shaders for PCD3D_SM5
[2017.08.20-09.26.50:466][  0]LogSlate: Using Freetype 2.6.0
[2017.08.20-09.26.50:466][  0]LogSlate: SlateFontCache - WITH_FREETYPE: 1, WITH_HARFBUZZ: 1
[2017.08.20-09.26.50:466][  0]LogSlate: SlateFontCache - WITH_FREETYPE: 1, WITH_HARFBUZZ: 1
[2017.08.20-09.26.50:668][  0]LogAssetRegistry: FAssetRegistry took 0.0244 seconds to start up
[2017.08.20-09.26.50:756][  0]LogInit: Selected Device Profile: [Windows]
[2017.08.20-09.26.50:883][  0]LogContentStreaming: Texture pool size is 0.00 MB
[2017.08.20-09.26.51:119][  0]LogSimplygon: Simplygon DLL not present - disabling.
[2017.08.20-09.26.51:151][  0]LogMeshReduction: Using SimplygonSwarm for distributed automatic mesh merging
[2017.08.20-09.26.51:151][  0]LogMeshReduction: Using QuadricMeshReduction for automatic static mesh reduction
[2017.08.20-09.26.51:151][  0]LogMeshReduction: No automatic skeletal mesh reduction module available
[2017.08.20-09.26.51:151][  0]LogMeshReduction: No automatic mesh merging module available
[2017.08.20-09.26.51:151][  0]LogMeshMerging: No automatic mesh merging module available
[2017.08.20-09.26.51:440][  0]LogNetVersion: PointShootKill , NetCL: 3573198, EngineNetVer: 2, GameNetVer: 0 (Checksum: 1180208419)
[2017.08.20-09.26.51:604][  0]LogPackageLocalizationCache: Processed 5 localized package path(s) for 2 prioritized culture(s) in 0.032610 seconds
[2017.08.20-09.26.51:610][  0]LogUObjectArray: 35825 objects as part of root set at end of initial load.
[2017.08.20-09.26.51:610][  0]LogUObjectAllocator: 7529104 out of 0 bytes used by permanent object pool.
[2017.08.20-09.26.51:610][  0]LogUObjectArray: CloseDisregardForGC: 0/0 objects in disregard for GC pool
[2017.08.20-09.26.53:638][  0]LogTcpMessaging: Initializing TcpMessaging bridge
[2017.08.20-09.26.53:671][  0]LogUdpMessaging: Initializing bridge on interface 0.0.0.0:0 to multicast group 230.0.0.1:6666.
[2017.08.20-09.26.54:190][  0]LogMaterial: Uniform references updated for custom material expression Custom.
[2017.08.20-09.26.54:514][  0]SourceControl: Source control is disabled
[2017.08.20-09.26.55:023][  0]LogAndroidPermission: UAndroidPermissionCallbackProxy::GetInstance
[2017.08.20-09.26.55:218][  0]LogOcInput: OculusInput pre-init called
[2017.08.20-09.26.55:425][  0]LogEngine: Initializing Engine...
[2017.08.20-09.26.55:426][  0]LogHMD: Failed to initialize OpenVR with code 110
[2017.08.20-09.26.55:625][  0]LogStats: UGameplayTagsManager::ConstructGameplayTagTree: Construct from data asset -  0.000 s
[2017.08.20-09.26.55:625][  0]LogStats: UGameplayTagsManager::ConstructGameplayTagTree: GameplayTagTreeChangedEvent.Broadcast -  0.000 s
[2017.08.20-09.26.55:735][  0]LogAIModule: Creating AISystem for world Untitled
[2017.08.20-09.26.55:747][  0]LogInit: XAudio2 using 'Speakers (Realtek High Definition Audio)' : 2 channels at 48 kHz using 32 bits per sample (channel mask 0x3)
[2017.08.20-09.26.55:765][  0]LogInit: FAudioDevice initialized.
[2017.08.20-09.26.55:855][  0]LogDerivedDataCache: Saved boot cache 0.09s 93MB C:/Users/Younsoo Kim/AppData/Local/UnrealEngine/4.17/DerivedDataCache/Boot.ddc.
[2017.08.20-09.26.55:873][  0]LogInit: Texture streaming: Enabled
[2017.08.20-09.26.55:965][  0]LogEngineSessionManager: EngineSessionManager initialized
[2017.08.20-09.26.56:140][  0]LogInit: Transaction tracking system initialized
[2017.08.20-09.26.56:388][  0]BlueprintLog: New page: Editor Load
[2017.08.20-09.26.57:100][  0]LocalizationService: Localization service is disabled
[2017.08.20-09.26.57:664][  0]LogConsoleResponse: Display: 
[2017.08.20-09.26.57:810][  0]LogCook: Display: Max memory allowance for cook 16384mb min free memory 0mb
[2017.08.20-09.26.57:810][  0]LogCook: Display: Mobile HDR setting 1
[2017.08.20-09.26.57:810][  0]LogGameplayTags: Display: UGameplayTagsManager::DoneAddingNativeTags. DelegateIsBound: 0
[2017.08.20-09.26.57:930][  0]LogFileCache: Scanning file cache for directory 'C:/NetworkShared/PointShootKill/PointShootKill/Content/' took 0.01s
[2017.08.20-09.26.58:657][  0]Cmd: MAP LOAD FILE="../../../../../../NetworkShared/PointShootKill/PointShootKill/Content/Maps/MainMenu.umap" TEMPLATE=0 SHOWPROGRESS=1 FEATURELEVEL=3
[2017.08.20-09.26.58:657][  0]LightingResults: New page: Lighting Build
[2017.08.20-09.26.58:691][  0]MapCheck: New page: Map Check
[2017.08.20-09.26.58:691][  0]LightingResults: New page: Lighting Build
[2017.08.20-09.26.59:160][  0]LogAIModule: Creating AISystem for world MainMenu
[2017.08.20-09.26.59:161][  0]LogEditorServer: Finished looking for orphan Actors (0.000 secs)
[2017.08.20-09.26.59:171][  0]Cmd: MAP CHECKDEP NOCLEARLOG
[2017.08.20-09.26.59:215][  0]MapCheck: Map check complete: 0 Error(s), 0 Warning(s), took 44.283ms to complete.
[2017.08.20-09.26.59:215][  0]LogFileHelpers: Loading map 'MainMenu' took 0.558
[2017.08.20-09.26.59:284][  0]LogWindowsTextInputMethodSystem: Display: IME system now deactivated.
[2017.08.20-09.26.59:348][  0]LogCollectionManager: Loaded 0 collections in 0.001058 seconds
[2017.08.20-09.26.59:419][  0]LogFileCache: Scanning file cache for directory 'C:/NetworkShared/PointShootKill/PointShootKill/Saved/Collections/' took 0.01s
[2017.08.20-09.26.59:419][  0]LogFileCache: Scanning file cache for directory 'C:/NetworkShared/PointShootKill/PointShootKill/Content/Developers/YounsooKim/Collections/' took 0.01s
[2017.08.20-09.26.59:419][  0]LogFileCache: Scanning file cache for directory 'C:/NetworkShared/PointShootKill/PointShootKill/Content/Collections/' took 0.01s
[2017.08.20-09.26.59:419][  0]LogCollectionManager: Rebuilt the GUID cache for 0 collections in 0.000001 seconds
[2017.08.20-09.26.59:426][  0]LogContentBrowser: Native class hierarchy populated in 0.0068 seconds. Added 2386 classes and 500 folders.
[2017.08.20-09.26.59:479][  0]LogContentBrowser: Native class hierarchy updated for 'WidgetCarousel' in 0.0005 seconds. Added 0 classes and 0 folders.
[2017.08.20-09.26.59:507][  0]LogContentBrowser: Native class hierarchy updated for 'AddContentDialog' in 0.0006 seconds. Added 0 classes and 0 folders.
[2017.08.20-09.26.59:543][  0]LogContentBrowser: Native class hierarchy updated for 'SceneOutliner' in 0.0005 seconds. Added 1 classes and 2 folders.
[2017.08.20-09.26.59:594][  0]LogSlate: Took 0.000252 seconds to synchronously load lazily loaded font '../../../Engine/Content/Slate/Fonts/Roboto-Regular.ttf' (155K)
[2017.08.20-09.26.59:597][  0]LogSlate: Took 0.000279 seconds to synchronously load lazily loaded font '../../../Engine/Content/Slate/Fonts/Roboto-Bold.ttf' (160K)
[2017.08.20-09.26.59:602][  0]LogSlate: Took 0.000312 seconds to synchronously load lazily loaded font '../../../Engine/Content/Editor/Slate/Fonts/FontAwesome.ttf' (139K)
[2017.08.20-09.26.59:680][  0]LogRenderer: Reallocating scene render targets to support 884x536 Format 10 NumSamples 1 (Frame:1).
[2017.08.20-09.26.59:826][  0]LogContentBrowser: Native class hierarchy updated for 'HierarchicalLODOutliner' in 0.0005 seconds. Added 1 classes and 2 folders.
[2017.08.20-09.26.59:827][  0]LogLoad: (Engine Initialization) Total time: 14.85 seconds
[2017.08.20-09.26.59:827][  0]LogLoad: (Engine Initialization) Total Blueprint compile time: 0.00 seconds
[2017.08.20-09.26.59:827][  0]LogExternalProfiler: No external profilers were discovered.  External profiling features will not be available.
[2017.08.20-09.26.59:855][  0]LogAssetRegistry: Asset discovery search completed in 9.2077 seconds
[2017.08.20-09.26.59:857][  0]LogCollectionManager: Rebuilt the object cache for 0 collections in 0.000000 seconds (found 0 objects)
[2017.08.20-09.26.59:857][  0]LogCollectionManager: Fixed up redirectors for 0 collections in 0.000037 seconds (updated 0 objects)
[2017.08.20-09.26.59:860][  0]LogContentStreaming: Texture pool size now 1000 MB
[2017.08.20-09.26.59:886][  0]LogSlate: Took 0.000138 seconds to synchronously load lazily loaded font '../../../Engine/Content/Slate/Fonts/Roboto-Light.ttf' (159K)
[2017.08.20-09.27.00:860][111]LogSlate: Took 0.000177 seconds to synchronously load lazily loaded font '../../../Engine/Content/Slate/Fonts/Roboto-Light.ttf' (159K)
[2017.08.20-09.27.04:055][486]LogBlueprintUserMessages: Early PlayInEditor Detection: Level '/Game/Maps/MainMenu.MainMenu:PersistentLevel' has LevelScriptBlueprint '/Game/Maps/MainMenu.MainMenu:PersistentLevel.MainMenu' with GeneratedClass '/Game/Maps/MainMenu.MainMenu_C' with ClassGeneratedBy '/Game/Maps/MainMenu.MainMenu:PersistentLevel.MainMenu'
[2017.08.20-09.27.04:055][486]LogPlayLevel: PlayLevel: No blueprints needed recompiling
[2017.08.20-09.27.04:056][486]LogOnline: Display: OSS: FOnlineSubsystemNull::Shutdown()
[2017.08.20-09.27.04:056][486]LogOnline: Display: OSS: FOnlineAsyncTaskManager::Stop() ActiveTask:0000000000000000 Tasks[0/0]
[2017.08.20-09.27.04:056][486]LogOnline: Display: OSS: FOnlineAsyncTaskManager::Exit() started
[2017.08.20-09.27.04:056][486]LogOnline: Display: OSS: FOnlineAsyncTaskManager::Exit() finished
[2017.08.20-09.27.04:056][486]LogModuleManager: Warning: No filename provided for module OnlineSubsystemLAN
[2017.08.20-09.27.04:056][486]LogModuleManager: Warning: ModuleManager: Unable to load module 'OnlineSubsystemLAN' because the file 'C:/Program Files/Epic Games/UE_4.17/Engine/Binaries/Win64/' was not found.
[2017.08.20-09.27.04:068][486]PIE: New page: PIE session: MainMenu (Aug 21, 2017, 3:27:04 AM)
[2017.08.20-09.27.04:068][486]LogPlayLevel: Creating play world package: /Game/Maps/UEDPIE_0_MainMenu
[2017.08.20-09.27.04:069][486]LogPlayLevel: PIE: StaticDuplicateObject took: (0.000813s)
[2017.08.20-09.27.04:070][486]LogAIModule: Creating AISystem for world MainMenu
[2017.08.20-09.27.04:070][486]LogPlayLevel: PIE: World Init took: (0.000595s)
[2017.08.20-09.27.04:070][486]LogPlayLevel: PIE: Created PIE world by copying editor world from /Game/Maps/MainMenu.MainMenu to /Game/Maps/UEDPIE_0_MainMenu.MainMenu (0.001642s)
[2017.08.20-09.27.04:086][486]LogInit: XAudio2 using 'Speakers (Realtek High Definition Audio)' : 2 channels at 48 kHz using 32 bits per sample (channel mask 0x3)
[2017.08.20-09.27.04:097][486]LogInit: FAudioDevice initialized.
[2017.08.20-09.27.04:143][486]LogLoad: Game class is 'MainMenu_C'
[2017.08.20-09.27.04:145][486]LogWorld: Bringing World /Game/Maps/UEDPIE_0_MainMenu.MainMenu up for play (max tick rate 0) at 2017.08.20-18.27.04
[2017.08.20-09.27.04:145][486]LogWorld: Bringing up level for play took: 0.000800
[2017.08.20-09.27.04:209][486]LogContentBrowser: Native class hierarchy updated for 'MovieSceneCapture' in 0.0005 seconds. Added 11 classes and 0 folders.
[2017.08.20-09.27.04:210][486]PIE: Play in editor start time for /Game/Maps/UEDPIE_0_MainMenu -0.443
[2017.08.20-09.27.04:211][486]LogBlueprintUserMessages: Late PlayInEditor Detection: Level '/Game/Maps/MainMenu.MainMenu:PersistentLevel' has LevelScriptBlueprint '/Game/Maps/MainMenu.MainMenu:PersistentLevel.MainMenu' with GeneratedClass '/Game/Maps/MainMenu.MainMenu_C' with ClassGeneratedBy '/Game/Maps/MainMenu.MainMenu:PersistentLevel.MainMenu'
[2017.08.20-09.27.08:270][970]LogBlueprintUserMessages: Early EndPlayMap Detection: Level '/Game/Maps/MainMenu.MainMenu:PersistentLevel' has LevelScriptBlueprint '/Game/Maps/MainMenu.MainMenu:PersistentLevel.MainMenu' with GeneratedClass '/Game/Maps/MainMenu.MainMenu_C' with ClassGeneratedBy '/Game/Maps/MainMenu.MainMenu:PersistentLevel.MainMenu'
[2017.08.20-09.27.08:302][970]LogOnline: Display: OSS: FOnlineSubsystemNull::Shutdown()
[2017.08.20-09.27.08:302][970]LogOnline: Display: OSS: FOnlineAsyncTaskManager::Stop() ActiveTask:0000000000000000 Tasks[0/0]
[2017.08.20-09.27.08:303][970]LogOnline: Display: OSS: FOnlineAsyncTaskManager::Exit() started
[2017.08.20-09.27.08:303][970]LogOnline: Display: OSS: FOnlineAsyncTaskManager::Exit() finished
[2017.08.20-09.27.08:303][970]LogPlayLevel: Display: Shutting down PIE online subsystems
[2017.08.20-09.27.08:303][970]LogBlueprintUserMessages: Late EndPlayMap Detection: Level '/Game/Maps/MainMenu.MainMenu:PersistentLevel' has LevelScriptBlueprint '/Game/Maps/MainMenu.MainMenu:PersistentLevel.MainMenu' with GeneratedClass '/Game/Maps/MainMenu.MainMenu_C' with ClassGeneratedBy '/Game/Maps/MainMenu.MainMenu:PersistentLevel.MainMenu'
[2017.08.20-09.27.08:376][976]LogPlayLevel: Display: Destroying online subsystem :Context_1
[2017.08.20-09.27.08:376][976]LogOnline: Display: OSS: FOnlineSubsystemNull::Shutdown()
[2017.08.20-09.27.11:355][323]LogSlate: Took 0.000121 seconds to synchronously load lazily loaded font '../../../Engine/Content/Slate/Fonts/Roboto-Light.ttf' (159K)
[2017.08.20-09.27.11:402][323]LogSavePackage: Save=23.85ms
[2017.08.20-09.27.11:402][323]LogSavePackage: Moving '../../../../../../NetworkShared/PointShootKill/PointShootKill/Saved/UEDPCMainMenu730B722C41E2002AF6ED65846698D2E1.tmp' to '../../../../../../NetworkShared/PointShootKill/PointShootKill/Saved/Autosaves/Game/Maps/UEDPCMainMenu.umap'
[2017.08.20-09.27.11:403][323]LogSavePackage: Display: Finished SavePackage ../../../../../../NetworkShared/PointShootKill/PointShootKill/Saved/Autosaves/Game/Maps/UEDPCMainMenu.umap
[2017.08.20-09.27.11:413][323]LogEditorTransaction: Undo Spawn Play From Here Start
[2017.08.20-10.07.51:976][258]LogD3D11RHI: Timed out while waiting for GPU to catch up. (500 ms)
[2017.08.20-10.19.39:806][517]LogWindowsTextInputMethodSystem: Display: IME system now deactivated.
[2017.08.20-10.19.40:015][518]Cmd: QUIT_EDITOR
[2017.08.20-10.19.40:910][518]LogExit: Preparing to exit.
[2017.08.20-10.19.41:773][518]LogDirectoryWatcher: A directory notification for 'C:/NetworkShared/PointShootKill/PointShootKill/Content/' was aborted.
[2017.08.20-10.19.41:864][518]LogExit: Editor shut down
[2017.08.20-10.19.41:891][518]LogExit: Transaction tracking system shut down
[2017.08.20-10.19.42:115][518]LogDirectoryWatcher: A directory notification for '../../../Engine/Content/' was aborted.
[2017.08.20-10.19.42:115][518]LogDirectoryWatcher: A directory notification for '../../../../../../NetworkShared/PointShootKill/PointShootKill/Content/' was aborted.
[2017.08.20-10.19.42:116][518]LogDirectoryWatcher: A directory notification for '../../../Engine/Plugins/2D/Paper2D/Content/' was aborted.
[2017.08.20-10.19.42:116][518]LogDirectoryWatcher: A directory notification for '../../../Engine/Plugins/Runtime/Oculus/OculusVR/Content/' was aborted.
[2017.08.20-10.19.42:116][518]LogDirectoryWatcher: A directory notification for '../../../Engine/Plugins/Runtime/Steam/SteamVR/Content/' was aborted.
[2017.08.20-10.19.42:184][518]LogExit: Object subsystem successfully closed.
[2017.08.20-10.19.42:203][518]LogD3D11RHI: Shutdown
[2017.08.20-10.19.42:203][518]LogD3D11RHI: CleanupD3DDevice
[2017.08.20-10.19.42:252][518]LogD3D11RHI: ~FD3D11DynamicRHI
[2017.08.20-10.19.42:275][518]LogModuleManager: Shutting down and abandoning module MovieSceneCapture (535)
[2017.08.20-10.19.42:275][518]LogModuleManager: Shutting down and abandoning module Voice (533)
[2017.08.20-10.19.42:275][518]LogModuleManager: Shutting down and abandoning module HierarchicalLODOutliner (531)
[2017.08.20-10.19.42:275][518]LogModuleManager: Shutting down and abandoning module SceneOutliner (529)
[2017.08.20-10.19.42:275][518]LogModuleManager: Shutting down and abandoning module AddContentDialog (527)
[2017.08.20-10.19.42:275][518]LogDirectoryWatcher: A directory notification for 'C:/Program Files/Epic Games/UE_4.17/FeaturePacks/' was aborted.
[2017.08.20-10.19.42:282][518]LogModuleManager: Shutting down and abandoning module WidgetCarousel (526)
[2017.08.20-10.19.42:282][518]LogModuleManager: Shutting down and abandoning module EditorWidgets (523)
[2017.08.20-10.19.42:282][518]LogModuleManager: Shutting down and abandoning module CollectionManager (521)
[2017.08.20-10.19.42:282][518]LogDirectoryWatcher: A directory notification for 'C:/NetworkShared/PointShootKill/PointShootKill/Content/Collections/' was aborted.
[2017.08.20-10.19.42:282][518]LogDirectoryWatcher: A directory notification for 'C:/NetworkShared/PointShootKill/PointShootKill/Content/Developers/YounsooKim/Collections/' was aborted.
[2017.08.20-10.19.42:282][518]LogDirectoryWatcher: A directory notification for 'C:/NetworkShared/PointShootKill/PointShootKill/Saved/Collections/' was aborted.
[2017.08.20-10.19.42:282][518]LogModuleManager: Shutting down and abandoning module StatsViewer (519)
[2017.08.20-10.19.42:282][518]LogModuleManager: Shutting down and abandoning module FoliageEdit (517)
[2017.08.20-10.19.42:282][518]LogModuleManager: Shutting down and abandoning module LandscapeEditor (515)
[2017.08.20-10.19.42:282][518]LogModuleManager: Shutting down and abandoning module MeshPaintMode (513)
[2017.08.20-10.19.42:282][518]LogModuleManager: Shutting down and abandoning module SceneDepthPickerMode (511)
[2017.08.20-10.19.42:282][518]LogModuleManager: Shutting down and abandoning module ActorPickerMode (509)
[2017.08.20-10.19.42:282][518]LogModuleManager: Shutting down and abandoning module GeometryMode (507)
[2017.08.20-10.19.42:283][518]LogModuleManager: Shutting down and abandoning module TextureAlignMode (505)
[2017.08.20-10.19.42:283][518]LogModuleManager: Shutting down and abandoning module BspMode (503)
[2017.08.20-10.19.42:283][518]LogModuleManager: Shutting down and abandoning module PIEPreviewDeviceProfileSelector (501)
[2017.08.20-10.19.42:283][518]LogModuleManager: Shutting down and abandoning module HardwareSurvey (499)
[2017.08.20-10.19.42:283][518]LogModuleManager: Shutting down and abandoning module SequenceRecorderSections (497)
[2017.08.20-10.19.42:283][518]LogModuleManager: Shutting down and abandoning module AutomationWorker (495)
[2017.08.20-10.19.42:283][518]LogModuleManager: Shutting down and abandoning module MatineeToLevelSequence (493)
[2017.08.20-10.19.42:283][518]LogModuleManager: Shutting down and abandoning module LevelSequenceEditor (491)
[2017.08.20-10.19.42:283][518]LogModuleManager: Shutting down and abandoning module PlacementMode (490)
[2017.08.20-10.19.42:283][518]LogModuleManager: Shutting down and abandoning module WmfMediaFactory (487)
[2017.08.20-10.19.42:283][518]LogModuleManager: Shutting down and abandoning module WmfMediaEditor (485)
[2017.08.20-10.19.42:283][518]LogModuleManager: Shutting down and abandoning module AvfMediaFactory (483)
[2017.08.20-10.19.42:283][518]LogModuleManager: Shutting down and abandoning module AvfMediaEditor (481)
[2017.08.20-10.19.42:283][518]LogModuleManager: Shutting down and abandoning module AndroidMediaFactory (479)
[2017.08.20-10.19.42:283][518]LogModuleManager: Shutting down and abandoning module Media (478)
[2017.08.20-10.19.42:283][518]LogModuleManager: Shutting down and abandoning module AndroidMediaEditor (475)
[2017.08.20-10.19.42:283][518]LogModuleManager: Shutting down and abandoning module CharacterAI (473)
[2017.08.20-10.19.42:283][518]LogModuleManager: Shutting down and abandoning module AudioCapture (471)
[2017.08.20-10.19.42:283][518]LogModuleManager: Shutting down and abandoning module SequenceRecorder (470)
[2017.08.20-10.19.42:283][518]LogModuleManager: Shutting down and abandoning module SmartSnapping (467)
[2017.08.20-10.19.42:283][518]LogModuleManager: Shutting down and abandoning module SessionServices (465)
[2017.08.20-10.19.42:283][518]LogModuleManager: Shutting down and abandoning module ViewportSnapping (463)
[2017.08.20-10.19.42:283][518]LogModuleManager: Shutting down and abandoning module ViewportInteraction (461)
[2017.08.20-10.19.42:283][518]LogModuleManager: Shutting down and abandoning module ClothPainter (459)
[2017.08.20-10.19.42:283][518]LogModuleManager: Shutting down and abandoning module LogVisualizer (457)
[2017.08.20-10.19.42:283][518]LogModuleManager: Shutting down and abandoning module IntroTutorials (455)
[2017.08.20-10.19.42:284][518]LogModuleManager: Shutting down and abandoning module GameProjectGeneration (454)
[2017.08.20-10.19.42:284][518]LogModuleManager: Shutting down and abandoning module IOSPlatformEditor (451)
[2017.08.20-10.19.42:284][518]LogModuleManager: Shutting down and abandoning module HTML5PlatformEditor (449)
[2017.08.20-10.19.42:284][518]LogModuleManager: Shutting down and abandoning module AndroidPlatformEditor (447)
[2017.08.20-10.19.42:284][518]LogModuleManager: Shutting down and abandoning module AndroidDeviceDetection (446)
[2017.08.20-10.19.43:269][518]LogModuleManager: Shutting down and abandoning module WindowsPlatformEditor (443)
[2017.08.20-10.19.43:269][518]LogModuleManager: Shutting down and abandoning module IOSRuntimeSettings (441)
[2017.08.20-10.19.43:269][518]LogModuleManager: Shutting down and abandoning module AndroidRuntimeSettings (439)
[2017.08.20-10.19.43:269][518]LogModuleManager: Shutting down and abandoning module InputBindingEditor (437)
[2017.08.20-10.19.43:269][518]LogModuleManager: Shutting down and abandoning module MergeActors (435)
[2017.08.20-10.19.43:269][518]LogModuleManager: Shutting down and abandoning module SizeMap (433)
[2017.08.20-10.19.43:269][518]LogModuleManager: Shutting down and abandoning module TreeMap (431)
[2017.08.20-10.19.43:269][518]LogModuleManager: Shutting down and abandoning module ReferenceViewer (429)
[2017.08.20-10.19.43:269][518]LogModuleManager: Shutting down and abandoning module LocalizationDashboard (427)
[2017.08.20-10.19.43:269][518]LogModuleManager: Shutting down and abandoning module LocalizationService (426)
[2017.08.20-10.19.43:269][518]LogModuleManager: Shutting down and abandoning module HardwareTargeting (423)
[2017.08.20-10.19.43:269][518]LogModuleManager: Shutting down and abandoning module DeviceProfileEditor (421)
[2017.08.20-10.19.43:269][518]LogModuleManager: Shutting down and abandoning module UndoHistory (419)
[2017.08.20-10.19.43:269][518]LogModuleManager: Shutting down and abandoning module XmlParser (417)
[2017.08.20-10.19.43:269][518]LogModuleManager: Shutting down and abandoning module Blutility (415)
[2017.08.20-10.19.43:269][518]LogModuleManager: Shutting down and abandoning module ProjectSettingsViewer (413)
[2017.08.20-10.19.43:269][518]LogModuleManager: Shutting down and abandoning module ProjectTargetPlatformEditor (412)
[2017.08.20-10.19.43:269][518]LogModuleManager: Shutting down and abandoning module EditorSettingsViewer (409)
[2017.08.20-10.19.43:270][518]LogModuleManager: Shutting down and abandoning module SettingsEditor (407)
[2017.08.20-10.19.43:270][518]LogModuleManager: Shutting down and abandoning module ProjectLauncher (405)
[2017.08.20-10.19.43:270][518]LogModuleManager: Shutting down and abandoning module SessionFrontend (403)
[2017.08.20-10.19.43:270][518]LogModuleManager: Shutting down and abandoning module ProfilerClient (401)
[2017.08.20-10.19.43:270][518]LogModuleManager: Shutting down and abandoning module DeviceManager (399)
[2017.08.20-10.19.43:270][518]LogModuleManager: Shutting down and abandoning module TargetDeviceServices (398)
[2017.08.20-10.19.43:324][518]LogModuleManager: Shutting down and abandoning module AutomationController (395)
[2017.08.20-10.19.43:324][518]LogModuleManager: Shutting down and abandoning module AutomationWindow (393)
[2017.08.20-10.19.43:324][518]LogModuleManager: Shutting down and abandoning module Layers (391)
[2017.08.20-10.19.43:324][518]LogModuleManager: Shutting down and abandoning module ComponentVisualizers (389)
[2017.08.20-10.19.43:324][518]LogModuleManager: Shutting down and abandoning module DetailCustomizations (387)
[2017.08.20-10.19.43:324][518]LogModuleManager: Shutting down and abandoning module PackagesDialog (385)
[2017.08.20-10.19.43:324][518]LogModuleManager: Shutting down and abandoning module Persona (383)
[2017.08.20-10.19.43:324][518]LogModuleManager: Shutting down and abandoning module AdvancedPreviewScene (382)
[2017.08.20-10.19.43:324][518]LogModuleManager: Shutting down and abandoning module AnimGraph (380)
[2017.08.20-10.19.43:324][518]LogModuleManager: Shutting down and abandoning module Kismet (377)
[2017.08.20-10.19.43:326][518]LogModuleManager: Shutting down and abandoning module ClassViewer (375)
[2017.08.20-10.19.43:326][518]LogModuleManager: Shutting down and abandoning module Toolbox (373)
[2017.08.20-10.19.43:326][518]LogModuleManager: Shutting down and abandoning module ModuleUI (371)
[2017.08.20-10.19.43:326][518]LogModuleManager: Shutting down and abandoning module MovieSceneTools (369)
[2017.08.20-10.19.43:326][518]LogModuleManager: Shutting down and abandoning module OutputLog (367)
[2017.08.20-10.19.43:326][518]LogModuleManager: Shutting down and abandoning module GammaUI (365)
[2017.08.20-10.19.43:326][518]LogModuleManager: Shutting down and abandoning module Documentation (363)
[2017.08.20-10.19.43:326][518]LogModuleManager: Shutting down and abandoning module MovieSceneTracks (361)
[2017.08.20-10.19.43:326][518]LogModuleManager: Shutting down and abandoning module MovieScene (359)
[2017.08.20-10.19.43:326][518]LogModuleManager: Shutting down and abandoning module Niagara (357)
[2017.08.20-10.19.43:326][518]LogModuleManager: Shutting down and abandoning module NiagaraEditor (356)
[2017.08.20-10.19.43:326][518]LogModuleManager: Shutting down and abandoning module StreamingPauseRendering (353)
[2017.08.20-10.19.43:326][518]LogModuleManager: Shutting down and abandoning module LauncherPlatform (351)
[2017.08.20-10.19.43:326][518]LogModuleManager: Shutting down and abandoning module AnalyticsET (349)
[2017.08.20-10.19.43:326][518]LogModuleManager: Shutting down and abandoning module PortalServices (347)
[2017.08.20-10.19.43:327][518]LogModuleManager: Shutting down and abandoning module PortalRpc (345)
[2017.08.20-10.19.43:327][518]LogModuleManager: Shutting down and abandoning module MessagingRpc (343)
[2017.08.20-10.19.43:327][518]LogModuleManager: Shutting down and abandoning module AIModule (341)
[2017.08.20-10.19.43:327][518]LogModuleManager: Shutting down and abandoning module GameplayDebugger (340)
[2017.08.20-10.19.43:327][518]LogModuleManager: Shutting down and abandoning module AITestSuite (338)
[2017.08.20-10.19.43:327][518]LogModuleManager: Shutting down and abandoning module ProfilerService (335)
[2017.08.20-10.19.43:344][518]LogModuleManager: Shutting down and abandoning module TaskGraph (333)
[2017.08.20-10.19.43:344][518]LogModuleManager: Shutting down and abandoning module SteamVRController (331)
[2017.08.20-10.19.43:344][518]LogModuleManager: Shutting down and abandoning module ProceduralMeshComponentEditor (329)
[2017.08.20-10.19.43:344][518]LogModuleManager: Shutting down and abandoning module ProceduralMeshComponent (327)
[2017.08.20-10.19.43:344][518]LogModuleManager: Shutting down and abandoning module OculusInput (325)
[2017.08.20-10.19.43:344][518]LogModuleManager: Shutting down and abandoning module MobilePatchingUtils (323)
[2017.08.20-10.19.43:344][518]LogModuleManager: Shutting down and abandoning module CustomMeshComponent (321)
[2017.08.20-10.19.43:344][518]LogModuleManager: Shutting down and abandoning module CableComponent (319)
[2017.08.20-10.19.43:344][518]LogModuleManager: Shutting down and abandoning module ArchVisCharacter (317)
[2017.08.20-10.19.43:344][518]LogModuleManager: Shutting down and abandoning module AndroidPermission (315)
[2017.08.20-10.19.43:345][518]LogModuleManager: Shutting down and abandoning module MediaPlayerEditor (313)
[2017.08.20-10.19.43:345][518]LogModuleManager: Shutting down and abandoning module HTML5Networking (311)
[2017.08.20-10.19.43:345][518]LogModuleManager: Shutting down and abandoning module AlembicImporter (309)
[2017.08.20-10.19.43:345][518]LogModuleManager: Shutting down and abandoning module AlembicLibrary (308)
[2017.08.20-10.19.43:345][518]LogModuleManager: Shutting down and abandoning module GeometryCache (307)
[2017.08.20-10.19.43:345][518]LogModuleManager: Shutting down and abandoning module GeometryCacheEd (306)
[2017.08.20-10.19.43:345][518]LogModuleManager: Shutting down and abandoning module SpeedTreeImporter (301)
[2017.08.20-10.19.43:345][518]LogModuleManager: Shutting down and abandoning module PluginBrowser (299)
[2017.08.20-10.19.43:345][518]LogModuleManager: Shutting down and abandoning module MobileLauncherProfileWizard (297)
[2017.08.20-10.19.43:345][518]LogModuleManager: Shutting down and abandoning module VisualStudioSourceCodeAccess (295)
[2017.08.20-10.19.43:345][518]LogModuleManager: Shutting down and abandoning module DesktopPlatform (294)
[2017.08.20-10.19.43:345][518]LogModuleManager: Shutting down and abandoning module UObjectPlugin (291)
[2017.08.20-10.19.43:345][518]LogModuleManager: Shutting down and abandoning module SubversionSourceControl (289)
[2017.08.20-10.19.43:345][518]LogModuleManager: Shutting down and abandoning module PerforceSourceControl (287)
[2017.08.20-10.19.43:345][518]LogModuleManager: Shutting down and abandoning module GitSourceControl (285)
[2017.08.20-10.19.43:345][518]LogModuleManager: Shutting down and abandoning module SourceControl (284)
[2017.08.20-10.19.43:345][518]LogModuleManager: Shutting down and abandoning module LightPropagationVolumeEditor (281)
[2017.08.20-10.19.43:345][518]LogModuleManager: Shutting down and abandoning module PaperTiledImporter (279)
[2017.08.20-10.19.43:345][518]LogModuleManager: Shutting down and abandoning module PaperSpriteSheetImporter (277)
[2017.08.20-10.19.43:345][518]LogModuleManager: Shutting down and abandoning module Paper2DEditor (275)
[2017.08.20-10.19.43:345][518]LogModuleManager: Shutting down and abandoning module MeshPaint (274)
[2017.08.20-10.19.43:345][518]LogModuleManager: Shutting down and abandoning module LevelEditor (272)
[2017.08.20-10.19.43:348][518]LogModuleManager: Shutting down and abandoning module PixelInspectorModule (271)
[2017.08.20-10.19.43:348][518]LogModuleManager: Shutting down and abandoning module MainFrame (269)
[2017.08.20-10.19.43:348][518]LogModuleManager: Shutting down and abandoning module HotReload (268)
[2017.08.20-10.19.43:348][518]LogModuleManager: Shutting down and abandoning module RuntimePhysXCooking (263)
[2017.08.20-10.19.43:348][518]LogModuleManager: Shutting down and abandoning module PhysXVehiclesEditor (261)
[2017.08.20-10.19.43:348][518]LogModuleManager: Shutting down and abandoning module PhysXVehicles (259)
[2017.08.20-10.19.43:349][518]LogModuleManager: Shutting down and abandoning module OculusEditor (257)
[2017.08.20-10.19.43:349][518]LogModuleManager: Shutting down and abandoning module LocationServicesBPLibrary (255)
[2017.08.20-10.19.43:349][518]LogModuleManager: Shutting down and abandoning module ImmediatePhysicsEditor (253)
[2017.08.20-10.19.43:349][518]LogModuleManager: Shutting down and abandoning module ImmediatePhysics (251)
[2017.08.20-10.19.43:349][518]LogModuleManager: Shutting down and abandoning module UdpMessaging (249)
[2017.08.20-10.19.43:449][518]LogModuleManager: Shutting down and abandoning module TcpMessaging (247)
[2017.08.20-10.19.43:549][518]LogModuleManager: Shutting down and abandoning module GameplayTagsEditor (245)
[2017.08.20-10.19.43:549][518]LogModuleManager: Shutting down and abandoning module FacialAnimationEditor (243)
[2017.08.20-10.19.43:549][518]LogModuleManager: Shutting down and abandoning module FacialAnimation (241)
[2017.08.20-10.19.43:549][518]LogModuleManager: Shutting down and abandoning module AssetManagerEditor (239)
[2017.08.20-10.19.43:549][518]LogModuleManager: Shutting down and abandoning module GraphEditor (238)
[2017.08.20-10.19.43:549][518]LogModuleManager: Shutting down and abandoning module ContentBrowser (236)
[2017.08.20-10.19.43:551][518]LogModuleManager: Shutting down and abandoning module LightPropagationVolumeRuntime (233)
[2017.08.20-10.19.43:551][518]LogModuleManager: Shutting down and abandoning module Paper2D (231)
[2017.08.20-10.19.43:551][518]LogModuleManager: Shutting down and abandoning module WindowsMoviePlayer (229)
[2017.08.20-10.19.43:551][518]LogModuleManager: Shutting down and abandoning module WmfMedia (227)
[2017.08.20-10.19.43:551][518]LogModuleManager: Shutting down and abandoning module PacketHandler (225)
[2017.08.20-10.19.43:551][518]LogModuleManager: Shutting down and abandoning module ClothingSystemEditor (223)
[2017.08.20-10.19.43:552][518]LogModuleManager: Shutting down and abandoning module ClothingSystemRuntime (221)
[2017.08.20-10.19.43:552][518]LogModuleManager: Shutting down and abandoning module Overlay (219)
[2017.08.20-10.19.43:552][518]LogModuleManager: Shutting down and abandoning module OverlayEditor (218)
[2017.08.20-10.19.43:552][518]LogModuleManager: Shutting down and abandoning module MediaAssets (215)
[2017.08.20-10.19.43:552][518]LogModuleManager: Shutting down and abandoning module VREditor (213)
[2017.08.20-10.19.43:552][518]LogModuleManager: Shutting down and abandoning module StringTableEditor (211)
[2017.08.20-10.19.43:552][518]LogModuleManager: Shutting down and abandoning module GameplayTasksEditor (209)
[2017.08.20-10.19.43:552][518]LogModuleManager: Shutting down and abandoning module BehaviorTreeEditor (207)
[2017.08.20-10.19.43:552][518]LogModuleManager: Shutting down and abandoning module FunctionalTesting (205)
[2017.08.20-10.19.43:552][518]LogModuleManager: Shutting down and abandoning module CollisionAnalyzer (203)
[2017.08.20-10.19.43:552][518]LogModuleManager: Shutting down and abandoning module WorkspaceMenuStructure (202)
[2017.08.20-10.19.43:552][518]LogModuleManager: Shutting down and abandoning module UMG (199)
[2017.08.20-10.19.43:552][518]LogModuleManager: Shutting down and abandoning module UMGEditor (198)
[2017.08.20-10.19.43:552][518]LogModuleManager: Shutting down and abandoning module Sequencer (197)
[2017.08.20-10.19.43:552][518]LogModuleManager: Shutting down and abandoning module MessageLog (194)
[2017.08.20-10.19.43:552][518]LogModuleManager: Shutting down and abandoning module SlateReflector (189)
[2017.08.20-10.19.43:552][518]LogModuleManager: Shutting down and abandoning module Slate (187)
[2017.08.20-10.19.43:552][518]LogModuleManager: Shutting down and abandoning module EditorStyle (185)
[2017.08.20-10.19.43:555][518]LogModuleManager: Shutting down and abandoning module MRMesh (183)
[2017.08.20-10.19.43:555][518]LogModuleManager: Shutting down and abandoning module SourceCodeAccess (181)
[2017.08.20-10.19.43:555][518]LogModuleManager: Shutting down and abandoning module HeadMountedDisplay (179)
[2017.08.20-10.19.43:555][518]LogModuleManager: Shutting down and abandoning module XAudio2 (177)
[2017.08.20-10.19.43:555][518]LogModuleManager: Shutting down and abandoning module Networking (175)
[2017.08.20-10.19.43:555][518]LogModuleManager: Shutting down and abandoning module Core (173)
[2017.08.20-10.19.43:555][518]LogModuleManager: Shutting down and abandoning module KismetCompiler (169)
[2017.08.20-10.19.43:555][518]LogModuleManager: Shutting down and abandoning module LevelSequence (167)
[2017.08.20-10.19.43:555][518]LogModuleManager: Shutting down and abandoning module MeshUtilities (165)
[2017.08.20-10.19.43:555][518]LogModuleManager: Shutting down and abandoning module MeshMergeUtilities (164)
[2017.08.20-10.19.43:555][518]LogModuleManager: Shutting down and abandoning module MeshReductionInterface (163)
[2017.08.20-10.19.43:555][518]LogModuleManager: Shutting down and abandoning module SimplygonSwarm (162)
[2017.08.20-10.19.43:555][518]LogModuleManager: Shutting down and abandoning module SimplygonMeshReduction (160)
[2017.08.20-10.19.43:555][518]LogModuleManager: Shutting down and abandoning module QuadricMeshReduction (158)
[2017.08.20-10.19.43:555][518]LogModuleManager: Shutting down and abandoning module MaterialBaking (154)
[2017.08.20-10.19.43:555][518]LogModuleManager: Shutting down and abandoning module DirectoryWatcher (151)
[2017.08.20-10.19.43:560][518]LogModuleManager: Shutting down and abandoning module DerivedDataCache (149)
[2017.08.20-10.19.43:646][518]LogDerivedDataCache: Shutdown
[2017.08.20-10.19.43:646][518]LogModuleManager: Shutting down and abandoning module TargetPlatform (147)
[2017.08.20-10.19.43:646][518]LogModuleManager: Shutting down and abandoning module VulkanShaderFormat (146)
[2017.08.20-10.19.43:646][518]LogModuleManager: Shutting down and abandoning module ShaderFormatVectorVM (144)
[2017.08.20-10.19.43:646][518]LogModuleManager: Shutting down and abandoning module ShaderFormatOpenGL (142)
[2017.08.20-10.19.43:646][518]LogModuleManager: Shutting down and abandoning module ShaderFormatD3D (140)
[2017.08.20-10.19.43:646][518]LogModuleManager: Shutting down and abandoning module MetalShaderFormat (138)
[2017.08.20-10.19.43:646][518]LogModuleManager: Shutting down and abandoning module TextureFormatUncompressed (136)
[2017.08.20-10.19.43:646][518]LogModuleManager: Shutting down and abandoning module TextureFormatPVR (134)
[2017.08.20-10.19.43:646][518]LogModuleManager: Shutting down and abandoning module TextureFormatDXT (132)
[2017.08.20-10.19.43:646][518]LogModuleManager: Shutting down and abandoning module TextureFormatIntelISPCTexComp (130)
[2017.08.20-10.19.43:646][518]LogModuleManager: Shutting down and abandoning module TextureFormatASTC (128)
[2017.08.20-10.19.43:646][518]LogModuleManager: Shutting down and abandoning module ImageWrapper (127)
[2017.08.20-10.19.43:646][518]LogModuleManager: Shutting down and abandoning module TextureFormatAndroid (124)
[2017.08.20-10.19.43:646][518]LogModuleManager: Shutting down and abandoning module AudioFormatOpus (122)
[2017.08.20-10.19.43:646][518]LogModuleManager: Shutting down and abandoning module AudioFormatOgg (120)
[2017.08.20-10.19.43:646][518]LogModuleManager: Shutting down and abandoning module AudioFormatADPCM (118)
[2017.08.20-10.19.43:646][518]LogModuleManager: Shutting down and abandoning module LinuxTargetPlatform (116)
[2017.08.20-10.19.43:646][518]LogModuleManager: Shutting down and abandoning module LinuxServerTargetPlatform (114)
[2017.08.20-10.19.43:647][518]LogModuleManager: Shutting down and abandoning module LinuxNoEditorTargetPlatform (112)
[2017.08.20-10.19.43:647][518]LogModuleManager: Shutting down and abandoning module LinuxClientTargetPlatform (110)
[2017.08.20-10.19.43:647][518]LogModuleManager: Shutting down and abandoning module TVOSTargetPlatform (108)
[2017.08.20-10.19.43:647][518]LogModuleManager: Shutting down and abandoning module Messaging (106)
[2017.08.20-10.19.43:647][518]LogModuleManager: Shutting down and abandoning module IOSTargetPlatform (104)
[2017.08.20-10.19.43:647][518]LogModuleManager: Shutting down and abandoning module HTML5TargetPlatform (102)
[2017.08.20-10.19.43:647][518]LogModuleManager: Shutting down and abandoning module Android_PVRTCTargetPlatform (100)
[2017.08.20-10.19.43:647][518]LogModuleManager: Shutting down and abandoning module Android_MultiTargetPlatform (98)
[2017.08.20-10.19.43:647][518]LogModuleManager: Shutting down and abandoning module Android_ETC2TargetPlatform (96)
[2017.08.20-10.19.43:647][518]LogModuleManager: Shutting down and abandoning module Android_ETC1TargetPlatform (94)
[2017.08.20-10.19.43:647][518]LogModuleManager: Shutting down and abandoning module Android_DXTTargetPlatform (92)
[2017.08.20-10.19.43:647][518]LogModuleManager: Shutting down and abandoning module Android_ATCTargetPlatform (90)
[2017.08.20-10.19.43:647][518]LogModuleManager: Shutting down and abandoning module Android_ASTCTargetPlatform (88)
[2017.08.20-10.19.43:647][518]LogModuleManager: Shutting down and abandoning module AndroidTargetPlatform (86)
[2017.08.20-10.19.43:647][518]LogModuleManager: Shutting down and abandoning module WindowsTargetPlatform (84)
[2017.08.20-10.19.43:647][518]LogModuleManager: Shutting down and abandoning module WindowsServerTargetPlatform (82)
[2017.08.20-10.19.43:647][518]LogModuleManager: Shutting down and abandoning module WindowsNoEditorTargetPlatform (80)
[2017.08.20-10.19.43:647][518]LogModuleManager: Shutting down and abandoning module WindowsClientTargetPlatform (78)
[2017.08.20-10.19.43:647][518]LogModuleManager: Shutting down and abandoning module MacTargetPlatform (76)
[2017.08.20-10.19.43:647][518]LogModuleManager: Shutting down and abandoning module MacServerTargetPlatform (74)
[2017.08.20-10.19.43:647][518]LogModuleManager: Shutting down and abandoning module MacNoEditorTargetPlatform (72)
[2017.08.20-10.19.43:647][518]LogModuleManager: Shutting down and abandoning module MacClientTargetPlatform (70)
[2017.08.20-10.19.43:647][518]LogModuleManager: Shutting down and abandoning module AllDesktopTargetPlatform (68)
[2017.08.20-10.19.43:647][518]LogModuleManager: Shutting down and abandoning module InputCore (65)
[2017.08.20-10.19.43:647][518]LogModuleManager: Shutting down and abandoning module Settings (63)
[2017.08.20-10.19.43:647][518]LogModuleManager: Shutting down and abandoning module PhysXCooking (61)
[2017.08.20-10.19.43:647][518]LogModuleManager: Shutting down and abandoning module SteamVR (59)
[2017.08.20-10.19.43:647][518]LogModuleManager: Shutting down and abandoning module OculusHMD (57)
[2017.08.20-10.19.43:647][518]LogModuleManager: Shutting down and abandoning module ExampleDeviceProfileSelector (55)
[2017.08.20-10.19.43:647][518]LogModuleManager: Shutting down and abandoning module OnlineBlueprintSupport (53)
[2017.08.20-10.19.43:647][518]LogModuleManager: Shutting down and abandoning module OnlineSubsystem (49)
[2017.08.20-10.19.43:647][518]LogOnline: Display: OSS: FOnlineSubsystemNull::Shutdown()
[2017.08.20-10.19.43:647][518]LogOnline: Display: OSS: FOnlineAsyncTaskManager::Stop() ActiveTask:0000000000000000 Tasks[0/0]
[2017.08.20-10.19.43:648][518]LogOnline: Display: OSS: FOnlineAsyncTaskManager::Exit() started
[2017.08.20-10.19.43:648][518]LogOnline: Display: OSS: FOnlineAsyncTaskManager::Exit() finished
[2017.08.20-10.19.43:648][518]LogOnline: Display: Unloading online subsystem: NULL
[2017.08.20-10.19.43:648][518]LogModuleManager: Shutting down and abandoning module XMPP (43)
[2017.08.20-10.19.43:648][518]LogModuleManager: Shutting down and abandoning module HTTP (41)
[2017.08.20-10.19.43:648][518]LogHttp: Display: Http module shutting down, but needs to wait on 1 outstanding Http requests:
[2017.08.20-10.19.43:648][518]LogHttp: Display: 	verb=[POST] url=[https://datarouter.ol.epicgames.com/datarouter/api/v1/public/data?SessionID=%7B0CED982A-4C58-B392-B02D-F284B31CD27D%7D&AppID=UEEditor.Rocket.Release&AppVersion=4.17.0-3573198%2B%2B%2BUE4%2BRelease-4.17&UserID=a6edf8a1446fe151d36489b2a451150e%7C6a71ead867eb4352acb6835af20733e8%7C9b51f5ab-5ea4-4406-b60d-88806dbfddb0&AppEnvironment=datacollector-binary&UploadType=eteventstream] status=Processing
[2017.08.20-10.19.43:653][518]LogModuleManager: Shutting down and abandoning module SSL (40)
[2017.08.20-10.19.43:655][518]LogModuleManager: Shutting down and abandoning module AnimationModifiers (36)
[2017.08.20-10.19.43:655][518]LogModuleManager: Shutting down and abandoning module PropertyEditor (35)
[2017.08.20-10.19.43:655][518]LogModuleManager: Shutting down and abandoning module AudioEditor (32)
[2017.08.20-10.19.43:655][518]LogModuleManager: Shutting down and abandoning module TextureCompressor (30)
[2017.08.20-10.19.43:655][518]LogModuleManager: Shutting down and abandoning module ShaderCore (28)
[2017.08.20-10.19.43:655][518]LogModuleManager: Shutting down and abandoning module Landscape (26)
[2017.08.20-10.19.43:655][518]LogModuleManager: Shutting down and abandoning module SlateRHIRenderer (24)
[2017.08.20-10.19.43:658][518]LogModuleManager: Shutting down and abandoning module OpenGLDrv (22)
[2017.08.20-10.19.43:658][518]LogModuleManager: Shutting down and abandoning module D3D11RHI (20)
[2017.08.20-10.19.43:658][518]LogModuleManager: Shutting down and abandoning module AnimGraphRuntime (18)
[2017.08.20-10.19.43:658][518]LogModuleManager: Shutting down and abandoning module Renderer (16)
[2017.08.20-10.19.43:658][518]LogModuleManager: Shutting down and abandoning module Engine (14)
[2017.08.20-10.19.43:658][518]LogModuleManager: Shutting down and abandoning module CoreUObject (12)
[2017.08.20-10.19.43:658][518]LogModuleManager: Shutting down and abandoning module NetworkFile (10)
[2017.08.20-10.19.43:658][518]LogModuleManager: Shutting down and abandoning module CookedIterativeFile (8)
[2017.08.20-10.19.43:658][518]LogModuleManager: Shutting down and abandoning module StreamingFile (6)
[2017.08.20-10.19.43:658][518]LogModuleManager: Shutting down and abandoning module SandboxFile (4)
[2017.08.20-10.19.43:658][518]LogModuleManager: Shutting down and abandoning module PakFile (2)
[2017.08.20-10.19.43:661][518]LogExit: Exiting.
[2017.08.20-10.19.43:683][518]Log file closed, 08/20/17 19:19:43
