Log file open, 08/22/17 23:15:18
LogWindows: LoadLibraryWithSearchPaths failed for file aqProf.dll. GetLastError=0
LogWindows: LoadLibraryWithSearchPaths failed for file VtuneApi.dll. GetLastError=0
LogWindows: LoadLibraryWithSearchPaths failed for file VtuneApi32e.dll. GetLastError=0
LogInit: Display: Running engine for game: PointShootKill
LogPlatformFile: Not using cached read wrapper
LogInit: Display: RandInit(-278920588) SRandInit(-278920588).
LogTaskGraph: Started task graph with 5 named threads and 14 total threads with 3 sets of task threads.
LogStats: Stats thread started at 0.168958
LogD3D11RHI: Aftermath initialized
LogPluginManager: Mounting plugin Paper2D
LogPluginManager: Mounting plugin LightPropagationVolume
LogPluginManager: Mounting plugin CodeLiteSourceCodeAccess
LogPluginManager: Mounting plugin GitSourceControl
LogPluginManager: Mounting plugin KDevelopSourceCodeAccess
LogPluginManager: Mounting plugin NullSourceCodeAccess
LogPluginManager: Mounting plugin PerforceSourceControl
LogPluginManager: Mounting plugin SubversionSourceControl
LogPluginManager: Mounting plugin UObjectPlugin
LogPluginManager: Mounting plugin VisualStudioSourceCodeAccess
LogPluginManager: Mounting plugin XCodeSourceCodeAccess
LogPluginManager: Mounting plugin AssetManagerEditor
LogPluginManager: Mounting plugin AudioCapture
LogPluginManager: Mounting plugin FacialAnimation
LogPluginManager: Mounting plugin GameplayTagsEditor
LogPluginManager: Mounting plugin MobileLauncherProfileWizard
LogPluginManager: Mounting plugin PluginBrowser
LogPluginManager: Mounting plugin SpeedTreeImporter
LogPluginManager: Mounting plugin AlembicImporter
LogPluginManager: Mounting plugin CharacterAI
LogPluginManager: Mounting plugin HTML5Networking
LogPluginManager: Mounting plugin AndroidMedia
LogPluginManager: Mounting plugin AvfMedia
LogPluginManager: Mounting plugin MediaPlayerEditor
LogPluginManager: Mounting plugin WmfMedia
LogPluginManager: Mounting plugin TcpMessaging
LogPluginManager: Mounting plugin UdpMessaging
LogPluginManager: Mounting plugin LevelSequenceEditor
LogPluginManager: Mounting plugin MatineeToLevelSequence
LogPluginManager: Mounting plugin OnlineSubsystemGooglePlay
LogPluginManager: Mounting plugin OnlineSubsystemIOS
LogPluginManager: Mounting plugin OnlineSubsystem
LogPluginManager: Mounting plugin OnlineSubsystemNull
LogPluginManager: Mounting plugin OnlineSubsystemUtils
LogPluginManager: Mounting plugin AndroidDeviceProfileSelector
LogPluginManager: Mounting plugin AndroidMoviePlayer
LogPluginManager: Mounting plugin AndroidPermission
LogPluginManager: Mounting plugin AppleMoviePlayer
LogPluginManager: Mounting plugin ArchVisCharacter
LogPluginManager: Mounting plugin CableComponent
LogPluginManager: Mounting plugin CustomMeshComponent
LogPluginManager: Mounting plugin ExampleDeviceProfileSelector
LogPluginManager: Mounting plugin GoogleCloudMessaging
LogPluginManager: Mounting plugin ImmediatePhysics
LogPluginManager: Mounting plugin IOSDeviceProfileSelector
LogPluginManager: Mounting plugin LinuxDeviceProfileSelector
LogPluginManager: Mounting plugin LocationServicesBPLibrary
LogPluginManager: Mounting plugin MobilePatchingUtils
LogPluginManager: Mounting plugin OculusVR
LogPluginManager: Mounting plugin PhysXVehicles
LogPluginManager: Mounting plugin ProceduralMeshComponent
LogPluginManager: Mounting plugin RuntimePhysXCooking
LogPluginManager: Mounting plugin SteamVR
LogPluginManager: Mounting plugin WindowsMoviePlayer
LogInit: Using libcurl 7.47.1
LogInit:  - built for x86_64-pc-win32
LogInit:  - supports SSL with OpenSSL/1.0.2g
LogInit:  - supports HTTP deflate (compression) using libz 1.2.8
LogInit:  - other features:
LogInit:      CURL_VERSION_SSL
LogInit:      CURL_VERSION_LIBZ
LogInit:      CURL_VERSION_IPV6
LogInit:      CURL_VERSION_ASYNCHDNS
LogInit:      CURL_VERSION_LARGEFILE
LogInit:      CURL_VERSION_IDN
LogInit:  CurlRequestOptions (configurable via config and command line):
LogInit:  - bVerifyPeer = false  - Libcurl will NOT verify peer certificate
LogInit:  - bUseHttpProxy = false  - Libcurl will NOT use HTTP proxy
LogInit:  - bDontReuseConnections = false  - Libcurl will reuse connections
LogInit:  - CertBundlePath = nullptr  - Libcurl will use whatever was configured at build time.
LogModuleManager: Warning: No filename provided for module OnlineSubsystemLAN
LogModuleManager: Warning: ModuleManager: Unable to load module 'OnlineSubsystemLAN' because the file 'E:/Unreal Engine/UE_4.17/Engine/Binaries/Win64/' was not found.
LogInit: WinSock: version 1.1 (2.2), MaxSocks=32767, MaxUdp=65467
LogInit: Build: ++UE4+Release-4.17-CL-3586342
LogInit: Engine Version: 4.17.1-3586342+++UE4+Release-4.17
LogInit: Compatible Engine Version: 4.17.0-3573198+++UE4+Release-4.17
LogInit: Net CL: 3573198
LogDevObjectVersion: Number of dev versions registered: 16
LogDevObjectVersion:   Dev-Blueprints (B0D832E4-1F89-4F0D-ACCF-7EB736FD4AA2): 10
LogDevObjectVersion:   Dev-Build (E1C64328-A22C-4D53-A36C-8E866417BD8C): 0
LogDevObjectVersion:   Dev-Core (375EC13C-06E4-48FB-B500-84F0262A717E): 2
LogDevObjectVersion:   Dev-Editor (E4B068ED-F494-42E9-A231-DA0B2E46BB41): 20
LogDevObjectVersion:   Dev-Framework (CFFC743F-43B0-4480-9391-14DF171D2073): 28
LogDevObjectVersion:   Dev-Mobile (B02B49B5-BB20-44E9-A304-32B752E40360): 0
LogDevObjectVersion:   Dev-Networking (A4E4105C-59A1-49B5-A7C5-40C4547EDFEE): 0
LogDevObjectVersion:   Dev-Online (39C831C9-5AE6-47DC-9A44-9C173E1C8E7C): 0
LogDevObjectVersion:   Dev-Physics (78F01B33-EBEA-4F98-B9B4-84EACCB95AA2): 0
LogDevObjectVersion:   Dev-Platform (6631380F-2D4D-43E0-8009-CF276956A95A): 0
LogDevObjectVersion:   Dev-Rendering (12F88B9F-8875-4AFC-A67C-D90C383ABD29): 19
LogDevObjectVersion:   Dev-Sequencer (7B5AE74C-D270-4C10-A958-57980B212A5A): 4
LogDevObjectVersion:   Dev-VR (D7296918-1DD6-4BDD-9DE2-64A83CC13884): 0
LogDevObjectVersion:   Dev-LoadTimes (C2A15278-BFE7-4AFE-6C17-90FF531DF755): 1
LogDevObjectVersion:   Private-Geometry (6EACA3D4-40EC-4CC1-B786-8BED09428FC5): 1
LogDevObjectVersion:   Dev-AnimPhys (29E575DD-E0A3-4627-9D10-D276232CDCEA): 7
LogInit: Compiled (64-bit): Aug 15 2017 02:05:26
LogInit: Compiled with Visual C++: 19.00.24215.01
LogInit: Build Configuration: Development
LogInit: Branch Name: ++UE4+Release-4.17
LogInit: Command line:  /Temp/Autosaves/Game/Maps/UEDPCMainMenu -game -PIEVIACONSOLE -ResX=1280 -ResY=720  -Multiprocess -messaging -SessionName="Play in Standalone Game" -windowed 
LogInit: Base directory: E:/Unreal Engine/UE_4.17/Engine/Binaries/Win64/
LogInit: Installed Engine Build: 1
LogInit: Presizing for max 8388607 objects, including 0 objects not considered by GC, pre-allocating 0 bytes for permanent pool.
LogInit: Object subsystem initialized
[2017.08.22-14.15.19:533][  0]LogInit: Selected Device Profile: [Windows]
[2017.08.22-14.15.19:533][  0]LogInit: Applying CVar settings loaded from the selected device profile: [Windows]
[2017.08.22-14.15.19:537][  0]LogInit: Computer: RUTKA
[2017.08.22-14.15.19:537][  0]LogInit: User: Ruthka
[2017.08.22-14.15.19:537][  0]LogInit: CPU Page size=4096, Cores=4
[2017.08.22-14.15.19:537][  0]LogInit: High frequency timer resolution =3.319354 MHz
[2017.08.22-14.15.19:538][  0]LogMemory: Memory total: Physical=7.9GB (8GB approx)
[2017.08.22-14.15.19:538][  0]LogMemory: Platform Memory Stats for Windows
[2017.08.22-14.15.19:538][  0]LogMemory: Process Physical Memory: 280.14 MB used, 280.14 MB peak
[2017.08.22-14.15.19:538][  0]LogMemory: Process Virtual Memory: 282.66 MB used, 282.66 MB peak
[2017.08.22-14.15.19:538][  0]LogMemory: Physical Memory: 3871.06 MB used,  4240.01 MB free, 8111.07 MB total
[2017.08.22-14.15.19:538][  0]LogMemory: Virtual Memory: 664.16 MB used,  4240.01 MB free, 134217728.00 MB total
[2017.08.22-14.15.19:686][  0]LogInit: Using OS detected language (en-GB).
[2017.08.22-14.15.19:686][  0]LogInit: Using OS detected locale (en-CA).
[2017.08.22-14.15.19:692][  0]LogTextLocalizationManager: No specific localization for 'en-GB' exists, so the 'en' localization will be used.
[2017.08.22-14.15.20:186][  0]LogD3D11RHI: D3D11 adapters:
[2017.08.22-14.15.20:769][  0]LogD3D11RHI:    0. 'NVIDIA GeForce GTX 970' (Feature Level 11_0)
[2017.08.22-14.15.20:769][  0]LogD3D11RHI:       4058/0/4055 MB DedicatedVideo/DedicatedSystem/SharedSystem, Outputs:1, VendorId:0x10de
[2017.08.22-14.15.20:771][  0]LogD3D11RHI:    1. 'Microsoft Basic Render Driver' (Feature Level 11_0)
[2017.08.22-14.15.20:771][  0]LogD3D11RHI:       0/0/4055 MB DedicatedVideo/DedicatedSystem/SharedSystem, Outputs:0, VendorId:0x1414
[2017.08.22-14.15.20:771][  0]LogD3D11RHI: Chosen D3D11 Adapter: 0
[2017.08.22-14.15.20:777][  0]LogD3D11RHI: Creating new Direct3DDevice
[2017.08.22-14.15.20:777][  0]LogD3D11RHI:     GPU DeviceId: 0x13c2 (for the marketing name, search the web for "GPU Device Id")
[2017.08.22-14.15.20:777][  0]LogWindows: EnumDisplayDevices:
[2017.08.22-14.15.20:777][  0]LogWindows:    0. 'NVIDIA GeForce GTX 970' (P:1 D:1)
[2017.08.22-14.15.20:777][  0]LogWindows:    1. 'NVIDIA GeForce GTX 970' (P:0 D:0)
[2017.08.22-14.15.20:778][  0]LogWindows:    2. 'NVIDIA GeForce GTX 970' (P:0 D:0)
[2017.08.22-14.15.20:778][  0]LogWindows:    3. 'NVIDIA GeForce GTX 970' (P:0 D:0)
[2017.08.22-14.15.20:778][  0]LogWindows: DebugString: FoundDriverCount:4 
[2017.08.22-14.15.20:778][  0]LogD3D11RHI:     Adapter Name: NVIDIA GeForce GTX 970
[2017.08.22-14.15.20:778][  0]LogD3D11RHI:   Driver Version: 384.76 (internal:22.21.13.8476, unified:384.76)
[2017.08.22-14.15.20:778][  0]LogD3D11RHI:      Driver Date: 6-27-2017
[2017.08.22-14.15.20:778][  0]LogRHI: Texture pool is 1361 MB (70% of 1945 MB)
[2017.08.22-14.15.21:316][  0]LogD3D11RHI: Async texture creation enabled
[2017.08.22-14.15.21:347][  0]LogD3D11RHI: GPU Timing Frequency: 1000.000000 (Debug: 2 1)
[2017.08.22-14.15.21:395][  0]LogShaderCompilers: Guid format shader working directory is -25 characters bigger than the processId version (C:/Users/ruthk/Documents/Unreal Projects/PointShootKill/PointShootKill/Intermediate/Shaders/WorkingDirectory/13024/).
[2017.08.22-14.15.21:395][  0]LogShaderCompilers: Cleaned the shader compiler working directory 'C:/Users/ruthk/AppData/Local/Temp/UnrealShaderWorkingDir/D777F4FB4B191914337B469CA7ACD18F/'.
[2017.08.22-14.15.21:395][  0]LogShaderCompilers: Display: Using Local Shader Compiler.
[2017.08.22-14.15.22:253][  0]LogTemp: Display: Loaded TP WindowsClientTargetPlatform
[2017.08.22-14.15.22:298][  0]LogTemp: Display: Loaded TP WindowsNoEditorTargetPlatform
[2017.08.22-14.15.22:342][  0]LogTemp: Display: Loaded TP WindowsServerTargetPlatform
[2017.08.22-14.15.22:381][  0]LogTemp: Display: Loaded TP WindowsTargetPlatform
[2017.08.22-14.15.22:381][  0]LogTargetPlatformManager: Display: Building Assets For Windows
[2017.08.22-14.15.22:765][  0]LogDerivedDataCache: Display: Max Cache Size: 512 MB
[2017.08.22-14.15.22:863][  0]LogDerivedDataCache: Loaded boot cache 0.10s 93MB C:/Users/ruthk/AppData/Local/UnrealEngine/4.17/DerivedDataCache/Boot.ddc.
[2017.08.22-14.15.22:863][  0]LogDerivedDataCache: Display: Loaded Boot cache: C:/Users/ruthk/AppData/Local/UnrealEngine/4.17/DerivedDataCache/Boot.ddc
[2017.08.22-14.15.22:863][  0]LogDerivedDataCache: FDerivedDataBackendGraph:  Pak pak cache file C:/Users/ruthk/Documents/Unreal Projects/PointShootKill/PointShootKill/DerivedDataCache/DDC.ddp not found, will not use a pak cache.
[2017.08.22-14.15.22:863][  0]LogDerivedDataCache: Unable to find inner node Pak for hierarchical cache Hierarchy.
[2017.08.22-14.15.22:863][  0]LogDerivedDataCache: FDerivedDataBackendGraph:  CompressedPak pak cache file C:/Users/ruthk/Documents/Unreal Projects/PointShootKill/PointShootKill/DerivedDataCache/Compressed.ddp not found, will not use a pak cache.
[2017.08.22-14.15.22:863][  0]LogDerivedDataCache: Unable to find inner node CompressedPak for hierarchical cache Hierarchy.
[2017.08.22-14.15.22:878][  0]LogDerivedDataCache: Display: Pak cache opened for reading ../../../Engine/DerivedDataCache/Compressed.ddp.
[2017.08.22-14.15.22:891][  0]LogDerivedDataCache: Using Local data cache path C:/Users/ruthk/AppData/Local/UnrealEngine/Common/DerivedDataCache: Writable
[2017.08.22-14.15.22:901][  0]LogMaterial: Verifying Global Shaders for PCD3D_SM5
[2017.08.22-14.15.22:902][  0]LogSlate: Using Freetype 2.6.0
[2017.08.22-14.15.22:903][  0]LogSlate: SlateFontCache - WITH_FREETYPE: 1, WITH_HARFBUZZ: 1
[2017.08.22-14.15.22:903][  0]LogSlate: SlateFontCache - WITH_FREETYPE: 1, WITH_HARFBUZZ: 1
[2017.08.22-14.15.23:169][  0]LogAssetRegistry: FAssetRegistry took 0.0047 seconds to start up
[2017.08.22-14.15.23:202][  0]LogPackageLocalizationCache: Processed 5 localized package path(s) for 2 prioritized culture(s) in 0.014404 seconds
[2017.08.22-14.15.23:286][  0]LogInit: Selected Device Profile: [Windows]
[2017.08.22-14.15.23:404][  0]LogContentStreaming: Texture pool size is 1000.00 MB
[2017.08.22-14.15.23:663][  0]LogSimplygon: Simplygon DLL not present - disabling.
[2017.08.22-14.15.23:698][  0]LogMeshReduction: Using SimplygonSwarm for distributed automatic mesh merging
[2017.08.22-14.15.23:698][  0]LogMeshReduction: Using QuadricMeshReduction for automatic static mesh reduction
[2017.08.22-14.15.23:698][  0]LogMeshReduction: No automatic skeletal mesh reduction module available
[2017.08.22-14.15.23:698][  0]LogMeshReduction: No automatic mesh merging module available
[2017.08.22-14.15.23:698][  0]LogMeshMerging: No automatic mesh merging module available
[2017.08.22-14.15.24:002][  0]LogNetVersion: PointShootKill , NetCL: 3573198, EngineNetVer: 2, GameNetVer: 0 (Checksum: 1180208419)
[2017.08.22-14.15.25:124][  0]LogMoviePlayer: Initializing movie player
[2017.08.22-14.15.25:180][  0]LogWindowsTextInputMethodSystem: Display: IME system now deactivated.
[2017.08.22-14.15.25:432][  0]LogCollectionManager: Loaded 0 collections in 0.001194 seconds
[2017.08.22-14.15.25:483][  0]LogFileCache: Scanning file cache for directory 'C:/Users/ruthk/Documents/Unreal Projects/PointShootKill/PointShootKill/Saved/Collections/' took 0.01s
[2017.08.22-14.15.25:483][  0]LogFileCache: Scanning file cache for directory 'C:/Users/ruthk/Documents/Unreal Projects/PointShootKill/PointShootKill/Content/Developers/Ruthka/Collections/' took 0.01s
[2017.08.22-14.15.25:483][  0]LogFileCache: Scanning file cache for directory 'C:/Users/ruthk/Documents/Unreal Projects/PointShootKill/PointShootKill/Content/Collections/' took 0.01s
[2017.08.22-14.15.25:483][  0]LogCollectionManager: Rebuilt the object cache for 0 collections in 0.000001 seconds (found 0 objects)
[2017.08.22-14.15.25:484][  0]LogCollectionManager: Fixed up redirectors for 0 collections in 0.000083 seconds (updated 0 objects)
[2017.08.22-14.15.25:623][  0]LogTcpMessaging: Initializing TcpMessaging bridge
[2017.08.22-14.15.25:655][  0]LogUdpMessaging: Initializing bridge on interface 0.0.0.0:0 to multicast group 230.0.0.1:6666.
[2017.08.22-14.15.26:042][  0]SourceControl: Source control is disabled
[2017.08.22-14.15.26:042][  0]SourceControl: Source control is disabled
[2017.08.22-14.15.26:085][  0]SourceControl: Source control is disabled
[2017.08.22-14.15.26:266][  0]LogAndroidPermission: UAndroidPermissionCallbackProxy::GetInstance
[2017.08.22-14.15.26:488][  0]LogOcInput: OculusInput pre-init called
[2017.08.22-14.15.26:588][  0]LogUObjectArray: 38661 objects as part of root set at end of initial load.
[2017.08.22-14.15.26:588][  0]LogUObjectAllocator: 8461328 out of 0 bytes used by permanent object pool.
[2017.08.22-14.15.26:588][  0]LogUObjectArray: CloseDisregardForGC: 0/0 objects in disregard for GC pool
[2017.08.22-14.15.26:694][  0]LogEngine: Initializing Engine...
[2017.08.22-14.15.26:696][  0]LogHMD: Failed to initialize OpenVR with code 110
[2017.08.22-14.15.26:923][  0]LogStats: UGameplayTagsManager::ConstructGameplayTagTree: Construct from data asset -  0.000 s
[2017.08.22-14.15.26:923][  0]LogStats: UGameplayTagsManager::ConstructGameplayTagTree: GameplayTagTreeChangedEvent.Broadcast -  0.000 s
[2017.08.22-14.15.26:937][  0]LogInit: XAudio2 using '2477W1M-8 (NVIDIA High Definition Audio)' : 2 channels at 48 kHz using 16 bits per sample (channel mask 0x3)
[2017.08.22-14.15.26:951][  0]LogInit: FAudioDevice initialized.
[2017.08.22-14.15.26:976][  0]LogInit: Texture streaming: Enabled
[2017.08.22-14.15.26:991][  0]LogMaterial: Uniform references updated for custom material expression Custom.
[2017.08.22-14.15.27:214][  0]LogSlateStyle: Warning: Unable to find Slate Widget Style 'NormalText'. Using FTextBlockStyle defaults instead.
[2017.08.22-14.15.27:214][  0]LogSlateStyle: Warning: Unable to find Slate Widget Style 'SpinBox'. Using FSpinBoxStyle defaults instead.
[2017.08.22-14.15.28:120][  0]LogInit: Display: Game Engine Initialized.
[2017.08.22-14.15.28:120][  0]LogGameplayTags: Display: UGameplayTagsManager::DoneAddingNativeTags. DelegateIsBound: 0
[2017.08.22-14.15.28:237][  0]LogInit: Display: Starting Game.
[2017.08.22-14.15.28:237][  0]LogNet: Browse: /Temp/Autosaves/Game/Maps/UEDPCMainMenu?Name=Player
[2017.08.22-14.15.28:237][  0]LogLoad: LoadMap: /Temp/Autosaves/Game/Maps/UEDPCMainMenu?Name=Player
[2017.08.22-14.15.28:263][  0]LogMemory: Platform Memory Stats for Windows
[2017.08.22-14.15.28:263][  0]LogMemory: Process Physical Memory: 916.01 MB used, 964.65 MB peak
[2017.08.22-14.15.28:263][  0]LogMemory: Process Virtual Memory: 1033.31 MB used, 1038.48 MB peak
[2017.08.22-14.15.28:263][  0]LogMemory: Physical Memory: 4437.90 MB used,  3673.18 MB free, 8111.07 MB total
[2017.08.22-14.15.28:263][  0]LogMemory: Virtual Memory: 1640.70 MB used,  3673.18 MB free, 134217728.00 MB total
[2017.08.22-14.15.28:263][  0]LogMemory: 
[2017.08.22-14.15.28:263][  0]Allocator Stats for TBB: (not implemented)
[2017.08.22-14.15.28:381][  0]LogAIModule: Creating AISystem for world MainMenu
[2017.08.22-14.15.28:381][  0]LogLoad: Game class is 'MainMenu_C'
[2017.08.22-14.15.28:383][  0]LogWorld: Bringing World /Temp/Autosaves/Game/Maps/UEDPCMainMenu.MainMenu up for play (max tick rate 0) at 2017.08.22-23.15.28
[2017.08.22-14.15.28:383][  0]LogWorld: Bringing up level for play took: 0.000694
[2017.08.22-14.15.28:401][  0]LogLoad: Took 0.163500 seconds to LoadMap(/Temp/Autosaves/Game/Maps/UEDPCMainMenu)
[2017.08.22-14.15.28:574][  0]LogRenderer: Reallocating scene render targets to support 1280x720 Format 10 NumSamples 1 (Frame:1).
[2017.08.22-14.15.28:574][  0]LogLoad: (Engine Initialization) Total time: 10.65 seconds
[2017.08.22-14.15.28:574][  0]LogLoad: (Engine Initialization) Total Blueprint compile time: 0.00 seconds
[2017.08.22-14.15.28:574][  0]LogExternalProfiler: Found external profiler: VSPerf
[2017.08.22-14.15.28:574][  0]LogExternalProfiler: Using external profiler: VSPerf
[2017.08.22-14.15.30:451][114]LogSlate: Took 0.000342 seconds to synchronously load lazily loaded font '../../../Engine/Content/Slate/Fonts/Roboto-Regular.ttf' (155K)
[2017.08.22-14.15.32:286][228]LogNetVersion: PointShootKill 1.0.0.0, NetCL: 3573198, EngineNetVer: 2, GameNetVer: 0 (Checksum: 1001203919)
[2017.08.22-14.15.32:288][228]LogInit: WinSock: I am Rutka (192.168.0.5:0)
[2017.08.22-14.15.32:374][228]LogPackageName: SearchForPackageOnDisk took   0.085s to resolve Lobby.umap.
[2017.08.22-14.15.32:456][228]LogPackageName: SearchForPackageOnDisk took   0.081s to resolve Lobby.umap.
[2017.08.22-14.15.32:456][228]LogNet: Browse: /Game/Maps/Lobby?listen
[2017.08.22-14.15.32:457][228]LogLoad: LoadMap: /Game/Maps/Lobby?listen
[2017.08.22-14.15.32:477][228]LogMemory: Platform Memory Stats for Windows
[2017.08.22-14.15.32:478][228]LogMemory: Process Physical Memory: 964.65 MB used, 966.56 MB peak
[2017.08.22-14.15.32:478][228]LogMemory: Process Virtual Memory: 1184.27 MB used, 1237.55 MB peak
[2017.08.22-14.15.32:478][228]LogMemory: Physical Memory: 4468.62 MB used,  3642.45 MB free, 8111.07 MB total
[2017.08.22-14.15.32:478][228]LogMemory: Virtual Memory: 1850.91 MB used,  3642.45 MB free, 134217728.00 MB total
[2017.08.22-14.15.32:478][228]LogMemory: 
[2017.08.22-14.15.32:478][228]Allocator Stats for TBB: (not implemented)
[2017.08.22-14.15.32:577][228]LogAIModule: Creating AISystem for world Lobby
[2017.08.22-14.15.32:577][228]LogLoad: Game class is 'LobbyGM_C'
[2017.08.22-14.15.32:578][228]LogTemp: Display: ParseSettings for GameNetDriver
[2017.08.22-14.15.32:578][228]LogTemp: Display: ParseSettings for IpNetDriver_0
[2017.08.22-14.15.32:578][228]LogTemp: Display: ParseSettings for GameNetDriver
[2017.08.22-14.15.32:578][228]LogInit: WinSock: Socket queue 131072 / 131072
[2017.08.22-14.15.32:579][228]PacketHandlerLog: Loaded PacketHandler component: Engine.EngineHandlerComponentFactory (StatelessConnectHandlerComponent)
[2017.08.22-14.15.32:579][228]LogNet: GameNetDriver IpNetDriver_0 IpNetDriver listening on port 7777
[2017.08.22-14.15.32:582][228]LogWorld: Bringing World /Game/Maps/Lobby.Lobby up for play (max tick rate 0) at 2017.08.22-23.15.32
[2017.08.22-14.15.32:582][228]LogWorld: Bringing up level for play took: 0.002376
[2017.08.22-14.15.32:610][228]LogLoad: Took 0.153161 seconds to LoadMap(/Game/Maps/Lobby)
[2017.08.22-14.16.17:327][964]LogWindowsTextInputMethodSystem: Display: IME system now deactivated.
[2017.08.22-14.16.17:331][964]LogScriptCore: Warning: Script Msg: DestroySession - Invalid player state
[2017.08.22-14.16.17:331][964]LogEngine: All Windows Closed
[2017.08.22-14.16.17:331][964]LogWindows: FPlatformMisc::RequestExit(0)
[2017.08.22-14.16.17:335][965]LogNet: World NetDriver shutdown IpNetDriver_0 [GameNetDriver]
[2017.08.22-14.16.17:335][965]LogNet: DestroyNamedNetDriver IpNetDriver_0 [GameNetDriver]
[2017.08.22-14.16.17:336][965]LogExit: GameNetDriver IpNetDriver_0 shut down
[2017.08.22-14.16.17:721][965]LogExit: Preparing to exit.
[2017.08.22-14.16.17:721][965]LogMoviePlayer: Shutting down movie player
[2017.08.22-14.16.18:826][965]LogExit: Game engine shut down
[2017.08.22-14.16.18:884][965]LogExit: Object subsystem successfully closed.
[2017.08.22-14.16.18:907][965]LogD3D11RHI: Shutdown
[2017.08.22-14.16.18:907][965]LogD3D11RHI: CleanupD3DDevice
[2017.08.22-14.16.18:909][965]LogD3D11RHI: ~FD3D11DynamicRHI
[2017.08.22-14.16.18:913][965]LogModuleManager: Shutting down and abandoning module SequenceRecorderSections (307)
[2017.08.22-14.16.18:913][965]LogModuleManager: Shutting down and abandoning module SequenceRecorder (305)
[2017.08.22-14.16.18:913][965]LogModuleManager: Shutting down and abandoning module AutomationController (303)
[2017.08.22-14.16.18:913][965]LogModuleManager: Shutting down and abandoning module AutomationWorker (301)
[2017.08.22-14.16.18:913][965]LogModuleManager: Shutting down and abandoning module Voice (299)
[2017.08.22-14.16.18:913][965]LogModuleManager: Shutting down and abandoning module AIModule (297)
[2017.08.22-14.16.18:913][965]LogModuleManager: Shutting down and abandoning module GameplayDebugger (296)
[2017.08.22-14.16.18:913][965]LogModuleManager: Shutting down and abandoning module AITestSuite (294)
[2017.08.22-14.16.18:913][965]LogModuleManager: Shutting down and abandoning module WmfMediaFactory (291)
[2017.08.22-14.16.18:913][965]LogModuleManager: Shutting down and abandoning module AvfMediaFactory (289)
[2017.08.22-14.16.18:913][965]LogModuleManager: Shutting down and abandoning module AndroidMediaFactory (287)
[2017.08.22-14.16.18:914][965]LogModuleManager: Shutting down and abandoning module Media (286)
[2017.08.22-14.16.18:914][965]LogModuleManager: Shutting down and abandoning module CharacterAI (283)
[2017.08.22-14.16.18:914][965]LogModuleManager: Shutting down and abandoning module SessionServices (281)
[2017.08.22-14.16.18:914][965]LogModuleManager: Shutting down and abandoning module MovieSceneCapture (279)
[2017.08.22-14.16.18:914][965]LogModuleManager: Shutting down and abandoning module MovieSceneTracks (277)
[2017.08.22-14.16.18:914][965]LogModuleManager: Shutting down and abandoning module MovieScene (275)
[2017.08.22-14.16.18:914][965]LogModuleManager: Shutting down and abandoning module GeometryCache (273)
[2017.08.22-14.16.18:914][965]LogModuleManager: Shutting down and abandoning module GeometryCacheEd (272)
[2017.08.22-14.16.18:914][965]LogModuleManager: Shutting down and abandoning module Niagara (269)
[2017.08.22-14.16.18:914][965]LogModuleManager: Shutting down and abandoning module NiagaraEditor (268)
[2017.08.22-14.16.18:914][965]LogModuleManager: Shutting down and abandoning module StreamingPauseRendering (265)
[2017.08.22-14.16.18:914][965]LogModuleManager: Shutting down and abandoning module PortalServices (263)
[2017.08.22-14.16.18:914][965]LogModuleManager: Shutting down and abandoning module PortalRpc (261)
[2017.08.22-14.16.18:914][965]LogModuleManager: Shutting down and abandoning module MessagingRpc (259)
[2017.08.22-14.16.18:914][965]LogModuleManager: Shutting down and abandoning module ProfilerService (257)
[2017.08.22-14.16.18:982][965]LogModuleManager: Shutting down and abandoning module TaskGraph (255)
[2017.08.22-14.16.18:983][965]LogModuleManager: Shutting down and abandoning module SteamVRController (253)
[2017.08.22-14.16.18:983][965]LogModuleManager: Shutting down and abandoning module ProceduralMeshComponent (251)
[2017.08.22-14.16.18:983][965]LogModuleManager: Shutting down and abandoning module OculusInput (249)
[2017.08.22-14.16.18:983][965]LogModuleManager: Shutting down and abandoning module MobilePatchingUtils (247)
[2017.08.22-14.16.18:983][965]LogModuleManager: Shutting down and abandoning module CustomMeshComponent (245)
[2017.08.22-14.16.18:983][965]LogModuleManager: Shutting down and abandoning module CableComponent (243)
[2017.08.22-14.16.18:983][965]LogModuleManager: Shutting down and abandoning module ArchVisCharacter (241)
[2017.08.22-14.16.18:983][965]LogModuleManager: Shutting down and abandoning module AndroidPermission (239)
[2017.08.22-14.16.18:983][965]LogModuleManager: Shutting down and abandoning module HTML5Networking (237)
[2017.08.22-14.16.18:983][965]LogModuleManager: Shutting down and abandoning module VisualStudioSourceCodeAccess (235)
[2017.08.22-14.16.18:983][965]LogModuleManager: Shutting down and abandoning module DesktopPlatform (234)
[2017.08.22-14.16.18:983][965]LogModuleManager: Shutting down and abandoning module HotReload (232)
[2017.08.22-14.16.18:983][965]LogModuleManager: Shutting down and abandoning module UObjectPlugin (229)
[2017.08.22-14.16.18:983][965]LogModuleManager: Shutting down and abandoning module SubversionSourceControl (227)
[2017.08.22-14.16.18:983][965]LogModuleManager: Shutting down and abandoning module PerforceSourceControl (225)
[2017.08.22-14.16.18:983][965]LogModuleManager: Shutting down and abandoning module SourceControl (224)
[2017.08.22-14.16.18:983][965]LogModuleManager: Shutting down and abandoning module RuntimePhysXCooking (221)
[2017.08.22-14.16.18:983][965]LogModuleManager: Shutting down and abandoning module PhysXVehiclesEditor (219)
[2017.08.22-14.16.18:983][965]LogModuleManager: Shutting down and abandoning module PhysXVehicles (217)
[2017.08.22-14.16.18:983][965]LogModuleManager: Shutting down and abandoning module LocationServicesBPLibrary (215)
[2017.08.22-14.16.18:983][965]LogModuleManager: Shutting down and abandoning module ImmediatePhysicsEditor (213)
[2017.08.22-14.16.18:983][965]LogModuleManager: Shutting down and abandoning module ImmediatePhysics (211)
[2017.08.22-14.16.18:983][965]LogModuleManager: Shutting down and abandoning module UdpMessaging (209)
[2017.08.22-14.16.19:083][965]LogModuleManager: Shutting down and abandoning module TcpMessaging (207)
[2017.08.22-14.16.19:644][965]LogModuleManager: Shutting down and abandoning module GameplayTagsEditor (205)
[2017.08.22-14.16.19:644][965]LogModuleManager: Shutting down and abandoning module FacialAnimation (203)
[2017.08.22-14.16.19:644][965]LogModuleManager: Shutting down and abandoning module AssetManagerEditor (201)
[2017.08.22-14.16.19:644][965]LogModuleManager: Shutting down and abandoning module GraphEditor (200)
[2017.08.22-14.16.19:644][965]LogModuleManager: Shutting down and abandoning module ContentBrowser (198)
[2017.08.22-14.16.19:644][965]LogModuleManager: Shutting down and abandoning module CollectionManager (197)
[2017.08.22-14.16.19:644][965]LogDirectoryWatcher: A directory notification for 'C:/Users/ruthk/Documents/Unreal Projects/PointShootKill/PointShootKill/Content/Collections/' was aborted.
[2017.08.22-14.16.19:644][965]LogDirectoryWatcher: A directory notification for 'C:/Users/ruthk/Documents/Unreal Projects/PointShootKill/PointShootKill/Content/Developers/Ruthka/Collections/' was aborted.
[2017.08.22-14.16.19:644][965]LogDirectoryWatcher: A directory notification for 'C:/Users/ruthk/Documents/Unreal Projects/PointShootKill/PointShootKill/Saved/Collections/' was aborted.
[2017.08.22-14.16.19:644][965]LogModuleManager: Shutting down and abandoning module DirectoryWatcher (196)
[2017.08.22-14.16.19:645][965]LogModuleManager: Shutting down and abandoning module LightPropagationVolumeRuntime (191)
[2017.08.22-14.16.19:645][965]LogModuleManager: Shutting down and abandoning module Paper2D (189)
[2017.08.22-14.16.19:645][965]LogModuleManager: Shutting down and abandoning module WindowsMoviePlayer (187)
[2017.08.22-14.16.19:645][965]LogModuleManager: Shutting down and abandoning module WmfMedia (185)
[2017.08.22-14.16.19:645][965]LogModuleManager: Shutting down and abandoning module PacketHandler (183)
[2017.08.22-14.16.19:645][965]LogModuleManager: Shutting down and abandoning module ClothingSystemEditor (181)
[2017.08.22-14.16.19:645][965]LogModuleManager: Shutting down and abandoning module ClothingSystemRuntime (179)
[2017.08.22-14.16.19:645][965]LogModuleManager: Shutting down and abandoning module Overlay (177)
[2017.08.22-14.16.19:645][965]LogModuleManager: Shutting down and abandoning module OverlayEditor (176)
[2017.08.22-14.16.19:645][965]LogModuleManager: Shutting down and abandoning module MediaAssets (173)
[2017.08.22-14.16.19:645][965]LogModuleManager: Shutting down and abandoning module VREditor (171)
[2017.08.22-14.16.19:645][965]LogModuleManager: Shutting down and abandoning module StringTableEditor (169)
[2017.08.22-14.16.19:645][965]LogModuleManager: Shutting down and abandoning module GameplayTasksEditor (167)
[2017.08.22-14.16.19:645][965]LogModuleManager: Shutting down and abandoning module BehaviorTreeEditor (165)
[2017.08.22-14.16.19:645][965]LogModuleManager: Shutting down and abandoning module FunctionalTesting (163)
[2017.08.22-14.16.19:645][965]LogModuleManager: Shutting down and abandoning module CollisionAnalyzer (161)
[2017.08.22-14.16.19:645][965]LogModuleManager: Shutting down and abandoning module WorkspaceMenuStructure (160)
[2017.08.22-14.16.19:645][965]LogModuleManager: Shutting down and abandoning module UMG (157)
[2017.08.22-14.16.19:645][965]LogModuleManager: Shutting down and abandoning module UMGEditor (156)
[2017.08.22-14.16.19:645][965]LogModuleManager: Shutting down and abandoning module Sequencer (155)
[2017.08.22-14.16.19:645][965]LogModuleManager: Shutting down and abandoning module MessageLog (152)
[2017.08.22-14.16.19:645][965]LogModuleManager: Shutting down and abandoning module SlateReflector (147)
[2017.08.22-14.16.19:645][965]LogModuleManager: Shutting down and abandoning module Slate (145)
[2017.08.22-14.16.19:645][965]LogModuleManager: Shutting down and abandoning module EditorStyle (143)
[2017.08.22-14.16.19:646][965]LogModuleManager: Shutting down and abandoning module MRMesh (141)
[2017.08.22-14.16.19:646][965]LogModuleManager: Shutting down and abandoning module Messaging (139)
[2017.08.22-14.16.19:646][965]LogModuleManager: Shutting down and abandoning module SourceCodeAccess (137)
[2017.08.22-14.16.19:646][965]LogModuleManager: Shutting down and abandoning module HeadMountedDisplay (135)
[2017.08.22-14.16.19:646][965]LogModuleManager: Shutting down and abandoning module XAudio2 (133)
[2017.08.22-14.16.19:646][965]LogModuleManager: Shutting down and abandoning module Networking (131)
[2017.08.22-14.16.19:646][965]LogModuleManager: Shutting down and abandoning module Core (129)
[2017.08.22-14.16.19:646][965]LogModuleManager: Shutting down and abandoning module KismetCompiler (127)
[2017.08.22-14.16.19:646][965]LogModuleManager: Shutting down and abandoning module LevelSequence (125)
[2017.08.22-14.16.19:646][965]LogModuleManager: Shutting down and abandoning module MeshUtilities (123)
[2017.08.22-14.16.19:647][965]LogModuleManager: Shutting down and abandoning module MeshMergeUtilities (122)
[2017.08.22-14.16.19:647][965]LogModuleManager: Shutting down and abandoning module MeshReductionInterface (121)
[2017.08.22-14.16.19:647][965]LogModuleManager: Shutting down and abandoning module SimplygonSwarm (120)
[2017.08.22-14.16.19:647][965]LogModuleManager: Shutting down and abandoning module SimplygonMeshReduction (118)
[2017.08.22-14.16.19:647][965]LogModuleManager: Shutting down and abandoning module QuadricMeshReduction (116)
[2017.08.22-14.16.19:647][965]LogModuleManager: Shutting down and abandoning module MaterialBaking (112)
[2017.08.22-14.16.19:647][965]LogModuleManager: Shutting down and abandoning module DerivedDataCache (107)
[2017.08.22-14.16.19:933][965]LogDerivedDataCache: Shutdown
[2017.08.22-14.16.19:933][965]LogModuleManager: Shutting down and abandoning module TargetPlatform (105)
[2017.08.22-14.16.19:933][965]LogModuleManager: Shutting down and abandoning module VulkanShaderFormat (104)
[2017.08.22-14.16.19:933][965]LogModuleManager: Shutting down and abandoning module ShaderFormatVectorVM (102)
[2017.08.22-14.16.19:933][965]LogModuleManager: Shutting down and abandoning module ShaderFormatOpenGL (100)
[2017.08.22-14.16.19:933][965]LogModuleManager: Shutting down and abandoning module ShaderFormatD3D (98)
[2017.08.22-14.16.19:933][965]LogModuleManager: Shutting down and abandoning module MetalShaderFormat (96)
[2017.08.22-14.16.19:933][965]LogModuleManager: Shutting down and abandoning module TextureFormatUncompressed (94)
[2017.08.22-14.16.19:933][965]LogModuleManager: Shutting down and abandoning module TextureFormatPVR (92)
[2017.08.22-14.16.19:933][965]LogModuleManager: Shutting down and abandoning module TextureFormatDXT (90)
[2017.08.22-14.16.19:933][965]LogModuleManager: Shutting down and abandoning module TextureFormatIntelISPCTexComp (88)
[2017.08.22-14.16.19:933][965]LogModuleManager: Shutting down and abandoning module TextureFormatASTC (86)
[2017.08.22-14.16.19:933][965]LogModuleManager: Shutting down and abandoning module ImageWrapper (85)
[2017.08.22-14.16.19:933][965]LogModuleManager: Shutting down and abandoning module TextureFormatAndroid (82)
[2017.08.22-14.16.19:933][965]LogModuleManager: Shutting down and abandoning module AudioFormatOpus (80)
[2017.08.22-14.16.19:933][965]LogModuleManager: Shutting down and abandoning module AudioFormatOgg (78)
[2017.08.22-14.16.19:933][965]LogModuleManager: Shutting down and abandoning module AudioFormatADPCM (76)
[2017.08.22-14.16.19:933][965]LogModuleManager: Shutting down and abandoning module WindowsTargetPlatform (74)
[2017.08.22-14.16.19:933][965]LogModuleManager: Shutting down and abandoning module WindowsServerTargetPlatform (72)
[2017.08.22-14.16.19:933][965]LogModuleManager: Shutting down and abandoning module WindowsNoEditorTargetPlatform (70)
[2017.08.22-14.16.19:933][965]LogModuleManager: Shutting down and abandoning module WindowsClientTargetPlatform (68)
[2017.08.22-14.16.19:933][965]LogModuleManager: Shutting down and abandoning module InputCore (65)
[2017.08.22-14.16.19:933][965]LogModuleManager: Shutting down and abandoning module Settings (63)
[2017.08.22-14.16.19:933][965]LogModuleManager: Shutting down and abandoning module PhysXCooking (61)
[2017.08.22-14.16.19:933][965]LogModuleManager: Shutting down and abandoning module SteamVR (59)
[2017.08.22-14.16.19:933][965]LogModuleManager: Shutting down and abandoning module OculusHMD (57)
[2017.08.22-14.16.19:933][965]LogModuleManager: Shutting down and abandoning module ExampleDeviceProfileSelector (55)
[2017.08.22-14.16.19:933][965]LogModuleManager: Shutting down and abandoning module OnlineBlueprintSupport (53)
[2017.08.22-14.16.19:933][965]LogModuleManager: Shutting down and abandoning module OnlineSubsystem (49)
[2017.08.22-14.16.19:933][965]LogOnline: Display: OSS: FOnlineSubsystemNull::Shutdown()
[2017.08.22-14.16.19:933][965]LogOnline: Display: OSS: FOnlineAsyncTaskManager::Stop() ActiveTask:0000000000000000 Tasks[0/0]
[2017.08.22-14.16.19:934][965]LogOnline: Display: OSS: FOnlineAsyncTaskManager::Exit() started
[2017.08.22-14.16.19:934][965]LogOnline: Display: OSS: FOnlineAsyncTaskManager::Exit() finished
[2017.08.22-14.16.19:934][965]LogOnline: Display: Unloading online subsystem: NULL
[2017.08.22-14.16.19:934][965]LogModuleManager: Shutting down and abandoning module XMPP (43)
[2017.08.22-14.16.19:934][965]LogModuleManager: Shutting down and abandoning module HTTP (41)
[2017.08.22-14.16.19:965][965]LogModuleManager: Shutting down and abandoning module SSL (40)
[2017.08.22-14.16.19:967][965]LogModuleManager: Shutting down and abandoning module AnimationModifiers (36)
[2017.08.22-14.16.19:967][965]LogModuleManager: Shutting down and abandoning module PropertyEditor (35)
[2017.08.22-14.16.19:967][965]LogModuleManager: Shutting down and abandoning module AudioEditor (32)
[2017.08.22-14.16.19:967][965]LogModuleManager: Shutting down and abandoning module TextureCompressor (30)
[2017.08.22-14.16.19:967][965]LogModuleManager: Shutting down and abandoning module ShaderCore (28)
[2017.08.22-14.16.19:967][965]LogModuleManager: Shutting down and abandoning module Landscape (26)
[2017.08.22-14.16.19:967][965]LogModuleManager: Shutting down and abandoning module SlateRHIRenderer (24)
[2017.08.22-14.16.19:967][965]LogModuleManager: Shutting down and abandoning module OpenGLDrv (22)
[2017.08.22-14.16.19:968][965]LogModuleManager: Shutting down and abandoning module D3D11RHI (20)
[2017.08.22-14.16.19:968][965]LogModuleManager: Shutting down and abandoning module AnimGraphRuntime (18)
[2017.08.22-14.16.19:968][965]LogModuleManager: Shutting down and abandoning module Renderer (16)
[2017.08.22-14.16.19:968][965]LogModuleManager: Shutting down and abandoning module Engine (14)
[2017.08.22-14.16.19:968][965]LogModuleManager: Shutting down and abandoning module CoreUObject (12)
[2017.08.22-14.16.19:968][965]LogModuleManager: Shutting down and abandoning module NetworkFile (10)
[2017.08.22-14.16.19:968][965]LogModuleManager: Shutting down and abandoning module CookedIterativeFile (8)
[2017.08.22-14.16.19:968][965]LogModuleManager: Shutting down and abandoning module StreamingFile (6)
[2017.08.22-14.16.19:968][965]LogModuleManager: Shutting down and abandoning module SandboxFile (4)
[2017.08.22-14.16.19:968][965]LogModuleManager: Shutting down and abandoning module PakFile (2)
[2017.08.22-14.16.19:970][965]LogExit: Exiting.
[2017.08.22-14.16.19:973][965]Log file closed, 08/22/17 23:16:19
