Log file open, 08/20/17 18:27:12
LogWindows: LoadLibraryWithSearchPaths failed for file aqProf.dll. GetLastError=0
LogWindows: LoadLibraryWithSearchPaths failed for file VSPerf140.dll. GetLastError=0
LogWindows: LoadLibraryWithSearchPaths failed for file VtuneApi.dll. GetLastError=0
LogWindows: LoadLibraryWithSearchPaths failed for file VtuneApi32e.dll. GetLastError=0
LogInit: Display: Running engine for game: PointShootKill
LogPlatformFile: Not using cached read wrapper
LogInit: Display: RandInit(-1594766734) SRandInit(-1594766734).
LogTaskGraph: Started task graph with 5 named threads and 14 total threads with 3 sets of task threads.
LogStats: Stats thread started at 0.158776
LogD3D11RHI: Aftermath initialized
LogPluginManager: Mounting plugin Paper2D
LogPluginManager: Mounting plugin LightPropagationVolume
LogPluginManager: Mounting plugin CodeLiteSourceCodeAccess
LogPluginManager: Mounting plugin GitSourceControl
LogPluginManager: Mounting plugin KDevelopSourceCodeAccess
LogPluginManager: Mounting plugin NullSourceCodeAccess
LogPluginManager: Mounting plugin PerforceSourceControl
LogPluginManager: Mounting plugin SubversionSourceControl
LogPluginManager: Mounting plugin UObjectPlugin
LogPluginManager: Mounting plugin VisualStudioSourceCodeAccess
LogPluginManager: Mounting plugin XCodeSourceCodeAccess
LogPluginManager: Mounting plugin AssetManagerEditor
LogPluginManager: Mounting plugin AudioCapture
LogPluginManager: Mounting plugin FacialAnimation
LogPluginManager: Mounting plugin GameplayTagsEditor
LogPluginManager: Mounting plugin MobileLauncherProfileWizard
LogPluginManager: Mounting plugin PluginBrowser
LogPluginManager: Mounting plugin SpeedTreeImporter
LogPluginManager: Mounting plugin AlembicImporter
LogPluginManager: Mounting plugin CharacterAI
LogPluginManager: Mounting plugin HTML5Networking
LogPluginManager: Mounting plugin AndroidMedia
LogPluginManager: Mounting plugin AvfMedia
LogPluginManager: Mounting plugin MediaPlayerEditor
LogPluginManager: Mounting plugin WmfMedia
LogPluginManager: Mounting plugin TcpMessaging
LogPluginManager: Mounting plugin UdpMessaging
LogPluginManager: Mounting plugin LevelSequenceEditor
LogPluginManager: Mounting plugin MatineeToLevelSequence
LogPluginManager: Mounting plugin OnlineSubsystemGooglePlay
LogPluginManager: Mounting plugin OnlineSubsystemIOS
LogPluginManager: Mounting plugin OnlineSubsystem
LogPluginManager: Mounting plugin OnlineSubsystemNull
LogPluginManager: Mounting plugin OnlineSubsystemUtils
LogPluginManager: Mounting plugin AndroidDeviceProfileSelector
LogPluginManager: Mounting plugin AndroidMoviePlayer
LogPluginManager: Mounting plugin AndroidPermission
LogPluginManager: Mounting plugin AppleMoviePlayer
LogPluginManager: Mounting plugin ArchVisCharacter
LogPluginManager: Mounting plugin CableComponent
LogPluginManager: Mounting plugin CustomMeshComponent
LogPluginManager: Mounting plugin ExampleDeviceProfileSelector
LogPluginManager: Mounting plugin GoogleCloudMessaging
LogPluginManager: Mounting plugin ImmediatePhysics
LogPluginManager: Mounting plugin IOSDeviceProfileSelector
LogPluginManager: Mounting plugin LinuxDeviceProfileSelector
LogPluginManager: Mounting plugin LocationServicesBPLibrary
LogPluginManager: Mounting plugin MobilePatchingUtils
LogPluginManager: Mounting plugin OculusVR
LogPluginManager: Mounting plugin PhysXVehicles
LogPluginManager: Mounting plugin ProceduralMeshComponent
LogPluginManager: Mounting plugin RuntimePhysXCooking
LogPluginManager: Mounting plugin SteamVR
LogPluginManager: Mounting plugin WindowsMoviePlayer
LogInit: Using libcurl 7.47.1
LogInit:  - built for x86_64-pc-win32
LogInit:  - supports SSL with OpenSSL/1.0.2g
LogInit:  - supports HTTP deflate (compression) using libz 1.2.8
LogInit:  - other features:
LogInit:      CURL_VERSION_SSL
LogInit:      CURL_VERSION_LIBZ
LogInit:      CURL_VERSION_IPV6
LogInit:      CURL_VERSION_ASYNCHDNS
LogInit:      CURL_VERSION_LARGEFILE
LogInit:      CURL_VERSION_IDN
LogInit:  CurlRequestOptions (configurable via config and command line):
LogInit:  - bVerifyPeer = false  - Libcurl will NOT verify peer certificate
LogInit:  - bUseHttpProxy = false  - Libcurl will NOT use HTTP proxy
LogInit:  - bDontReuseConnections = false  - Libcurl will reuse connections
LogInit:  - CertBundlePath = nullptr  - Libcurl will use whatever was configured at build time.
LogModuleManager: Warning: No filename provided for module OnlineSubsystemLAN
LogModuleManager: Warning: ModuleManager: Unable to load module 'OnlineSubsystemLAN' because the file 'C:/Program Files/Epic Games/UE_4.17/Engine/Binaries/Win64/' was not found.
LogInit: WinSock: version 1.1 (2.2), MaxSocks=32767, MaxUdp=65467
LogInit: Build: ++UE4+Release-4.17-CL-3573198
LogInit: Engine Version: 4.17.0-3573198+++UE4+Release-4.17
LogInit: Compatible Engine Version: 4.17.0-3573198+++UE4+Release-4.17
LogInit: Net CL: 3573198
LogDevObjectVersion: Number of dev versions registered: 16
LogDevObjectVersion:   Dev-Blueprints (B0D832E4-1F89-4F0D-ACCF-7EB736FD4AA2): 10
LogDevObjectVersion:   Dev-Build (E1C64328-A22C-4D53-A36C-8E866417BD8C): 0
LogDevObjectVersion:   Dev-Core (375EC13C-06E4-48FB-B500-84F0262A717E): 2
LogDevObjectVersion:   Dev-Editor (E4B068ED-F494-42E9-A231-DA0B2E46BB41): 20
LogDevObjectVersion:   Dev-Framework (CFFC743F-43B0-4480-9391-14DF171D2073): 28
LogDevObjectVersion:   Dev-Mobile (B02B49B5-BB20-44E9-A304-32B752E40360): 0
LogDevObjectVersion:   Dev-Networking (A4E4105C-59A1-49B5-A7C5-40C4547EDFEE): 0
LogDevObjectVersion:   Dev-Online (39C831C9-5AE6-47DC-9A44-9C173E1C8E7C): 0
LogDevObjectVersion:   Dev-Physics (78F01B33-EBEA-4F98-B9B4-84EACCB95AA2): 0
LogDevObjectVersion:   Dev-Platform (6631380F-2D4D-43E0-8009-CF276956A95A): 0
LogDevObjectVersion:   Dev-Rendering (12F88B9F-8875-4AFC-A67C-D90C383ABD29): 19
LogDevObjectVersion:   Dev-Sequencer (7B5AE74C-D270-4C10-A958-57980B212A5A): 4
LogDevObjectVersion:   Dev-VR (D7296918-1DD6-4BDD-9DE2-64A83CC13884): 0
LogDevObjectVersion:   Dev-LoadTimes (C2A15278-BFE7-4AFE-6C17-90FF531DF755): 1
LogDevObjectVersion:   Private-Geometry (6EACA3D4-40EC-4CC1-B786-8BED09428FC5): 1
LogDevObjectVersion:   Dev-AnimPhys (29E575DD-E0A3-4627-9D10-D276232CDCEA): 7
LogInit: Compiled (64-bit): Aug  4 2017 16:30:33
LogInit: Compiled with Visual C++: 19.00.24215.01
LogInit: Build Configuration: Development
LogInit: Branch Name: ++UE4+Release-4.17
LogInit: Command line:  /Temp/Autosaves/Game/Maps/UEDPCMainMenu -game -PIEVIACONSOLE -ResX=1280 -ResY=720  -Multiprocess -messaging -SessionName="Play in Standalone Game" -windowed 
LogInit: Base directory: C:/Program Files/Epic Games/UE_4.17/Engine/Binaries/Win64/
LogInit: Installed Engine Build: 1
LogInit: Presizing for max 8388607 objects, including 0 objects not considered by GC, pre-allocating 0 bytes for permanent pool.
LogInit: Object subsystem initialized
[2017.08.20-09.27.12:824][  0]LogInit: Selected Device Profile: [Windows]
[2017.08.20-09.27.12:824][  0]LogInit: Applying CVar settings loaded from the selected device profile: [Windows]
[2017.08.20-09.27.12:830][  0]LogInit: Computer: COOLKYS-PC
[2017.08.20-09.27.12:830][  0]LogInit: User: YounsooKim
[2017.08.20-09.27.12:830][  0]LogInit: CPU Page size=4096, Cores=4
[2017.08.20-09.27.12:830][  0]LogInit: High frequency timer resolution =3.914070 MHz
[2017.08.20-09.27.12:830][  0]LogMemory: Memory total: Physical=8.0GB (8GB approx)
[2017.08.20-09.27.12:830][  0]LogMemory: Platform Memory Stats for Windows
[2017.08.20-09.27.12:830][  0]LogMemory: Process Physical Memory: 279.64 MB used, 279.64 MB peak
[2017.08.20-09.27.12:830][  0]LogMemory: Process Virtual Memory: 282.44 MB used, 282.44 MB peak
[2017.08.20-09.27.12:830][  0]LogMemory: Physical Memory: 4491.63 MB used,  3653.80 MB free, 8145.43 MB total
[2017.08.20-09.27.12:830][  0]LogMemory: Virtual Memory: 678.23 MB used,  3653.80 MB free, 134217728.00 MB total
[2017.08.20-09.27.12:966][  0]LogInit: Using OS detected language (en-US).
[2017.08.20-09.27.12:966][  0]LogInit: Using OS detected locale (en-US).
[2017.08.20-09.27.12:968][  0]LogTextLocalizationManager: No specific localization for 'en-US' exists, so the 'en' localization will be used.
[2017.08.20-09.27.13:353][  0]LogD3D11RHI: D3D11 adapters:
[2017.08.20-09.27.13:819][  0]LogD3D11RHI:    0. 'NVIDIA GeForce GTX 750 Ti' (Feature Level 11_0)
[2017.08.20-09.27.13:819][  0]LogD3D11RHI:       2017/0/4072 MB DedicatedVideo/DedicatedSystem/SharedSystem, Outputs:2, VendorId:0x10de
[2017.08.20-09.27.13:820][  0]LogD3D11RHI:    1. 'Microsoft Basic Render Driver' (Feature Level 11_0)
[2017.08.20-09.27.13:820][  0]LogD3D11RHI:       0/0/4072 MB DedicatedVideo/DedicatedSystem/SharedSystem, Outputs:0, VendorId:0x1414
[2017.08.20-09.27.13:820][  0]LogD3D11RHI: Chosen D3D11 Adapter: 0
[2017.08.20-09.27.13:826][  0]LogD3D11RHI: Creating new Direct3DDevice
[2017.08.20-09.27.13:826][  0]LogD3D11RHI:     GPU DeviceId: 0x1380 (for the marketing name, search the web for "GPU Device Id")
[2017.08.20-09.27.13:826][  0]LogWindows: EnumDisplayDevices:
[2017.08.20-09.27.13:826][  0]LogWindows:    0. 'NVIDIA GeForce GTX 750 Ti' (P:1 D:1)
[2017.08.20-09.27.13:827][  0]LogWindows:    1. 'NVIDIA GeForce GTX 750 Ti' (P:0 D:1)
[2017.08.20-09.27.13:827][  0]LogWindows:    2. 'NVIDIA GeForce GTX 750 Ti' (P:0 D:0)
[2017.08.20-09.27.13:827][  0]LogWindows:    3. 'NVIDIA GeForce GTX 750 Ti' (P:0 D:0)
[2017.08.20-09.27.13:827][  0]LogWindows: DebugString: FoundDriverCount:4 
[2017.08.20-09.27.13:827][  0]LogD3D11RHI:     Adapter Name: NVIDIA GeForce GTX 750 Ti
[2017.08.20-09.27.13:827][  0]LogD3D11RHI:   Driver Version: 382.05 (internal:22.21.13.8205, unified:382.05)
[2017.08.20-09.27.13:827][  0]LogD3D11RHI:      Driver Date: 5-1-2017
[2017.08.20-09.27.13:827][  0]LogRHI: Texture pool is 1361 MB (70% of 1945 MB)
[2017.08.20-09.27.14:263][  0]LogD3D11RHI: Async texture creation enabled
[2017.08.20-09.27.14:408][  0]LogD3D11RHI: GPU Timing Frequency: 1000.000000 (Debug: 2 1)
[2017.08.20-09.27.14:459][  0]LogShaderCompilers: Guid format shader working directory is -10 characters bigger than the processId version (../../../../../../NetworkShared/PointShootKill/PointShootKill/Intermediate/Shaders/WorkingDirectory/10600/).
[2017.08.20-09.27.14:459][  0]LogShaderCompilers: Cleaned the shader compiler working directory 'C:/Users/Younsoo Kim/AppData/Local/Temp/UnrealShaderWorkingDir/431456D4438CDDB8D8A4878AD08B81B5/'.
[2017.08.20-09.27.14:459][  0]LogShaderCompilers: Display: Using Local Shader Compiler.
[2017.08.20-09.27.15:173][  0]LogTemp: Display: Loaded TP WindowsClientTargetPlatform
[2017.08.20-09.27.15:216][  0]LogTemp: Display: Loaded TP WindowsNoEditorTargetPlatform
[2017.08.20-09.27.15:258][  0]LogTemp: Display: Loaded TP WindowsServerTargetPlatform
[2017.08.20-09.27.15:301][  0]LogTemp: Display: Loaded TP WindowsTargetPlatform
[2017.08.20-09.27.15:301][  0]LogTargetPlatformManager: Display: Building Assets For Windows
[2017.08.20-09.27.15:705][  0]LogDerivedDataCache: Display: Max Cache Size: 512 MB
[2017.08.20-09.27.15:793][  0]LogDerivedDataCache: Loaded boot cache 0.09s 93MB C:/Users/Younsoo Kim/AppData/Local/UnrealEngine/4.17/DerivedDataCache/Boot.ddc.
[2017.08.20-09.27.15:793][  0]LogDerivedDataCache: Display: Loaded Boot cache: C:/Users/Younsoo Kim/AppData/Local/UnrealEngine/4.17/DerivedDataCache/Boot.ddc
[2017.08.20-09.27.15:793][  0]LogDerivedDataCache: FDerivedDataBackendGraph:  Pak pak cache file ../../../../../../NetworkShared/PointShootKill/PointShootKill/DerivedDataCache/DDC.ddp not found, will not use a pak cache.
[2017.08.20-09.27.15:793][  0]LogDerivedDataCache: Unable to find inner node Pak for hierarchical cache Hierarchy.
[2017.08.20-09.27.15:793][  0]LogDerivedDataCache: FDerivedDataBackendGraph:  CompressedPak pak cache file ../../../../../../NetworkShared/PointShootKill/PointShootKill/DerivedDataCache/Compressed.ddp not found, will not use a pak cache.
[2017.08.20-09.27.15:793][  0]LogDerivedDataCache: Unable to find inner node CompressedPak for hierarchical cache Hierarchy.
[2017.08.20-09.27.15:805][  0]LogDerivedDataCache: Display: Pak cache opened for reading ../../../Engine/DerivedDataCache/Compressed.ddp.
[2017.08.20-09.27.15:817][  0]LogDerivedDataCache: Using Local data cache path C:/Users/Younsoo Kim/AppData/Local/UnrealEngine/Common/DerivedDataCache: Writable
[2017.08.20-09.27.15:825][  0]LogMaterial: Verifying Global Shaders for PCD3D_SM5
[2017.08.20-09.27.15:825][  0]LogSlate: Using Freetype 2.6.0
[2017.08.20-09.27.15:825][  0]LogSlate: SlateFontCache - WITH_FREETYPE: 1, WITH_HARFBUZZ: 1
[2017.08.20-09.27.15:825][  0]LogSlate: SlateFontCache - WITH_FREETYPE: 1, WITH_HARFBUZZ: 1
[2017.08.20-09.27.16:006][  0]LogAssetRegistry: FAssetRegistry took 0.0033 seconds to start up
[2017.08.20-09.27.16:032][  0]LogPackageLocalizationCache: Processed 5 localized package path(s) for 2 prioritized culture(s) in 0.006819 seconds
[2017.08.20-09.27.16:098][  0]LogInit: Selected Device Profile: [Windows]
[2017.08.20-09.27.16:196][  0]LogContentStreaming: Texture pool size is 1000.00 MB
[2017.08.20-09.27.16:445][  0]LogSimplygon: Simplygon DLL not present - disabling.
[2017.08.20-09.27.16:480][  0]LogMeshReduction: Using SimplygonSwarm for distributed automatic mesh merging
[2017.08.20-09.27.16:480][  0]LogMeshReduction: Using QuadricMeshReduction for automatic static mesh reduction
[2017.08.20-09.27.16:480][  0]LogMeshReduction: No automatic skeletal mesh reduction module available
[2017.08.20-09.27.16:480][  0]LogMeshReduction: No automatic mesh merging module available
[2017.08.20-09.27.16:480][  0]LogMeshMerging: No automatic mesh merging module available
[2017.08.20-09.27.16:728][  0]LogNetVersion: PointShootKill , NetCL: 3573198, EngineNetVer: 2, GameNetVer: 0 (Checksum: 1180208419)
[2017.08.20-09.27.17:861][  0]LogMoviePlayer: Initializing movie player
[2017.08.20-09.27.17:928][  0]LogWindowsTextInputMethodSystem: Display: IME system now deactivated.
[2017.08.20-09.27.18:161][  0]LogCollectionManager: Loaded 0 collections in 0.001156 seconds
[2017.08.20-09.27.18:212][  0]LogFileCache: Scanning file cache for directory 'C:/NetworkShared/PointShootKill/PointShootKill/Saved/Collections/' took 0.01s
[2017.08.20-09.27.18:212][  0]LogFileCache: Scanning file cache for directory 'C:/NetworkShared/PointShootKill/PointShootKill/Content/Developers/YounsooKim/Collections/' took 0.01s
[2017.08.20-09.27.18:212][  0]LogFileCache: Scanning file cache for directory 'C:/NetworkShared/PointShootKill/PointShootKill/Content/Collections/' took 0.01s
[2017.08.20-09.27.18:212][  0]LogCollectionManager: Rebuilt the object cache for 0 collections in 0.000001 seconds (found 0 objects)
[2017.08.20-09.27.18:212][  0]LogCollectionManager: Fixed up redirectors for 0 collections in 0.000063 seconds (updated 0 objects)
[2017.08.20-09.27.18:348][  0]LogTcpMessaging: Initializing TcpMessaging bridge
[2017.08.20-09.27.18:381][  0]LogUdpMessaging: Initializing bridge on interface 0.0.0.0:0 to multicast group 230.0.0.1:6666.
[2017.08.20-09.27.18:761][  0]SourceControl: Source control is disabled
[2017.08.20-09.27.18:761][  0]SourceControl: Source control is disabled
[2017.08.20-09.27.18:801][  0]SourceControl: Source control is disabled
[2017.08.20-09.27.18:975][  0]LogAndroidPermission: UAndroidPermissionCallbackProxy::GetInstance
[2017.08.20-09.27.19:172][  0]LogOcInput: OculusInput pre-init called
[2017.08.20-09.27.19:259][  0]LogUObjectArray: 38661 objects as part of root set at end of initial load.
[2017.08.20-09.27.19:259][  0]LogUObjectAllocator: 8461320 out of 0 bytes used by permanent object pool.
[2017.08.20-09.27.19:259][  0]LogUObjectArray: CloseDisregardForGC: 0/0 objects in disregard for GC pool
[2017.08.20-09.27.19:351][  0]LogEngine: Initializing Engine...
[2017.08.20-09.27.19:352][  0]LogHMD: Failed to initialize OpenVR with code 110
[2017.08.20-09.27.19:523][  0]LogStats: UGameplayTagsManager::ConstructGameplayTagTree: Construct from data asset -  0.000 s
[2017.08.20-09.27.19:523][  0]LogStats: UGameplayTagsManager::ConstructGameplayTagTree: GameplayTagTreeChangedEvent.Broadcast -  0.000 s
[2017.08.20-09.27.19:538][  0]LogInit: XAudio2 using 'Speakers (Realtek High Definition Audio)' : 2 channels at 48 kHz using 32 bits per sample (channel mask 0x3)
[2017.08.20-09.27.19:558][  0]LogInit: FAudioDevice initialized.
[2017.08.20-09.27.19:581][  0]LogInit: Texture streaming: Enabled
[2017.08.20-09.27.19:600][  0]LogMaterial: Uniform references updated for custom material expression Custom.
[2017.08.20-09.27.19:818][  0]LogSlateStyle: Warning: Unable to find Slate Widget Style 'NormalText'. Using FTextBlockStyle defaults instead.
[2017.08.20-09.27.19:818][  0]LogSlateStyle: Warning: Unable to find Slate Widget Style 'SpinBox'. Using FSpinBoxStyle defaults instead.
[2017.08.20-09.27.20:274][  0]LogInit: Display: Game Engine Initialized.
[2017.08.20-09.27.20:274][  0]LogGameplayTags: Display: UGameplayTagsManager::DoneAddingNativeTags. DelegateIsBound: 0
[2017.08.20-09.27.20:401][  0]LogInit: Display: Starting Game.
[2017.08.20-09.27.20:401][  0]LogNet: Browse: /Temp/Autosaves/Game/Maps/UEDPCMainMenu?Name=Player
[2017.08.20-09.27.20:402][  0]LogLoad: LoadMap: /Temp/Autosaves/Game/Maps/UEDPCMainMenu?Name=Player
[2017.08.20-09.27.20:420][  0]LogMemory: Platform Memory Stats for Windows
[2017.08.20-09.27.20:420][  0]LogMemory: Process Physical Memory: 867.24 MB used, 970.42 MB peak
[2017.08.20-09.27.20:420][  0]LogMemory: Process Virtual Memory: 1010.13 MB used, 1036.66 MB peak
[2017.08.20-09.27.20:420][  0]LogMemory: Physical Memory: 4983.25 MB used,  3162.18 MB free, 8145.43 MB total
[2017.08.20-09.27.20:420][  0]LogMemory: Virtual Memory: 1638.94 MB used,  3162.18 MB free, 134217728.00 MB total
[2017.08.20-09.27.20:420][  0]LogMemory: 
[2017.08.20-09.27.20:420][  0]Allocator Stats for TBB: (not implemented)
[2017.08.20-09.27.20:536][  0]LogAIModule: Creating AISystem for world MainMenu
[2017.08.20-09.27.20:536][  0]LogLoad: Game class is 'MainMenu_C'
[2017.08.20-09.27.20:536][  0]LogWorld: Bringing World /Temp/Autosaves/Game/Maps/UEDPCMainMenu.MainMenu up for play (max tick rate 0) at 2017.08.20-18.27.20
[2017.08.20-09.27.20:537][  0]LogWorld: Bringing up level for play took: 0.000415
[2017.08.20-09.27.20:557][  0]LogLoad: Took 0.155981 seconds to LoadMap(/Temp/Autosaves/Game/Maps/UEDPCMainMenu)
[2017.08.20-09.27.20:729][  0]LogRenderer: Reallocating scene render targets to support 1280x720 Format 10 NumSamples 1 (Frame:1).
[2017.08.20-09.27.20:729][  0]LogLoad: (Engine Initialization) Total time: 9.29 seconds
[2017.08.20-09.27.20:729][  0]LogLoad: (Engine Initialization) Total Blueprint compile time: 0.00 seconds
[2017.08.20-09.27.20:729][  0]LogExternalProfiler: No external profilers were discovered.  External profiling features will not be available.
[2017.08.20-09.28.03:589][648]LogSlate: Took 0.000198 seconds to synchronously load lazily loaded font '../../../Engine/Content/Slate/Fonts/Roboto-Regular.ttf' (155K)
[2017.08.20-09.28.35:749][642]LogNetVersion: PointShootKill 1.0.0.0, NetCL: 3573198, EngineNetVer: 2, GameNetVer: 0 (Checksum: 1001203919)
[2017.08.20-09.28.35:751][642]LogInit: WinSock: I am coolkys-PC (169.254.38.209:0)
[2017.08.20-09.28.35:801][642]LogPackageName: SearchForPackageOnDisk took   0.050s to resolve Lobby.umap.
[2017.08.20-09.28.35:850][642]LogPackageName: SearchForPackageOnDisk took   0.048s to resolve Lobby.umap.
[2017.08.20-09.28.35:850][642]LogNet: Browse: /Game/Maps/Lobby?listen
[2017.08.20-09.28.35:850][642]LogLoad: LoadMap: /Game/Maps/Lobby?listen
[2017.08.20-09.28.35:865][642]LogMemory: Platform Memory Stats for Windows
[2017.08.20-09.28.35:865][642]LogMemory: Process Physical Memory: 842.01 MB used, 970.42 MB peak
[2017.08.20-09.28.35:865][642]LogMemory: Process Virtual Memory: 1066.89 MB used, 1195.88 MB peak
[2017.08.20-09.28.35:865][642]LogMemory: Physical Memory: 4930.86 MB used,  3214.57 MB free, 8145.43 MB total
[2017.08.20-09.28.35:865][642]LogMemory: Virtual Memory: 1788.39 MB used,  3214.57 MB free, 134217728.00 MB total
[2017.08.20-09.28.35:865][642]LogMemory: 
[2017.08.20-09.28.35:865][642]Allocator Stats for TBB: (not implemented)
[2017.08.20-09.28.35:933][642]LogAIModule: Creating AISystem for world Lobby
[2017.08.20-09.28.35:933][642]LogLoad: Game class is 'LobbyGM_C'
[2017.08.20-09.28.35:933][642]LogTemp: Display: ParseSettings for GameNetDriver
[2017.08.20-09.28.35:933][642]LogTemp: Display: ParseSettings for IpNetDriver_0
[2017.08.20-09.28.35:933][642]LogTemp: Display: ParseSettings for GameNetDriver
[2017.08.20-09.28.35:934][642]LogInit: WinSock: Socket queue 131072 / 131072
[2017.08.20-09.28.35:934][642]PacketHandlerLog: Loaded PacketHandler component: Engine.EngineHandlerComponentFactory (StatelessConnectHandlerComponent)
[2017.08.20-09.28.35:934][642]LogNet: GameNetDriver IpNetDriver_0 IpNetDriver listening on port 7777
[2017.08.20-09.28.35:935][642]LogWorld: Bringing World /Game/Maps/Lobby.Lobby up for play (max tick rate 0) at 2017.08.20-18.28.35
[2017.08.20-09.28.35:936][642]LogWorld: Bringing up level for play took: 0.001071
[2017.08.20-09.28.35:944][642]LogLoad: Took 0.093537 seconds to LoadMap(/Game/Maps/Lobby)
[2017.08.20-09.28.39:086][836]LogAnimMontage: Warning: Playing a Montage (FirstPersonFire_Montage) for the wrong Skeleton (model1_NoAddon_Skeleton) instead of (SK_Mannequin_Arms_Skeleton).
[2017.08.20-09.28.39:586][867]LogAnimMontage: Warning: Playing a Montage (FirstPersonFire_Montage) for the wrong Skeleton (model1_NoAddon_Skeleton) instead of (SK_Mannequin_Arms_Skeleton).
[2017.08.20-09.28.40:134][901]LogAnimMontage: Warning: Playing a Montage (FirstPersonFire_Montage) for the wrong Skeleton (model1_NoAddon_Skeleton) instead of (SK_Mannequin_Arms_Skeleton).
[2017.08.20-09.28.40:279][910]LogAnimMontage: Warning: Playing a Montage (FirstPersonFire_Montage) for the wrong Skeleton (model1_NoAddon_Skeleton) instead of (SK_Mannequin_Arms_Skeleton).
[2017.08.20-09.28.40:441][920]LogAnimMontage: Warning: Playing a Montage (FirstPersonFire_Montage) for the wrong Skeleton (model1_NoAddon_Skeleton) instead of (SK_Mannequin_Arms_Skeleton).
[2017.08.20-09.28.40:570][928]LogAnimMontage: Warning: Playing a Montage (FirstPersonFire_Montage) for the wrong Skeleton (model1_NoAddon_Skeleton) instead of (SK_Mannequin_Arms_Skeleton).
[2017.08.20-09.28.40:667][934]LogAnimMontage: Warning: Playing a Montage (FirstPersonFire_Montage) for the wrong Skeleton (model1_NoAddon_Skeleton) instead of (SK_Mannequin_Arms_Skeleton).
[2017.08.20-09.28.40:812][943]LogAnimMontage: Warning: Playing a Montage (FirstPersonFire_Montage) for the wrong Skeleton (model1_NoAddon_Skeleton) instead of (SK_Mannequin_Arms_Skeleton).
[2017.08.20-09.28.41:328][975]LogAnimMontage: Warning: Playing a Montage (FirstPersonFire_Montage) for the wrong Skeleton (model1_NoAddon_Skeleton) instead of (SK_Mannequin_Arms_Skeleton).
[2017.08.20-09.28.42:070][ 21]LogAnimMontage: Warning: Playing a Montage (FirstPersonFire_Montage) for the wrong Skeleton (model1_NoAddon_Skeleton) instead of (SK_Mannequin_Arms_Skeleton).
[2017.08.20-09.28.47:231][341]LogAnimMontage: Warning: Playing a Montage (FirstPersonFire_Montage) for the wrong Skeleton (model1_NoAddon_Skeleton) instead of (SK_Mannequin_Arms_Skeleton).
[2017.08.20-09.28.48:134][397]LogAnimMontage: Warning: Playing a Montage (FirstPersonFire_Montage) for the wrong Skeleton (model1_NoAddon_Skeleton) instead of (SK_Mannequin_Arms_Skeleton).
[2017.08.20-09.28.49:264][467]LogAnimMontage: Warning: Playing a Montage (FirstPersonFire_Montage) for the wrong Skeleton (model1_NoAddon_Skeleton) instead of (SK_Mannequin_Arms_Skeleton).
[2017.08.20-09.28.50:296][531]LogAnimMontage: Warning: Playing a Montage (FirstPersonFire_Montage) for the wrong Skeleton (model1_NoAddon_Skeleton) instead of (SK_Mannequin_Arms_Skeleton).
[2017.08.20-09.28.51:022][576]LogAnimMontage: Warning: Playing a Montage (FirstPersonFire_Montage) for the wrong Skeleton (model1_NoAddon_Skeleton) instead of (SK_Mannequin_Arms_Skeleton).
[2017.08.20-09.28.51:634][614]LogAnimMontage: Warning: Playing a Montage (FirstPersonFire_Montage) for the wrong Skeleton (model1_NoAddon_Skeleton) instead of (SK_Mannequin_Arms_Skeleton).
[2017.08.20-09.29.10:863][806]LogNet: NotifyAcceptingConnection accepted from: 169.254.16.50:61729
[2017.08.20-09.29.10:863][806]LogHandshake: SendConnectChallenge. Timestamp: 35.130829, Cookie: 046041065111067032048021066011067204234239229193154240069013
[2017.08.20-09.29.10:895][808]LogNet: NotifyAcceptingConnection accepted from: 169.254.16.50:61729
[2017.08.20-09.29.10:895][808]LogHandshake: SendChallengeAck. InCookie: 046041065111067032048021066011067204234239229193154240069013
[2017.08.20-09.29.10:895][808]LogNet: Server accepting post-challenge connection from: 169.254.16.50:61729
[2017.08.20-09.29.10:895][808]PacketHandlerLog: Loaded PacketHandler component: Engine.EngineHandlerComponentFactory (StatelessConnectHandlerComponent)
[2017.08.20-09.29.10:895][808]LogNet: NotifyAcceptedConnection: Name: Lobby, TimeStamp: 08/20/17 18:29:10, [UNetConnection] RemoteAddr: 169.254.16.50:61729, Name: IpConnection_0, Driver: GameNetDriver IpNetDriver_0, IsServer: YES, PC: NULL, Owner: NULL
[2017.08.20-09.29.10:895][808]LogNet: AddClientConnection: Added client connection: [UNetConnection] RemoteAddr: 169.254.16.50:61729, Name: IpConnection_0, Driver: GameNetDriver IpNetDriver_0, IsServer: YES, PC: NULL, Owner: NULL
[2017.08.20-09.29.10:944][811]LogNet: NotifyAcceptingChannel Control 0 server World /Game/Maps/Lobby.Lobby: Accepted
[2017.08.20-09.29.10:944][811]LogNet: Remote platform little endian=1
[2017.08.20-09.29.10:944][811]LogNet: This platform little endian=1
[2017.08.20-09.29.10:976][813]LogNet: Login request: /Game/Maps/MainMenu?Name=DESKTOP-2LLGGVA-35F7A75C49E90086F45EC88EBF6E0E1D userId: DESKTOP-2LLGGVA-35F7A75C49E90086F45EC88EBF6E0E1D
[2017.08.20-09.29.10:992][814]LogNet: Client netspeed is 10000
[2017.08.20-09.29.11:379][838]LogNet: Join request: /Game/Maps/MainMenu?Name=DESKTOP-2LLGGVA-35F7A75C49E90086F45EC88EBF6E0E1D?SplitscreenCount=1
[2017.08.20-09.29.11:382][838]LogNet: Join succeeded: DESKTOP-2LLGGVA-35F7
[2017.08.20-09.29.18:025][250]LogNet: UChannel::ReceivedSequencedBunch: Bunch.bClose == true. ChIndex == 0. Calling ConditionalCleanUp.
[2017.08.20-09.29.18:025][250]LogNet: UChannel::CleanUp: ChIndex == 0. Closing connection. [UChannel] ChIndex: 0, Closing: 0 [UNetConnection] RemoteAddr: 169.254.16.50:61729, Name: IpConnection_0, Driver: GameNetDriver IpNetDriver_0, IsServer: YES, PC: LobbyPC_C_1, Owner: LobbyPC_C_1
[2017.08.20-09.29.18:025][250]LogNet: UNetConnection::Close: [UNetConnection] RemoteAddr: 169.254.16.50:61729, Name: IpConnection_0, Driver: GameNetDriver IpNetDriver_0, IsServer: YES, PC: LobbyPC_C_1, Owner: LobbyPC_C_1, Channels: 11, Time: 2017.08.20-09.29.18
[2017.08.20-09.29.18:025][250]LogNet: UChannel::Close: Sending CloseBunch. ChIndex == 0. Name: [UChannel] ChIndex: 0, Closing: 0 [UNetConnection] RemoteAddr: 169.254.16.50:61729, Name: IpConnection_0, Driver: GameNetDriver IpNetDriver_0, IsServer: YES, PC: LobbyPC_C_1, Owner: LobbyPC_C_1
[2017.08.20-09.29.18:041][251]LogScriptCore: Warning: Script Msg: DestroySession - Invalid player state
[2017.08.20-09.29.25:912][739]LogAnimMontage: Warning: Playing a Montage (FirstPersonFire_Montage) for the wrong Skeleton (model1_NoAddon_Skeleton) instead of (SK_Mannequin_Arms_Skeleton).
[2017.08.20-09.29.26:396][769]LogAnimMontage: Warning: Playing a Montage (FirstPersonFire_Montage) for the wrong Skeleton (model1_NoAddon_Skeleton) instead of (SK_Mannequin_Arms_Skeleton).
[2017.08.20-09.29.27:235][821]LogAnimMontage: Warning: Playing a Montage (FirstPersonFire_Montage) for the wrong Skeleton (model1_NoAddon_Skeleton) instead of (SK_Mannequin_Arms_Skeleton).
[2017.08.20-09.29.27:606][844]LogAnimMontage: Warning: Playing a Montage (FirstPersonFire_Montage) for the wrong Skeleton (model1_NoAddon_Skeleton) instead of (SK_Mannequin_Arms_Skeleton).
[2017.08.20-09.29.28:154][878]LogAnimMontage: Warning: Playing a Montage (FirstPersonFire_Montage) for the wrong Skeleton (model1_NoAddon_Skeleton) instead of (SK_Mannequin_Arms_Skeleton).
[2017.08.20-09.29.28:541][902]LogAnimMontage: Warning: Playing a Montage (FirstPersonFire_Montage) for the wrong Skeleton (model1_NoAddon_Skeleton) instead of (SK_Mannequin_Arms_Skeleton).
[2017.08.20-09.29.28:944][927]LogAnimMontage: Warning: Playing a Montage (FirstPersonFire_Montage) for the wrong Skeleton (model1_NoAddon_Skeleton) instead of (SK_Mannequin_Arms_Skeleton).
[2017.08.20-09.29.29:299][949]LogAnimMontage: Warning: Playing a Montage (FirstPersonFire_Montage) for the wrong Skeleton (model1_NoAddon_Skeleton) instead of (SK_Mannequin_Arms_Skeleton).
[2017.08.20-09.29.29:670][972]LogAnimMontage: Warning: Playing a Montage (FirstPersonFire_Montage) for the wrong Skeleton (model1_NoAddon_Skeleton) instead of (SK_Mannequin_Arms_Skeleton).
[2017.08.20-09.29.29:864][984]LogAnimMontage: Warning: Playing a Montage (FirstPersonFire_Montage) for the wrong Skeleton (model1_NoAddon_Skeleton) instead of (SK_Mannequin_Arms_Skeleton).
[2017.08.20-09.29.30:186][  4]LogAnimMontage: Warning: Playing a Montage (FirstPersonFire_Montage) for the wrong Skeleton (model1_NoAddon_Skeleton) instead of (SK_Mannequin_Arms_Skeleton).
[2017.08.20-09.29.30:509][ 24]LogAnimMontage: Warning: Playing a Montage (FirstPersonFire_Montage) for the wrong Skeleton (model1_NoAddon_Skeleton) instead of (SK_Mannequin_Arms_Skeleton).
[2017.08.20-09.29.30:848][ 45]LogAnimMontage: Warning: Playing a Montage (FirstPersonFire_Montage) for the wrong Skeleton (model1_NoAddon_Skeleton) instead of (SK_Mannequin_Arms_Skeleton).
[2017.08.20-09.29.31:219][ 68]LogAnimMontage: Warning: Playing a Montage (FirstPersonFire_Montage) for the wrong Skeleton (model1_NoAddon_Skeleton) instead of (SK_Mannequin_Arms_Skeleton).
[2017.08.20-09.29.31:509][ 86]LogAnimMontage: Warning: Playing a Montage (FirstPersonFire_Montage) for the wrong Skeleton (model1_NoAddon_Skeleton) instead of (SK_Mannequin_Arms_Skeleton).
[2017.08.20-09.29.31:686][ 97]LogAnimMontage: Warning: Playing a Montage (FirstPersonFire_Montage) for the wrong Skeleton (model1_NoAddon_Skeleton) instead of (SK_Mannequin_Arms_Skeleton).
[2017.08.20-09.29.31:847][107]LogAnimMontage: Warning: Playing a Montage (FirstPersonFire_Montage) for the wrong Skeleton (model1_NoAddon_Skeleton) instead of (SK_Mannequin_Arms_Skeleton).
[2017.08.20-09.29.31:993][116]LogAnimMontage: Warning: Playing a Montage (FirstPersonFire_Montage) for the wrong Skeleton (model1_NoAddon_Skeleton) instead of (SK_Mannequin_Arms_Skeleton).
[2017.08.20-09.29.32:154][126]LogAnimMontage: Warning: Playing a Montage (FirstPersonFire_Montage) for the wrong Skeleton (model1_NoAddon_Skeleton) instead of (SK_Mannequin_Arms_Skeleton).
[2017.08.20-09.29.32:267][133]LogAnimMontage: Warning: Playing a Montage (FirstPersonFire_Montage) for the wrong Skeleton (model1_NoAddon_Skeleton) instead of (SK_Mannequin_Arms_Skeleton).
[2017.08.20-09.29.32:412][142]LogAnimMontage: Warning: Playing a Montage (FirstPersonFire_Montage) for the wrong Skeleton (model1_NoAddon_Skeleton) instead of (SK_Mannequin_Arms_Skeleton).
[2017.08.20-09.29.32:670][158]LogAnimMontage: Warning: Playing a Montage (FirstPersonFire_Montage) for the wrong Skeleton (model1_NoAddon_Skeleton) instead of (SK_Mannequin_Arms_Skeleton).
[2017.08.20-09.29.32:799][166]LogAnimMontage: Warning: Playing a Montage (FirstPersonFire_Montage) for the wrong Skeleton (model1_NoAddon_Skeleton) instead of (SK_Mannequin_Arms_Skeleton).
[2017.08.20-09.29.32:961][176]LogAnimMontage: Warning: Playing a Montage (FirstPersonFire_Montage) for the wrong Skeleton (model1_NoAddon_Skeleton) instead of (SK_Mannequin_Arms_Skeleton).
[2017.08.20-09.29.33:106][185]LogAnimMontage: Warning: Playing a Montage (FirstPersonFire_Montage) for the wrong Skeleton (model1_NoAddon_Skeleton) instead of (SK_Mannequin_Arms_Skeleton).
[2017.08.20-09.29.33:251][194]LogAnimMontage: Warning: Playing a Montage (FirstPersonFire_Montage) for the wrong Skeleton (model1_NoAddon_Skeleton) instead of (SK_Mannequin_Arms_Skeleton).
[2017.08.20-09.29.33:412][204]LogAnimMontage: Warning: Playing a Montage (FirstPersonFire_Montage) for the wrong Skeleton (model1_NoAddon_Skeleton) instead of (SK_Mannequin_Arms_Skeleton).
[2017.08.20-09.29.35:993][364]LogAnimMontage: Warning: Playing a Montage (FirstPersonFire_Montage) for the wrong Skeleton (model1_NoAddon_Skeleton) instead of (SK_Mannequin_Arms_Skeleton).
[2017.08.20-09.29.36:138][373]LogAnimMontage: Warning: Playing a Montage (FirstPersonFire_Montage) for the wrong Skeleton (model1_NoAddon_Skeleton) instead of (SK_Mannequin_Arms_Skeleton).
[2017.08.20-09.29.36:300][383]LogAnimMontage: Warning: Playing a Montage (FirstPersonFire_Montage) for the wrong Skeleton (model1_NoAddon_Skeleton) instead of (SK_Mannequin_Arms_Skeleton).
[2017.08.20-09.29.36:493][395]LogAnimMontage: Warning: Playing a Montage (FirstPersonFire_Montage) for the wrong Skeleton (model1_NoAddon_Skeleton) instead of (SK_Mannequin_Arms_Skeleton).
[2017.08.20-09.29.36:638][404]LogAnimMontage: Warning: Playing a Montage (FirstPersonFire_Montage) for the wrong Skeleton (model1_NoAddon_Skeleton) instead of (SK_Mannequin_Arms_Skeleton).
[2017.08.20-09.29.36:751][411]LogAnimMontage: Warning: Playing a Montage (FirstPersonFire_Montage) for the wrong Skeleton (model1_NoAddon_Skeleton) instead of (SK_Mannequin_Arms_Skeleton).
[2017.08.20-09.29.36:880][419]LogAnimMontage: Warning: Playing a Montage (FirstPersonFire_Montage) for the wrong Skeleton (model1_NoAddon_Skeleton) instead of (SK_Mannequin_Arms_Skeleton).
[2017.08.20-09.29.37:025][428]LogAnimMontage: Warning: Playing a Montage (FirstPersonFire_Montage) for the wrong Skeleton (model1_NoAddon_Skeleton) instead of (SK_Mannequin_Arms_Skeleton).
[2017.08.20-09.29.37:170][437]LogAnimMontage: Warning: Playing a Montage (FirstPersonFire_Montage) for the wrong Skeleton (model1_NoAddon_Skeleton) instead of (SK_Mannequin_Arms_Skeleton).
[2017.08.20-09.29.37:300][445]LogAnimMontage: Warning: Playing a Montage (FirstPersonFire_Montage) for the wrong Skeleton (model1_NoAddon_Skeleton) instead of (SK_Mannequin_Arms_Skeleton).
[2017.08.20-09.29.37:429][453]LogAnimMontage: Warning: Playing a Montage (FirstPersonFire_Montage) for the wrong Skeleton (model1_NoAddon_Skeleton) instead of (SK_Mannequin_Arms_Skeleton).
[2017.08.20-09.29.37:558][461]LogAnimMontage: Warning: Playing a Montage (FirstPersonFire_Montage) for the wrong Skeleton (model1_NoAddon_Skeleton) instead of (SK_Mannequin_Arms_Skeleton).
[2017.08.20-09.29.37:687][469]LogAnimMontage: Warning: Playing a Montage (FirstPersonFire_Montage) for the wrong Skeleton (model1_NoAddon_Skeleton) instead of (SK_Mannequin_Arms_Skeleton).
[2017.08.20-09.29.37:832][478]LogAnimMontage: Warning: Playing a Montage (FirstPersonFire_Montage) for the wrong Skeleton (model1_NoAddon_Skeleton) instead of (SK_Mannequin_Arms_Skeleton).
[2017.08.20-09.29.37:961][486]LogAnimMontage: Warning: Playing a Montage (FirstPersonFire_Montage) for the wrong Skeleton (model1_NoAddon_Skeleton) instead of (SK_Mannequin_Arms_Skeleton).
[2017.08.20-09.29.38:106][495]LogAnimMontage: Warning: Playing a Montage (FirstPersonFire_Montage) for the wrong Skeleton (model1_NoAddon_Skeleton) instead of (SK_Mannequin_Arms_Skeleton).
[2017.08.20-09.29.38:251][504]LogAnimMontage: Warning: Playing a Montage (FirstPersonFire_Montage) for the wrong Skeleton (model1_NoAddon_Skeleton) instead of (SK_Mannequin_Arms_Skeleton).
[2017.08.20-09.29.38:397][513]LogAnimMontage: Warning: Playing a Montage (FirstPersonFire_Montage) for the wrong Skeleton (model1_NoAddon_Skeleton) instead of (SK_Mannequin_Arms_Skeleton).
[2017.08.20-09.29.42:445][764]LogAnimMontage: Warning: Playing a Montage (FirstPersonFire_Montage) for the wrong Skeleton (model1_NoAddon_Skeleton) instead of (SK_Mannequin_Arms_Skeleton).
[2017.08.20-09.29.42:574][772]LogAnimMontage: Warning: Playing a Montage (FirstPersonFire_Montage) for the wrong Skeleton (model1_NoAddon_Skeleton) instead of (SK_Mannequin_Arms_Skeleton).
[2017.08.20-09.29.42:687][779]LogAnimMontage: Warning: Playing a Montage (FirstPersonFire_Montage) for the wrong Skeleton (model1_NoAddon_Skeleton) instead of (SK_Mannequin_Arms_Skeleton).
[2017.08.20-09.29.42:945][795]LogAnimMontage: Warning: Playing a Montage (FirstPersonFire_Montage) for the wrong Skeleton (model1_NoAddon_Skeleton) instead of (SK_Mannequin_Arms_Skeleton).
[2017.08.20-09.29.42:945][795]LogSpawn: Warning: SpawnActor failed because of collision at the spawn location [X=2228.199 Y=420.290 Z=101.927] for [BulletBP_C]
[2017.08.20-09.29.43:074][803]LogAnimMontage: Warning: Playing a Montage (FirstPersonFire_Montage) for the wrong Skeleton (model1_NoAddon_Skeleton) instead of (SK_Mannequin_Arms_Skeleton).
[2017.08.20-09.29.43:219][812]LogAnimMontage: Warning: Playing a Montage (FirstPersonFire_Montage) for the wrong Skeleton (model1_NoAddon_Skeleton) instead of (SK_Mannequin_Arms_Skeleton).
[2017.08.20-09.29.43:364][821]LogAnimMontage: Warning: Playing a Montage (FirstPersonFire_Montage) for the wrong Skeleton (model1_NoAddon_Skeleton) instead of (SK_Mannequin_Arms_Skeleton).
[2017.08.20-09.29.43:509][830]LogAnimMontage: Warning: Playing a Montage (FirstPersonFire_Montage) for the wrong Skeleton (model1_NoAddon_Skeleton) instead of (SK_Mannequin_Arms_Skeleton).
[2017.08.20-09.29.43:638][838]LogAnimMontage: Warning: Playing a Montage (FirstPersonFire_Montage) for the wrong Skeleton (model1_NoAddon_Skeleton) instead of (SK_Mannequin_Arms_Skeleton).
[2017.08.20-09.29.43:768][846]LogAnimMontage: Warning: Playing a Montage (FirstPersonFire_Montage) for the wrong Skeleton (model1_NoAddon_Skeleton) instead of (SK_Mannequin_Arms_Skeleton).
[2017.08.20-09.29.43:913][855]LogAnimMontage: Warning: Playing a Montage (FirstPersonFire_Montage) for the wrong Skeleton (model1_NoAddon_Skeleton) instead of (SK_Mannequin_Arms_Skeleton).
[2017.08.20-09.29.44:058][864]LogAnimMontage: Warning: Playing a Montage (FirstPersonFire_Montage) for the wrong Skeleton (model1_NoAddon_Skeleton) instead of (SK_Mannequin_Arms_Skeleton).
[2017.08.20-09.29.44:493][891]LogAnimMontage: Warning: Playing a Montage (FirstPersonFire_Montage) for the wrong Skeleton (model1_NoAddon_Skeleton) instead of (SK_Mannequin_Arms_Skeleton).
[2017.08.20-09.29.44:622][899]LogAnimMontage: Warning: Playing a Montage (FirstPersonFire_Montage) for the wrong Skeleton (model1_NoAddon_Skeleton) instead of (SK_Mannequin_Arms_Skeleton).
[2017.08.20-09.29.44:768][908]LogAnimMontage: Warning: Playing a Montage (FirstPersonFire_Montage) for the wrong Skeleton (model1_NoAddon_Skeleton) instead of (SK_Mannequin_Arms_Skeleton).
[2017.08.20-09.29.44:929][918]LogAnimMontage: Warning: Playing a Montage (FirstPersonFire_Montage) for the wrong Skeleton (model1_NoAddon_Skeleton) instead of (SK_Mannequin_Arms_Skeleton).
[2017.08.20-09.29.45:074][927]LogAnimMontage: Warning: Playing a Montage (FirstPersonFire_Montage) for the wrong Skeleton (model1_NoAddon_Skeleton) instead of (SK_Mannequin_Arms_Skeleton).
[2017.08.20-09.29.45:348][944]LogAnimMontage: Warning: Playing a Montage (FirstPersonFire_Montage) for the wrong Skeleton (model1_NoAddon_Skeleton) instead of (SK_Mannequin_Arms_Skeleton).
[2017.08.20-09.29.45:477][952]LogAnimMontage: Warning: Playing a Montage (FirstPersonFire_Montage) for the wrong Skeleton (model1_NoAddon_Skeleton) instead of (SK_Mannequin_Arms_Skeleton).
[2017.08.20-09.29.45:606][960]LogAnimMontage: Warning: Playing a Montage (FirstPersonFire_Montage) for the wrong Skeleton (model1_NoAddon_Skeleton) instead of (SK_Mannequin_Arms_Skeleton).
[2017.08.20-09.29.45:735][968]LogAnimMontage: Warning: Playing a Montage (FirstPersonFire_Montage) for the wrong Skeleton (model1_NoAddon_Skeleton) instead of (SK_Mannequin_Arms_Skeleton).
[2017.08.20-09.29.45:864][976]LogAnimMontage: Warning: Playing a Montage (FirstPersonFire_Montage) for the wrong Skeleton (model1_NoAddon_Skeleton) instead of (SK_Mannequin_Arms_Skeleton).
[2017.08.20-09.29.46:171][995]LogAnimMontage: Warning: Playing a Montage (FirstPersonFire_Montage) for the wrong Skeleton (model1_NoAddon_Skeleton) instead of (SK_Mannequin_Arms_Skeleton).
[2017.08.20-09.29.46:316][  4]LogAnimMontage: Warning: Playing a Montage (FirstPersonFire_Montage) for the wrong Skeleton (model1_NoAddon_Skeleton) instead of (SK_Mannequin_Arms_Skeleton).
[2017.08.20-09.29.46:429][ 11]LogAnimMontage: Warning: Playing a Montage (FirstPersonFire_Montage) for the wrong Skeleton (model1_NoAddon_Skeleton) instead of (SK_Mannequin_Arms_Skeleton).
[2017.08.20-09.29.46:574][ 20]LogAnimMontage: Warning: Playing a Montage (FirstPersonFire_Montage) for the wrong Skeleton (model1_NoAddon_Skeleton) instead of (SK_Mannequin_Arms_Skeleton).
[2017.08.20-09.29.46:687][ 27]LogAnimMontage: Warning: Playing a Montage (FirstPersonFire_Montage) for the wrong Skeleton (model1_NoAddon_Skeleton) instead of (SK_Mannequin_Arms_Skeleton).
[2017.08.20-09.29.46:817][ 35]LogAnimMontage: Warning: Playing a Montage (FirstPersonFire_Montage) for the wrong Skeleton (model1_NoAddon_Skeleton) instead of (SK_Mannequin_Arms_Skeleton).
[2017.08.20-09.29.47:009][ 47]LogAnimMontage: Warning: Playing a Montage (FirstPersonFire_Montage) for the wrong Skeleton (model1_NoAddon_Skeleton) instead of (SK_Mannequin_Arms_Skeleton).
[2017.08.20-09.29.47:122][ 54]LogAnimMontage: Warning: Playing a Montage (FirstPersonFire_Montage) for the wrong Skeleton (model1_NoAddon_Skeleton) instead of (SK_Mannequin_Arms_Skeleton).
[2017.08.20-09.29.47:252][ 62]LogAnimMontage: Warning: Playing a Montage (FirstPersonFire_Montage) for the wrong Skeleton (model1_NoAddon_Skeleton) instead of (SK_Mannequin_Arms_Skeleton).
[2017.08.20-09.29.47:348][ 68]LogAnimMontage: Warning: Playing a Montage (FirstPersonFire_Montage) for the wrong Skeleton (model1_NoAddon_Skeleton) instead of (SK_Mannequin_Arms_Skeleton).
[2017.08.20-09.29.47:477][ 76]LogAnimMontage: Warning: Playing a Montage (FirstPersonFire_Montage) for the wrong Skeleton (model1_NoAddon_Skeleton) instead of (SK_Mannequin_Arms_Skeleton).
[2017.08.20-09.29.47:574][ 82]LogAnimMontage: Warning: Playing a Montage (FirstPersonFire_Montage) for the wrong Skeleton (model1_NoAddon_Skeleton) instead of (SK_Mannequin_Arms_Skeleton).
[2017.08.20-09.29.47:671][ 88]LogAnimMontage: Warning: Playing a Montage (FirstPersonFire_Montage) for the wrong Skeleton (model1_NoAddon_Skeleton) instead of (SK_Mannequin_Arms_Skeleton).
[2017.08.20-09.29.47:784][ 95]LogAnimMontage: Warning: Playing a Montage (FirstPersonFire_Montage) for the wrong Skeleton (model1_NoAddon_Skeleton) instead of (SK_Mannequin_Arms_Skeleton).
[2017.08.20-09.29.48:026][110]LogAnimMontage: Warning: Playing a Montage (FirstPersonFire_Montage) for the wrong Skeleton (model1_NoAddon_Skeleton) instead of (SK_Mannequin_Arms_Skeleton).
[2017.08.20-09.29.48:171][119]LogAnimMontage: Warning: Playing a Montage (FirstPersonFire_Montage) for the wrong Skeleton (model1_NoAddon_Skeleton) instead of (SK_Mannequin_Arms_Skeleton).
[2017.08.20-09.29.48:332][129]LogAnimMontage: Warning: Playing a Montage (FirstPersonFire_Montage) for the wrong Skeleton (model1_NoAddon_Skeleton) instead of (SK_Mannequin_Arms_Skeleton).
[2017.08.20-09.29.48:445][136]LogAnimMontage: Warning: Playing a Montage (FirstPersonFire_Montage) for the wrong Skeleton (model1_NoAddon_Skeleton) instead of (SK_Mannequin_Arms_Skeleton).
[2017.08.20-09.29.48:590][145]LogAnimMontage: Warning: Playing a Montage (FirstPersonFire_Montage) for the wrong Skeleton (model1_NoAddon_Skeleton) instead of (SK_Mannequin_Arms_Skeleton).
[2017.08.20-09.29.48:719][153]LogAnimMontage: Warning: Playing a Montage (FirstPersonFire_Montage) for the wrong Skeleton (model1_NoAddon_Skeleton) instead of (SK_Mannequin_Arms_Skeleton).
[2017.08.20-09.29.48:848][161]LogAnimMontage: Warning: Playing a Montage (FirstPersonFire_Montage) for the wrong Skeleton (model1_NoAddon_Skeleton) instead of (SK_Mannequin_Arms_Skeleton).
[2017.08.20-09.29.48:993][170]LogAnimMontage: Warning: Playing a Montage (FirstPersonFire_Montage) for the wrong Skeleton (model1_NoAddon_Skeleton) instead of (SK_Mannequin_Arms_Skeleton).
[2017.08.20-09.29.49:139][179]LogAnimMontage: Warning: Playing a Montage (FirstPersonFire_Montage) for the wrong Skeleton (model1_NoAddon_Skeleton) instead of (SK_Mannequin_Arms_Skeleton).
[2017.08.20-09.29.49:268][187]LogAnimMontage: Warning: Playing a Montage (FirstPersonFire_Montage) for the wrong Skeleton (model1_NoAddon_Skeleton) instead of (SK_Mannequin_Arms_Skeleton).
[2017.08.20-09.29.49:397][195]LogAnimMontage: Warning: Playing a Montage (FirstPersonFire_Montage) for the wrong Skeleton (model1_NoAddon_Skeleton) instead of (SK_Mannequin_Arms_Skeleton).
[2017.08.20-09.29.49:542][204]LogAnimMontage: Warning: Playing a Montage (FirstPersonFire_Montage) for the wrong Skeleton (model1_NoAddon_Skeleton) instead of (SK_Mannequin_Arms_Skeleton).
[2017.08.20-09.29.49:655][211]LogAnimMontage: Warning: Playing a Montage (FirstPersonFire_Montage) for the wrong Skeleton (model1_NoAddon_Skeleton) instead of (SK_Mannequin_Arms_Skeleton).
[2017.08.20-09.29.49:816][221]LogAnimMontage: Warning: Playing a Montage (FirstPersonFire_Montage) for the wrong Skeleton (model1_NoAddon_Skeleton) instead of (SK_Mannequin_Arms_Skeleton).
[2017.08.20-09.29.49:977][231]LogAnimMontage: Warning: Playing a Montage (FirstPersonFire_Montage) for the wrong Skeleton (model1_NoAddon_Skeleton) instead of (SK_Mannequin_Arms_Skeleton).
[2017.08.20-09.29.50:139][241]LogAnimMontage: Warning: Playing a Montage (FirstPersonFire_Montage) for the wrong Skeleton (model1_NoAddon_Skeleton) instead of (SK_Mannequin_Arms_Skeleton).
[2017.08.20-09.29.50:300][251]LogAnimMontage: Warning: Playing a Montage (FirstPersonFire_Montage) for the wrong Skeleton (model1_NoAddon_Skeleton) instead of (SK_Mannequin_Arms_Skeleton).
[2017.08.20-09.29.50:445][260]LogAnimMontage: Warning: Playing a Montage (FirstPersonFire_Montage) for the wrong Skeleton (model1_NoAddon_Skeleton) instead of (SK_Mannequin_Arms_Skeleton).
[2017.08.20-09.29.50:590][269]LogAnimMontage: Warning: Playing a Montage (FirstPersonFire_Montage) for the wrong Skeleton (model1_NoAddon_Skeleton) instead of (SK_Mannequin_Arms_Skeleton).
[2017.08.20-09.29.50:719][277]LogAnimMontage: Warning: Playing a Montage (FirstPersonFire_Montage) for the wrong Skeleton (model1_NoAddon_Skeleton) instead of (SK_Mannequin_Arms_Skeleton).
[2017.08.20-09.29.50:993][294]LogAnimMontage: Warning: Playing a Montage (FirstPersonFire_Montage) for the wrong Skeleton (model1_NoAddon_Skeleton) instead of (SK_Mannequin_Arms_Skeleton).
[2017.08.20-09.29.51:155][304]LogAnimMontage: Warning: Playing a Montage (FirstPersonFire_Montage) for the wrong Skeleton (model1_NoAddon_Skeleton) instead of (SK_Mannequin_Arms_Skeleton).
[2017.08.20-09.29.51:300][313]LogAnimMontage: Warning: Playing a Montage (FirstPersonFire_Montage) for the wrong Skeleton (model1_NoAddon_Skeleton) instead of (SK_Mannequin_Arms_Skeleton).
[2017.08.20-09.29.51:461][323]LogAnimMontage: Warning: Playing a Montage (FirstPersonFire_Montage) for the wrong Skeleton (model1_NoAddon_Skeleton) instead of (SK_Mannequin_Arms_Skeleton).
[2017.08.20-09.29.51:606][332]LogAnimMontage: Warning: Playing a Montage (FirstPersonFire_Montage) for the wrong Skeleton (model1_NoAddon_Skeleton) instead of (SK_Mannequin_Arms_Skeleton).
[2017.08.20-09.29.51:784][343]LogAnimMontage: Warning: Playing a Montage (FirstPersonFire_Montage) for the wrong Skeleton (model1_NoAddon_Skeleton) instead of (SK_Mannequin_Arms_Skeleton).
[2017.08.20-09.29.51:961][354]LogAnimMontage: Warning: Playing a Montage (FirstPersonFire_Montage) for the wrong Skeleton (model1_NoAddon_Skeleton) instead of (SK_Mannequin_Arms_Skeleton).
[2017.08.20-09.29.52:106][363]LogAnimMontage: Warning: Playing a Montage (FirstPersonFire_Montage) for the wrong Skeleton (model1_NoAddon_Skeleton) instead of (SK_Mannequin_Arms_Skeleton).
[2017.08.20-09.29.52:268][373]LogAnimMontage: Warning: Playing a Montage (FirstPersonFire_Montage) for the wrong Skeleton (model1_NoAddon_Skeleton) instead of (SK_Mannequin_Arms_Skeleton).
[2017.08.20-09.29.52:413][382]LogAnimMontage: Warning: Playing a Montage (FirstPersonFire_Montage) for the wrong Skeleton (model1_NoAddon_Skeleton) instead of (SK_Mannequin_Arms_Skeleton).
[2017.08.20-09.29.52:558][391]LogAnimMontage: Warning: Playing a Montage (FirstPersonFire_Montage) for the wrong Skeleton (model1_NoAddon_Skeleton) instead of (SK_Mannequin_Arms_Skeleton).
[2017.08.20-09.29.52:703][400]LogAnimMontage: Warning: Playing a Montage (FirstPersonFire_Montage) for the wrong Skeleton (model1_NoAddon_Skeleton) instead of (SK_Mannequin_Arms_Skeleton).
[2017.08.20-09.29.53:106][425]LogAnimMontage: Warning: Playing a Montage (FirstPersonFire_Montage) for the wrong Skeleton (model1_NoAddon_Skeleton) instead of (SK_Mannequin_Arms_Skeleton).
[2017.08.20-09.29.53:268][435]LogAnimMontage: Warning: Playing a Montage (FirstPersonFire_Montage) for the wrong Skeleton (model1_NoAddon_Skeleton) instead of (SK_Mannequin_Arms_Skeleton).
[2017.08.20-09.29.53:993][480]LogAnimMontage: Warning: Playing a Montage (FirstPersonFire_Montage) for the wrong Skeleton (model1_NoAddon_Skeleton) instead of (SK_Mannequin_Arms_Skeleton).
[2017.08.20-09.29.54:107][487]LogAnimMontage: Warning: Playing a Montage (FirstPersonFire_Montage) for the wrong Skeleton (model1_NoAddon_Skeleton) instead of (SK_Mannequin_Arms_Skeleton).
[2017.08.20-09.29.54:284][498]LogAnimMontage: Warning: Playing a Montage (FirstPersonFire_Montage) for the wrong Skeleton (model1_NoAddon_Skeleton) instead of (SK_Mannequin_Arms_Skeleton).
[2017.08.20-09.29.54:461][509]LogAnimMontage: Warning: Playing a Montage (FirstPersonFire_Montage) for the wrong Skeleton (model1_NoAddon_Skeleton) instead of (SK_Mannequin_Arms_Skeleton).
[2017.08.20-09.29.54:607][518]LogAnimMontage: Warning: Playing a Montage (FirstPersonFire_Montage) for the wrong Skeleton (model1_NoAddon_Skeleton) instead of (SK_Mannequin_Arms_Skeleton).
[2017.08.20-09.29.54:768][528]LogAnimMontage: Warning: Playing a Montage (FirstPersonFire_Montage) for the wrong Skeleton (model1_NoAddon_Skeleton) instead of (SK_Mannequin_Arms_Skeleton).
[2017.08.20-09.29.54:929][538]LogAnimMontage: Warning: Playing a Montage (FirstPersonFire_Montage) for the wrong Skeleton (model1_NoAddon_Skeleton) instead of (SK_Mannequin_Arms_Skeleton).
[2017.08.20-09.29.55:074][547]LogAnimMontage: Warning: Playing a Montage (FirstPersonFire_Montage) for the wrong Skeleton (model1_NoAddon_Skeleton) instead of (SK_Mannequin_Arms_Skeleton).
[2017.08.20-09.29.55:235][557]LogAnimMontage: Warning: Playing a Montage (FirstPersonFire_Montage) for the wrong Skeleton (model1_NoAddon_Skeleton) instead of (SK_Mannequin_Arms_Skeleton).
[2017.08.20-09.31.23:964][ 58]LogNet: NotifyAcceptingConnection accepted from: 169.254.16.50:61152
[2017.08.20-09.31.23:964][ 58]LogHandshake: SendConnectChallenge. Timestamp: 168.225006, Cookie: 075201253208226140092044225126027234010014234254133124016224
[2017.08.20-09.31.23:980][ 59]LogNet: NotifyAcceptingConnection accepted from: 169.254.16.50:61152
[2017.08.20-09.31.23:980][ 59]LogHandshake: SendChallengeAck. InCookie: 075201253208226140092044225126027234010014234254133124016224
[2017.08.20-09.31.23:980][ 59]LogNet: Server accepting post-challenge connection from: 169.254.16.50:61152
[2017.08.20-09.31.23:980][ 59]PacketHandlerLog: Loaded PacketHandler component: Engine.EngineHandlerComponentFactory (StatelessConnectHandlerComponent)
[2017.08.20-09.31.23:980][ 59]LogNet: NotifyAcceptedConnection: Name: Lobby, TimeStamp: 08/20/17 18:31:23, [UNetConnection] RemoteAddr: 169.254.16.50:61152, Name: IpConnection_1, Driver: GameNetDriver IpNetDriver_0, IsServer: YES, PC: NULL, Owner: NULL
[2017.08.20-09.31.23:980][ 59]LogNet: AddClientConnection: Added client connection: [UNetConnection] RemoteAddr: 169.254.16.50:61152, Name: IpConnection_1, Driver: GameNetDriver IpNetDriver_0, IsServer: YES, PC: NULL, Owner: NULL
[2017.08.20-09.31.24:013][ 61]LogNet: NotifyAcceptingChannel Control 0 server World /Game/Maps/Lobby.Lobby: Accepted
[2017.08.20-09.31.24:013][ 61]LogNet: Remote platform little endian=1
[2017.08.20-09.31.24:013][ 61]LogNet: This platform little endian=1
[2017.08.20-09.31.24:045][ 63]LogNet: Login request: /Game/Maps/MainMenu?Name=DESKTOP-2LLGGVA-3F8945264F74A41D92DB3B8AA2DCEE12 userId: DESKTOP-2LLGGVA-3F8945264F74A41D92DB3B8AA2DCEE12
[2017.08.20-09.31.24:077][ 65]LogNet: Client netspeed is 10000
[2017.08.20-09.31.24:545][ 94]LogNet: Join request: /Game/Maps/MainMenu?Name=DESKTOP-2LLGGVA-3F8945264F74A41D92DB3B8AA2DCEE12?SplitscreenCount=1
[2017.08.20-09.31.24:547][ 94]LogNet: Join succeeded: DESKTOP-2LLGGVA-3F89
[2017.08.20-09.31.42:787][225]LogNet: UChannel::ReceivedSequencedBunch: Bunch.bClose == true. ChIndex == 0. Calling ConditionalCleanUp.
[2017.08.20-09.31.42:787][225]LogNet: UChannel::CleanUp: ChIndex == 0. Closing connection. [UChannel] ChIndex: 0, Closing: 0 [UNetConnection] RemoteAddr: 169.254.16.50:61152, Name: IpConnection_1, Driver: GameNetDriver IpNetDriver_0, IsServer: YES, PC: LobbyPC_C_2, Owner: LobbyPC_C_2
[2017.08.20-09.31.42:787][225]LogNet: UNetConnection::Close: [UNetConnection] RemoteAddr: 169.254.16.50:61152, Name: IpConnection_1, Driver: GameNetDriver IpNetDriver_0, IsServer: YES, PC: LobbyPC_C_2, Owner: LobbyPC_C_2, Channels: 11, Time: 2017.08.20-09.31.42
[2017.08.20-09.31.42:787][225]LogNet: UChannel::Close: Sending CloseBunch. ChIndex == 0. Name: [UChannel] ChIndex: 0, Closing: 0 [UNetConnection] RemoteAddr: 169.254.16.50:61152, Name: IpConnection_1, Driver: GameNetDriver IpNetDriver_0, IsServer: YES, PC: LobbyPC_C_2, Owner: LobbyPC_C_2
[2017.08.20-09.31.42:804][226]LogScriptCore: Warning: Script Msg: DestroySession - Invalid player state
[2017.08.20-09.31.48:755][595]LogAnimMontage: Warning: Playing a Montage (FirstPersonFire_Montage) for the wrong Skeleton (model1_NoAddon_Skeleton) instead of (SK_Mannequin_Arms_Skeleton).
[2017.08.20-09.31.49:143][619]LogAnimMontage: Warning: Playing a Montage (FirstPersonFire_Montage) for the wrong Skeleton (model1_NoAddon_Skeleton) instead of (SK_Mannequin_Arms_Skeleton).
[2017.08.20-09.31.54:162][927]LogPackageName: SearchForPackageOnDisk took   0.051s to resolve MainMenu.umap.
[2017.08.20-09.31.54:210][927]LogPackageName: SearchForPackageOnDisk took   0.048s to resolve MainMenu.umap.
[2017.08.20-09.31.54:210][927]LogNet: Browse: /Game/Maps/MainMenu
[2017.08.20-09.31.54:211][927]LogLoad: LoadMap: /Game/Maps/MainMenu
[2017.08.20-09.31.54:211][927]LogNet: World NetDriver shutdown IpNetDriver_0 [GameNetDriver]
[2017.08.20-09.31.54:211][927]LogNet: DestroyNamedNetDriver IpNetDriver_0 [GameNetDriver]
[2017.08.20-09.31.54:211][927]LogExit: GameNetDriver IpNetDriver_0 shut down
[2017.08.20-09.31.54:212][927]LogScriptCore: Warning: Script Msg: DestroySession - Invalid player state
[2017.08.20-09.31.54:229][927]LogMemory: Platform Memory Stats for Windows
[2017.08.20-09.31.54:229][927]LogMemory: Process Physical Memory: 865.51 MB used, 970.42 MB peak
[2017.08.20-09.31.54:229][927]LogMemory: Process Virtual Memory: 1140.14 MB used, 1198.36 MB peak
[2017.08.20-09.31.54:229][927]LogMemory: Physical Memory: 4889.68 MB used,  3255.75 MB free, 8145.43 MB total
[2017.08.20-09.31.54:229][927]LogMemory: Virtual Memory: 1806.89 MB used,  3255.75 MB free, 134217728.00 MB total
[2017.08.20-09.31.54:229][927]LogMemory: 
[2017.08.20-09.31.54:229][927]Allocator Stats for TBB: (not implemented)
[2017.08.20-09.31.54:236][927]LogAIModule: Creating AISystem for world MainMenu
[2017.08.20-09.31.54:237][927]LogLoad: Game class is 'MainMenu_C'
[2017.08.20-09.31.54:238][927]LogWorld: Bringing World /Game/Maps/MainMenu.MainMenu up for play (max tick rate 0) at 2017.08.20-18.31.54
[2017.08.20-09.31.54:238][927]LogWorld: Bringing up level for play took: 0.000379
[2017.08.20-09.31.54:239][927]LogLoad: Took 0.028105 seconds to LoadMap(/Game/Maps/MainMenu)
[2017.08.20-09.32.03:127][479]Closing by request
[2017.08.20-09.32.03:127][479]LogWindows: FPlatformMisc::RequestExit(0)
[2017.08.20-09.32.03:489][480]LogWindowsTextInputMethodSystem: Display: IME system now deactivated.
[2017.08.20-09.32.03:494][480]LogExit: Preparing to exit.
[2017.08.20-09.32.03:494][480]LogMoviePlayer: Shutting down movie player
[2017.08.20-09.32.04:625][480]LogExit: Game engine shut down
[2017.08.20-09.32.04:675][480]LogExit: Object subsystem successfully closed.
[2017.08.20-09.32.04:686][480]LogD3D11RHI: Shutdown
[2017.08.20-09.32.04:687][480]LogD3D11RHI: CleanupD3DDevice
[2017.08.20-09.32.04:688][480]LogD3D11RHI: ~FD3D11DynamicRHI
[2017.08.20-09.32.04:695][480]LogModuleManager: Shutting down and abandoning module SequenceRecorderSections (307)
[2017.08.20-09.32.04:695][480]LogModuleManager: Shutting down and abandoning module SequenceRecorder (305)
[2017.08.20-09.32.04:695][480]LogModuleManager: Shutting down and abandoning module AutomationController (303)
[2017.08.20-09.32.04:695][480]LogModuleManager: Shutting down and abandoning module AutomationWorker (301)
[2017.08.20-09.32.04:695][480]LogModuleManager: Shutting down and abandoning module Voice (299)
[2017.08.20-09.32.04:695][480]LogModuleManager: Shutting down and abandoning module AIModule (297)
[2017.08.20-09.32.04:695][480]LogModuleManager: Shutting down and abandoning module GameplayDebugger (296)
[2017.08.20-09.32.04:695][480]LogModuleManager: Shutting down and abandoning module AITestSuite (294)
[2017.08.20-09.32.04:695][480]LogModuleManager: Shutting down and abandoning module WmfMediaFactory (291)
[2017.08.20-09.32.04:695][480]LogModuleManager: Shutting down and abandoning module AvfMediaFactory (289)
[2017.08.20-09.32.04:695][480]LogModuleManager: Shutting down and abandoning module AndroidMediaFactory (287)
[2017.08.20-09.32.04:695][480]LogModuleManager: Shutting down and abandoning module Media (286)
[2017.08.20-09.32.04:695][480]LogModuleManager: Shutting down and abandoning module CharacterAI (283)
[2017.08.20-09.32.04:695][480]LogModuleManager: Shutting down and abandoning module SessionServices (281)
[2017.08.20-09.32.04:695][480]LogModuleManager: Shutting down and abandoning module MovieSceneCapture (279)
[2017.08.20-09.32.04:695][480]LogModuleManager: Shutting down and abandoning module MovieSceneTracks (277)
[2017.08.20-09.32.04:695][480]LogModuleManager: Shutting down and abandoning module MovieScene (275)
[2017.08.20-09.32.04:695][480]LogModuleManager: Shutting down and abandoning module GeometryCache (273)
[2017.08.20-09.32.04:695][480]LogModuleManager: Shutting down and abandoning module GeometryCacheEd (272)
[2017.08.20-09.32.04:695][480]LogModuleManager: Shutting down and abandoning module Niagara (269)
[2017.08.20-09.32.04:695][480]LogModuleManager: Shutting down and abandoning module NiagaraEditor (268)
[2017.08.20-09.32.04:695][480]LogModuleManager: Shutting down and abandoning module StreamingPauseRendering (265)
[2017.08.20-09.32.04:695][480]LogModuleManager: Shutting down and abandoning module PortalServices (263)
[2017.08.20-09.32.04:695][480]LogModuleManager: Shutting down and abandoning module PortalRpc (261)
[2017.08.20-09.32.04:695][480]LogModuleManager: Shutting down and abandoning module MessagingRpc (259)
[2017.08.20-09.32.04:695][480]LogModuleManager: Shutting down and abandoning module ProfilerService (257)
[2017.08.20-09.32.04:725][480]LogModuleManager: Shutting down and abandoning module TaskGraph (255)
[2017.08.20-09.32.04:725][480]LogModuleManager: Shutting down and abandoning module SteamVRController (253)
[2017.08.20-09.32.04:725][480]LogModuleManager: Shutting down and abandoning module ProceduralMeshComponent (251)
[2017.08.20-09.32.04:725][480]LogModuleManager: Shutting down and abandoning module OculusInput (249)
[2017.08.20-09.32.04:725][480]LogModuleManager: Shutting down and abandoning module MobilePatchingUtils (247)
[2017.08.20-09.32.04:725][480]LogModuleManager: Shutting down and abandoning module CustomMeshComponent (245)
[2017.08.20-09.32.04:725][480]LogModuleManager: Shutting down and abandoning module CableComponent (243)
[2017.08.20-09.32.04:725][480]LogModuleManager: Shutting down and abandoning module ArchVisCharacter (241)
[2017.08.20-09.32.04:725][480]LogModuleManager: Shutting down and abandoning module AndroidPermission (239)
[2017.08.20-09.32.04:725][480]LogModuleManager: Shutting down and abandoning module HTML5Networking (237)
[2017.08.20-09.32.04:725][480]LogModuleManager: Shutting down and abandoning module VisualStudioSourceCodeAccess (235)
[2017.08.20-09.32.04:725][480]LogModuleManager: Shutting down and abandoning module DesktopPlatform (234)
[2017.08.20-09.32.04:725][480]LogModuleManager: Shutting down and abandoning module HotReload (232)
[2017.08.20-09.32.04:725][480]LogModuleManager: Shutting down and abandoning module UObjectPlugin (229)
[2017.08.20-09.32.04:725][480]LogModuleManager: Shutting down and abandoning module SubversionSourceControl (227)
[2017.08.20-09.32.04:725][480]LogModuleManager: Shutting down and abandoning module PerforceSourceControl (225)
[2017.08.20-09.32.04:725][480]LogModuleManager: Shutting down and abandoning module SourceControl (224)
[2017.08.20-09.32.04:725][480]LogModuleManager: Shutting down and abandoning module RuntimePhysXCooking (221)
[2017.08.20-09.32.04:725][480]LogModuleManager: Shutting down and abandoning module PhysXVehiclesEditor (219)
[2017.08.20-09.32.04:725][480]LogModuleManager: Shutting down and abandoning module PhysXVehicles (217)
[2017.08.20-09.32.04:725][480]LogModuleManager: Shutting down and abandoning module LocationServicesBPLibrary (215)
[2017.08.20-09.32.04:725][480]LogModuleManager: Shutting down and abandoning module ImmediatePhysicsEditor (213)
[2017.08.20-09.32.04:725][480]LogModuleManager: Shutting down and abandoning module ImmediatePhysics (211)
[2017.08.20-09.32.04:725][480]LogModuleManager: Shutting down and abandoning module UdpMessaging (209)
[2017.08.20-09.32.04:826][480]LogModuleManager: Shutting down and abandoning module TcpMessaging (207)
[2017.08.20-09.32.05:459][480]LogModuleManager: Shutting down and abandoning module GameplayTagsEditor (205)
[2017.08.20-09.32.05:459][480]LogModuleManager: Shutting down and abandoning module FacialAnimation (203)
[2017.08.20-09.32.05:459][480]LogModuleManager: Shutting down and abandoning module AssetManagerEditor (201)
[2017.08.20-09.32.05:459][480]LogModuleManager: Shutting down and abandoning module GraphEditor (200)
[2017.08.20-09.32.05:459][480]LogModuleManager: Shutting down and abandoning module ContentBrowser (198)
[2017.08.20-09.32.05:459][480]LogModuleManager: Shutting down and abandoning module CollectionManager (197)
[2017.08.20-09.32.05:460][480]LogDirectoryWatcher: A directory notification for 'C:/NetworkShared/PointShootKill/PointShootKill/Content/Collections/' was aborted.
[2017.08.20-09.32.05:460][480]LogDirectoryWatcher: A directory notification for 'C:/NetworkShared/PointShootKill/PointShootKill/Content/Developers/YounsooKim/Collections/' was aborted.
[2017.08.20-09.32.05:460][480]LogDirectoryWatcher: A directory notification for 'C:/NetworkShared/PointShootKill/PointShootKill/Saved/Collections/' was aborted.
[2017.08.20-09.32.05:460][480]LogModuleManager: Shutting down and abandoning module DirectoryWatcher (196)
[2017.08.20-09.32.05:460][480]LogModuleManager: Shutting down and abandoning module LightPropagationVolumeRuntime (191)
[2017.08.20-09.32.05:460][480]LogModuleManager: Shutting down and abandoning module Paper2D (189)
[2017.08.20-09.32.05:460][480]LogModuleManager: Shutting down and abandoning module WindowsMoviePlayer (187)
[2017.08.20-09.32.05:460][480]LogModuleManager: Shutting down and abandoning module WmfMedia (185)
[2017.08.20-09.32.05:460][480]LogModuleManager: Shutting down and abandoning module PacketHandler (183)
[2017.08.20-09.32.05:460][480]LogModuleManager: Shutting down and abandoning module ClothingSystemEditor (181)
[2017.08.20-09.32.05:460][480]LogModuleManager: Shutting down and abandoning module ClothingSystemRuntime (179)
[2017.08.20-09.32.05:460][480]LogModuleManager: Shutting down and abandoning module Overlay (177)
[2017.08.20-09.32.05:460][480]LogModuleManager: Shutting down and abandoning module OverlayEditor (176)
[2017.08.20-09.32.05:460][480]LogModuleManager: Shutting down and abandoning module MediaAssets (173)
[2017.08.20-09.32.05:460][480]LogModuleManager: Shutting down and abandoning module VREditor (171)
[2017.08.20-09.32.05:460][480]LogModuleManager: Shutting down and abandoning module StringTableEditor (169)
[2017.08.20-09.32.05:460][480]LogModuleManager: Shutting down and abandoning module GameplayTasksEditor (167)
[2017.08.20-09.32.05:460][480]LogModuleManager: Shutting down and abandoning module BehaviorTreeEditor (165)
[2017.08.20-09.32.05:460][480]LogModuleManager: Shutting down and abandoning module FunctionalTesting (163)
[2017.08.20-09.32.05:460][480]LogModuleManager: Shutting down and abandoning module CollisionAnalyzer (161)
[2017.08.20-09.32.05:460][480]LogModuleManager: Shutting down and abandoning module WorkspaceMenuStructure (160)
[2017.08.20-09.32.05:460][480]LogModuleManager: Shutting down and abandoning module UMG (157)
[2017.08.20-09.32.05:460][480]LogModuleManager: Shutting down and abandoning module UMGEditor (156)
[2017.08.20-09.32.05:460][480]LogModuleManager: Shutting down and abandoning module Sequencer (155)
[2017.08.20-09.32.05:460][480]LogModuleManager: Shutting down and abandoning module MessageLog (152)
[2017.08.20-09.32.05:460][480]LogModuleManager: Shutting down and abandoning module SlateReflector (147)
[2017.08.20-09.32.05:460][480]LogModuleManager: Shutting down and abandoning module Slate (145)
[2017.08.20-09.32.05:460][480]LogModuleManager: Shutting down and abandoning module EditorStyle (143)
[2017.08.20-09.32.05:462][480]LogModuleManager: Shutting down and abandoning module MRMesh (141)
[2017.08.20-09.32.05:462][480]LogModuleManager: Shutting down and abandoning module Messaging (139)
[2017.08.20-09.32.05:462][480]LogModuleManager: Shutting down and abandoning module SourceCodeAccess (137)
[2017.08.20-09.32.05:462][480]LogModuleManager: Shutting down and abandoning module HeadMountedDisplay (135)
[2017.08.20-09.32.05:462][480]LogModuleManager: Shutting down and abandoning module XAudio2 (133)
[2017.08.20-09.32.05:462][480]LogModuleManager: Shutting down and abandoning module Networking (131)
[2017.08.20-09.32.05:462][480]LogModuleManager: Shutting down and abandoning module Core (129)
[2017.08.20-09.32.05:462][480]LogModuleManager: Shutting down and abandoning module KismetCompiler (127)
[2017.08.20-09.32.05:462][480]LogModuleManager: Shutting down and abandoning module LevelSequence (125)
[2017.08.20-09.32.05:462][480]LogModuleManager: Shutting down and abandoning module MeshUtilities (123)
[2017.08.20-09.32.05:462][480]LogModuleManager: Shutting down and abandoning module MeshMergeUtilities (122)
[2017.08.20-09.32.05:462][480]LogModuleManager: Shutting down and abandoning module MeshReductionInterface (121)
[2017.08.20-09.32.05:462][480]LogModuleManager: Shutting down and abandoning module SimplygonSwarm (120)
[2017.08.20-09.32.05:462][480]LogModuleManager: Shutting down and abandoning module SimplygonMeshReduction (118)
[2017.08.20-09.32.05:462][480]LogModuleManager: Shutting down and abandoning module QuadricMeshReduction (116)
[2017.08.20-09.32.05:462][480]LogModuleManager: Shutting down and abandoning module MaterialBaking (112)
[2017.08.20-09.32.05:462][480]LogModuleManager: Shutting down and abandoning module DerivedDataCache (107)
[2017.08.20-09.32.05:464][480]LogDerivedDataCache: Shutdown
[2017.08.20-09.32.05:464][480]LogModuleManager: Shutting down and abandoning module TargetPlatform (105)
[2017.08.20-09.32.05:464][480]LogModuleManager: Shutting down and abandoning module VulkanShaderFormat (104)
[2017.08.20-09.32.05:464][480]LogModuleManager: Shutting down and abandoning module ShaderFormatVectorVM (102)
[2017.08.20-09.32.05:464][480]LogModuleManager: Shutting down and abandoning module ShaderFormatOpenGL (100)
[2017.08.20-09.32.05:464][480]LogModuleManager: Shutting down and abandoning module ShaderFormatD3D (98)
[2017.08.20-09.32.05:464][480]LogModuleManager: Shutting down and abandoning module MetalShaderFormat (96)
[2017.08.20-09.32.05:464][480]LogModuleManager: Shutting down and abandoning module TextureFormatUncompressed (94)
[2017.08.20-09.32.05:464][480]LogModuleManager: Shutting down and abandoning module TextureFormatPVR (92)
[2017.08.20-09.32.05:464][480]LogModuleManager: Shutting down and abandoning module TextureFormatDXT (90)
[2017.08.20-09.32.05:464][480]LogModuleManager: Shutting down and abandoning module TextureFormatIntelISPCTexComp (88)
[2017.08.20-09.32.05:464][480]LogModuleManager: Shutting down and abandoning module TextureFormatASTC (86)
[2017.08.20-09.32.05:464][480]LogModuleManager: Shutting down and abandoning module ImageWrapper (85)
[2017.08.20-09.32.05:464][480]LogModuleManager: Shutting down and abandoning module TextureFormatAndroid (82)
[2017.08.20-09.32.05:464][480]LogModuleManager: Shutting down and abandoning module AudioFormatOpus (80)
[2017.08.20-09.32.05:464][480]LogModuleManager: Shutting down and abandoning module AudioFormatOgg (78)
[2017.08.20-09.32.05:464][480]LogModuleManager: Shutting down and abandoning module AudioFormatADPCM (76)
[2017.08.20-09.32.05:464][480]LogModuleManager: Shutting down and abandoning module WindowsTargetPlatform (74)
[2017.08.20-09.32.05:464][480]LogModuleManager: Shutting down and abandoning module WindowsServerTargetPlatform (72)
[2017.08.20-09.32.05:464][480]LogModuleManager: Shutting down and abandoning module WindowsNoEditorTargetPlatform (70)
[2017.08.20-09.32.05:464][480]LogModuleManager: Shutting down and abandoning module WindowsClientTargetPlatform (68)
[2017.08.20-09.32.05:464][480]LogModuleManager: Shutting down and abandoning module InputCore (65)
[2017.08.20-09.32.05:464][480]LogModuleManager: Shutting down and abandoning module Settings (63)
[2017.08.20-09.32.05:464][480]LogModuleManager: Shutting down and abandoning module PhysXCooking (61)
[2017.08.20-09.32.05:464][480]LogModuleManager: Shutting down and abandoning module SteamVR (59)
[2017.08.20-09.32.05:464][480]LogModuleManager: Shutting down and abandoning module OculusHMD (57)
[2017.08.20-09.32.05:464][480]LogModuleManager: Shutting down and abandoning module ExampleDeviceProfileSelector (55)
[2017.08.20-09.32.05:464][480]LogModuleManager: Shutting down and abandoning module OnlineBlueprintSupport (53)
[2017.08.20-09.32.05:465][480]LogModuleManager: Shutting down and abandoning module OnlineSubsystem (49)
[2017.08.20-09.32.05:465][480]LogOnline: Display: OSS: FOnlineSubsystemNull::Shutdown()
[2017.08.20-09.32.05:465][480]LogOnline: Display: OSS: FOnlineAsyncTaskManager::Stop() ActiveTask:0000000000000000 Tasks[0/0]
[2017.08.20-09.32.05:465][480]LogOnline: Display: OSS: FOnlineAsyncTaskManager::Exit() started
[2017.08.20-09.32.05:465][480]LogOnline: Display: OSS: FOnlineAsyncTaskManager::Exit() finished
[2017.08.20-09.32.05:465][480]LogOnline: Display: Unloading online subsystem: NULL
[2017.08.20-09.32.05:465][480]LogModuleManager: Shutting down and abandoning module XMPP (43)
[2017.08.20-09.32.05:465][480]LogModuleManager: Shutting down and abandoning module HTTP (41)
[2017.08.20-09.32.05:481][480]LogModuleManager: Shutting down and abandoning module SSL (40)
[2017.08.20-09.32.05:482][480]LogModuleManager: Shutting down and abandoning module AnimationModifiers (36)
[2017.08.20-09.32.05:482][480]LogModuleManager: Shutting down and abandoning module PropertyEditor (35)
[2017.08.20-09.32.05:482][480]LogModuleManager: Shutting down and abandoning module AudioEditor (32)
[2017.08.20-09.32.05:482][480]LogModuleManager: Shutting down and abandoning module TextureCompressor (30)
[2017.08.20-09.32.05:482][480]LogModuleManager: Shutting down and abandoning module ShaderCore (28)
[2017.08.20-09.32.05:482][480]LogModuleManager: Shutting down and abandoning module Landscape (26)
[2017.08.20-09.32.05:482][480]LogModuleManager: Shutting down and abandoning module SlateRHIRenderer (24)
[2017.08.20-09.32.05:482][480]LogModuleManager: Shutting down and abandoning module OpenGLDrv (22)
[2017.08.20-09.32.05:482][480]LogModuleManager: Shutting down and abandoning module D3D11RHI (20)
[2017.08.20-09.32.05:482][480]LogModuleManager: Shutting down and abandoning module AnimGraphRuntime (18)
[2017.08.20-09.32.05:482][480]LogModuleManager: Shutting down and abandoning module Renderer (16)
[2017.08.20-09.32.05:482][480]LogModuleManager: Shutting down and abandoning module Engine (14)
[2017.08.20-09.32.05:482][480]LogModuleManager: Shutting down and abandoning module CoreUObject (12)
[2017.08.20-09.32.05:482][480]LogModuleManager: Shutting down and abandoning module NetworkFile (10)
[2017.08.20-09.32.05:482][480]LogModuleManager: Shutting down and abandoning module CookedIterativeFile (8)
[2017.08.20-09.32.05:482][480]LogModuleManager: Shutting down and abandoning module StreamingFile (6)
[2017.08.20-09.32.05:482][480]LogModuleManager: Shutting down and abandoning module SandboxFile (4)
[2017.08.20-09.32.05:482][480]LogModuleManager: Shutting down and abandoning module PakFile (2)
[2017.08.20-09.32.05:484][480]LogExit: Exiting.
[2017.08.20-09.32.05:485][480]Log file closed, 08/20/17 18:32:05
